[ 2016-05-11T15:54:23+08:00 ] 127.0.0.1 /work_log/index.php/Home/Index/index
INFO: [ app_init ] --START--
INFO: Run Behavior\BuildLiteBehavior [ RunTime:0.000000s ]
INFO: [ app_init ] --END-- [ RunTime:0.001000s ]
INFO: [ app_begin ] --START--
INFO: Run Behavior\ReadHtmlCacheBehavior [ RunTime:0.001000s ]
INFO: [ app_begin ] --END-- [ RunTime:0.001000s ]
SQL: SHOW COLUMNS FROM `w_logs` [ RunTime:0.0070s ]
SQL: SELECT * FROM `w_logs` WHERE `delete` = 0 ORDER BY finished,create_time desc  [ RunTime:0.0030s ]
SQL: SELECT COUNT(*) AS tp_count FROM `w_logs` WHERE `finished` = 1 AND `delete` = 0 LIMIT 1   [ RunTime:0.0010s ]
SQL: SELECT COUNT(*) AS tp_count FROM `w_logs` WHERE `finished` = 0 AND `delete` = 0 LIMIT 1   [ RunTime:0.0000s ]
SQL: SHOW COLUMNS FROM `w_project_class` [ RunTime:0.0050s ]
SQL: SELECT * FROM `w_project_class` WHERE `delete` = 0  [ RunTime:0.0000s ]
INFO: [ view_parse ] --START--
INFO: [ template_filter ] --START--
INFO: Run Behavior\ContentReplaceBehavior [ RunTime:0.000000s ]
INFO: [ template_filter ] --END-- [ RunTime:0.000000s ]
INFO: Run Behavior\ParseTemplateBehavior [ RunTime:0.020001s ]
INFO: [ view_parse ] --END-- [ RunTime:0.020001s ]
INFO: [ view_filter ] --START--
INFO: Run Behavior\WriteHtmlCacheBehavior [ RunTime:0.001000s ]
INFO: [ view_filter ] --END-- [ RunTime:0.001000s ]
INFO: [ app_end ] --START--
INFO: Run Behavior\ShowPageTraceBehavior [ RunTime:0.001000s ]
INFO: [ app_end ] --END-- [ RunTime:0.001000s ]

[ 2016-05-11T15:54:29+08:00 ] 127.0.0.1 /work_log/index.php/Home/Index/index
INFO: [ app_init ] --START--
INFO: Run Behavior\BuildLiteBehavior [ RunTime:0.000000s ]
INFO: [ app_init ] --END-- [ RunTime:0.001000s ]
INFO: [ app_begin ] --START--
INFO: Run Behavior\ReadHtmlCacheBehavior [ RunTime:0.000000s ]
INFO: [ app_begin ] --END-- [ RunTime:0.000000s ]
SQL: SHOW COLUMNS FROM `w_logs` [ RunTime:0.0040s ]
SQL: SELECT * FROM `w_logs` WHERE `delete` = 0 ORDER BY finished,create_time desc  [ RunTime:0.0020s ]
SQL: SELECT COUNT(*) AS tp_count FROM `w_logs` WHERE `finished` = 1 AND `delete` = 0 LIMIT 1   [ RunTime:0.0000s ]
SQL: SELECT COUNT(*) AS tp_count FROM `w_logs` WHERE `finished` = 0 AND `delete` = 0 LIMIT 1   [ RunTime:0.0000s ]
SQL: SHOW COLUMNS FROM `w_project_class` [ RunTime:0.0040s ]
SQL: SELECT * FROM `w_project_class` WHERE `delete` = 0  [ RunTime:0.0000s ]
INFO: [ view_parse ] --START--
INFO: [ template_filter ] --START--
INFO: Run Behavior\ContentReplaceBehavior [ RunTime:0.000000s ]
INFO: [ template_filter ] --END-- [ RunTime:0.001000s ]
INFO: Run Behavior\ParseTemplateBehavior [ RunTime:0.016001s ]
INFO: [ view_parse ] --END-- [ RunTime:0.016001s ]
INFO: [ view_filter ] --START--
INFO: Run Behavior\WriteHtmlCacheBehavior [ RunTime:0.000000s ]
INFO: [ view_filter ] --END-- [ RunTime:0.000000s ]
INFO: [ app_end ] --START--
INFO: Run Behavior\ShowPageTraceBehavior [ RunTime:0.000000s ]
INFO: [ app_end ] --END-- [ RunTime:0.000000s ]

[ 2016-05-11T15:55:08+08:00 ] 127.0.0.1 /work_log/index.php/Home/Index/addlogs?content=%E4%B8%80%E5%85%83%E4%BA%91%E8%B4%AD%E6%99%92%E5%8D%95%E5%8A%9F%E8%83%BD%EF%BC%885%E5%BC%A0%E7%85%A7%E7%89%87%E5%92%8C%E5%86%85%E5%AE%B9%EF%BC%89&difficulty=1&type=1
INFO: [ app_init ] --START--
INFO: Run Behavior\BuildLiteBehavior [ RunTime:0.001000s ]
INFO: [ app_init ] --END-- [ RunTime:0.002001s ]
INFO: [ app_begin ] --START--
INFO: Run Behavior\ReadHtmlCacheBehavior [ RunTime:0.002000s ]
INFO: [ app_begin ] --END-- [ RunTime:0.002000s ]
SQL: SHOW COLUMNS FROM `w_logs` [ RunTime:0.0100s ]
SQL: SELECT COUNT(*) AS tp_count FROM `w_logs` WHERE `content` LIKE '一元%' AND `delete` = 0 LIMIT 1   [ RunTime:0.0000s ]
SQL: SELECT COUNT(*) AS tp_count FROM `w_logs` WHERE `content` LIKE '一元云%' AND `delete` = 0 LIMIT 1   [ RunTime:0.0010s ]
SQL: SELECT COUNT(*) AS tp_count FROM `w_logs` WHERE `content` LIKE '一元云购%' AND `delete` = 0 LIMIT 1   [ RunTime:0.0000s ]
SQL: SELECT COUNT(*) AS tp_count FROM `w_logs` WHERE `content` LIKE '一元云购晒%' AND `delete` = 0 LIMIT 1   [ RunTime:0.0000s ]
SQL: SHOW COLUMNS FROM `w_project_class` [ RunTime:0.0050s ]
SQL: SELECT * FROM `w_project_class` WHERE `name` LIKE '一元云购%' LIMIT 1   [ RunTime:0.0010s ]
NOTIC: [8] Undefined index: validate D:\wamp\www\work_log\ThinkPHP\Library\Think\Model.class.php 第 1185 行.
NOTIC: [8] Undefined index: auto D:\wamp\www\work_log\ThinkPHP\Library\Think\Model.class.php 第 1128 行.
SQL: INSERT INTO `w_logs` (`content`,`difficulty`,`type`,`create_time`,`year`,`month`,`day`) VALUES ('一元云购晒单功能（5张照片和内容）','1','1','1462953308','2016','5','11') [ RunTime:0.0010s ]
SQL: SELECT * FROM `w_logs` WHERE ( id=304 ) LIMIT 1   [ RunTime:0.0000s ]
SQL: SELECT * FROM `w_project_class` WHERE `name` LIKE '%一元%' AND `delete` = 0 LIMIT 1   [ RunTime:0.0000s ]
SQL: UPDATE `w_logs` SET `pid`='26' WHERE ( id=304 ) [ RunTime:0.0000s ]
SQL: UPDATE `w_project_class` SET `nums`=nums+1 WHERE ( id=26 ) [ RunTime:0.0010s ]
SQL: SELECT * FROM `w_logs` WHERE ( id=304 )  [ RunTime:0.0000s ]
NOTIC: [8] Undefined variable: str D:\wamp\www\work_log\Application\Home\Controller\IndexController.class.php 第 188 行.

[ 2016-05-11T15:55:42+08:00 ] 127.0.0.1 /work_log/index.php/Home/Index/addlogs?content=%E4%B8%80%E5%85%83%E4%BA%91%E8%B4%AD%E5%8A%9F%E8%83%BD%E6%B5%8B%E8%AF%95&difficulty=1&type=1
INFO: [ app_init ] --START--
INFO: Run Behavior\BuildLiteBehavior [ RunTime:0.000000s ]
INFO: [ app_init ] --END-- [ RunTime:0.002000s ]
INFO: [ app_begin ] --START--
INFO: Run Behavior\ReadHtmlCacheBehavior [ RunTime:0.003000s ]
INFO: [ app_begin ] --END-- [ RunTime:0.003000s ]
SQL: SHOW COLUMNS FROM `w_logs` [ RunTime:0.0070s ]
SQL: SELECT COUNT(*) AS tp_count FROM `w_logs` WHERE `content` LIKE '一元%' AND `delete` = 0 LIMIT 1   [ RunTime:0.0010s ]
SQL: SELECT COUNT(*) AS tp_count FROM `w_logs` WHERE `content` LIKE '一元云%' AND `delete` = 0 LIMIT 1   [ RunTime:0.0000s ]
SQL: SELECT COUNT(*) AS tp_count FROM `w_logs` WHERE `content` LIKE '一元云购%' AND `delete` = 0 LIMIT 1   [ RunTime:0.0000s ]
SQL: SELECT COUNT(*) AS tp_count FROM `w_logs` WHERE `content` LIKE '一元云购功%' AND `delete` = 0 LIMIT 1   [ RunTime:0.0010s ]
SQL: SHOW COLUMNS FROM `w_project_class` [ RunTime:0.0050s ]
SQL: SELECT * FROM `w_project_class` WHERE `name` LIKE '一元云购%' LIMIT 1   [ RunTime:0.0000s ]
NOTIC: [8] Undefined index: validate D:\wamp\www\work_log\ThinkPHP\Library\Think\Model.class.php 第 1185 行.
NOTIC: [8] Undefined index: auto D:\wamp\www\work_log\ThinkPHP\Library\Think\Model.class.php 第 1128 行.
SQL: INSERT INTO `w_logs` (`content`,`difficulty`,`type`,`create_time`,`year`,`month`,`day`) VALUES ('一元云购功能测试','1','1','1462953342','2016','5','11') [ RunTime:0.0010s ]
SQL: SELECT * FROM `w_logs` WHERE ( id=305 ) LIMIT 1   [ RunTime:0.0000s ]
SQL: SELECT * FROM `w_project_class` WHERE `name` LIKE '%一元%' AND `delete` = 0 LIMIT 1   [ RunTime:0.0000s ]
SQL: UPDATE `w_logs` SET `pid`='26' WHERE ( id=305 ) [ RunTime:0.0000s ]
SQL: UPDATE `w_project_class` SET `nums`=nums+1 WHERE ( id=26 ) [ RunTime:0.0010s ]
SQL: SELECT * FROM `w_logs` WHERE ( id=305 )  [ RunTime:0.0000s ]
NOTIC: [8] Undefined variable: str D:\wamp\www\work_log\Application\Home\Controller\IndexController.class.php 第 188 行.

[ 2016-05-11T15:55:48+08:00 ] 127.0.0.1 /work_log/index.php/Home/Index/chooseDay?data%5Byear%5D=2016&data%5Bmonth%5D=5&data%5Bday%5D=11
INFO: [ app_init ] --START--
INFO: Run Behavior\BuildLiteBehavior [ RunTime:0.000000s ]
INFO: [ app_init ] --END-- [ RunTime:0.001000s ]
INFO: [ app_begin ] --START--
INFO: Run Behavior\ReadHtmlCacheBehavior [ RunTime:0.000000s ]
INFO: [ app_begin ] --END-- [ RunTime:0.000000s ]
SQL: SHOW COLUMNS FROM `w_logs` [ RunTime:0.0050s ]
SQL: SELECT * FROM `w_logs` WHERE `year` = 2016 AND `month` = 5 AND `day` = 11 AND `delete` = 0 ORDER BY finished,create_time desc  [ RunTime:0.0030s ]
NOTIC: [8] Undefined variable: str D:\wamp\www\work_log\Application\Home\Controller\IndexController.class.php 第 188 行.

[ 2016-05-11T16:00:35+08:00 ] 127.0.0.1 /work_log/index.php/Home/Index/finishLog?id=304
INFO: [ app_init ] --START--
INFO: Run Behavior\BuildLiteBehavior [ RunTime:0.000000s ]
INFO: [ app_init ] --END-- [ RunTime:0.001000s ]
INFO: [ app_begin ] --START--
INFO: Run Behavior\ReadHtmlCacheBehavior [ RunTime:0.001000s ]
INFO: [ app_begin ] --END-- [ RunTime:0.001000s ]
SQL: SHOW COLUMNS FROM `w_logs` [ RunTime:0.0070s ]
SQL: SELECT * FROM `w_logs` WHERE ( id=304 ) LIMIT 1   [ RunTime:0.0010s ]
SQL: UPDATE `w_logs` SET `finished`='1',`finish_time`='1462953635' WHERE ( id=304 ) [ RunTime:0.0010s ]

[ 2016-05-11T16:00:36+08:00 ] 127.0.0.1 /work_log/index.php/Home/Index/editlogs?con=%E4%B8%80%E5%85%83%E4%BA%91%E8%B4%AD%E6%99%92%E5%8D%95%E5%8A%9F%E8%83%BD%EF%BC%885%E5%BC%A0%E7%85%A7%E7%89%87%E5%92%8C%E5%86%85%E5%AE%B9%EF%BC%89&id=304
INFO: [ app_init ] --START--
INFO: Run Behavior\BuildLiteBehavior [ RunTime:0.000000s ]
INFO: [ app_init ] --END-- [ RunTime:0.000000s ]
INFO: [ app_begin ] --START--
INFO: Run Behavior\ReadHtmlCacheBehavior [ RunTime:0.001000s ]
INFO: [ app_begin ] --END-- [ RunTime:0.001000s ]
SQL: SHOW COLUMNS FROM `w_logs` [ RunTime:0.0030s ]
SQL: SELECT * FROM `w_logs` WHERE ( id=304 ) LIMIT 1   [ RunTime:0.0000s ]
SQL: UPDATE `w_logs` SET `content`='一元云购晒单功能（5张照片和内容）' WHERE ( id=304 ) [ RunTime:0.0000s ]
INFO: [ app_end ] --START--
INFO: Run Behavior\ShowPageTraceBehavior [ RunTime:0.001000s ]
INFO: [ app_end ] --END-- [ RunTime:0.001000s ]

[ 2016-05-11T16:39:02+08:00 ] 127.0.0.1 /work_log/index.php/Home/Index/addlogs?content=%E4%B8%80%E5%85%83%E4%BA%91%E8%B4%AD%E8%AE%A1%E7%AE%97%E8%AF%A6%E6%83%85%E9%A1%B5%E9%9D%A2&difficulty=1&type=1
INFO: [ app_init ] --START--
INFO: Run Behavior\BuildLiteBehavior [ RunTime:0.000000s ]
INFO: [ app_init ] --END-- [ RunTime:0.001000s ]
INFO: [ app_begin ] --START--
INFO: Run Behavior\ReadHtmlCacheBehavior [ RunTime:0.001000s ]
INFO: [ app_begin ] --END-- [ RunTime:0.001000s ]
SQL: SHOW COLUMNS FROM `w_logs` [ RunTime:0.0040s ]
SQL: SELECT COUNT(*) AS tp_count FROM `w_logs` WHERE `content` LIKE '一元%' AND `delete` = 0 LIMIT 1   [ RunTime:0.0000s ]
SQL: SELECT COUNT(*) AS tp_count FROM `w_logs` WHERE `content` LIKE '一元云%' AND `delete` = 0 LIMIT 1   [ RunTime:0.0010s ]
SQL: SELECT COUNT(*) AS tp_count FROM `w_logs` WHERE `content` LIKE '一元云购%' AND `delete` = 0 LIMIT 1   [ RunTime:0.0010s ]
SQL: SELECT COUNT(*) AS tp_count FROM `w_logs` WHERE `content` LIKE '一元云购计%' AND `delete` = 0 LIMIT 1   [ RunTime:0.0010s ]
SQL: SHOW COLUMNS FROM `w_project_class` [ RunTime:0.0030s ]
SQL: SELECT * FROM `w_project_class` WHERE `name` LIKE '一元云购%' LIMIT 1   [ RunTime:0.0000s ]
NOTIC: [8] Undefined index: validate D:\wamp\www\work_log\ThinkPHP\Library\Think\Model.class.php 第 1185 行.
NOTIC: [8] Undefined index: auto D:\wamp\www\work_log\ThinkPHP\Library\Think\Model.class.php 第 1128 行.
SQL: INSERT INTO `w_logs` (`content`,`difficulty`,`type`,`create_time`,`year`,`month`,`day`) VALUES ('一元云购计算详情页面','1','1','1462955942','2016','5','11') [ RunTime:0.0010s ]
SQL: SELECT * FROM `w_logs` WHERE ( id=306 ) LIMIT 1   [ RunTime:0.0000s ]
SQL: SELECT * FROM `w_project_class` WHERE `name` LIKE '%一元%' AND `delete` = 0 LIMIT 1   [ RunTime:0.0010s ]
SQL: UPDATE `w_logs` SET `pid`='26' WHERE ( id=306 ) [ RunTime:0.0000s ]
SQL: UPDATE `w_project_class` SET `nums`=nums+1 WHERE ( id=26 ) [ RunTime:0.0010s ]
SQL: SELECT * FROM `w_logs` WHERE ( id=306 )  [ RunTime:0.0010s ]
NOTIC: [8] Undefined variable: str D:\wamp\www\work_log\Application\Home\Controller\IndexController.class.php 第 188 行.

[ 2016-05-11T16:50:07+08:00 ] 127.0.0.1 /work_log/index.php/Home/Index/finishLog?id=306
INFO: [ app_init ] --START--
INFO: Run Behavior\BuildLiteBehavior [ RunTime:0.001000s ]
INFO: [ app_init ] --END-- [ RunTime:0.002000s ]
INFO: [ app_begin ] --START--
INFO: Run Behavior\ReadHtmlCacheBehavior [ RunTime:0.002000s ]
INFO: [ app_begin ] --END-- [ RunTime:0.002000s ]
SQL: SHOW COLUMNS FROM `w_logs` [ RunTime:0.0040s ]
SQL: SELECT * FROM `w_logs` WHERE ( id=306 ) LIMIT 1   [ RunTime:0.0000s ]
SQL: UPDATE `w_logs` SET `finished`='1',`finish_time`='1462956607' WHERE ( id=306 ) [ RunTime:0.0000s ]

