[ 2016-03-17T13:13:28+08:00 ] 127.0.0.1 /work_log/index.php/Home/Index/index
INFO: [ app_init ] --START--
INFO: Run Behavior\BuildLiteBehavior [ RunTime:0.000000s ]
INFO: [ app_init ] --END-- [ RunTime:0.001000s ]
INFO: [ app_begin ] --START--
INFO: Run Behavior\ReadHtmlCacheBehavior [ RunTime:0.001000s ]
INFO: [ app_begin ] --END-- [ RunTime:0.001000s ]
SQL: SHOW COLUMNS FROM `w_logs` [ RunTime:0.0170s ]
SQL: SELECT * FROM `w_logs` WHERE `delete` = 0 ORDER BY finished,create_time desc  [ RunTime:0.0040s ]
SQL: SELECT COUNT(*) AS tp_count FROM `w_logs` WHERE `finished` = 1 AND `delete` = 0 LIMIT 1   [ RunTime:0.0010s ]
SQL: SELECT COUNT(*) AS tp_count FROM `w_logs` WHERE `finished` = 0 AND `delete` = 0 LIMIT 1   [ RunTime:0.0010s ]
SQL: SHOW COLUMNS FROM `w_project_class` [ RunTime:0.0090s ]
SQL: SELECT * FROM `w_project_class` WHERE `delete` = 0  [ RunTime:0.0010s ]
INFO: [ view_parse ] --START--
INFO: [ template_filter ] --START--
INFO: Run Behavior\ContentReplaceBehavior [ RunTime:0.001000s ]
INFO: [ template_filter ] --END-- [ RunTime:0.001000s ]
INFO: Run Behavior\ParseTemplateBehavior [ RunTime:0.024001s ]
INFO: [ view_parse ] --END-- [ RunTime:0.024001s ]
INFO: [ view_filter ] --START--
INFO: Run Behavior\WriteHtmlCacheBehavior [ RunTime:0.001000s ]
INFO: [ view_filter ] --END-- [ RunTime:0.001000s ]
INFO: [ app_end ] --START--
INFO: Run Behavior\ShowPageTraceBehavior [ RunTime:0.001000s ]
INFO: [ app_end ] --END-- [ RunTime:0.001000s ]

[ 2016-03-17T13:13:53+08:00 ] 127.0.0.1 /work_log/index.php/Home/Index/index
INFO: [ app_init ] --START--
INFO: Run Behavior\BuildLiteBehavior [ RunTime:0.000000s ]
INFO: [ app_init ] --END-- [ RunTime:0.000000s ]
INFO: [ app_begin ] --START--
INFO: Run Behavior\ReadHtmlCacheBehavior [ RunTime:0.001000s ]
INFO: [ app_begin ] --END-- [ RunTime:0.001000s ]
SQL: SHOW COLUMNS FROM `w_logs` [ RunTime:0.0120s ]
SQL: SELECT * FROM `w_logs` WHERE `delete` = 0 ORDER BY finished,create_time desc  [ RunTime:0.0030s ]
SQL: SELECT COUNT(*) AS tp_count FROM `w_logs` WHERE `finished` = 1 AND `delete` = 0 LIMIT 1   [ RunTime:0.0000s ]
SQL: SELECT COUNT(*) AS tp_count FROM `w_logs` WHERE `finished` = 0 AND `delete` = 0 LIMIT 1   [ RunTime:0.0010s ]
SQL: SHOW COLUMNS FROM `w_project_class` [ RunTime:0.0060s ]
SQL: SELECT * FROM `w_project_class` WHERE `delete` = 0  [ RunTime:0.0010s ]
INFO: [ view_parse ] --START--
INFO: [ template_filter ] --START--
INFO: Run Behavior\ContentReplaceBehavior [ RunTime:0.000000s ]
INFO: [ template_filter ] --END-- [ RunTime:0.000000s ]
INFO: Run Behavior\ParseTemplateBehavior [ RunTime:0.013001s ]
INFO: [ view_parse ] --END-- [ RunTime:0.013001s ]
INFO: [ view_filter ] --START--
INFO: Run Behavior\WriteHtmlCacheBehavior [ RunTime:0.000000s ]
INFO: [ view_filter ] --END-- [ RunTime:0.000000s ]
INFO: [ app_end ] --START--
INFO: Run Behavior\ShowPageTraceBehavior [ RunTime:0.001000s ]
INFO: [ app_end ] --END-- [ RunTime:0.001000s ]

[ 2016-03-17T13:14:04+08:00 ] 127.0.0.1 /work_log/index.php/Home/Index/index
INFO: [ app_init ] --START--
INFO: Run Behavior\BuildLiteBehavior [ RunTime:0.000000s ]
INFO: [ app_init ] --END-- [ RunTime:0.000000s ]
INFO: [ app_begin ] --START--
INFO: Run Behavior\ReadHtmlCacheBehavior [ RunTime:0.001000s ]
INFO: [ app_begin ] --END-- [ RunTime:0.001000s ]
SQL: SHOW COLUMNS FROM `w_logs` [ RunTime:0.0100s ]
SQL: SELECT * FROM `w_logs` WHERE `delete` = 0 ORDER BY finished,create_time desc  [ RunTime:0.0030s ]
SQL: SELECT COUNT(*) AS tp_count FROM `w_logs` WHERE `finished` = 1 AND `delete` = 0 LIMIT 1   [ RunTime:0.0000s ]
SQL: SELECT COUNT(*) AS tp_count FROM `w_logs` WHERE `finished` = 0 AND `delete` = 0 LIMIT 1   [ RunTime:0.0010s ]
SQL: SHOW COLUMNS FROM `w_project_class` [ RunTime:0.0090s ]
SQL: SELECT * FROM `w_project_class` WHERE `delete` = 0  [ RunTime:0.0000s ]
INFO: [ view_parse ] --START--
INFO: [ template_filter ] --START--
INFO: Run Behavior\ContentReplaceBehavior [ RunTime:0.000000s ]
INFO: [ template_filter ] --END-- [ RunTime:0.000000s ]
INFO: Run Behavior\ParseTemplateBehavior [ RunTime:0.018001s ]
INFO: [ view_parse ] --END-- [ RunTime:0.018001s ]
INFO: [ view_filter ] --START--
INFO: Run Behavior\WriteHtmlCacheBehavior [ RunTime:0.000000s ]
INFO: [ view_filter ] --END-- [ RunTime:0.000000s ]
INFO: [ app_end ] --START--
INFO: Run Behavior\ShowPageTraceBehavior [ RunTime:0.000000s ]
INFO: [ app_end ] --END-- [ RunTime:0.000000s ]

[ 2016-03-17T13:14:44+08:00 ] 127.0.0.1 /work_log/index.php/Home/Index/addlogs?content=%E4%BA%BA%E4%BA%BA%E6%96%B0%E5%A2%9E%E8%87%AA%E5%AD%A6%E8%80%83%E8%AF%95%E7%AD%89%E6%96%87%E7%AB%A0%E6%B7%BB%E5%8A%A0&difficulty=1
INFO: [ app_init ] --START--
INFO: Run Behavior\BuildLiteBehavior [ RunTime:0.000000s ]
INFO: [ app_init ] --END-- [ RunTime:0.001000s ]
INFO: [ app_begin ] --START--
INFO: Run Behavior\ReadHtmlCacheBehavior [ RunTime:0.001000s ]
INFO: [ app_begin ] --END-- [ RunTime:0.002001s ]
SQL: SHOW COLUMNS FROM `w_logs` [ RunTime:0.0060s ]
SQL: SELECT * FROM `w_logs` WHERE `content` LIKE '%人人%' AND `delete` = 0 LIMIT 1   [ RunTime:0.0010s ]
SQL: SHOW COLUMNS FROM `w_project_class` [ RunTime:0.0060s ]
SQL: SELECT * FROM `w_project_class` WHERE `delete` = 0 AND `name` LIKE '%人人%' LIMIT 1   [ RunTime:0.0010s ]
NOTIC: [8] Undefined index: validate D:\WWW\work_log\ThinkPHP\Library\Think\Model.class.php 第 1185 行.
NOTIC: [8] Undefined index: auto D:\WWW\work_log\ThinkPHP\Library\Think\Model.class.php 第 1128 行.
SQL: INSERT INTO `w_logs` (`content`,`difficulty`,`create_time`,`year`,`month`,`day`) VALUES ('人人新增自学考试等文章添加','1','1458191684','2016','3','17') [ RunTime:0.0000s ]
SQL: SELECT * FROM `w_logs` WHERE ( id=202 )  [ RunTime:0.0010s ]
NOTIC: [8] Undefined variable: str D:\WWW\work_log\Application\Home\Controller\IndexController.class.php 第 158 行.
SQL: SELECT * FROM `w_logs` WHERE ( id=202 ) LIMIT 1   [ RunTime:0.0000s ]
SQL: SELECT * FROM `w_project_class` WHERE `name` LIKE '%人人%' AND `delete` = 0 LIMIT 1   [ RunTime:0.0010s ]
SQL: UPDATE `w_logs` SET `pid`='12' WHERE ( id=202 ) [ RunTime:0.0000s ]
SQL: UPDATE `w_project_class` SET `nums`=nums+1 WHERE ( id=12 ) [ RunTime:0.0000s ]

[ 2016-03-17T13:14:47+08:00 ] 127.0.0.1 /work_log/index.php/Home/Index/screeningLog?pid=14&type=3
INFO: [ app_init ] --START--
INFO: Run Behavior\BuildLiteBehavior [ RunTime:0.000000s ]
INFO: [ app_init ] --END-- [ RunTime:0.000000s ]
INFO: [ app_begin ] --START--
INFO: Run Behavior\ReadHtmlCacheBehavior [ RunTime:0.000000s ]
INFO: [ app_begin ] --END-- [ RunTime:0.000000s ]
SQL: SHOW COLUMNS FROM `w_logs` [ RunTime:0.0040s ]
SQL: SELECT * FROM `w_logs` WHERE `pid` = 14 AND `delete` = 0 ORDER BY finished,create_time desc  [ RunTime:0.0000s ]
NOTIC: [8] Undefined variable: str D:\WWW\work_log\Application\Home\Controller\IndexController.class.php 第 158 行.

[ 2016-03-17T13:14:49+08:00 ] 127.0.0.1 /work_log/index.php/Home/Index/screeningLog?pid=12&type=3
INFO: [ app_init ] --START--
INFO: Run Behavior\BuildLiteBehavior [ RunTime:0.000000s ]
INFO: [ app_init ] --END-- [ RunTime:0.001000s ]
INFO: [ app_begin ] --START--
INFO: Run Behavior\ReadHtmlCacheBehavior [ RunTime:0.000000s ]
INFO: [ app_begin ] --END-- [ RunTime:0.001000s ]
SQL: SHOW COLUMNS FROM `w_logs` [ RunTime:0.0060s ]
SQL: SELECT * FROM `w_logs` WHERE `pid` = 12 AND `delete` = 0 ORDER BY finished,create_time desc  [ RunTime:0.0000s ]
NOTIC: [8] Undefined variable: str D:\WWW\work_log\Application\Home\Controller\IndexController.class.php 第 158 行.

[ 2016-03-17T13:14:54+08:00 ] 127.0.0.1 /work_log/index.php/Home/Index/screeningLog?pid=14&type=3
INFO: [ app_init ] --START--
INFO: Run Behavior\BuildLiteBehavior [ RunTime:0.000000s ]
INFO: [ app_init ] --END-- [ RunTime:0.001000s ]
INFO: [ app_begin ] --START--
INFO: Run Behavior\ReadHtmlCacheBehavior [ RunTime:0.001000s ]
INFO: [ app_begin ] --END-- [ RunTime:0.001000s ]
SQL: SHOW COLUMNS FROM `w_logs` [ RunTime:0.0050s ]
SQL: SELECT * FROM `w_logs` WHERE `pid` = 14 AND `delete` = 0 ORDER BY finished,create_time desc  [ RunTime:0.0000s ]
NOTIC: [8] Undefined variable: str D:\WWW\work_log\Application\Home\Controller\IndexController.class.php 第 158 行.

[ 2016-03-17T13:15:03+08:00 ] 127.0.0.1 /work_log/index.php/Home/Index/editlogs?con=%E4%BA%BA%E4%BA%BA%E6%88%91%E7%9A%84%E5%A5%96%E5%93%81%E9%A1%B5%E9%9D%A2&id=176
INFO: [ app_init ] --START--
INFO: Run Behavior\BuildLiteBehavior [ RunTime:0.000000s ]
INFO: [ app_init ] --END-- [ RunTime:0.001000s ]
INFO: [ app_begin ] --START--
INFO: Run Behavior\ReadHtmlCacheBehavior [ RunTime:0.001000s ]
INFO: [ app_begin ] --END-- [ RunTime:0.001000s ]
SQL: SHOW COLUMNS FROM `w_logs` [ RunTime:0.0180s ]
SQL: SELECT * FROM `w_logs` WHERE ( id=176 ) LIMIT 1   [ RunTime:0.0010s ]
SQL: UPDATE `w_logs` SET `content`='人人我的奖品页面' WHERE ( id=176 ) [ RunTime:0.0020s ]
INFO: [ app_end ] --START--
INFO: Run Behavior\ShowPageTraceBehavior [ RunTime:0.002000s ]
INFO: [ app_end ] --END-- [ RunTime:0.002000s ]

[ 2016-03-17T13:15:14+08:00 ] 127.0.0.1 /work_log/index.php/Home/Index/index
INFO: [ app_init ] --START--
INFO: Run Behavior\BuildLiteBehavior [ RunTime:0.000000s ]
INFO: [ app_init ] --END-- [ RunTime:0.001000s ]
INFO: [ app_begin ] --START--
INFO: Run Behavior\ReadHtmlCacheBehavior [ RunTime:0.001000s ]
INFO: [ app_begin ] --END-- [ RunTime:0.001000s ]
SQL: SHOW COLUMNS FROM `w_logs` [ RunTime:0.0170s ]
SQL: SELECT * FROM `w_logs` WHERE `delete` = 0 ORDER BY finished,create_time desc  [ RunTime:0.0050s ]
SQL: SELECT COUNT(*) AS tp_count FROM `w_logs` WHERE `finished` = 1 AND `delete` = 0 LIMIT 1   [ RunTime:0.0000s ]
SQL: SELECT COUNT(*) AS tp_count FROM `w_logs` WHERE `finished` = 0 AND `delete` = 0 LIMIT 1   [ RunTime:0.0010s ]
SQL: SHOW COLUMNS FROM `w_project_class` [ RunTime:0.0080s ]
SQL: SELECT * FROM `w_project_class` WHERE `delete` = 0  [ RunTime:0.0010s ]
INFO: [ view_parse ] --START--
INFO: [ template_filter ] --START--
INFO: Run Behavior\ContentReplaceBehavior [ RunTime:0.000000s ]
INFO: [ template_filter ] --END-- [ RunTime:0.000000s ]
INFO: Run Behavior\ParseTemplateBehavior [ RunTime:0.017001s ]
INFO: [ view_parse ] --END-- [ RunTime:0.017001s ]
INFO: [ view_filter ] --START--
INFO: Run Behavior\WriteHtmlCacheBehavior [ RunTime:0.000000s ]
INFO: [ view_filter ] --END-- [ RunTime:0.001000s ]
INFO: [ app_end ] --START--
INFO: Run Behavior\ShowPageTraceBehavior [ RunTime:0.001000s ]
INFO: [ app_end ] --END-- [ RunTime:0.001000s ]

[ 2016-03-17T13:15:24+08:00 ] 127.0.0.1 /work_log/index.php/Home/Index/screeningLog?con=%E6%88%91%E7%9A%84&type=2
INFO: [ app_init ] --START--
INFO: Run Behavior\BuildLiteBehavior [ RunTime:0.000000s ]
INFO: [ app_init ] --END-- [ RunTime:0.000000s ]
INFO: [ app_begin ] --START--
INFO: Run Behavior\ReadHtmlCacheBehavior [ RunTime:0.001000s ]
INFO: [ app_begin ] --END-- [ RunTime:0.001000s ]
SQL: SHOW COLUMNS FROM `w_logs` [ RunTime:0.0060s ]
SQL: SELECT * FROM `w_logs` WHERE `content` LIKE '%我的%' AND `delete` = 0 ORDER BY finished,create_time desc  [ RunTime:0.0010s ]
NOTIC: [8] Undefined variable: str D:\WWW\work_log\Application\Home\Controller\IndexController.class.php 第 158 行.

[ 2016-03-17T13:16:12+08:00 ] 127.0.0.1 /work_log/index.php/Home/Index/addlogs?content=%E6%97%A5%E5%BF%97%E9%A1%B9%E7%9B%AE%E6%99%BA%E8%83%BD%E6%B7%BB%E5%8A%A0%E9%94%99%E8%AF%AF&difficulty=1
INFO: [ app_init ] --START--
INFO: Run Behavior\BuildLiteBehavior [ RunTime:0.000000s ]
INFO: [ app_init ] --END-- [ RunTime:0.001000s ]
INFO: [ app_begin ] --START--
INFO: Run Behavior\ReadHtmlCacheBehavior [ RunTime:0.001000s ]
INFO: [ app_begin ] --END-- [ RunTime:0.001000s ]
SQL: SHOW COLUMNS FROM `w_logs` [ RunTime:0.0060s ]
SQL: SELECT * FROM `w_logs` WHERE `content` LIKE '%日志%' AND `delete` = 0 LIMIT 1   [ RunTime:0.0010s ]
SQL: SHOW COLUMNS FROM `w_project_class` [ RunTime:0.0060s ]
SQL: SELECT * FROM `w_project_class` WHERE `delete` = 0 AND `name` LIKE '%日志%' LIMIT 1   [ RunTime:0.0000s ]
NOTIC: [8] Undefined index: validate D:\WWW\work_log\ThinkPHP\Library\Think\Model.class.php 第 1185 行.
NOTIC: [8] Undefined index: auto D:\WWW\work_log\ThinkPHP\Library\Think\Model.class.php 第 1128 行.
SQL: INSERT INTO `w_logs` (`content`,`difficulty`,`create_time`,`year`,`month`,`day`) VALUES ('日志项目智能添加错误','1','1458191772','2016','3','17') [ RunTime:0.0000s ]
SQL: SELECT * FROM `w_logs` WHERE ( id=203 )  [ RunTime:0.0000s ]
NOTIC: [8] Undefined variable: str D:\WWW\work_log\Application\Home\Controller\IndexController.class.php 第 158 行.
SQL: SELECT * FROM `w_logs` WHERE ( id=203 ) LIMIT 1   [ RunTime:0.0000s ]
SQL: SELECT * FROM `w_project_class` WHERE `name` LIKE '%日志%' AND `delete` = 0 LIMIT 1   [ RunTime:0.0010s ]
SQL: UPDATE `w_logs` SET `pid`='11' WHERE ( id=203 ) [ RunTime:0.0000s ]
SQL: UPDATE `w_project_class` SET `nums`=nums+1 WHERE ( id=11 ) [ RunTime:0.0000s ]

[ 2016-03-17T13:18:37+08:00 ] 127.0.0.1 /work_log/index.php/Home/Index/screeningLog?pid=12&type=3
INFO: [ app_init ] --START--
INFO: Run Behavior\BuildLiteBehavior [ RunTime:0.000000s ]
INFO: [ app_init ] --END-- [ RunTime:0.001000s ]
INFO: [ app_begin ] --START--
INFO: Run Behavior\ReadHtmlCacheBehavior [ RunTime:0.001000s ]
INFO: [ app_begin ] --END-- [ RunTime:0.001000s ]
SQL: SHOW COLUMNS FROM `w_logs` [ RunTime:0.0050s ]
SQL: SELECT * FROM `w_logs` WHERE `pid` = 12 AND `delete` = 0 ORDER BY finished,create_time desc  [ RunTime:0.0000s ]
NOTIC: [8] Undefined variable: str D:\WWW\work_log\Application\Home\Controller\IndexController.class.php 第 158 行.

[ 2016-03-17T13:18:40+08:00 ] 127.0.0.1 /work_log/index.php/Home/Index/getProjectDescribe?pid=12
INFO: [ app_init ] --START--
INFO: Run Behavior\BuildLiteBehavior [ RunTime:0.000000s ]
INFO: [ app_init ] --END-- [ RunTime:0.001000s ]
INFO: [ app_begin ] --START--
INFO: Run Behavior\ReadHtmlCacheBehavior [ RunTime:0.000000s ]
INFO: [ app_begin ] --END-- [ RunTime:0.000000s ]
SQL: SHOW COLUMNS FROM `w_logs` [ RunTime:0.0050s ]
SQL: SHOW COLUMNS FROM `w_project_describe` [ RunTime:0.0040s ]
SQL: SELECT * FROM `w_project_describe` WHERE `pid` = 12 LIMIT 1   [ RunTime:0.0010s ]

[ 2016-03-17T13:18:46+08:00 ] 127.0.0.1 /work_log/index.php/Home/Index/editProjectDescribe?pid=12&content=%E5%8F%B0%E5%B7%9E%E4%BA%BA%E4%BA%BA%E5%AD%A6%E8%8B%91%0A%E5%8A%9F%E8%83%BD%E6%8F%8F%E8%BF%B0%EF%BC%9A%0A1%EF%BC%9A%E4%B8%89%E7%BA%A7%E5%88%86%E9%94%80%E5%8A%9F%E8%83%BD%EF%BC%8C%E6%89%AB%E7%A0%81%E7%BB%91%E5%AE%9AFID+%2CSID%2CTID%2CBINDMID%0A2%EF%BC%9A%E7%A7%AF%E5%88%86%E7%B3%BB%E7%BB%9F%EF%BC%9A%0A%0A%E6%9D%A5%E6%BA%90%EF%BC%9A%E2%91%A0%E7%BB%91%E5%AE%9A%E5%BE%AE%E4%BF%A1%E8%B4%A6%E5%8F%B7%E9%80%8110%E7%A7%AF%E5%88%86%EF%BC%9B%E2%91%A1%E6%8E%A8%E5%B9%BF%E9%82%80%E8%AF%B7%E4%BB%96%E4%BA%BA%E6%88%90%E5%8A%9F%E7%BB%91%E5%AE%9A%E9%80%8110%E7%A7%AF%E5%88%86%EF%BC%9B%E2%91%A2%E6%AF%8F%E6%97%A5%E7%AD%BE%E5%88%B0%E9%80%811%E7%A7%AF%E5%88%86%EF%BC%9B%E2%91%A3%E8%B4%AD%E4%B9%B0%E4%BA%A7%E5%93%81%E9%80%81%E7%A7%AF%E5%88%86%EF%BC%8C%E5%85%B7%E4%BD%93%E9%A2%9D%E5%BA%A6%E5%9C%A8%E7%AE%A1%E7%90%86%E7%AB%AF%E8%AE%BE%E7%BD%AE%E3%80%82%0A%E6%B3%A8%EF%BC%9A%E5%9C%A8%E7%AE%A1%E7%90%86%E5%90%8E%E5%8F%B0%E5%8F%AF%E4%BB%A5%E6%9F%A5%E7%9C%8B%E5%88%B0%E4%BB%BB%E6%84%8F%E4%BC%9A%E5%91%98%E7%9A%84%E7%A7%AF%E5%88%86%E5%A2%9E%E5%8A%A0%E3%80%81%E6%B6%88%E8%B4%B9%E8%AE%B0%E5%BD%95%E3%80%82%0A%E6%8E%A8%E5%B9%BF%E9%80%81%E7%A7%AF%E5%88%86%E6%98%AF%E6%A0%B9%E6%8D%AEbindmid%E9%80%81%E7%9A%84%0A%E6%8A%BD%E5%A5%96%E6%A6%82%E7%8E%87%E7%AE%97%E6%B3%95%EF%BC%9A%E6%A0%B9%E6%8D%AE%E4%BB%8E%E5%B0%8F%E5%88%B0%E5%A4%A7%E4%BE%9D%E6%AC%A1%E6%8A%BD%E5%A5%96%0A%E5%90%8E%E5%8F%B0%E8%AE%BE%E7%BD%AE%E5%A5%96%E5%93%81%EF%BC%9A%E6%99%BA%E8%83%BD%E5%A1%AB%E5%85%85%E8%B0%A2%E8%B0%A2%E6%83%A0%E9%A1%BE%EF%BC%8C%E4%B9%B1%E5%BA%8F%E6%8E%92%E5%88%97%EF%BC%8C%E6%99%BA%E8%83%BD%E5%88%A4%E6%96%AD%E5%A5%96%E5%93%81%E4%B8%AA%E6%95%B0%E6%9C%80%E5%A4%A7%E4%B8%AA%E6%95%B0%E4%B8%BA11%EF%BC%9B%0A%E8%B4%AD%E7%89%A9%E9%80%81%E7%A7%AF%E5%88%86%EF%BC%9A%E6%A0%B9%E6%8D%AE%E5%95%86%E5%93%81%E5%8D%95%E7%8B%AC%E8%AE%BE%E7%BD%AE%0A%E6%B6%88%E8%B4%B9%EF%BC%9A%0A%E6%8A%BD%E5%A5%96%EF%BC%88100%E7%A7%AF%E5%88%86%EF%BC%89%EF%BC%8C%E5%85%91%E6%8D%A2%E5%A5%96%E5%93%81%E3%80%90%E6%8A%BD%E5%A5%96%E8%B7%9F%E5%85%91%E6%8D%A2%E7%9A%84%E5%A5%96%E5%93%81%E4%B8%8D%E4%B8%80%E8%87%B4%EF%BC%8C%E5%90%8E%E5%8F%B0%E5%8F%AF%E8%AE%BE%E7%BD%AE%E3%80%91%0A%E5%85%91%E6%8D%A2%E5%A5%96%E5%93%81%E4%B8%80%E5%A4%A9%E4%B8%80%E6%AC%A1%0A%0A%0A%0A%E6%95%B0%E6%8D%AE%E8%A1%A8%0A%E2%91%A0integral_products%EF%BC%88%E5%A5%96%E5%93%81%E5%88%97%E8%A1%A8%EF%BC%89%0A%E2%91%A1integral_winner%EF%BC%88%E4%B8%AD%E5%A5%96%E5%88%97%E8%A1%A8%EF%BC%89%E2%91%A2Distribution_myprize%EF%BC%88%E5%A5%96%E5%93%81%E5%8F%91%E6%94%BE%E5%88%97%E8%A1%A8%EF%BC%89%0A%E2%91%A3integral_luck%EF%BC%88%E6%8A%BD%E5%A5%96%E5%88%97%E8%A1%A8%EF%BC%9A%E6%8A%BD%E5%A5%96%E6%AC%A1%E6%95%B0%E5%92%8C%E4%BD%BF%E7%94%A8%E7%A7%AF%E5%88%86%E6%83%85%E5%86%B5%EF%BC%89%0A%E2%91%A4integral_record%EF%BC%88%E7%A7%AF%E5%88%86%E8%AE%B0%E5%BD%95%E8%A1%A8%5B%E5%A2%9E%2F%E5%87%8F%5D%EF%BC%89%0A%E2%91%A5Integral_shopping%EF%BC%88%E7%A7%AF%E5%88%86%E5%85%91%E6%8D%A2%E8%AE%B0%E5%BD%95%EF%BC%89%0A%E2%91%A6product_browse_record%EF%BC%88%E4%BA%A7%E5%93%81%E6%B5%8F%E8%A7%88%E8%AE%B0%E5%BD%95%EF%BC%89%0A%E2%91%A7integral_sign%EF%BC%88%E7%AD%BE%E5%88%B0%E8%AE%B0%E5%BD%95%E8%A1%A8%EF%BC%89%0A%E2%91%A8integral_set%EF%BC%88%E9%83%A8%E5%88%86%E7%B4%A0%E6%9D%90%E8%B6%85%E9%93%BE%E6%8E%A5%E3%80%90%E8%8B%B1%E9%9B%84%E6%A6%9C%2F%E6%80%9D%E8%B7%AF%E3%80%91%EF%BC%89%0A%E2%91%A9material_list%EF%BC%88%E7%B4%A0%E6%9D%90%E8%A1%A8%EF%BC%89%0A%E2%91%B4Distribution_myprize%EF%BC%88%E5%A5%96%E5%93%81%E5%8F%91%E6%94%BE%E8%A1%A8%E5%8C%85%E6%8B%AC%E6%8A%BD%E5%A5%96%E5%92%8C%E5%85%91%E6%8D%A2%EF%BC%89%0ABASE%E4%B8%AD%0A1%EF%BC%9Aintegral_record%EF%BC%88%E7%A7%AF%E5%88%86%E8%AE%B0%E5%BD%95%5B%E5%A2%9E%2F%E5%87%8F%5D%EF%BC%89%E2%85%A0%0A%E6%B6%89%E5%8F%8A%E8%A1%A8%EF%BC%9A%E2%91%A4%0A2%EF%BC%9Areturnymd%EF%BC%88%E8%BF%94%E5%9B%9E%E5%B9%B4%E6%9C%88%E6%97%A5%E5%8A%A010%E4%BD%8D%E9%9A%8F%E6%9C%BA%E7%BC%96%E5%8F%B7%EF%BC%89%E2%85%A1%0A%0AWAP%2FSTORE%E4%B8%AD%0A%E5%85%AC%E5%85%B1%E5%87%BD%E6%95%B0%EF%BC%9A%E5%A6%82%E6%9E%9C%E6%B2%A1%E6%9C%89%E6%B3%A8%E5%86%8C%E4%B8%94%E9%A1%B5%E9%9D%A2%E6%98%AFlucky%E5%92%8Cexchange%E6%97%B6%E5%80%99%E4%BC%9A%E8%B7%B3%E8%BD%AC%E5%88%B0%E6%B3%A8%E5%86%8C%E9%A1%B5%E9%9D%A2%0A%0A1%EF%BC%9A%E6%8A%BD%E5%A5%96%E5%8A%9F%E8%83%BD%EF%BC%9Alucky%0A%E6%8A%BD%E5%A5%96%E7%AE%97%E6%B3%95%EF%BC%9A%E4%BB%8E%E6%A6%82%E7%8E%87%E5%B0%8F%E7%9A%84%E5%BC%80%E5%A7%8B%E6%8A%BD%E5%88%86%E4%B8%A4%E7%A7%8D%EF%BC%9A%0A%E2%92%88%E5%A4%A7%E4%BA%8E1%E7%9A%84+%E4%BE%8B30%25+++%EF%BC%8C%E4%BB%8E1%E5%88%B0100%E9%9A%8F%E6%9C%BA%0A%E2%92%89%E5%B0%8F%E9%9B%A81%E7%9A%84+%E4%BE%8B0.2%25%EF%BC%8C%E4%BB%8E1%E5%88%B0500%E9%9A%8F%E6%9C%BA+%E6%8A%BD%E4%B8%AD1%E4%B8%BA%E4%B8%AD%E5%A5%96%0A%E6%B6%89%E5%8F%8A%E5%88%B0%E7%9A%84%E8%A1%A8%EF%BC%9A%E2%91%A0%EF%BC%8C%E2%91%A1%EF%BC%8C%E2%91%A2%EF%BC%8C%E2%91%A3%0A%E6%B6%89%E5%8F%8A%E5%88%B0%E7%9A%84%E5%A4%96%E9%83%A8%E5%87%BD%E6%95%B0%EF%BC%9A%E2%85%A0%EF%BC%8C%E2%85%A1%0A%0A2%EF%BC%9A%E5%85%91%E6%8D%A2%E5%8A%9F%E8%83%BD+%EF%BC%9Aexchange%0A%E6%B6%89%E5%8F%8A%E5%88%B0%E7%9A%84%E8%A1%A8%EF%BC%9A%E2%91%A5%0A%E6%B6%89%E5%8F%8A%E5%88%B0%E7%9A%84%E5%A4%96%E9%83%A8%E5%87%BD%E6%95%B0%EF%BC%9A%E2%85%A0%EF%BC%8C%E2%85%A1%0A%0A3%EF%BC%9A%E5%88%A0%E9%99%A4%E6%90%9C%E7%B4%A2%E5%8E%86%E5%8F%B2%EF%BC%9AhistoryAjax%0A%E6%90%9C%E7%B4%A2%E5%8E%86%E5%8F%B2%E4%BF%9D%E5%AD%98%E5%9C%A8SESSION%E4%B8%AD%EF%BC%88%E4%BF%9D%E5%AD%98%E6%96%B9%E6%B3%95%E5%86%99%E5%9C%A8productszhong+%EF%BC%89%3Aserialize%2Funserialize(session(%27history%27))%0A%0A4%EF%BC%9A%E8%B5%9A%E9%A1%B5%E9%9D%A2%EF%BC%9Aintegral_make%0A%0AWAP%2FDISTRIBUTION%0A1%EF%BC%9A%E4%B8%AA%E4%BA%BA%E4%BF%A1%E6%81%AF%E7%BC%96%E8%BE%91%EF%BC%9AmemberEdit%0A%E5%B0%B1%E4%BF%AE%E6%94%B9%E5%AF%86%E7%A0%81%0A%0A2%EF%BC%9A%E6%B3%A8%E5%86%8C%EF%BC%9Aregister%0A%E5%A1%AB%E5%86%99tele%2Cemail%2Cpassword%E5%9C%A8distribution_member%E4%B8%AD%0A%0A3%EF%BC%9A%E6%B5%8F%E8%A7%88%E8%AE%B0%E5%BD%95%EF%BC%9AbowseRecord%0A%E6%B6%89%E5%8F%8A%E5%88%B0%E7%9A%84%E8%A1%A8%EF%BC%9A%E2%91%A6%0A%0A4%EF%BC%9A%E7%AD%BE%E5%88%B0%EF%BC%88%E6%98%BE%E7%A4%BA%EF%BC%9Asign%EF%BC%9BAJAX%EF%BC%9AmemberSign%EF%BC%89%0A%E8%BF%9E%E7%BB%AD7%E5%A4%A9%E7%AD%BE%E5%88%B0%E4%B8%80%E5%A4%A92%E7%A7%AF%E5%88%86%0A%E6%B6%89%E5%8F%8A%E5%88%B0%E7%9A%84%E8%A1%A8%EF%BC%9A%E2%91%A7%0A%E6%B6%89%E5%8F%8A%E5%88%B0%E7%9A%84%E5%A4%96%E9%83%A8%E5%87%BD%E6%95%B0%EF%BC%9A%E2%85%A0%0A%0A5%EF%BC%9A%E6%88%91%E7%9A%84%E5%B0%8F%E5%BA%97%EF%BC%88%E5%88%86%E9%94%80%E4%B8%AD%E5%BF%83%EF%BC%89%EF%BC%9Amyshop%0A%E6%B6%89%E5%8F%8A%E5%88%B0%E7%9A%84%E8%A1%A8%EF%BC%9A%E2%91%A8%EF%BC%8C%E2%91%A9%0A%0A6%EF%BC%9A%E6%88%91%E7%9A%84%E7%A7%AF%E5%88%86%EF%BC%9AmyIntegral%0A%E6%B6%89%E5%8F%8A%E5%88%B0%E7%9A%84%E8%A1%A8%EF%BC%9A%E2%91%A4%0A%0A7%EF%BC%9A%E5%BA%97%E9%93%BA%E8%AE%BE%E7%BD%AE%EF%BC%9AshopEdit%0ALOGO%E4%B8%80%E5%91%A8%E5%8F%AA%E8%83%BD%E4%BF%AE%E6%94%B9%E4%B8%80%E6%AC%A1%EF%BC%8C%E5%BA%97%E9%93%BA%E5%90%8D%E4%B8%8D%E8%83%BD%E9%87%8D%E5%A4%8D%0A%0A8%EF%BC%9A%E6%88%91%E7%9A%84%E5%A5%96%E5%93%81%E9%A1%B5%E9%9D%A2%EF%BC%9Amyprize%0A%E6%B6%89%E5%8F%8A%E5%88%B0%E7%9A%84%E8%A1%A8%EF%BC%9A%E2%91%B4
INFO: [ app_init ] --START--
INFO: Run Behavior\BuildLiteBehavior [ RunTime:0.000000s ]
INFO: [ app_init ] --END-- [ RunTime:0.001000s ]
INFO: [ app_begin ] --START--
INFO: Run Behavior\ReadHtmlCacheBehavior [ RunTime:0.000000s ]
INFO: [ app_begin ] --END-- [ RunTime:0.000000s ]
SQL: SHOW COLUMNS FROM `w_logs` [ RunTime:0.0170s ]
SQL: SHOW COLUMNS FROM `w_project_describe` [ RunTime:0.0120s ]
SQL: SELECT * FROM `w_project_describe` WHERE `pid` = 12 LIMIT 1   [ RunTime:0.0010s ]
SQL: UPDATE `w_project_describe` SET `content`='台州人人学苑
功能描述：
1：三级分销功能，扫码绑定FID ,SID,TID,BINDMID
2：积分系统：

来源：①绑定微信账号送10积分；②推广邀请他人成功绑定送10积分；③每日签到送1积分；④购买产品送积分，具体额度在管理端设置。
注：在管理后台可以查看到任意会员的积分增加、消费记录。
推广送积分是根据bindmid送的
抽奖概率算法：根据从小到大依次抽奖
后台设置奖品：智能填充谢谢惠顾，乱序排列，智能判断奖品个数最大个数为11；
购物送积分：根据商品单独设置
消费：
抽奖（100积分），兑换奖品【抽奖跟兑换的奖品不一致，后台可设置】
兑换奖品一天一次



数据表
①integral_products（奖品列表）
②integral_winner（中奖列表）③Distribution_myprize（奖品发放列表）
④integral_luck（抽奖列表：抽奖次数和使用积分情况）
⑤integral_record（积分记录表[增/减]）
⑥Integral_shopping（积分兑换记录）
⑦product_browse_record（产品浏览记录）
⑧integral_sign（签到记录表）
⑨integral_set（部分素材超链接【英雄榜/思路】）
⑩material_list（素材表）
⑴Distribution_myprize（奖品发放表包括抽奖和兑换）
BASE中
1：integral_record（积分记录[增/减]）Ⅰ
涉及表：⑤
2：returnymd（返回年月日加10位随机编号）Ⅱ

WAP/STORE中
公共函数：如果没有注册且页面是lucky和exchange时候会跳转到注册页面

1：抽奖功能：lucky
抽奖算法：从概率小的开始抽分两种：
⒈大于1的 例30%   ，从1到100随机
⒉小雨1的 例0.2%，从1到500随机 抽中1为中奖
涉及到的表：①，②，③，④
涉及到的外部函数：Ⅰ，Ⅱ

2：兑换功能 ：exchange
涉及到的表：⑥
涉及到的外部函数：Ⅰ，Ⅱ

3：删除搜索历史：historyAjax
搜索历史保存在SESSION中（保存方法写在productszhong ）:serialize/unserialize(session(\'history\'))

4：赚页面：integral_make

WAP/DISTRIBUTION
1：个人信息编辑：memberEdit
就修改密码

2：注册：register
填写tele,email,password在distribution_member中

3：浏览记录：bowseRecord
涉及到的表：⑦

4：签到（显示：sign；AJAX：memberSign）
连续7天签到一天2积分
涉及到的表：⑧
涉及到的外部函数：Ⅰ

5：我的小店（分销中心）：myshop
涉及到的表：⑨，⑩

6：我的积分：myIntegral
涉及到的表：⑤

7：店铺设置：shopEdit
LOGO一周只能修改一次，店铺名不能重复

8：我的奖品页面：myprize
涉及到的表：⑴' WHERE `pid` = 12 [ RunTime:0.0010s ]
SQL: SELECT * FROM `w_project_describe` WHERE `pid` = 12 LIMIT 1   [ RunTime:0.0000s ]

[ 2016-03-17T13:20:12+08:00 ] 127.0.0.1 /work_log/index.php/Home/Index/editProjectDescribe?pid=12&content=%E5%8F%B0%E5%B7%9E%E4%BA%BA%E4%BA%BA%E5%AD%A6%E8%8B%91%0A%E5%8A%9F%E8%83%BD%E6%8F%8F%E8%BF%B0%EF%BC%9A%0A1%EF%BC%9A%E4%B8%89%E7%BA%A7%E5%88%86%E9%94%80%E5%8A%9F%E8%83%BD%EF%BC%8C%E6%89%AB%E7%A0%81%E7%BB%91%E5%AE%9AFID+%2CSID%2CTID%2CBINDMID%0A2%EF%BC%9A%E7%A7%AF%E5%88%86%E7%B3%BB%E7%BB%9F%EF%BC%9A%0A%0A%E6%9D%A5%E6%BA%90%EF%BC%9A%E2%91%A0%E7%BB%91%E5%AE%9A%E5%BE%AE%E4%BF%A1%E8%B4%A6%E5%8F%B7%E9%80%8110%E7%A7%AF%E5%88%86%EF%BC%9B%E2%91%A1%E6%8E%A8%E5%B9%BF%E9%82%80%E8%AF%B7%E4%BB%96%E4%BA%BA%E6%88%90%E5%8A%9F%E7%BB%91%E5%AE%9A%E9%80%8110%E7%A7%AF%E5%88%86%EF%BC%9B%E2%91%A2%E6%AF%8F%E6%97%A5%E7%AD%BE%E5%88%B0%E9%80%811%E7%A7%AF%E5%88%86%EF%BC%9B%E2%91%A3%E8%B4%AD%E4%B9%B0%E4%BA%A7%E5%93%81%E9%80%81%E7%A7%AF%E5%88%86%EF%BC%8C%E5%85%B7%E4%BD%93%E9%A2%9D%E5%BA%A6%E5%9C%A8%E7%AE%A1%E7%90%86%E7%AB%AF%E8%AE%BE%E7%BD%AE%E3%80%82%0A%E6%B3%A8%EF%BC%9A%E5%9C%A8%E7%AE%A1%E7%90%86%E5%90%8E%E5%8F%B0%E5%8F%AF%E4%BB%A5%E6%9F%A5%E7%9C%8B%E5%88%B0%E4%BB%BB%E6%84%8F%E4%BC%9A%E5%91%98%E7%9A%84%E7%A7%AF%E5%88%86%E5%A2%9E%E5%8A%A0%E3%80%81%E6%B6%88%E8%B4%B9%E8%AE%B0%E5%BD%95%E3%80%82%0A%E6%8E%A8%E5%B9%BF%E9%80%81%E7%A7%AF%E5%88%86%E6%98%AF%E6%A0%B9%E6%8D%AEbindmid%E9%80%81%E7%9A%84%0A%E6%8A%BD%E5%A5%96%E6%A6%82%E7%8E%87%E7%AE%97%E6%B3%95%EF%BC%9A%E6%A0%B9%E6%8D%AE%E4%BB%8E%E5%B0%8F%E5%88%B0%E5%A4%A7%E4%BE%9D%E6%AC%A1%E6%8A%BD%E5%A5%96%0A%E5%90%8E%E5%8F%B0%E8%AE%BE%E7%BD%AE%E5%A5%96%E5%93%81%EF%BC%9A%E6%99%BA%E8%83%BD%E5%A1%AB%E5%85%85%E8%B0%A2%E8%B0%A2%E6%83%A0%E9%A1%BE%EF%BC%8C%E4%B9%B1%E5%BA%8F%E6%8E%92%E5%88%97%EF%BC%8C%E6%99%BA%E8%83%BD%E5%88%A4%E6%96%AD%E5%A5%96%E5%93%81%E4%B8%AA%E6%95%B0%E6%9C%80%E5%A4%A7%E4%B8%AA%E6%95%B0%E4%B8%BA11%EF%BC%9B%0A%E8%B4%AD%E7%89%A9%E9%80%81%E7%A7%AF%E5%88%86%EF%BC%9A%E6%A0%B9%E6%8D%AE%E5%95%86%E5%93%81%E5%8D%95%E7%8B%AC%E8%AE%BE%E7%BD%AE%0A%E6%B6%88%E8%B4%B9%EF%BC%9A%0A%E6%8A%BD%E5%A5%96%EF%BC%88100%E7%A7%AF%E5%88%86%EF%BC%89%EF%BC%8C%E5%85%91%E6%8D%A2%E5%A5%96%E5%93%81%E3%80%90%E6%8A%BD%E5%A5%96%E8%B7%9F%E5%85%91%E6%8D%A2%E7%9A%84%E5%A5%96%E5%93%81%E4%B8%8D%E4%B8%80%E8%87%B4%EF%BC%8C%E5%90%8E%E5%8F%B0%E5%8F%AF%E8%AE%BE%E7%BD%AE%E3%80%91%0A%E5%85%91%E6%8D%A2%E5%A5%96%E5%93%81%E4%B8%80%E5%A4%A9%E4%B8%80%E6%AC%A1%0A%0A%0A%0A%E6%95%B0%E6%8D%AE%E8%A1%A8%0A%E2%91%A0integral_products%EF%BC%88%E5%A5%96%E5%93%81%E5%88%97%E8%A1%A8%EF%BC%89%0A%E2%91%A1integral_winner%EF%BC%88%E4%B8%AD%E5%A5%96%E5%88%97%E8%A1%A8%EF%BC%89%E2%91%A2Distribution_myprize%EF%BC%88%E5%A5%96%E5%93%81%E5%8F%91%E6%94%BE%E5%88%97%E8%A1%A8%EF%BC%89%0A%E2%91%A3integral_luck%EF%BC%88%E6%8A%BD%E5%A5%96%E5%88%97%E8%A1%A8%EF%BC%9A%E6%8A%BD%E5%A5%96%E6%AC%A1%E6%95%B0%E5%92%8C%E4%BD%BF%E7%94%A8%E7%A7%AF%E5%88%86%E6%83%85%E5%86%B5%EF%BC%89%0A%E2%91%A4integral_record%EF%BC%88%E7%A7%AF%E5%88%86%E8%AE%B0%E5%BD%95%E8%A1%A8%5B%E5%A2%9E%2F%E5%87%8F%5D%EF%BC%89%0A%E2%91%A5Integral_shopping%EF%BC%88%E7%A7%AF%E5%88%86%E5%85%91%E6%8D%A2%E8%AE%B0%E5%BD%95%EF%BC%89%0A%E2%91%A6product_browse_record%EF%BC%88%E4%BA%A7%E5%93%81%E6%B5%8F%E8%A7%88%E8%AE%B0%E5%BD%95%EF%BC%89%0A%E2%91%A7integral_sign%EF%BC%88%E7%AD%BE%E5%88%B0%E8%AE%B0%E5%BD%95%E8%A1%A8%EF%BC%89%0A%E2%91%A8integral_set%EF%BC%88%E9%83%A8%E5%88%86%E7%B4%A0%E6%9D%90%E8%B6%85%E9%93%BE%E6%8E%A5%E3%80%90%E8%8B%B1%E9%9B%84%E6%A6%9C%2F%E6%80%9D%E8%B7%AF%E3%80%91%EF%BC%89%0A%E2%91%A9material_list%EF%BC%88%E7%B4%A0%E6%9D%90%E8%A1%A8%EF%BC%89%0A%E2%91%B4Distribution_myprize%EF%BC%88%E5%A5%96%E5%93%81%E5%8F%91%E6%94%BE%E8%A1%A8%E5%8C%85%E6%8B%AC%E6%8A%BD%E5%A5%96%E5%92%8C%E5%85%91%E6%8D%A2%EF%BC%89%0A%E2%91%B5article_list(%E6%96%87%E7%AB%A0%E5%88%97%E8%A1%A8)%0ABASE%E4%B8%AD%0A1%EF%BC%9Aintegral_record%EF%BC%88%E7%A7%AF%E5%88%86%E8%AE%B0%E5%BD%95%5B%E5%A2%9E%2F%E5%87%8F%5D%EF%BC%89%E2%85%A0%0A%E6%B6%89%E5%8F%8A%E8%A1%A8%EF%BC%9A%E2%91%A4%0A2%EF%BC%9Areturnymd%EF%BC%88%E8%BF%94%E5%9B%9E%E5%B9%B4%E6%9C%88%E6%97%A5%E5%8A%A010%E4%BD%8D%E9%9A%8F%E6%9C%BA%E7%BC%96%E5%8F%B7%EF%BC%89%E2%85%A1%0A%0AWAP%2FSTORE%E4%B8%AD%0A%E5%85%AC%E5%85%B1%E5%87%BD%E6%95%B0%EF%BC%9A%E5%A6%82%E6%9E%9C%E6%B2%A1%E6%9C%89%E6%B3%A8%E5%86%8C%E4%B8%94%E9%A1%B5%E9%9D%A2%E6%98%AFlucky%E5%92%8Cexchange%E6%97%B6%E5%80%99%E4%BC%9A%E8%B7%B3%E8%BD%AC%E5%88%B0%E6%B3%A8%E5%86%8C%E9%A1%B5%E9%9D%A2%0A%0A1%EF%BC%9A%E6%8A%BD%E5%A5%96%E5%8A%9F%E8%83%BD%EF%BC%9Alucky%0A%E6%8A%BD%E5%A5%96%E7%AE%97%E6%B3%95%EF%BC%9A%E4%BB%8E%E6%A6%82%E7%8E%87%E5%B0%8F%E7%9A%84%E5%BC%80%E5%A7%8B%E6%8A%BD%E5%88%86%E4%B8%A4%E7%A7%8D%EF%BC%9A%0A%E2%92%88%E5%A4%A7%E4%BA%8E1%E7%9A%84+%E4%BE%8B30%25+++%EF%BC%8C%E4%BB%8E1%E5%88%B0100%E9%9A%8F%E6%9C%BA%0A%E2%92%89%E5%B0%8F%E9%9B%A81%E7%9A%84+%E4%BE%8B0.2%25%EF%BC%8C%E4%BB%8E1%E5%88%B0500%E9%9A%8F%E6%9C%BA+%E6%8A%BD%E4%B8%AD1%E4%B8%BA%E4%B8%AD%E5%A5%96%0A%E6%B6%89%E5%8F%8A%E5%88%B0%E7%9A%84%E8%A1%A8%EF%BC%9A%E2%91%A0%EF%BC%8C%E2%91%A1%EF%BC%8C%E2%91%A2%EF%BC%8C%E2%91%A3%0A%E6%B6%89%E5%8F%8A%E5%88%B0%E7%9A%84%E5%A4%96%E9%83%A8%E5%87%BD%E6%95%B0%EF%BC%9A%E2%85%A0%EF%BC%8C%E2%85%A1%0A%0A2%EF%BC%9A%E5%85%91%E6%8D%A2%E5%8A%9F%E8%83%BD+%EF%BC%9Aexchange%0A%E6%B6%89%E5%8F%8A%E5%88%B0%E7%9A%84%E8%A1%A8%EF%BC%9A%E2%91%A5%0A%E6%B6%89%E5%8F%8A%E5%88%B0%E7%9A%84%E5%A4%96%E9%83%A8%E5%87%BD%E6%95%B0%EF%BC%9A%E2%85%A0%EF%BC%8C%E2%85%A1%0A%0A3%EF%BC%9A%E5%88%A0%E9%99%A4%E6%90%9C%E7%B4%A2%E5%8E%86%E5%8F%B2%EF%BC%9AhistoryAjax%0A%E6%90%9C%E7%B4%A2%E5%8E%86%E5%8F%B2%E4%BF%9D%E5%AD%98%E5%9C%A8SESSION%E4%B8%AD%EF%BC%88%E4%BF%9D%E5%AD%98%E6%96%B9%E6%B3%95%E5%86%99%E5%9C%A8productszhong+%EF%BC%89%3Aserialize%2Funserialize(session(%27history%27))%0A%0A4%EF%BC%9A%E8%B5%9A%E9%A1%B5%E9%9D%A2%EF%BC%9Aintegral_make%0A%0AWAP%2FDISTRIBUTION%0A1%EF%BC%9A%E4%B8%AA%E4%BA%BA%E4%BF%A1%E6%81%AF%E7%BC%96%E8%BE%91%EF%BC%9AmemberEdit%0A%E5%B0%B1%E4%BF%AE%E6%94%B9%E5%AF%86%E7%A0%81%0A%0A2%EF%BC%9A%E6%B3%A8%E5%86%8C%EF%BC%9Aregister%0A%E5%A1%AB%E5%86%99tele%2Cemail%2Cpassword%E5%9C%A8distribution_member%E4%B8%AD%0A%0A3%EF%BC%9A%E6%B5%8F%E8%A7%88%E8%AE%B0%E5%BD%95%EF%BC%9AbowseRecord%0A%E6%B6%89%E5%8F%8A%E5%88%B0%E7%9A%84%E8%A1%A8%EF%BC%9A%E2%91%A6%0A%0A4%EF%BC%9A%E7%AD%BE%E5%88%B0%EF%BC%88%E6%98%BE%E7%A4%BA%EF%BC%9Asign%EF%BC%9BAJAX%EF%BC%9AmemberSign%EF%BC%89%0A%E8%BF%9E%E7%BB%AD7%E5%A4%A9%E7%AD%BE%E5%88%B0%E4%B8%80%E5%A4%A92%E7%A7%AF%E5%88%86%0A%E6%B6%89%E5%8F%8A%E5%88%B0%E7%9A%84%E8%A1%A8%EF%BC%9A%E2%91%A7%0A%E6%B6%89%E5%8F%8A%E5%88%B0%E7%9A%84%E5%A4%96%E9%83%A8%E5%87%BD%E6%95%B0%EF%BC%9A%E2%85%A0%0A%0A5%EF%BC%9A%E6%88%91%E7%9A%84%E5%B0%8F%E5%BA%97%EF%BC%88%E5%88%86%E9%94%80%E4%B8%AD%E5%BF%83%EF%BC%89%EF%BC%9Amyshop%0A%E6%B6%89%E5%8F%8A%E5%88%B0%E7%9A%84%E8%A1%A8%EF%BC%9A%E2%91%A8%EF%BC%8C%E2%91%A9%0A%0A6%EF%BC%9A%E6%88%91%E7%9A%84%E7%A7%AF%E5%88%86%EF%BC%9AmyIntegral%0A%E6%B6%89%E5%8F%8A%E5%88%B0%E7%9A%84%E8%A1%A8%EF%BC%9A%E2%91%A4%0A%0A7%EF%BC%9A%E5%BA%97%E9%93%BA%E8%AE%BE%E7%BD%AE%EF%BC%9AshopEdit%0ALOGO%E4%B8%80%E5%91%A8%E5%8F%AA%E8%83%BD%E4%BF%AE%E6%94%B9%E4%B8%80%E6%AC%A1%EF%BC%8C%E5%BA%97%E9%93%BA%E5%90%8D%E4%B8%8D%E8%83%BD%E9%87%8D%E5%A4%8D%0A%0A8%EF%BC%9A%E6%88%91%E7%9A%84%E5%A5%96%E5%93%81%E9%A1%B5%E9%9D%A2%EF%BC%9Amyprize%0A%E6%B6%89%E5%8F%8A%E5%88%B0%E7%9A%84%E8%A1%A8%EF%BC%9A%E2%91%B4
INFO: [ app_init ] --START--
INFO: Run Behavior\BuildLiteBehavior [ RunTime:0.000000s ]
INFO: [ app_init ] --END-- [ RunTime:0.000000s ]
INFO: [ app_begin ] --START--
INFO: Run Behavior\ReadHtmlCacheBehavior [ RunTime:0.001000s ]
INFO: [ app_begin ] --END-- [ RunTime:0.001000s ]
SQL: SHOW COLUMNS FROM `w_logs` [ RunTime:0.0220s ]
SQL: SHOW COLUMNS FROM `w_project_describe` [ RunTime:0.0130s ]
SQL: SELECT * FROM `w_project_describe` WHERE `pid` = 12 LIMIT 1   [ RunTime:0.0000s ]
SQL: UPDATE `w_project_describe` SET `content`='台州人人学苑
功能描述：
1：三级分销功能，扫码绑定FID ,SID,TID,BINDMID
2：积分系统：

来源：①绑定微信账号送10积分；②推广邀请他人成功绑定送10积分；③每日签到送1积分；④购买产品送积分，具体额度在管理端设置。
注：在管理后台可以查看到任意会员的积分增加、消费记录。
推广送积分是根据bindmid送的
抽奖概率算法：根据从小到大依次抽奖
后台设置奖品：智能填充谢谢惠顾，乱序排列，智能判断奖品个数最大个数为11；
购物送积分：根据商品单独设置
消费：
抽奖（100积分），兑换奖品【抽奖跟兑换的奖品不一致，后台可设置】
兑换奖品一天一次



数据表
①integral_products（奖品列表）
②integral_winner（中奖列表）③Distribution_myprize（奖品发放列表）
④integral_luck（抽奖列表：抽奖次数和使用积分情况）
⑤integral_record（积分记录表[增/减]）
⑥Integral_shopping（积分兑换记录）
⑦product_browse_record（产品浏览记录）
⑧integral_sign（签到记录表）
⑨integral_set（部分素材超链接【英雄榜/思路】）
⑩material_list（素材表）
⑴Distribution_myprize（奖品发放表包括抽奖和兑换）
⑵article_list(文章列表)
BASE中
1：integral_record（积分记录[增/减]）Ⅰ
涉及表：⑤
2：returnymd（返回年月日加10位随机编号）Ⅱ

WAP/STORE中
公共函数：如果没有注册且页面是lucky和exchange时候会跳转到注册页面

1：抽奖功能：lucky
抽奖算法：从概率小的开始抽分两种：
⒈大于1的 例30%   ，从1到100随机
⒉小雨1的 例0.2%，从1到500随机 抽中1为中奖
涉及到的表：①，②，③，④
涉及到的外部函数：Ⅰ，Ⅱ

2：兑换功能 ：exchange
涉及到的表：⑥
涉及到的外部函数：Ⅰ，Ⅱ

3：删除搜索历史：historyAjax
搜索历史保存在SESSION中（保存方法写在productszhong ）:serialize/unserialize(session(\'history\'))

4：赚页面：integral_make

WAP/DISTRIBUTION
1：个人信息编辑：memberEdit
就修改密码

2：注册：register
填写tele,email,password在distribution_member中

3：浏览记录：bowseRecord
涉及到的表：⑦

4：签到（显示：sign；AJAX：memberSign）
连续7天签到一天2积分
涉及到的表：⑧
涉及到的外部函数：Ⅰ

5：我的小店（分销中心）：myshop
涉及到的表：⑨，⑩

6：我的积分：myIntegral
涉及到的表：⑤

7：店铺设置：shopEdit
LOGO一周只能修改一次，店铺名不能重复

8：我的奖品页面：myprize
涉及到的表：⑴' WHERE `pid` = 12 [ RunTime:0.0000s ]
SQL: SELECT * FROM `w_project_describe` WHERE `pid` = 12 LIMIT 1   [ RunTime:0.0010s ]

