[ 2016-03-08T08:33:17+08:00 ] 127.0.0.1 /work_log/index.php/Home/Index/index
INFO: [ app_init ] --START--
INFO: Run Behavior\BuildLiteBehavior [ RunTime:0.000000s ]
INFO: [ app_init ] --END-- [ RunTime:0.001000s ]
INFO: [ app_begin ] --START--
INFO: Run Behavior\ReadHtmlCacheBehavior [ RunTime:0.001000s ]
INFO: [ app_begin ] --END-- [ RunTime:0.001000s ]
SQL: SHOW COLUMNS FROM `w_logs` [ RunTime:0.0210s ]
SQL: SELECT * FROM `w_logs` WHERE `delete` = 0 ORDER BY finished,create_time desc  [ RunTime:0.0040s ]
SQL: SELECT COUNT(*) AS tp_count FROM `w_logs` WHERE `finished` = 1 AND `delete` = 0 LIMIT 1   [ RunTime:0.0010s ]
SQL: SELECT COUNT(*) AS tp_count FROM `w_logs` WHERE `finished` = 0 AND `delete` = 0 LIMIT 1   [ RunTime:0.0010s ]
SQL: SHOW COLUMNS FROM `w_project_class` [ RunTime:0.0110s ]
SQL: SELECT * FROM `w_project_class` WHERE `delete` = 0  [ RunTime:0.0000s ]
INFO: [ view_parse ] --START--
INFO: [ template_filter ] --START--
INFO: Run Behavior\ContentReplaceBehavior [ RunTime:0.000000s ]
INFO: [ template_filter ] --END-- [ RunTime:0.000000s ]
INFO: Run Behavior\ParseTemplateBehavior [ RunTime:0.026001s ]
INFO: [ view_parse ] --END-- [ RunTime:0.026001s ]
INFO: [ view_filter ] --START--
INFO: Run Behavior\WriteHtmlCacheBehavior [ RunTime:0.000000s ]
INFO: [ view_filter ] --END-- [ RunTime:0.000000s ]

[ 2016-03-08T08:33:18+08:00 ] 127.0.0.1 /work_log/index.php/Home/Index/index
INFO: [ app_init ] --START--
INFO: Run Behavior\BuildLiteBehavior [ RunTime:0.000000s ]
INFO: [ app_init ] --END-- [ RunTime:0.000000s ]
INFO: [ app_begin ] --START--
INFO: Run Behavior\ReadHtmlCacheBehavior [ RunTime:0.001000s ]
INFO: [ app_begin ] --END-- [ RunTime:0.001000s ]
SQL: SHOW COLUMNS FROM `w_logs` [ RunTime:0.0170s ]
SQL: SELECT * FROM `w_logs` WHERE `delete` = 0 ORDER BY finished,create_time desc  [ RunTime:0.0050s ]
SQL: SELECT COUNT(*) AS tp_count FROM `w_logs` WHERE `finished` = 1 AND `delete` = 0 LIMIT 1   [ RunTime:0.0010s ]
SQL: SELECT COUNT(*) AS tp_count FROM `w_logs` WHERE `finished` = 0 AND `delete` = 0 LIMIT 1   [ RunTime:0.0000s ]
SQL: SHOW COLUMNS FROM `w_project_class` [ RunTime:0.0150s ]
SQL: SELECT * FROM `w_project_class` WHERE `delete` = 0  [ RunTime:0.0010s ]
INFO: [ view_parse ] --START--
INFO: [ template_filter ] --START--
INFO: Run Behavior\ContentReplaceBehavior [ RunTime:0.000000s ]
INFO: [ template_filter ] --END-- [ RunTime:0.000000s ]
INFO: Run Behavior\ParseTemplateBehavior [ RunTime:0.016001s ]
INFO: [ view_parse ] --END-- [ RunTime:0.016001s ]
INFO: [ view_filter ] --START--
INFO: Run Behavior\WriteHtmlCacheBehavior [ RunTime:0.001000s ]
INFO: [ view_filter ] --END-- [ RunTime:0.001000s ]
INFO: [ app_end ] --START--
INFO: Run Behavior\ShowPageTraceBehavior [ RunTime:0.007001s ]
INFO: [ app_end ] --END-- [ RunTime:0.007001s ]

[ 2016-03-08T08:33:22+08:00 ] 127.0.0.1 /work_log/index.php/Home/Index/index
INFO: [ app_init ] --START--
INFO: Run Behavior\BuildLiteBehavior [ RunTime:0.000000s ]
INFO: [ app_init ] --END-- [ RunTime:0.000000s ]
INFO: [ app_begin ] --START--
INFO: Run Behavior\ReadHtmlCacheBehavior [ RunTime:0.000000s ]
INFO: [ app_begin ] --END-- [ RunTime:0.000000s ]
SQL: SHOW COLUMNS FROM `w_logs` [ RunTime:0.0130s ]
SQL: SELECT * FROM `w_logs` WHERE `delete` = 0 ORDER BY finished,create_time desc  [ RunTime:0.0020s ]
SQL: SELECT COUNT(*) AS tp_count FROM `w_logs` WHERE `finished` = 1 AND `delete` = 0 LIMIT 1   [ RunTime:0.0000s ]
SQL: SELECT COUNT(*) AS tp_count FROM `w_logs` WHERE `finished` = 0 AND `delete` = 0 LIMIT 1   [ RunTime:0.0000s ]
SQL: SHOW COLUMNS FROM `w_project_class` [ RunTime:0.0080s ]
SQL: SELECT * FROM `w_project_class` WHERE `delete` = 0  [ RunTime:0.0000s ]
INFO: [ view_parse ] --START--
INFO: [ template_filter ] --START--
INFO: Run Behavior\ContentReplaceBehavior [ RunTime:0.000000s ]
INFO: [ template_filter ] --END-- [ RunTime:0.000000s ]
INFO: Run Behavior\ParseTemplateBehavior [ RunTime:0.016001s ]
INFO: [ view_parse ] --END-- [ RunTime:0.016001s ]
INFO: [ view_filter ] --START--
INFO: Run Behavior\WriteHtmlCacheBehavior [ RunTime:0.000000s ]
INFO: [ view_filter ] --END-- [ RunTime:0.000000s ]
INFO: [ app_end ] --START--
INFO: Run Behavior\ShowPageTraceBehavior [ RunTime:0.000000s ]
INFO: [ app_end ] --END-- [ RunTime:0.000000s ]

[ 2016-03-08T08:33:24+08:00 ] 127.0.0.1 /work_log/index.php/Home/Index/screeningLog?pid=12&type=3
INFO: [ app_init ] --START--
INFO: Run Behavior\BuildLiteBehavior [ RunTime:0.000000s ]
INFO: [ app_init ] --END-- [ RunTime:0.000000s ]
INFO: [ app_begin ] --START--
INFO: Run Behavior\ReadHtmlCacheBehavior [ RunTime:0.001000s ]
INFO: [ app_begin ] --END-- [ RunTime:0.001000s ]
SQL: SHOW COLUMNS FROM `w_logs` [ RunTime:0.0040s ]
SQL: SELECT * FROM `w_logs` WHERE `pid` = 12 AND `delete` = 0 ORDER BY finished,create_time desc  [ RunTime:0.0010s ]
NOTIC: [8] Undefined variable: str D:\WWW\work_log\Application\Home\Controller\IndexController.class.php 第 158 行.

[ 2016-03-08T08:34:07+08:00 ] 127.0.0.1 /work_log/index.php/Home/Index/finishLog?id=181
INFO: [ app_init ] --START--
INFO: Run Behavior\BuildLiteBehavior [ RunTime:0.000000s ]
INFO: [ app_init ] --END-- [ RunTime:0.000000s ]
INFO: [ app_begin ] --START--
INFO: Run Behavior\ReadHtmlCacheBehavior [ RunTime:0.001000s ]
INFO: [ app_begin ] --END-- [ RunTime:0.001000s ]
SQL: SHOW COLUMNS FROM `w_logs` [ RunTime:0.0050s ]
SQL: SELECT * FROM `w_logs` WHERE ( id=181 ) LIMIT 1   [ RunTime:0.0010s ]
SQL: UPDATE `w_logs` SET `finished`='1',`finish_time`='1457397247' WHERE ( id=181 ) [ RunTime:0.0000s ]

[ 2016-03-08T08:41:22+08:00 ] 127.0.0.1 /work_log/index.php/Home/Index/addlogs?content=%E4%BA%BA%E4%BA%BA%E5%88%86%E9%94%80%E4%B8%AD%E5%BF%83%E9%A1%B5%E9%9D%A2&difficulty=1
INFO: [ app_init ] --START--
INFO: Run Behavior\BuildLiteBehavior [ RunTime:0.000000s ]
INFO: [ app_init ] --END-- [ RunTime:0.001000s ]
INFO: [ app_begin ] --START--
INFO: Run Behavior\ReadHtmlCacheBehavior [ RunTime:0.000000s ]
INFO: [ app_begin ] --END-- [ RunTime:0.000000s ]
SQL: SHOW COLUMNS FROM `w_logs` [ RunTime:0.0070s ]
SQL: SELECT * FROM `w_logs` WHERE `content` LIKE '%人人%' AND `delete` = 0 LIMIT 1   [ RunTime:0.0020s ]
SQL: SHOW COLUMNS FROM `w_project_class` [ RunTime:0.0070s ]
SQL: SELECT * FROM `w_project_class` WHERE `delete` = 0 AND `name` LIKE '%人人%' LIMIT 1   [ RunTime:0.0010s ]
NOTIC: [8] Undefined index: validate D:\WWW\work_log\ThinkPHP\Library\Think\Model.class.php 第 1185 行.
NOTIC: [8] Undefined index: auto D:\WWW\work_log\ThinkPHP\Library\Think\Model.class.php 第 1128 行.
SQL: INSERT INTO `w_logs` (`content`,`difficulty`,`create_time`,`year`,`month`,`day`) VALUES ('人人分销中心页面','1','1457397682','2016','3','8') [ RunTime:0.0010s ]
SQL: SELECT * FROM `w_logs` WHERE ( id=183 )  [ RunTime:0.0000s ]
NOTIC: [8] Undefined variable: str D:\WWW\work_log\Application\Home\Controller\IndexController.class.php 第 158 行.
SQL: SELECT * FROM `w_logs` WHERE ( id=183 ) LIMIT 1   [ RunTime:0.0000s ]
SQL: SELECT * FROM `w_project_class` WHERE `name` LIKE '%人人%' AND `delete` = 0 LIMIT 1   [ RunTime:0.0010s ]
SQL: UPDATE `w_logs` SET `pid`='12' WHERE ( id=183 ) [ RunTime:0.0000s ]
SQL: UPDATE `w_project_class` SET `nums`=nums+1 WHERE ( id=12 ) [ RunTime:0.0000s ]

[ 2016-03-08T09:16:52+08:00 ] 127.0.0.1 /work_log/index.php/Home/Index/addlogs?content=%E4%BA%BA%E4%BA%BA%E9%A1%B9%E7%9B%AE%E6%8F%8F%E8%BF%B0&difficulty=2
INFO: [ app_init ] --START--
INFO: Run Behavior\BuildLiteBehavior [ RunTime:0.000000s ]
INFO: [ app_init ] --END-- [ RunTime:0.000000s ]
INFO: [ app_begin ] --START--
INFO: Run Behavior\ReadHtmlCacheBehavior [ RunTime:0.001000s ]
INFO: [ app_begin ] --END-- [ RunTime:0.001000s ]
SQL: SHOW COLUMNS FROM `w_logs` [ RunTime:0.0130s ]
SQL: SELECT * FROM `w_logs` WHERE `content` LIKE '%人人%' AND `delete` = 0 LIMIT 1   [ RunTime:0.0010s ]
SQL: SHOW COLUMNS FROM `w_project_class` [ RunTime:0.0070s ]
SQL: SELECT * FROM `w_project_class` WHERE `delete` = 0 AND `name` LIKE '%人人%' LIMIT 1   [ RunTime:0.0000s ]
NOTIC: [8] Undefined index: validate D:\WWW\work_log\ThinkPHP\Library\Think\Model.class.php 第 1185 行.
NOTIC: [8] Undefined index: auto D:\WWW\work_log\ThinkPHP\Library\Think\Model.class.php 第 1128 行.
SQL: INSERT INTO `w_logs` (`content`,`difficulty`,`create_time`,`year`,`month`,`day`) VALUES ('人人项目描述','2','1457399812','2016','3','8') [ RunTime:0.0010s ]
SQL: SELECT * FROM `w_logs` WHERE ( id=184 )  [ RunTime:0.0000s ]
NOTIC: [8] Undefined variable: str D:\WWW\work_log\Application\Home\Controller\IndexController.class.php 第 158 行.
SQL: SELECT * FROM `w_logs` WHERE ( id=184 ) LIMIT 1   [ RunTime:0.0010s ]
SQL: SELECT * FROM `w_project_class` WHERE `name` LIKE '%人人%' AND `delete` = 0 LIMIT 1   [ RunTime:0.0010s ]
SQL: UPDATE `w_logs` SET `pid`='12' WHERE ( id=184 ) [ RunTime:0.0000s ]
SQL: UPDATE `w_project_class` SET `nums`=nums+1 WHERE ( id=12 ) [ RunTime:0.0000s ]

[ 2016-03-08T09:42:29+08:00 ] 127.0.0.1 /work_log/index.php/Home/Index/addlogs?content=%E4%BA%BA%E4%BA%BA%E5%85%AC%E4%BC%97%E5%8F%B7%E8%8F%9C%E5%8D%95%E6%A0%8F%E8%AE%BE%E7%BD%AE&difficulty=1
INFO: [ app_init ] --START--
INFO: Run Behavior\BuildLiteBehavior [ RunTime:0.000000s ]
INFO: [ app_init ] --END-- [ RunTime:0.000000s ]
INFO: [ app_begin ] --START--
INFO: Run Behavior\ReadHtmlCacheBehavior [ RunTime:0.000000s ]
INFO: [ app_begin ] --END-- [ RunTime:0.001000s ]
SQL: SHOW COLUMNS FROM `w_logs` [ RunTime:0.0160s ]
SQL: SELECT * FROM `w_logs` WHERE `content` LIKE '%人人%' AND `delete` = 0 LIMIT 1   [ RunTime:0.0000s ]
SQL: SHOW COLUMNS FROM `w_project_class` [ RunTime:0.0150s ]
SQL: SELECT * FROM `w_project_class` WHERE `delete` = 0 AND `name` LIKE '%人人%' LIMIT 1   [ RunTime:0.0010s ]
NOTIC: [8] Undefined index: validate D:\WWW\work_log\ThinkPHP\Library\Think\Model.class.php 第 1185 行.
NOTIC: [8] Undefined index: auto D:\WWW\work_log\ThinkPHP\Library\Think\Model.class.php 第 1128 行.
SQL: INSERT INTO `w_logs` (`content`,`difficulty`,`create_time`,`year`,`month`,`day`) VALUES ('人人公众号菜单栏设置','1','1457401349','2016','3','8') [ RunTime:0.0000s ]
SQL: SELECT * FROM `w_logs` WHERE ( id=185 )  [ RunTime:0.0000s ]
NOTIC: [8] Undefined variable: str D:\WWW\work_log\Application\Home\Controller\IndexController.class.php 第 158 行.
SQL: SELECT * FROM `w_logs` WHERE ( id=185 ) LIMIT 1   [ RunTime:0.0000s ]
SQL: SELECT * FROM `w_project_class` WHERE `name` LIKE '%人人%' AND `delete` = 0 LIMIT 1   [ RunTime:0.0000s ]
SQL: UPDATE `w_logs` SET `pid`='12' WHERE ( id=185 ) [ RunTime:0.0000s ]
SQL: UPDATE `w_project_class` SET `nums`=nums+1 WHERE ( id=12 ) [ RunTime:0.0000s ]

[ 2016-03-08T11:29:34+08:00 ] 127.0.0.1 /work_log/index.php/Home/Index/finishLog?id=183
INFO: [ app_init ] --START--
INFO: Run Behavior\BuildLiteBehavior [ RunTime:0.000000s ]
INFO: [ app_init ] --END-- [ RunTime:0.001000s ]
INFO: [ app_begin ] --START--
INFO: Run Behavior\ReadHtmlCacheBehavior [ RunTime:0.001000s ]
INFO: [ app_begin ] --END-- [ RunTime:0.001000s ]
SQL: SHOW COLUMNS FROM `w_logs` [ RunTime:0.0050s ]
SQL: SELECT * FROM `w_logs` WHERE ( id=183 ) LIMIT 1   [ RunTime:0.0000s ]
SQL: UPDATE `w_logs` SET `finished`='1',`finish_time`='1457407774' WHERE ( id=183 ) [ RunTime:0.0000s ]

[ 2016-03-08T11:29:35+08:00 ] 127.0.0.1 /work_log/index.php/Home/Index/finishLog?id=182
INFO: [ app_init ] --START--
INFO: Run Behavior\BuildLiteBehavior [ RunTime:0.000000s ]
INFO: [ app_init ] --END-- [ RunTime:0.001000s ]
INFO: [ app_begin ] --START--
INFO: Run Behavior\ReadHtmlCacheBehavior [ RunTime:0.001000s ]
INFO: [ app_begin ] --END-- [ RunTime:0.001000s ]
SQL: SHOW COLUMNS FROM `w_logs` [ RunTime:0.0050s ]
SQL: SELECT * FROM `w_logs` WHERE ( id=182 ) LIMIT 1   [ RunTime:0.0010s ]
SQL: UPDATE `w_logs` SET `finished`='1',`finish_time`='1457407775' WHERE ( id=182 ) [ RunTime:0.0000s ]

[ 2016-03-08T11:29:54+08:00 ] 127.0.0.1 /work_log/index.php/Home/Index/addlogs?content=%E4%BA%BA%E4%BA%BA%E9%A1%B5%E9%9D%A2%E6%B5%8B%E8%AF%95&difficulty=1
INFO: [ app_init ] --START--
INFO: Run Behavior\BuildLiteBehavior [ RunTime:0.000000s ]
INFO: [ app_init ] --END-- [ RunTime:0.000000s ]
INFO: [ app_begin ] --START--
INFO: Run Behavior\ReadHtmlCacheBehavior [ RunTime:0.001000s ]
INFO: [ app_begin ] --END-- [ RunTime:0.001000s ]
SQL: SHOW COLUMNS FROM `w_logs` [ RunTime:0.0150s ]
SQL: SELECT * FROM `w_logs` WHERE `content` LIKE '%人人%' AND `delete` = 0 LIMIT 1   [ RunTime:0.0000s ]
SQL: SHOW COLUMNS FROM `w_project_class` [ RunTime:0.0080s ]
SQL: SELECT * FROM `w_project_class` WHERE `delete` = 0 AND `name` LIKE '%人人%' LIMIT 1   [ RunTime:0.0000s ]
NOTIC: [8] Undefined index: validate D:\WWW\work_log\ThinkPHP\Library\Think\Model.class.php 第 1185 行.
NOTIC: [8] Undefined index: auto D:\WWW\work_log\ThinkPHP\Library\Think\Model.class.php 第 1128 行.
SQL: INSERT INTO `w_logs` (`content`,`difficulty`,`create_time`,`year`,`month`,`day`) VALUES ('人人页面测试','1','1457407794','2016','3','8') [ RunTime:0.0000s ]
SQL: SELECT * FROM `w_logs` WHERE ( id=186 )  [ RunTime:0.0010s ]
NOTIC: [8] Undefined variable: str D:\WWW\work_log\Application\Home\Controller\IndexController.class.php 第 158 行.
SQL: SELECT * FROM `w_logs` WHERE ( id=186 ) LIMIT 1   [ RunTime:0.0010s ]
SQL: SELECT * FROM `w_project_class` WHERE `name` LIKE '%人人%' AND `delete` = 0 LIMIT 1   [ RunTime:0.0010s ]
SQL: UPDATE `w_logs` SET `pid`='12' WHERE ( id=186 ) [ RunTime:0.0010s ]
SQL: UPDATE `w_project_class` SET `nums`=nums+1 WHERE ( id=12 ) [ RunTime:0.0000s ]

[ 2016-03-08T17:03:47+08:00 ] 127.0.0.1 /work_log/index.php/Home/Index/addlogs?content=%E4%BA%BA%E4%BA%BA%E5%90%8E%E5%8F%B0%E5%A5%96%E5%93%81%E5%AE%A1%E6%A0%B8%E5%8A%9F%E8%83%BD&difficulty=1
INFO: [ app_init ] --START--
INFO: Run Behavior\BuildLiteBehavior [ RunTime:0.000000s ]
INFO: [ app_init ] --END-- [ RunTime:0.001000s ]
INFO: [ app_begin ] --START--
INFO: Run Behavior\ReadHtmlCacheBehavior [ RunTime:0.001000s ]
INFO: [ app_begin ] --END-- [ RunTime:0.001000s ]
SQL: SHOW COLUMNS FROM `w_logs` [ RunTime:0.0100s ]
SQL: SELECT * FROM `w_logs` WHERE `content` LIKE '%人人%' AND `delete` = 0 LIMIT 1   [ RunTime:0.0000s ]
SQL: SHOW COLUMNS FROM `w_project_class` [ RunTime:0.0100s ]
SQL: SELECT * FROM `w_project_class` WHERE `delete` = 0 AND `name` LIKE '%人人%' LIMIT 1   [ RunTime:0.0000s ]
NOTIC: [8] Undefined index: validate D:\WWW\work_log\ThinkPHP\Library\Think\Model.class.php 第 1185 行.
NOTIC: [8] Undefined index: auto D:\WWW\work_log\ThinkPHP\Library\Think\Model.class.php 第 1128 行.
SQL: INSERT INTO `w_logs` (`content`,`difficulty`,`create_time`,`year`,`month`,`day`) VALUES ('人人后台奖品审核功能','1','1457427827','2016','3','8') [ RunTime:0.0000s ]
SQL: SELECT * FROM `w_logs` WHERE ( id=187 )  [ RunTime:0.0000s ]
NOTIC: [8] Undefined variable: str D:\WWW\work_log\Application\Home\Controller\IndexController.class.php 第 158 行.
SQL: SELECT * FROM `w_logs` WHERE ( id=187 ) LIMIT 1   [ RunTime:0.0010s ]
SQL: SELECT * FROM `w_project_class` WHERE `name` LIKE '%人人%' AND `delete` = 0 LIMIT 1   [ RunTime:0.0000s ]
SQL: UPDATE `w_logs` SET `pid`='12' WHERE ( id=187 ) [ RunTime:0.0000s ]
SQL: UPDATE `w_project_class` SET `nums`=nums+1 WHERE ( id=12 ) [ RunTime:0.0000s ]

[ 2016-03-08T17:04:02+08:00 ] 127.0.0.1 /work_log/index.php/Home/Index/finishLog?id=185
INFO: [ app_init ] --START--
INFO: Run Behavior\BuildLiteBehavior [ RunTime:0.000000s ]
INFO: [ app_init ] --END-- [ RunTime:0.001000s ]
INFO: [ app_begin ] --START--
INFO: Run Behavior\ReadHtmlCacheBehavior [ RunTime:0.001000s ]
INFO: [ app_begin ] --END-- [ RunTime:0.001000s ]
SQL: SHOW COLUMNS FROM `w_logs` [ RunTime:0.0040s ]
SQL: SELECT * FROM `w_logs` WHERE ( id=185 ) LIMIT 1   [ RunTime:0.0010s ]
SQL: UPDATE `w_logs` SET `finished`='1',`finish_time`='1457427842' WHERE ( id=185 ) [ RunTime:0.0000s ]

[ 2016-03-08T17:04:15+08:00 ] 127.0.0.1 /work_log/index.php/Home/Index/editlogs?con=%E4%BA%BA%E4%BA%BA%E9%A1%B5%E9%9D%A2%E4%B8%8E%E5%8A%9F%E8%83%BD%E6%B5%8B%E8%AF%95&id=186
INFO: [ app_init ] --START--
INFO: Run Behavior\BuildLiteBehavior [ RunTime:0.000000s ]
INFO: [ app_init ] --END-- [ RunTime:0.000000s ]
INFO: [ app_begin ] --START--
INFO: Run Behavior\ReadHtmlCacheBehavior [ RunTime:0.001000s ]
INFO: [ app_begin ] --END-- [ RunTime:0.001000s ]
SQL: SHOW COLUMNS FROM `w_logs` [ RunTime:0.0160s ]
SQL: SELECT * FROM `w_logs` WHERE ( id=186 ) LIMIT 1   [ RunTime:0.0010s ]
SQL: UPDATE `w_logs` SET `content`='人人页面与功能测试' WHERE ( id=186 ) [ RunTime:0.0010s ]
INFO: [ app_end ] --START--
INFO: Run Behavior\ShowPageTraceBehavior [ RunTime:0.002000s ]
INFO: [ app_end ] --END-- [ RunTime:0.003000s ]

[ 2016-03-08T17:04:16+08:00 ] 127.0.0.1 /work_log/index.php/Home/Index/editlogs?con=%E4%BA%BA%E4%BA%BA%E5%90%8E%E5%8F%B0%E5%A5%96%E5%93%81%E5%AE%A1%E6%A0%B8%E5%8A%9F%E8%83%BD&id=187
INFO: [ app_init ] --START--
INFO: Run Behavior\BuildLiteBehavior [ RunTime:0.000000s ]
INFO: [ app_init ] --END-- [ RunTime:0.000000s ]
INFO: [ app_begin ] --START--
INFO: Run Behavior\ReadHtmlCacheBehavior [ RunTime:0.000000s ]
INFO: [ app_begin ] --END-- [ RunTime:0.000000s ]
SQL: SHOW COLUMNS FROM `w_logs` [ RunTime:0.0080s ]
SQL: SELECT * FROM `w_logs` WHERE ( id=187 ) LIMIT 1   [ RunTime:0.0000s ]
SQL: UPDATE `w_logs` SET `content`='人人后台奖品审核功能' WHERE ( id=187 ) [ RunTime:0.0000s ]
INFO: [ app_end ] --START--
INFO: Run Behavior\ShowPageTraceBehavior [ RunTime:0.001000s ]
INFO: [ app_end ] --END-- [ RunTime:0.001000s ]

[ 2016-03-08T17:04:17+08:00 ] 127.0.0.1 /work_log/index.php/Home/Index/index
INFO: [ app_init ] --START--
INFO: Run Behavior\BuildLiteBehavior [ RunTime:0.000000s ]
INFO: [ app_init ] --END-- [ RunTime:0.000000s ]
INFO: [ app_begin ] --START--
INFO: Run Behavior\ReadHtmlCacheBehavior [ RunTime:0.001000s ]
INFO: [ app_begin ] --END-- [ RunTime:0.001000s ]
SQL: SHOW COLUMNS FROM `w_logs` [ RunTime:0.0100s ]
SQL: SELECT * FROM `w_logs` WHERE `delete` = 0 ORDER BY finished,create_time desc  [ RunTime:0.0020s ]
SQL: SELECT COUNT(*) AS tp_count FROM `w_logs` WHERE `finished` = 1 AND `delete` = 0 LIMIT 1   [ RunTime:0.0010s ]
SQL: SELECT COUNT(*) AS tp_count FROM `w_logs` WHERE `finished` = 0 AND `delete` = 0 LIMIT 1   [ RunTime:0.0010s ]
SQL: SHOW COLUMNS FROM `w_project_class` [ RunTime:0.0060s ]
SQL: SELECT * FROM `w_project_class` WHERE `delete` = 0  [ RunTime:0.0010s ]
INFO: [ view_parse ] --START--
INFO: [ template_filter ] --START--
INFO: Run Behavior\ContentReplaceBehavior [ RunTime:0.000000s ]
INFO: [ template_filter ] --END-- [ RunTime:0.000000s ]
INFO: Run Behavior\ParseTemplateBehavior [ RunTime:0.024001s ]
INFO: [ view_parse ] --END-- [ RunTime:0.024001s ]
INFO: [ view_filter ] --START--
INFO: Run Behavior\WriteHtmlCacheBehavior [ RunTime:0.001000s ]
INFO: [ view_filter ] --END-- [ RunTime:0.001000s ]
INFO: [ app_end ] --START--
INFO: Run Behavior\ShowPageTraceBehavior [ RunTime:0.001000s ]
INFO: [ app_end ] --END-- [ RunTime:0.001000s ]

