[ 2016-03-11T09:50:42+08:00 ] 127.0.0.1 /work_log/index.php/Home/Index/index
INFO: [ app_init ] --START--
INFO: Run Behavior\BuildLiteBehavior [ RunTime:0.000000s ]
INFO: [ app_init ] --END-- [ RunTime:0.000000s ]
INFO: [ app_begin ] --START--
INFO: Run Behavior\ReadHtmlCacheBehavior [ RunTime:0.000000s ]
INFO: [ app_begin ] --END-- [ RunTime:0.000000s ]
SQL: SHOW COLUMNS FROM `w_logs` [ RunTime:0.0160s ]
SQL: SELECT * FROM `w_logs` WHERE `delete` = 0 ORDER BY finished,create_time desc  [ RunTime:0.0020s ]
SQL: SELECT COUNT(*) AS tp_count FROM `w_logs` WHERE `finished` = 1 AND `delete` = 0 LIMIT 1   [ RunTime:0.0000s ]
SQL: SELECT COUNT(*) AS tp_count FROM `w_logs` WHERE `finished` = 0 AND `delete` = 0 LIMIT 1   [ RunTime:0.0010s ]
SQL: SHOW COLUMNS FROM `w_project_class` [ RunTime:0.0070s ]
SQL: SELECT * FROM `w_project_class` WHERE `delete` = 0  [ RunTime:0.0010s ]
INFO: [ view_parse ] --START--
INFO: [ template_filter ] --START--
INFO: Run Behavior\ContentReplaceBehavior [ RunTime:0.000000s ]
INFO: [ template_filter ] --END-- [ RunTime:0.000000s ]
INFO: Run Behavior\ParseTemplateBehavior [ RunTime:0.020001s ]
INFO: [ view_parse ] --END-- [ RunTime:0.020001s ]
INFO: [ view_filter ] --START--
INFO: Run Behavior\WriteHtmlCacheBehavior [ RunTime:0.001000s ]
INFO: [ view_filter ] --END-- [ RunTime:0.001000s ]

[ 2016-03-11T09:50:43+08:00 ] 127.0.0.1 /work_log/index.php/Home/Index/index
INFO: [ app_init ] --START--
INFO: Run Behavior\BuildLiteBehavior [ RunTime:0.000000s ]
INFO: [ app_init ] --END-- [ RunTime:0.001000s ]
INFO: [ app_begin ] --START--
INFO: Run Behavior\ReadHtmlCacheBehavior [ RunTime:0.001000s ]
INFO: [ app_begin ] --END-- [ RunTime:0.001000s ]
SQL: SHOW COLUMNS FROM `w_logs` [ RunTime:0.0050s ]
SQL: SELECT * FROM `w_logs` WHERE `delete` = 0 ORDER BY finished,create_time desc  [ RunTime:0.0020s ]
SQL: SELECT COUNT(*) AS tp_count FROM `w_logs` WHERE `finished` = 1 AND `delete` = 0 LIMIT 1   [ RunTime:0.0010s ]
SQL: SELECT COUNT(*) AS tp_count FROM `w_logs` WHERE `finished` = 0 AND `delete` = 0 LIMIT 1   [ RunTime:0.0000s ]
SQL: SHOW COLUMNS FROM `w_project_class` [ RunTime:0.0040s ]
SQL: SELECT * FROM `w_project_class` WHERE `delete` = 0  [ RunTime:0.0000s ]
INFO: [ view_parse ] --START--
INFO: [ template_filter ] --START--
INFO: Run Behavior\ContentReplaceBehavior [ RunTime:0.000000s ]
INFO: [ template_filter ] --END-- [ RunTime:0.000000s ]
INFO: Run Behavior\ParseTemplateBehavior [ RunTime:0.009001s ]
INFO: [ view_parse ] --END-- [ RunTime:0.009001s ]
INFO: [ view_filter ] --START--
INFO: Run Behavior\WriteHtmlCacheBehavior [ RunTime:0.001000s ]
INFO: [ view_filter ] --END-- [ RunTime:0.001000s ]
INFO: [ app_end ] --START--
INFO: Run Behavior\ShowPageTraceBehavior [ RunTime:0.004000s ]
INFO: [ app_end ] --END-- [ RunTime:0.004000s ]

[ 2016-03-11T09:50:47+08:00 ] 127.0.0.1 /work_log/index.php/Home/Index/index
INFO: [ app_init ] --START--
INFO: Run Behavior\BuildLiteBehavior [ RunTime:0.000000s ]
INFO: [ app_init ] --END-- [ RunTime:0.001000s ]
INFO: [ app_begin ] --START--
INFO: Run Behavior\ReadHtmlCacheBehavior [ RunTime:0.001000s ]
INFO: [ app_begin ] --END-- [ RunTime:0.001000s ]
SQL: SHOW COLUMNS FROM `w_logs` [ RunTime:0.0080s ]
SQL: SELECT * FROM `w_logs` WHERE `delete` = 0 ORDER BY finished,create_time desc  [ RunTime:0.0020s ]
SQL: SELECT COUNT(*) AS tp_count FROM `w_logs` WHERE `finished` = 1 AND `delete` = 0 LIMIT 1   [ RunTime:0.0010s ]
SQL: SELECT COUNT(*) AS tp_count FROM `w_logs` WHERE `finished` = 0 AND `delete` = 0 LIMIT 1   [ RunTime:0.0000s ]
SQL: SHOW COLUMNS FROM `w_project_class` [ RunTime:0.0080s ]
SQL: SELECT * FROM `w_project_class` WHERE `delete` = 0  [ RunTime:0.0010s ]
INFO: [ view_parse ] --START--
INFO: [ template_filter ] --START--
INFO: Run Behavior\ContentReplaceBehavior [ RunTime:0.000000s ]
INFO: [ template_filter ] --END-- [ RunTime:0.000000s ]
INFO: Run Behavior\ParseTemplateBehavior [ RunTime:0.013001s ]
INFO: [ view_parse ] --END-- [ RunTime:0.013001s ]
INFO: [ view_filter ] --START--
INFO: Run Behavior\WriteHtmlCacheBehavior [ RunTime:0.001000s ]
INFO: [ view_filter ] --END-- [ RunTime:0.001000s ]
INFO: [ app_end ] --START--
INFO: Run Behavior\ShowPageTraceBehavior [ RunTime:0.000000s ]
INFO: [ app_end ] --END-- [ RunTime:0.000000s ]

[ 2016-03-11T09:50:49+08:00 ] 127.0.0.1 /work_log/index.php/Home/Index/index
INFO: [ app_init ] --START--
INFO: Run Behavior\BuildLiteBehavior [ RunTime:0.000000s ]
INFO: [ app_init ] --END-- [ RunTime:0.000000s ]
INFO: [ app_begin ] --START--
INFO: Run Behavior\ReadHtmlCacheBehavior [ RunTime:0.000000s ]
INFO: [ app_begin ] --END-- [ RunTime:0.000000s ]
SQL: SHOW COLUMNS FROM `w_logs` [ RunTime:0.0080s ]
SQL: SELECT * FROM `w_logs` WHERE `delete` = 0 ORDER BY finished,create_time desc  [ RunTime:0.0020s ]
SQL: SELECT COUNT(*) AS tp_count FROM `w_logs` WHERE `finished` = 1 AND `delete` = 0 LIMIT 1   [ RunTime:0.0010s ]
SQL: SELECT COUNT(*) AS tp_count FROM `w_logs` WHERE `finished` = 0 AND `delete` = 0 LIMIT 1   [ RunTime:0.0000s ]
SQL: SHOW COLUMNS FROM `w_project_class` [ RunTime:0.0080s ]
SQL: SELECT * FROM `w_project_class` WHERE `delete` = 0  [ RunTime:0.0010s ]
INFO: [ view_parse ] --START--
INFO: [ template_filter ] --START--
INFO: Run Behavior\ContentReplaceBehavior [ RunTime:0.000000s ]
INFO: [ template_filter ] --END-- [ RunTime:0.000000s ]
INFO: Run Behavior\ParseTemplateBehavior [ RunTime:0.008000s ]
INFO: [ view_parse ] --END-- [ RunTime:0.009000s ]
INFO: [ view_filter ] --START--
INFO: Run Behavior\WriteHtmlCacheBehavior [ RunTime:0.000000s ]
INFO: [ view_filter ] --END-- [ RunTime:0.000000s ]
INFO: [ app_end ] --START--
INFO: Run Behavior\ShowPageTraceBehavior [ RunTime:0.001000s ]
INFO: [ app_end ] --END-- [ RunTime:0.001000s ]

[ 2016-03-11T09:50:58+08:00 ] 127.0.0.1 /work_log/index.php/Home/Index/screeningLog?pid=12&type=3
INFO: [ app_init ] --START--
INFO: Run Behavior\BuildLiteBehavior [ RunTime:0.000000s ]
INFO: [ app_init ] --END-- [ RunTime:0.000000s ]
INFO: [ app_begin ] --START--
INFO: Run Behavior\ReadHtmlCacheBehavior [ RunTime:0.000000s ]
INFO: [ app_begin ] --END-- [ RunTime:0.001000s ]
SQL: SHOW COLUMNS FROM `w_logs` [ RunTime:0.0050s ]
SQL: SELECT * FROM `w_logs` WHERE `pid` = 12 AND `delete` = 0 ORDER BY finished,create_time desc  [ RunTime:0.0000s ]
NOTIC: [8] Undefined variable: str D:\WWW\work_log\Application\Home\Controller\IndexController.class.php 第 158 行.

[ 2016-03-11T09:51:15+08:00 ] 127.0.0.1 /work_log/index.php/Home/Index/editlogs?con=%E4%BA%BA%E4%BA%BA%E6%B3%A8%E5%86%8C%E5%AE%A1%E6%A0%B8%E5%8A%9F%E8%83%BD%EF%BC%8C%E7%BB%91%E5%AE%9A%E5%92%8C%E6%8E%A8%E5%B9%BF%E7%BB%91%E5%AE%9A%E9%80%81%E7%A7%AF%E5%88%86%EF%BC%8C%E5%90%8E%E5%8F%B0%E7%A7%AF%E5%88%86%E6%B6%88%E8%B4%B9%E6%83%85%E5%86%B5&id=191
INFO: [ app_init ] --START--
INFO: Run Behavior\BuildLiteBehavior [ RunTime:0.000000s ]
INFO: [ app_init ] --END-- [ RunTime:0.001001s ]
INFO: [ app_begin ] --START--
INFO: Run Behavior\ReadHtmlCacheBehavior [ RunTime:0.001000s ]
INFO: [ app_begin ] --END-- [ RunTime:0.001000s ]
SQL: SHOW COLUMNS FROM `w_logs` [ RunTime:0.0156s ]
SQL: SELECT * FROM `w_logs` WHERE ( id=191 ) LIMIT 1   [ RunTime:0.0000s ]
SQL: UPDATE `w_logs` SET `content`='人人注册审核功能，绑定和推广绑定送积分，后台积分消费情况' WHERE ( id=191 ) [ RunTime:0.0000s ]
INFO: [ app_end ] --START--
INFO: Run Behavior\ShowPageTraceBehavior [ RunTime:0.000000s ]
INFO: [ app_end ] --END-- [ RunTime:0.000000s ]

[ 2016-03-11T10:00:36+08:00 ] 127.0.0.1 /work_log/index.php/Home/Index/finishLog?id=191
INFO: [ app_init ] --START--
INFO: Run Behavior\BuildLiteBehavior [ RunTime:0.000000s ]
INFO: [ app_init ] --END-- [ RunTime:0.000000s ]
INFO: [ app_begin ] --START--
INFO: Run Behavior\ReadHtmlCacheBehavior [ RunTime:0.001000s ]
INFO: [ app_begin ] --END-- [ RunTime:0.001000s ]
SQL: SHOW COLUMNS FROM `w_logs` [ RunTime:0.0040s ]
SQL: SELECT * FROM `w_logs` WHERE ( id=191 ) LIMIT 1   [ RunTime:0.0000s ]
SQL: UPDATE `w_logs` SET `finished`='1',`finish_time`='1457661636' WHERE ( id=191 ) [ RunTime:0.0000s ]

[ 2016-03-11T10:00:38+08:00 ] 127.0.0.1 /work_log/index.php/Home/Index/editlogs?con=%E4%BA%BA%E4%BA%BA%E6%B3%A8%E5%86%8C%E5%AE%A1%E6%A0%B8%E5%8A%9F%E8%83%BD%EF%BC%8C%E7%BB%91%E5%AE%9A%E5%92%8C%E6%8E%A8%E5%B9%BF%E7%BB%91%E5%AE%9A%E9%80%81%E7%A7%AF%E5%88%86%EF%BC%8C%E5%90%8E%E5%8F%B0%E7%A7%AF%E5%88%86%E6%B6%88%E8%B4%B9%E6%83%85%E5%86%B5&id=191
INFO: [ app_init ] --START--
INFO: Run Behavior\BuildLiteBehavior [ RunTime:0.000000s ]
INFO: [ app_init ] --END-- [ RunTime:0.001000s ]
INFO: [ app_begin ] --START--
INFO: Run Behavior\ReadHtmlCacheBehavior [ RunTime:0.001000s ]
INFO: [ app_begin ] --END-- [ RunTime:0.001000s ]
SQL: SHOW COLUMNS FROM `w_logs` [ RunTime:0.0180s ]
SQL: SELECT * FROM `w_logs` WHERE ( id=191 ) LIMIT 1   [ RunTime:0.0010s ]
SQL: UPDATE `w_logs` SET `content`='人人注册审核功能，绑定和推广绑定送积分，后台积分消费情况' WHERE ( id=191 ) [ RunTime:0.0000s ]
INFO: [ app_end ] --START--
INFO: Run Behavior\ShowPageTraceBehavior [ RunTime:0.002000s ]
INFO: [ app_end ] --END-- [ RunTime:0.002000s ]

[ 2016-03-11T10:29:22+08:00 ] 127.0.0.1 /work_log/index.php/Home/Index/editlogs?con=%E4%BA%BA%E4%BA%BA%E6%B3%A8%E5%86%8C%E5%AE%A1%E6%A0%B8%E5%8A%9F%E8%83%BD%EF%BC%8C%E7%BB%91%E5%AE%9A%E5%92%8C%E6%8E%A8%E5%B9%BF%E7%BB%91%E5%AE%9A%E9%80%81%E7%A7%AF%E5%88%86%EF%BC%8C%E5%90%8E%E5%8F%B0%E7%A7%AF%E5%88%86%E6%B6%88%E8%B4%B9%E6%83%85%E5%86%B5&id=191
INFO: [ app_init ] --START--
INFO: Run Behavior\BuildLiteBehavior [ RunTime:0.000000s ]
INFO: [ app_init ] --END-- [ RunTime:0.001000s ]
INFO: [ app_begin ] --START--
INFO: Run Behavior\ReadHtmlCacheBehavior [ RunTime:0.001000s ]
INFO: [ app_begin ] --END-- [ RunTime:0.001000s ]
SQL: SHOW COLUMNS FROM `w_logs` [ RunTime:0.0100s ]
SQL: SELECT * FROM `w_logs` WHERE ( id=191 ) LIMIT 1   [ RunTime:0.0000s ]
SQL: UPDATE `w_logs` SET `content`='人人注册审核功能，绑定和推广绑定送积分，后台积分消费情况' WHERE ( id=191 ) [ RunTime:0.0000s ]
INFO: [ app_end ] --START--
INFO: Run Behavior\ShowPageTraceBehavior [ RunTime:0.002001s ]
INFO: [ app_end ] --END-- [ RunTime:0.002001s ]

[ 2016-03-11T13:34:25+08:00 ] 127.0.0.1 /work_log/index.php/Home/Index/editlogs?con=%E4%BA%BA%E4%BA%BA%E6%B3%A8%E5%86%8C%E5%AE%A1%E6%A0%B8%E5%8A%9F%E8%83%BD%EF%BC%8C%E7%BB%91%E5%AE%9A%E5%92%8C%E6%8E%A8%E5%B9%BF%E7%BB%91%E5%AE%9A%E9%80%81%E7%A7%AF%E5%88%86%EF%BC%8C%E5%90%8E%E5%8F%B0%E7%A7%AF%E5%88%86%E6%B6%88%E8%B4%B9%E6%83%85%E5%86%B5&id=191
INFO: [ app_init ] --START--
INFO: Run Behavior\BuildLiteBehavior [ RunTime:0.000000s ]
INFO: [ app_init ] --END-- [ RunTime:0.001000s ]
INFO: [ app_begin ] --START--
INFO: Run Behavior\ReadHtmlCacheBehavior [ RunTime:0.001000s ]
INFO: [ app_begin ] --END-- [ RunTime:0.001000s ]
SQL: SHOW COLUMNS FROM `w_logs` [ RunTime:0.0080s ]
SQL: SELECT * FROM `w_logs` WHERE ( id=191 ) LIMIT 1   [ RunTime:0.0010s ]
SQL: UPDATE `w_logs` SET `content`='人人注册审核功能，绑定和推广绑定送积分，后台积分消费情况' WHERE ( id=191 ) [ RunTime:0.0010s ]
INFO: [ app_end ] --START--
INFO: Run Behavior\ShowPageTraceBehavior [ RunTime:0.001000s ]
INFO: [ app_end ] --END-- [ RunTime:0.001000s ]

[ 2016-03-11T13:34:26+08:00 ] 127.0.0.1 /work_log/index.php/Home/Index/editlogs?con=%E4%BA%BA%E4%BA%BA%E6%B3%A8%E5%86%8C%E5%AE%A1%E6%A0%B8%E5%8A%9F%E8%83%BD%EF%BC%8C%E7%BB%91%E5%AE%9A%E5%92%8C%E6%8E%A8%E5%B9%BF%E7%BB%91%E5%AE%9A%E9%80%81%E7%A7%AF%E5%88%86%EF%BC%8C%E5%90%8E%E5%8F%B0%E7%A7%AF%E5%88%86%E6%B6%88%E8%B4%B9%E6%83%85%E5%86%B5&id=191
INFO: [ app_init ] --START--
INFO: Run Behavior\BuildLiteBehavior [ RunTime:0.000000s ]
INFO: [ app_init ] --END-- [ RunTime:0.000000s ]
INFO: [ app_begin ] --START--
INFO: Run Behavior\ReadHtmlCacheBehavior [ RunTime:0.001000s ]
INFO: [ app_begin ] --END-- [ RunTime:0.001000s ]
SQL: SHOW COLUMNS FROM `w_logs` [ RunTime:0.0156s ]
SQL: SELECT * FROM `w_logs` WHERE ( id=191 ) LIMIT 1   [ RunTime:0.0000s ]
SQL: UPDATE `w_logs` SET `content`='人人注册审核功能，绑定和推广绑定送积分，后台积分消费情况' WHERE ( id=191 ) [ RunTime:0.0000s ]
INFO: [ app_end ] --START--
INFO: Run Behavior\ShowPageTraceBehavior [ RunTime:0.000000s ]
INFO: [ app_end ] --END-- [ RunTime:0.000000s ]

[ 2016-03-11T13:37:20+08:00 ] 127.0.0.1 /work_log/index.php/Home/Index/editlogs?con=%E4%BA%BA%E4%BA%BA%E6%B3%A8%E5%86%8C%E5%AE%A1%E6%A0%B8%E5%8A%9F%E8%83%BD%EF%BC%8C%E7%BB%91%E5%AE%9A%E5%92%8C%E6%8E%A8%E5%B9%BF%E7%BB%91%E5%AE%9A%E9%80%81%E7%A7%AF%E5%88%86%EF%BC%8C%E5%90%8E%E5%8F%B0%E7%A7%AF%E5%88%86%E6%B6%88%E8%B4%B9%E6%83%85%E5%86%B5&id=191
INFO: [ app_init ] --START--
INFO: Run Behavior\BuildLiteBehavior [ RunTime:0.000000s ]
INFO: [ app_init ] --END-- [ RunTime:0.001001s ]
INFO: [ app_begin ] --START--
INFO: Run Behavior\ReadHtmlCacheBehavior [ RunTime:0.000000s ]
INFO: [ app_begin ] --END-- [ RunTime:0.000000s ]
SQL: SHOW COLUMNS FROM `w_logs` [ RunTime:0.0070s ]
SQL: SELECT * FROM `w_logs` WHERE ( id=191 ) LIMIT 1   [ RunTime:0.0010s ]
SQL: UPDATE `w_logs` SET `content`='人人注册审核功能，绑定和推广绑定送积分，后台积分消费情况' WHERE ( id=191 ) [ RunTime:0.0000s ]
INFO: [ app_end ] --START--
INFO: Run Behavior\ShowPageTraceBehavior [ RunTime:0.001000s ]
INFO: [ app_end ] --END-- [ RunTime:0.001000s ]

[ 2016-03-11T13:41:17+08:00 ] 127.0.0.1 /work_log/index.php/Home/Index/editlogs?con=%E4%BA%BA%E4%BA%BA%E6%B3%A8%E5%86%8C%E5%AE%A1%E6%A0%B8%E5%8A%9F%E8%83%BD%EF%BC%8C%E7%BB%91%E5%AE%9A%E5%92%8C%E6%8E%A8%E5%B9%BF%E7%BB%91%E5%AE%9A%E9%80%81%E7%A7%AF%E5%88%86%EF%BC%8C%E5%90%8E%E5%8F%B0%E7%A7%AF%E5%88%86%E6%B6%88%E8%B4%B9%E6%83%85%E5%86%B5&id=191
INFO: [ app_init ] --START--
INFO: Run Behavior\BuildLiteBehavior [ RunTime:0.000000s ]
INFO: [ app_init ] --END-- [ RunTime:0.001000s ]
INFO: [ app_begin ] --START--
INFO: Run Behavior\ReadHtmlCacheBehavior [ RunTime:0.000000s ]
INFO: [ app_begin ] --END-- [ RunTime:0.000000s ]
SQL: SHOW COLUMNS FROM `w_logs` [ RunTime:0.0130s ]
SQL: SELECT * FROM `w_logs` WHERE ( id=191 ) LIMIT 1   [ RunTime:0.0010s ]
SQL: UPDATE `w_logs` SET `content`='人人注册审核功能，绑定和推广绑定送积分，后台积分消费情况' WHERE ( id=191 ) [ RunTime:0.0010s ]
INFO: [ app_end ] --START--
INFO: Run Behavior\ShowPageTraceBehavior [ RunTime:0.002000s ]
INFO: [ app_end ] --END-- [ RunTime:0.002000s ]

[ 2016-03-11T14:43:29+08:00 ] 127.0.0.1 /work_log/index.php/Home/Index/editlogs?con=%E4%BA%BA%E4%BA%BA%E6%B3%A8%E5%86%8C%E5%AE%A1%E6%A0%B8%E5%8A%9F%E8%83%BD%EF%BC%8C%E7%BB%91%E5%AE%9A%E5%92%8C%E6%8E%A8%E5%B9%BF%E7%BB%91%E5%AE%9A%E9%80%81%E7%A7%AF%E5%88%86%EF%BC%8C%E5%90%8E%E5%8F%B0%E7%A7%AF%E5%88%86%E6%B6%88%E8%B4%B9%E6%83%85%E5%86%B5&id=191
INFO: [ app_init ] --START--
INFO: Run Behavior\BuildLiteBehavior [ RunTime:0.000000s ]
INFO: [ app_init ] --END-- [ RunTime:0.000000s ]
INFO: [ app_begin ] --START--
INFO: Run Behavior\ReadHtmlCacheBehavior [ RunTime:0.001000s ]
INFO: [ app_begin ] --END-- [ RunTime:0.001000s ]
SQL: SHOW COLUMNS FROM `w_logs` [ RunTime:0.0180s ]
SQL: SELECT * FROM `w_logs` WHERE ( id=191 ) LIMIT 1   [ RunTime:0.0010s ]
SQL: UPDATE `w_logs` SET `content`='人人注册审核功能，绑定和推广绑定送积分，后台积分消费情况' WHERE ( id=191 ) [ RunTime:0.0010s ]
INFO: [ app_end ] --START--
INFO: Run Behavior\ShowPageTraceBehavior [ RunTime:0.003000s ]
INFO: [ app_end ] --END-- [ RunTime:0.003000s ]

[ 2016-03-11T14:45:26+08:00 ] 127.0.0.1 /work_log/index.php/Home/Index/editlogs?con=%E4%BA%BA%E4%BA%BA%E6%B3%A8%E5%86%8C%E5%AE%A1%E6%A0%B8%E5%8A%9F%E8%83%BD%EF%BC%8C%E7%BB%91%E5%AE%9A%E5%92%8C%E6%8E%A8%E5%B9%BF%E7%BB%91%E5%AE%9A%E9%80%81%E7%A7%AF%E5%88%86%EF%BC%8C%E5%90%8E%E5%8F%B0%E7%A7%AF%E5%88%86%E6%B6%88%E8%B4%B9%E6%83%85%E5%86%B5&id=191
INFO: [ app_init ] --START--
INFO: Run Behavior\BuildLiteBehavior [ RunTime:0.000000s ]
INFO: [ app_init ] --END-- [ RunTime:0.001000s ]
INFO: [ app_begin ] --START--
INFO: Run Behavior\ReadHtmlCacheBehavior [ RunTime:0.000000s ]
INFO: [ app_begin ] --END-- [ RunTime:0.000000s ]
SQL: SHOW COLUMNS FROM `w_logs` [ RunTime:0.0050s ]
SQL: SELECT * FROM `w_logs` WHERE ( id=191 ) LIMIT 1   [ RunTime:0.0000s ]
SQL: UPDATE `w_logs` SET `content`='人人注册审核功能，绑定和推广绑定送积分，后台积分消费情况' WHERE ( id=191 ) [ RunTime:0.0010s ]
INFO: [ app_end ] --START--
INFO: Run Behavior\ShowPageTraceBehavior [ RunTime:0.000000s ]
INFO: [ app_end ] --END-- [ RunTime:0.000000s ]

[ 2016-03-11T14:46:31+08:00 ] 127.0.0.1 /work_log/index.php/Home/Index/editlogs?con=%E4%BA%BA%E4%BA%BA%E6%B3%A8%E5%86%8C%E5%AE%A1%E6%A0%B8%E5%8A%9F%E8%83%BD%EF%BC%8C%E7%BB%91%E5%AE%9A%E5%92%8C%E6%8E%A8%E5%B9%BF%E7%BB%91%E5%AE%9A%E9%80%81%E7%A7%AF%E5%88%86%EF%BC%8C%E5%90%8E%E5%8F%B0%E7%A7%AF%E5%88%86%E6%B6%88%E8%B4%B9%E6%83%85%E5%86%B5&id=191
INFO: [ app_init ] --START--
INFO: Run Behavior\BuildLiteBehavior [ RunTime:0.000000s ]
INFO: [ app_init ] --END-- [ RunTime:0.000000s ]
INFO: [ app_begin ] --START--
INFO: Run Behavior\ReadHtmlCacheBehavior [ RunTime:0.000000s ]
INFO: [ app_begin ] --END-- [ RunTime:0.000000s ]
SQL: SHOW COLUMNS FROM `w_logs` [ RunTime:0.0060s ]
SQL: SELECT * FROM `w_logs` WHERE ( id=191 ) LIMIT 1   [ RunTime:0.0000s ]
SQL: UPDATE `w_logs` SET `content`='人人注册审核功能，绑定和推广绑定送积分，后台积分消费情况' WHERE ( id=191 ) [ RunTime:0.0010s ]
INFO: [ app_end ] --START--
INFO: Run Behavior\ShowPageTraceBehavior [ RunTime:0.001000s ]
INFO: [ app_end ] --END-- [ RunTime:0.001000s ]

[ 2016-03-11T15:04:43+08:00 ] 127.0.0.1 /work_log/index.php/Home/Index/editlogs?con=%E4%BA%BA%E4%BA%BA%E6%B3%A8%E5%86%8C%E5%AE%A1%E6%A0%B8%E5%8A%9F%E8%83%BD%EF%BC%8C%E7%BB%91%E5%AE%9A%E5%92%8C%E6%8E%A8%E5%B9%BF%E7%BB%91%E5%AE%9A%E9%80%81%E7%A7%AF%E5%88%86%EF%BC%8C%E5%90%8E%E5%8F%B0%E7%A7%AF%E5%88%86%E6%B6%88%E8%B4%B9%E6%83%85%E5%86%B5&id=191
INFO: [ app_init ] --START--
INFO: Run Behavior\BuildLiteBehavior [ RunTime:0.000000s ]
INFO: [ app_init ] --END-- [ RunTime:0.000000s ]
INFO: [ app_begin ] --START--
INFO: Run Behavior\ReadHtmlCacheBehavior [ RunTime:0.000000s ]
INFO: [ app_begin ] --END-- [ RunTime:0.002000s ]
SQL: SHOW COLUMNS FROM `w_logs` [ RunTime:0.0000s ]
SQL: SELECT * FROM `w_logs` WHERE ( id=191 ) LIMIT 1   [ RunTime:0.0156s ]
SQL: UPDATE `w_logs` SET `content`='人人注册审核功能，绑定和推广绑定送积分，后台积分消费情况' WHERE ( id=191 ) [ RunTime:0.0000s ]
INFO: [ app_end ] --START--
INFO: Run Behavior\ShowPageTraceBehavior [ RunTime:0.000000s ]
INFO: [ app_end ] --END-- [ RunTime:0.000000s ]

[ 2016-03-11T15:04:46+08:00 ] 127.0.0.1 /work_log/index.php/Home/Index/editlogs?con=%E4%BA%BA%E4%BA%BA%E6%B3%A8%E5%86%8C%E5%AE%A1%E6%A0%B8%E5%8A%9F%E8%83%BD%EF%BC%8C%E7%BB%91%E5%AE%9A%E5%92%8C%E6%8E%A8%E5%B9%BF%E7%BB%91%E5%AE%9A%E9%80%81%E7%A7%AF%E5%88%86%EF%BC%8C%E5%90%8E%E5%8F%B0%E7%A7%AF%E5%88%86%E6%B6%88%E8%B4%B9%E6%83%85%E5%86%B5&id=191
INFO: [ app_init ] --START--
INFO: Run Behavior\BuildLiteBehavior [ RunTime:0.000000s ]
INFO: [ app_init ] --END-- [ RunTime:0.001000s ]
INFO: [ app_begin ] --START--
INFO: Run Behavior\ReadHtmlCacheBehavior [ RunTime:0.001000s ]
INFO: [ app_begin ] --END-- [ RunTime:0.001000s ]
SQL: SHOW COLUMNS FROM `w_logs` [ RunTime:0.0156s ]
SQL: SELECT * FROM `w_logs` WHERE ( id=191 ) LIMIT 1   [ RunTime:0.0000s ]
SQL: UPDATE `w_logs` SET `content`='人人注册审核功能，绑定和推广绑定送积分，后台积分消费情况' WHERE ( id=191 ) [ RunTime:0.0000s ]
INFO: [ app_end ] --START--
INFO: Run Behavior\ShowPageTraceBehavior [ RunTime:0.000000s ]
INFO: [ app_end ] --END-- [ RunTime:0.000000s ]

[ 2016-03-11T15:11:45+08:00 ] 127.0.0.1 /work_log/index.php/Home/Index/editlogs?con=%E4%BA%BA%E4%BA%BA%E6%B3%A8%E5%86%8C%E5%AE%A1%E6%A0%B8%E5%8A%9F%E8%83%BD%EF%BC%8C%E7%BB%91%E5%AE%9A%E5%92%8C%E6%8E%A8%E5%B9%BF%E7%BB%91%E5%AE%9A%E9%80%81%E7%A7%AF%E5%88%86%EF%BC%8C%E5%90%8E%E5%8F%B0%E7%A7%AF%E5%88%86%E6%B6%88%E8%B4%B9%E6%83%85%E5%86%B5&id=191
INFO: [ app_init ] --START--
INFO: Run Behavior\BuildLiteBehavior [ RunTime:0.000000s ]
INFO: [ app_init ] --END-- [ RunTime:0.000000s ]
INFO: [ app_begin ] --START--
INFO: Run Behavior\ReadHtmlCacheBehavior [ RunTime:0.001000s ]
INFO: [ app_begin ] --END-- [ RunTime:0.001000s ]
SQL: SHOW COLUMNS FROM `w_logs` [ RunTime:0.0080s ]
SQL: SELECT * FROM `w_logs` WHERE ( id=191 ) LIMIT 1   [ RunTime:0.0010s ]
SQL: UPDATE `w_logs` SET `content`='人人注册审核功能，绑定和推广绑定送积分，后台积分消费情况' WHERE ( id=191 ) [ RunTime:0.0000s ]
INFO: [ app_end ] --START--
INFO: Run Behavior\ShowPageTraceBehavior [ RunTime:0.001000s ]
INFO: [ app_end ] --END-- [ RunTime:0.001000s ]

[ 2016-03-11T15:21:46+08:00 ] 127.0.0.1 /work_log/index.php/Home/Index/editlogs?con=%E4%BA%BA%E4%BA%BA%E6%B3%A8%E5%86%8C%E5%AE%A1%E6%A0%B8%E5%8A%9F%E8%83%BD%EF%BC%8C%E7%BB%91%E5%AE%9A%E5%92%8C%E6%8E%A8%E5%B9%BF%E7%BB%91%E5%AE%9A%E9%80%81%E7%A7%AF%E5%88%86%EF%BC%8C%E5%90%8E%E5%8F%B0%E7%A7%AF%E5%88%86%E6%B6%88%E8%B4%B9%E6%83%85%E5%86%B5&id=191
INFO: [ app_init ] --START--
INFO: Run Behavior\BuildLiteBehavior [ RunTime:0.000000s ]
INFO: [ app_init ] --END-- [ RunTime:0.001000s ]
INFO: [ app_begin ] --START--
INFO: Run Behavior\ReadHtmlCacheBehavior [ RunTime:0.001000s ]
INFO: [ app_begin ] --END-- [ RunTime:0.001000s ]
SQL: SHOW COLUMNS FROM `w_logs` [ RunTime:0.0100s ]
SQL: SELECT * FROM `w_logs` WHERE ( id=191 ) LIMIT 1   [ RunTime:0.0000s ]
SQL: UPDATE `w_logs` SET `content`='人人注册审核功能，绑定和推广绑定送积分，后台积分消费情况' WHERE ( id=191 ) [ RunTime:0.0000s ]
INFO: [ app_end ] --START--
INFO: Run Behavior\ShowPageTraceBehavior [ RunTime:0.002000s ]
INFO: [ app_end ] --END-- [ RunTime:0.002000s ]

[ 2016-03-11T16:15:34+08:00 ] 127.0.0.1 /work_log/index.php/Home/Index/editlogs?con=%E4%BA%BA%E4%BA%BA%E6%B3%A8%E5%86%8C%E5%AE%A1%E6%A0%B8%E5%8A%9F%E8%83%BD%EF%BC%8C%E7%BB%91%E5%AE%9A%E5%92%8C%E6%8E%A8%E5%B9%BF%E7%BB%91%E5%AE%9A%E9%80%81%E7%A7%AF%E5%88%86%EF%BC%8C%E5%90%8E%E5%8F%B0%E7%A7%AF%E5%88%86%E6%B6%88%E8%B4%B9%E6%83%85%E5%86%B5&id=191
INFO: [ app_init ] --START--
INFO: Run Behavior\BuildLiteBehavior [ RunTime:0.000000s ]
INFO: [ app_init ] --END-- [ RunTime:0.001000s ]
INFO: [ app_begin ] --START--
INFO: Run Behavior\ReadHtmlCacheBehavior [ RunTime:0.002000s ]
INFO: [ app_begin ] --END-- [ RunTime:0.002000s ]
SQL: SHOW COLUMNS FROM `w_logs` [ RunTime:0.0156s ]
SQL: SELECT * FROM `w_logs` WHERE ( id=191 ) LIMIT 1   [ RunTime:0.0000s ]
SQL: UPDATE `w_logs` SET `content`='人人注册审核功能，绑定和推广绑定送积分，后台积分消费情况' WHERE ( id=191 ) [ RunTime:0.0000s ]
INFO: [ app_end ] --START--
INFO: Run Behavior\ShowPageTraceBehavior [ RunTime:0.000000s ]
INFO: [ app_end ] --END-- [ RunTime:0.000000s ]

[ 2016-03-11T16:16:17+08:00 ] 127.0.0.1 /work_log/index.php/Home/Index/addlogs?content=%E4%BA%BA%E4%BA%BA%E6%8A%BD%E5%A5%96BUG+%E8%B0%A2%E8%B0%A2%E6%83%A0%E9%A1%BE%E6%98%AF500%E5%85%83%E7%8E%B0%E9%87%91%E5%8D%B7&difficulty=1
INFO: [ app_init ] --START--
INFO: Run Behavior\BuildLiteBehavior [ RunTime:0.000000s ]
INFO: [ app_init ] --END-- [ RunTime:0.001000s ]
INFO: [ app_begin ] --START--
INFO: Run Behavior\ReadHtmlCacheBehavior [ RunTime:0.001000s ]
INFO: [ app_begin ] --END-- [ RunTime:0.001000s ]
SQL: SHOW COLUMNS FROM `w_logs` [ RunTime:0.0100s ]
SQL: SELECT * FROM `w_logs` WHERE `content` LIKE '%人人%' AND `delete` = 0 LIMIT 1   [ RunTime:0.0000s ]
SQL: SHOW COLUMNS FROM `w_project_class` [ RunTime:0.0100s ]
SQL: SELECT * FROM `w_project_class` WHERE `delete` = 0 AND `name` LIKE '%人人%' LIMIT 1   [ RunTime:0.0100s ]
NOTIC: [8] Undefined index: validate D:\WWW\work_log\ThinkPHP\Library\Think\Model.class.php 第 1185 行.
NOTIC: [8] Undefined index: auto D:\WWW\work_log\ThinkPHP\Library\Think\Model.class.php 第 1128 行.
SQL: INSERT INTO `w_logs` (`content`,`difficulty`,`create_time`,`year`,`month`,`day`) VALUES ('人人抽奖BUG 谢谢惠顾是500元现金卷','1','1457684177','2016','3','11') [ RunTime:0.0000s ]
SQL: SELECT * FROM `w_logs` WHERE ( id=192 )  [ RunTime:0.0000s ]
NOTIC: [8] Undefined variable: str D:\WWW\work_log\Application\Home\Controller\IndexController.class.php 第 158 行.
SQL: SELECT * FROM `w_logs` WHERE ( id=192 ) LIMIT 1   [ RunTime:0.0000s ]
SQL: SELECT * FROM `w_project_class` WHERE `name` LIKE '%人人%' AND `delete` = 0 LIMIT 1   [ RunTime:0.0000s ]
SQL: UPDATE `w_logs` SET `pid`='12' WHERE ( id=192 ) [ RunTime:0.0000s ]
SQL: UPDATE `w_project_class` SET `nums`=nums+1 WHERE ( id=12 ) [ RunTime:0.0000s ]

