[ 2016-03-26T09:41:39+08:00 ] 127.0.0.1 /work_log/index.php/Home/Index/index
INFO: [ app_init ] --START--
INFO: Run Behavior\BuildLiteBehavior [ RunTime:0.000000s ]
INFO: [ app_init ] --END-- [ RunTime:0.001000s ]
INFO: [ app_begin ] --START--
INFO: Run Behavior\ReadHtmlCacheBehavior [ RunTime:0.001000s ]
INFO: [ app_begin ] --END-- [ RunTime:0.001000s ]
SQL: SHOW COLUMNS FROM `w_logs` [ RunTime:0.0260s ]
SQL: SELECT * FROM `w_logs` WHERE `delete` = 0 ORDER BY finished,create_time desc  [ RunTime:0.0030s ]
SQL: SELECT COUNT(*) AS tp_count FROM `w_logs` WHERE `finished` = 1 AND `delete` = 0 LIMIT 1   [ RunTime:0.0000s ]
SQL: SELECT COUNT(*) AS tp_count FROM `w_logs` WHERE `finished` = 0 AND `delete` = 0 LIMIT 1   [ RunTime:0.0000s ]
SQL: SHOW COLUMNS FROM `w_project_class` [ RunTime:0.0140s ]
SQL: SELECT * FROM `w_project_class` WHERE `delete` = 0  [ RunTime:0.0010s ]
INFO: [ view_parse ] --START--
INFO: [ template_filter ] --START--
INFO: Run Behavior\ContentReplaceBehavior [ RunTime:0.000000s ]
INFO: [ template_filter ] --END-- [ RunTime:0.000000s ]
INFO: Run Behavior\ParseTemplateBehavior [ RunTime:0.025002s ]
INFO: [ view_parse ] --END-- [ RunTime:0.025002s ]
INFO: [ view_filter ] --START--
INFO: Run Behavior\WriteHtmlCacheBehavior [ RunTime:0.000000s ]
INFO: [ view_filter ] --END-- [ RunTime:0.001000s ]
INFO: [ app_end ] --START--
INFO: Run Behavior\ShowPageTraceBehavior [ RunTime:0.001000s ]
INFO: [ app_end ] --END-- [ RunTime:0.001000s ]

[ 2016-03-26T09:42:02+08:00 ] 127.0.0.1 /work_log/index.php/Home/Index/screeningLog?pid=17&type=3
INFO: [ app_init ] --START--
INFO: Run Behavior\BuildLiteBehavior [ RunTime:0.000000s ]
INFO: [ app_init ] --END-- [ RunTime:0.000000s ]
INFO: [ app_begin ] --START--
INFO: Run Behavior\ReadHtmlCacheBehavior [ RunTime:0.000000s ]
INFO: [ app_begin ] --END-- [ RunTime:0.000000s ]
SQL: SHOW COLUMNS FROM `w_logs` [ RunTime:0.0040s ]
SQL: SELECT * FROM `w_logs` WHERE `pid` = 17 AND `delete` = 0 ORDER BY finished,create_time desc  [ RunTime:0.0000s ]
NOTIC: [8] Undefined variable: str D:\WWW\work_log\Application\Home\Controller\IndexController.class.php 第 159 行.

[ 2016-03-26T09:42:15+08:00 ] 127.0.0.1 /work_log/index.php/Home/Index/finishLog?id=223
INFO: [ app_init ] --START--
INFO: Run Behavior\BuildLiteBehavior [ RunTime:0.000000s ]
INFO: [ app_init ] --END-- [ RunTime:0.001000s ]
INFO: [ app_begin ] --START--
INFO: Run Behavior\ReadHtmlCacheBehavior [ RunTime:0.000000s ]
INFO: [ app_begin ] --END-- [ RunTime:0.000000s ]
SQL: SHOW COLUMNS FROM `w_logs` [ RunTime:0.0050s ]
SQL: SELECT * FROM `w_logs` WHERE ( id=223 ) LIMIT 1   [ RunTime:0.0000s ]
SQL: UPDATE `w_logs` SET `finished`='1',`finish_time`='1458956535' WHERE ( id=223 ) [ RunTime:0.0000s ]

[ 2016-03-26T09:51:18+08:00 ] 127.0.0.1 /work_log/index.php/Home/Index/addlogs?content=%E5%97%A8%E4%BA%91%E6%AF%8F%E6%97%A5%E7%B2%BE%E9%80%89%E9%A1%B5%E9%9D%A2&difficulty=1&type=1
INFO: [ app_init ] --START--
INFO: Run Behavior\BuildLiteBehavior [ RunTime:0.000000s ]
INFO: [ app_init ] --END-- [ RunTime:0.001000s ]
INFO: [ app_begin ] --START--
INFO: Run Behavior\ReadHtmlCacheBehavior [ RunTime:0.000000s ]
INFO: [ app_begin ] --END-- [ RunTime:0.000000s ]
SQL: SHOW COLUMNS FROM `w_logs` [ RunTime:0.0090s ]
SQL: SELECT * FROM `w_logs` WHERE `content` LIKE '嗨云%' AND `delete` = 0 LIMIT 1   [ RunTime:0.0000s ]
SQL: SHOW COLUMNS FROM `w_project_class` [ RunTime:0.0100s ]
SQL: SELECT * FROM `w_project_class` WHERE `delete` = 0 AND `name` LIKE '%嗨云%' LIMIT 1   [ RunTime:0.0020s ]
NOTIC: [8] Undefined index: validate D:\WWW\work_log\ThinkPHP\Library\Think\Model.class.php 第 1185 行.
NOTIC: [8] Undefined index: auto D:\WWW\work_log\ThinkPHP\Library\Think\Model.class.php 第 1128 行.
SQL: INSERT INTO `w_logs` (`content`,`difficulty`,`type`,`create_time`,`year`,`month`,`day`) VALUES ('嗨云每日精选页面','1','1','1458957078','2016','3','26') [ RunTime:0.0000s ]
SQL: SELECT * FROM `w_logs` WHERE ( id=224 )  [ RunTime:0.0000s ]
NOTIC: [8] Undefined variable: str D:\WWW\work_log\Application\Home\Controller\IndexController.class.php 第 159 行.
SQL: SELECT * FROM `w_logs` WHERE ( id=224 ) LIMIT 1   [ RunTime:0.0000s ]
SQL: SELECT * FROM `w_project_class` WHERE `name` LIKE '%嗨云%' AND `delete` = 0 LIMIT 1   [ RunTime:0.0010s ]
SQL: UPDATE `w_logs` SET `pid`='17' WHERE ( id=224 ) [ RunTime:0.0000s ]
SQL: UPDATE `w_project_class` SET `nums`=nums+1 WHERE ( id=17 ) [ RunTime:0.0010s ]

[ 2016-03-26T11:28:25+08:00 ] 127.0.0.1 /work_log/index.php/Home/Index/editlogs?con=%E5%97%A8%E4%BA%91%E6%AF%8F%E6%97%A5%E7%B2%BE%E9%80%89%E9%A1%B5%E9%9D%A2&id=224
INFO: [ app_init ] --START--
INFO: Run Behavior\BuildLiteBehavior [ RunTime:0.000000s ]
INFO: [ app_init ] --END-- [ RunTime:0.001000s ]
INFO: [ app_begin ] --START--
INFO: Run Behavior\ReadHtmlCacheBehavior [ RunTime:0.001000s ]
INFO: [ app_begin ] --END-- [ RunTime:0.001000s ]
SQL: SHOW COLUMNS FROM `w_logs` [ RunTime:0.0090s ]
SQL: SELECT * FROM `w_logs` WHERE ( id=224 ) LIMIT 1   [ RunTime:0.0000s ]
SQL: UPDATE `w_logs` SET `content`='嗨云每日精选页面' WHERE ( id=224 ) [ RunTime:0.0010s ]
INFO: [ app_end ] --START--
INFO: Run Behavior\ShowPageTraceBehavior [ RunTime:0.001000s ]
INFO: [ app_end ] --END-- [ RunTime:0.001000s ]

[ 2016-03-26T11:28:26+08:00 ] 127.0.0.1 /work_log/index.php/Home/Index/editlogs?con=%E5%97%A8%E4%BA%91%E6%9B%B4%E5%A4%9A%E7%89%B9%E5%8D%96%E9%A1%B5%E9%9D%A2&id=223
INFO: [ app_init ] --START--
INFO: Run Behavior\BuildLiteBehavior [ RunTime:0.000000s ]
INFO: [ app_init ] --END-- [ RunTime:0.001000s ]
INFO: [ app_begin ] --START--
INFO: Run Behavior\ReadHtmlCacheBehavior [ RunTime:0.001000s ]
INFO: [ app_begin ] --END-- [ RunTime:0.001000s ]
SQL: SHOW COLUMNS FROM `w_logs` [ RunTime:0.0130s ]
SQL: SELECT * FROM `w_logs` WHERE ( id=223 ) LIMIT 1   [ RunTime:0.0010s ]
SQL: UPDATE `w_logs` SET `content`='嗨云更多特卖页面' WHERE ( id=223 ) [ RunTime:0.0000s ]
INFO: [ app_end ] --START--
INFO: Run Behavior\ShowPageTraceBehavior [ RunTime:0.003000s ]
INFO: [ app_end ] --END-- [ RunTime:0.003000s ]

[ 2016-03-26T11:28:27+08:00 ] 127.0.0.1 /work_log/index.php/Home/Index/editlogs?con=%E5%97%A8%E4%BA%91%E6%AF%8F%E6%97%A5%E7%B2%BE%E9%80%89%E9%A1%B5%E9%9D%A2&id=224
INFO: [ app_init ] --START--
INFO: Run Behavior\BuildLiteBehavior [ RunTime:0.000000s ]
INFO: [ app_init ] --END-- [ RunTime:0.000000s ]
INFO: [ app_begin ] --START--
INFO: Run Behavior\ReadHtmlCacheBehavior [ RunTime:0.001000s ]
INFO: [ app_begin ] --END-- [ RunTime:0.001000s ]
SQL: SHOW COLUMNS FROM `w_logs` [ RunTime:0.0030s ]
SQL: SELECT * FROM `w_logs` WHERE ( id=224 ) LIMIT 1   [ RunTime:0.0000s ]
SQL: UPDATE `w_logs` SET `content`='嗨云每日精选页面' WHERE ( id=224 ) [ RunTime:0.0010s ]
INFO: [ app_end ] --START--
INFO: Run Behavior\ShowPageTraceBehavior [ RunTime:0.000000s ]
INFO: [ app_end ] --END-- [ RunTime:0.000000s ]

[ 2016-03-26T11:28:29+08:00 ] 127.0.0.1 /work_log/index.php/Home/Index/screeningLog?index=0&type=1
INFO: [ app_init ] --START--
INFO: Run Behavior\BuildLiteBehavior [ RunTime:0.000000s ]
INFO: [ app_init ] --END-- [ RunTime:0.000000s ]
INFO: [ app_begin ] --START--
INFO: Run Behavior\ReadHtmlCacheBehavior [ RunTime:0.000000s ]
INFO: [ app_begin ] --END-- [ RunTime:0.000000s ]
SQL: SHOW COLUMNS FROM `w_logs` [ RunTime:0.0040s ]
SQL: SELECT * FROM `w_logs` WHERE `delete` = 0 ORDER BY finished,create_time desc  [ RunTime:0.0010s ]
NOTIC: [8] Undefined variable: str D:\WWW\work_log\Application\Home\Controller\IndexController.class.php 第 159 行.

[ 2016-03-26T11:28:32+08:00 ] 127.0.0.1 /work_log/index.php/Home/Index/screeningLog?pid=11&type=3
INFO: [ app_init ] --START--
INFO: Run Behavior\BuildLiteBehavior [ RunTime:0.000000s ]
INFO: [ app_init ] --END-- [ RunTime:0.000000s ]
INFO: [ app_begin ] --START--
INFO: Run Behavior\ReadHtmlCacheBehavior [ RunTime:0.001000s ]
INFO: [ app_begin ] --END-- [ RunTime:0.001000s ]
SQL: SHOW COLUMNS FROM `w_logs` [ RunTime:0.0040s ]
SQL: SELECT * FROM `w_logs` WHERE `pid` = 11 AND `delete` = 0 ORDER BY finished,create_time desc  [ RunTime:0.0000s ]
NOTIC: [8] Undefined variable: str D:\WWW\work_log\Application\Home\Controller\IndexController.class.php 第 159 行.

[ 2016-03-26T11:28:58+08:00 ] 127.0.0.1 /work_log/index.php/Home/Index/addlogs?content=%E6%97%A5%E5%BF%97%E5%8F%AF%E4%BF%AE%E6%94%B9&difficulty=1&type=1
INFO: [ app_init ] --START--
INFO: Run Behavior\BuildLiteBehavior [ RunTime:0.000000s ]
INFO: [ app_init ] --END-- [ RunTime:0.001000s ]
INFO: [ app_begin ] --START--
INFO: Run Behavior\ReadHtmlCacheBehavior [ RunTime:0.002000s ]
INFO: [ app_begin ] --END-- [ RunTime:0.002000s ]
SQL: SHOW COLUMNS FROM `w_logs` [ RunTime:0.0120s ]
SQL: SELECT * FROM `w_logs` WHERE `content` LIKE '日志%' AND `delete` = 0 LIMIT 1   [ RunTime:0.0000s ]
SQL: SHOW COLUMNS FROM `w_project_class` [ RunTime:0.0110s ]
SQL: SELECT * FROM `w_project_class` WHERE `delete` = 0 AND `name` LIKE '%日志%' LIMIT 1   [ RunTime:0.0010s ]
NOTIC: [8] Undefined index: validate D:\WWW\work_log\ThinkPHP\Library\Think\Model.class.php 第 1185 行.
NOTIC: [8] Undefined index: auto D:\WWW\work_log\ThinkPHP\Library\Think\Model.class.php 第 1128 行.
SQL: INSERT INTO `w_logs` (`content`,`difficulty`,`type`,`create_time`,`year`,`month`,`day`) VALUES ('日志可修改','1','1','1458962938','2016','3','26') [ RunTime:0.0010s ]
SQL: SELECT * FROM `w_logs` WHERE ( id=225 )  [ RunTime:0.0010s ]
NOTIC: [8] Undefined variable: str D:\WWW\work_log\Application\Home\Controller\IndexController.class.php 第 159 行.
SQL: SELECT * FROM `w_logs` WHERE ( id=225 ) LIMIT 1   [ RunTime:0.0010s ]
SQL: SELECT * FROM `w_project_class` WHERE `name` LIKE '%日志%' AND `delete` = 0 LIMIT 1   [ RunTime:0.0000s ]
SQL: UPDATE `w_logs` SET `pid`='11' WHERE ( id=225 ) [ RunTime:0.0000s ]
SQL: UPDATE `w_project_class` SET `nums`=nums+1 WHERE ( id=11 ) [ RunTime:0.0000s ]

[ 2016-03-26T13:36:45+08:00 ] 127.0.0.1 /work_log/index.php/Home/Index/screeningLog?pid=17&type=3
INFO: [ app_init ] --START--
INFO: Run Behavior\BuildLiteBehavior [ RunTime:0.000000s ]
INFO: [ app_init ] --END-- [ RunTime:0.001000s ]
INFO: [ app_begin ] --START--
INFO: Run Behavior\ReadHtmlCacheBehavior [ RunTime:0.001000s ]
INFO: [ app_begin ] --END-- [ RunTime:0.001000s ]
SQL: SHOW COLUMNS FROM `w_logs` [ RunTime:0.0120s ]
SQL: SELECT * FROM `w_logs` WHERE `pid` = 17 AND `delete` = 0 ORDER BY finished,create_time desc  [ RunTime:0.0010s ]
NOTIC: [8] Undefined variable: str D:\WWW\work_log\Application\Home\Controller\IndexController.class.php 第 159 行.

[ 2016-03-26T13:37:47+08:00 ] 127.0.0.1 /work_log/index.php/Home/Index/screeningLog?pid=17&type=3
INFO: [ app_init ] --START--
INFO: Run Behavior\BuildLiteBehavior [ RunTime:0.000000s ]
INFO: [ app_init ] --END-- [ RunTime:0.001000s ]
INFO: [ app_begin ] --START--
INFO: Run Behavior\ReadHtmlCacheBehavior [ RunTime:0.001000s ]
INFO: [ app_begin ] --END-- [ RunTime:0.001000s ]
SQL: SHOW COLUMNS FROM `w_logs` [ RunTime:0.0050s ]
SQL: SELECT * FROM `w_logs` WHERE `pid` = 17 AND `delete` = 0 ORDER BY finished,create_time desc  [ RunTime:0.0010s ]
NOTIC: [8] Undefined variable: str D:\WWW\work_log\Application\Home\Controller\IndexController.class.php 第 159 行.

[ 2016-03-26T13:37:54+08:00 ] 127.0.0.1 /work_log/index.php/Home/Index/getProjectDescribe?pid=17
INFO: [ app_init ] --START--
INFO: Run Behavior\BuildLiteBehavior [ RunTime:0.000000s ]
INFO: [ app_init ] --END-- [ RunTime:0.000000s ]
INFO: [ app_begin ] --START--
INFO: Run Behavior\ReadHtmlCacheBehavior [ RunTime:0.001000s ]
INFO: [ app_begin ] --END-- [ RunTime:0.001000s ]
SQL: SHOW COLUMNS FROM `w_logs` [ RunTime:0.0060s ]
SQL: SHOW COLUMNS FROM `w_project_describe` [ RunTime:0.0130s ]
SQL: SELECT * FROM `w_project_describe` WHERE `pid` = 17 LIMIT 1   [ RunTime:0.0000s ]

[ 2016-03-26T13:38:08+08:00 ] 127.0.0.1 /work_log/index.php/Home/Index/editProjectDescribe?pid=17&content=%E5%97%A8%E4%BA%91%E7%B3%BB%E7%BB%9F%E6%8F%8F%E8%BF%B0%EF%BC%9A%0A%E5%9C%B0%E5%9D%80%E9%80%9A%E8%BF%87%E6%95%B0%E6%8D%AE%E5%BA%93%E4%BF%9D%E5%AD%98%EF%BC%8C%E4%BF%AE%E6%94%B9%E5%88%A0%E9%99%A4%E5%92%8C%E9%80%89%E6%8B%A9%E5%93%AA%E4%B8%80%E4%B8%AA%E5%9C%B0%E5%9D%80%EF%BC%8C%E7%B1%BB%E4%BC%BC%E6%B7%98%E5%AE%9D%0A%E6%95%B0%E6%8D%AE%E8%A1%A8%EF%BC%9A(%E6%96%B0%E5%A2%9E)%0A%E2%91%B4pigcms_address_list(%E5%9C%B0%E5%9D%80%E8%A1%A8)%0A%E2%91%B5distribution_myprize(%E6%88%91%E7%9A%84%E7%BA%A2%E5%8C%85)%0A%E2%91%B6integral_product(%E7%BA%A2%E5%8C%85)%0A%E2%91%B7product_browse_record(%E4%BA%A7%E5%93%81%E6%B5%8F%E8%A7%88%E8%AE%B0%E5%BD%95)
INFO: [ app_init ] --START--
INFO: Run Behavior\BuildLiteBehavior [ RunTime:0.000000s ]
INFO: [ app_init ] --END-- [ RunTime:0.000000s ]
INFO: [ app_begin ] --START--
INFO: Run Behavior\ReadHtmlCacheBehavior [ RunTime:0.001000s ]
INFO: [ app_begin ] --END-- [ RunTime:0.001000s ]
SQL: SHOW COLUMNS FROM `w_logs` [ RunTime:0.0180s ]
SQL: SHOW COLUMNS FROM `w_project_describe` [ RunTime:0.0170s ]
SQL: SELECT * FROM `w_project_describe` WHERE `pid` = 17 LIMIT 1   [ RunTime:0.0000s ]
SQL: UPDATE `w_project_describe` SET `content`='嗨云系统描述：
地址通过数据库保存，修改删除和选择哪一个地址，类似淘宝
数据表：(新增)
⑴pigcms_address_list(地址表)
⑵distribution_myprize(我的红包)
⑶integral_product(红包)
⑷product_browse_record(产品浏览记录)' WHERE `pid` = 17 [ RunTime:0.0000s ]
SQL: SELECT * FROM `w_project_describe` WHERE `pid` = 17 LIMIT 1   [ RunTime:0.0010s ]

[ 2016-03-26T13:38:36+08:00 ] 127.0.0.1 /work_log/index.php/Home/Index/editProjectDescribe?pid=17&content=%E5%97%A8%E4%BA%91%E7%B3%BB%E7%BB%9F%E6%8F%8F%E8%BF%B0%EF%BC%9A%0A%E5%9C%B0%E5%9D%80%E9%80%9A%E8%BF%87%E6%95%B0%E6%8D%AE%E5%BA%93%E4%BF%9D%E5%AD%98%EF%BC%8C%E4%BF%AE%E6%94%B9%E5%88%A0%E9%99%A4%E5%92%8C%E9%80%89%E6%8B%A9%E5%93%AA%E4%B8%80%E4%B8%AA%E5%9C%B0%E5%9D%80%EF%BC%8C%E7%B1%BB%E4%BC%BC%E6%B7%98%E5%AE%9D%0A%E6%95%B0%E6%8D%AE%E8%A1%A8%EF%BC%9A(%E6%96%B0%E5%A2%9E)%0A%E2%91%B4pigcms_address_list(%E5%9C%B0%E5%9D%80%E8%A1%A8)%0A%E2%91%B5distribution_myprize(%E6%88%91%E7%9A%84%E7%BA%A2%E5%8C%85)%0A%E2%91%B6integral_product(%E7%BA%A2%E5%8C%85)%0A%E2%91%B7product_browse_record(%E4%BA%A7%E5%93%81%E6%B5%8F%E8%A7%88%E8%AE%B0%E5%BD%95)%0A%E2%91%B8product_snapup(%E4%BB%8A%E6%97%A5%E7%89%B9%E5%8D%96)
INFO: [ app_init ] --START--
INFO: Run Behavior\BuildLiteBehavior [ RunTime:0.000000s ]
INFO: [ app_init ] --END-- [ RunTime:0.001000s ]
INFO: [ app_begin ] --START--
INFO: Run Behavior\ReadHtmlCacheBehavior [ RunTime:0.001000s ]
INFO: [ app_begin ] --END-- [ RunTime:0.001000s ]
SQL: SHOW COLUMNS FROM `w_logs` [ RunTime:0.0200s ]
SQL: SHOW COLUMNS FROM `w_project_describe` [ RunTime:0.0150s ]
SQL: SELECT * FROM `w_project_describe` WHERE `pid` = 17 LIMIT 1   [ RunTime:0.0000s ]
SQL: UPDATE `w_project_describe` SET `content`='嗨云系统描述：
地址通过数据库保存，修改删除和选择哪一个地址，类似淘宝
数据表：(新增)
⑴pigcms_address_list(地址表)
⑵distribution_myprize(我的红包)
⑶integral_product(红包)
⑷product_browse_record(产品浏览记录)
⑸product_snapup(今日特卖)' WHERE `pid` = 17 [ RunTime:0.0000s ]
SQL: SELECT * FROM `w_project_describe` WHERE `pid` = 17 LIMIT 1   [ RunTime:0.0010s ]

[ 2016-03-26T14:42:21+08:00 ] 127.0.0.1 /work_log/index.php/Home/Index/editProjectDescribe?pid=17&content=%E5%97%A8%E4%BA%91%E7%B3%BB%E7%BB%9F%E6%8F%8F%E8%BF%B0%EF%BC%9A%0A%E5%9C%B0%E5%9D%80%E9%80%9A%E8%BF%87%E6%95%B0%E6%8D%AE%E5%BA%93%E4%BF%9D%E5%AD%98%EF%BC%8C%E4%BF%AE%E6%94%B9%E5%88%A0%E9%99%A4%E5%92%8C%E9%80%89%E6%8B%A9%E5%93%AA%E4%B8%80%E4%B8%AA%E5%9C%B0%E5%9D%80%EF%BC%8C%E7%B1%BB%E4%BC%BC%E6%B7%98%E5%AE%9D%0A%E6%95%B0%E6%8D%AE%E8%A1%A8%EF%BC%9A(%E6%96%B0%E5%A2%9E)%0A%E2%91%B4pigcms_address_list(%E5%9C%B0%E5%9D%80%E8%A1%A8)%0A%E2%91%B5distribution_myprize(%E6%88%91%E7%9A%84%E7%BA%A2%E5%8C%85)%0A%E2%91%B6integral_product(%E7%BA%A2%E5%8C%85)%0A%E2%91%B7product_browse_record(%E4%BA%A7%E5%93%81%E6%B5%8F%E8%A7%88%E8%AE%B0%E5%BD%95)%0A%E2%91%B8product_snapup(%E4%BB%8A%E6%97%A5%E7%89%B9%E5%8D%96)
INFO: [ app_init ] --START--
INFO: Run Behavior\BuildLiteBehavior [ RunTime:0.000000s ]
INFO: [ app_init ] --END-- [ RunTime:0.001000s ]
INFO: [ app_begin ] --START--
INFO: Run Behavior\ReadHtmlCacheBehavior [ RunTime:0.001001s ]
INFO: [ app_begin ] --END-- [ RunTime:0.001001s ]
SQL: SHOW COLUMNS FROM `w_logs` [ RunTime:0.0060s ]
SQL: SHOW COLUMNS FROM `w_project_describe` [ RunTime:0.0050s ]
SQL: SELECT * FROM `w_project_describe` WHERE `pid` = 17 LIMIT 1   [ RunTime:0.0000s ]
SQL: UPDATE `w_project_describe` SET `content`='嗨云系统描述：
地址通过数据库保存，修改删除和选择哪一个地址，类似淘宝
数据表：(新增)
⑴pigcms_address_list(地址表)
⑵distribution_myprize(我的红包)
⑶integral_product(红包)
⑷product_browse_record(产品浏览记录)
⑸product_snapup(今日特卖)' WHERE `pid` = 17 [ RunTime:0.0000s ]
SQL: SELECT * FROM `w_project_describe` WHERE `pid` = 17 LIMIT 1   [ RunTime:0.0000s ]

[ 2016-03-26T14:42:38+08:00 ] 127.0.0.1 /work_log/index.php/Home/Index/editProjectDescribe?pid=17&content=%E5%97%A8%E4%BA%91%E7%B3%BB%E7%BB%9F%E6%8F%8F%E8%BF%B0%EF%BC%9A%0A%E5%9C%B0%E5%9D%80%E9%80%9A%E8%BF%87%E6%95%B0%E6%8D%AE%E5%BA%93%E4%BF%9D%E5%AD%98%EF%BC%8C%E4%BF%AE%E6%94%B9%E5%88%A0%E9%99%A4%E5%92%8C%E9%80%89%E6%8B%A9%E5%93%AA%E4%B8%80%E4%B8%AA%E5%9C%B0%E5%9D%80%EF%BC%8C%E7%B1%BB%E4%BC%BC%E6%B7%98%E5%AE%9D%0A%E6%95%B0%E6%8D%AE%E8%A1%A8%EF%BC%9A(%E6%96%B0%E5%A2%9E)%0A%E2%91%B4pigcms_address_list(%E5%9C%B0%E5%9D%80%E8%A1%A8)%0A%E2%91%B5distribution_myprize(%E6%88%91%E7%9A%84%E7%BA%A2%E5%8C%85)%0A%E2%91%B6integral_product(%E7%BA%A2%E5%8C%85)%0A%E2%91%B7product_browse_record(%E4%BA%A7%E5%93%81%E6%B5%8F%E8%A7%88%E8%AE%B0%E5%BD%95)%0A%E2%91%B8product_snapup(%E4%BB%8A%E6%97%A5%E7%89%B9%E5%8D%96)%0A%E2%91%B9product_brand(%E5%93%81%E7%89%8C%E5%88%97%E8%A1%A8)
INFO: [ app_init ] --START--
INFO: Run Behavior\BuildLiteBehavior [ RunTime:0.000000s ]
INFO: [ app_init ] --END-- [ RunTime:0.001000s ]
INFO: [ app_begin ] --START--
INFO: Run Behavior\ReadHtmlCacheBehavior [ RunTime:0.001000s ]
INFO: [ app_begin ] --END-- [ RunTime:0.001000s ]
SQL: SHOW COLUMNS FROM `w_logs` [ RunTime:0.0150s ]
SQL: SHOW COLUMNS FROM `w_project_describe` [ RunTime:0.0130s ]
SQL: SELECT * FROM `w_project_describe` WHERE `pid` = 17 LIMIT 1   [ RunTime:0.0010s ]
SQL: UPDATE `w_project_describe` SET `content`='嗨云系统描述：
地址通过数据库保存，修改删除和选择哪一个地址，类似淘宝
数据表：(新增)
⑴pigcms_address_list(地址表)
⑵distribution_myprize(我的红包)
⑶integral_product(红包)
⑷product_browse_record(产品浏览记录)
⑸product_snapup(今日特卖)
⑹product_brand(品牌列表)' WHERE `pid` = 17 [ RunTime:0.0010s ]
SQL: SELECT * FROM `w_project_describe` WHERE `pid` = 17 LIMIT 1   [ RunTime:0.0000s ]

[ 2016-03-26T15:29:43+08:00 ] 127.0.0.1 /work_log/index.php/Home/Index/getProjectDescribe?pid=17
INFO: [ app_init ] --START--
INFO: Run Behavior\BuildLiteBehavior [ RunTime:0.000000s ]
INFO: [ app_init ] --END-- [ RunTime:0.001000s ]
INFO: [ app_begin ] --START--
INFO: Run Behavior\ReadHtmlCacheBehavior [ RunTime:0.001001s ]
INFO: [ app_begin ] --END-- [ RunTime:0.001001s ]
SQL: SHOW COLUMNS FROM `w_logs` [ RunTime:0.0110s ]
SQL: SHOW COLUMNS FROM `w_project_describe` [ RunTime:0.0100s ]
SQL: SELECT * FROM `w_project_describe` WHERE `pid` = 17 LIMIT 1   [ RunTime:0.0010s ]

[ 2016-03-26T15:30:21+08:00 ] 127.0.0.1 /work_log/index.php/Home/Index/finishLog?id=224
INFO: [ app_init ] --START--
INFO: Run Behavior\BuildLiteBehavior [ RunTime:0.000000s ]
INFO: [ app_init ] --END-- [ RunTime:0.001000s ]
INFO: [ app_begin ] --START--
INFO: Run Behavior\ReadHtmlCacheBehavior [ RunTime:0.002001s ]
INFO: [ app_begin ] --END-- [ RunTime:0.002001s ]
SQL: SHOW COLUMNS FROM `w_logs` [ RunTime:0.0060s ]
SQL: SELECT * FROM `w_logs` WHERE ( id=224 ) LIMIT 1   [ RunTime:0.0070s ]
SQL: UPDATE `w_logs` SET `finished`='1',`finish_time`='1458977421' WHERE ( id=224 ) [ RunTime:0.0000s ]

[ 2016-03-26T15:30:39+08:00 ] 127.0.0.1 /work_log/index.php/Home/Index/addlogs?content=%E5%97%A8%E4%BA%91%E5%93%81%E7%89%8C%E9%A6%86%E9%A1%B5%E9%9D%A2&difficulty=1&type=1
INFO: [ app_init ] --START--
INFO: Run Behavior\BuildLiteBehavior [ RunTime:0.000000s ]
INFO: [ app_init ] --END-- [ RunTime:0.000000s ]
INFO: [ app_begin ] --START--
INFO: Run Behavior\ReadHtmlCacheBehavior [ RunTime:0.001000s ]
INFO: [ app_begin ] --END-- [ RunTime:0.001000s ]
SQL: SHOW COLUMNS FROM `w_logs` [ RunTime:0.0070s ]
SQL: SELECT * FROM `w_logs` WHERE `content` LIKE '嗨云%' AND `delete` = 0 LIMIT 1   [ RunTime:0.0010s ]
SQL: SHOW COLUMNS FROM `w_project_class` [ RunTime:0.0060s ]
SQL: SELECT * FROM `w_project_class` WHERE `delete` = 0 AND `name` LIKE '%嗨云%' LIMIT 1   [ RunTime:0.0010s ]
NOTIC: [8] Undefined index: validate D:\WWW\work_log\ThinkPHP\Library\Think\Model.class.php 第 1185 行.
NOTIC: [8] Undefined index: auto D:\WWW\work_log\ThinkPHP\Library\Think\Model.class.php 第 1128 行.
SQL: INSERT INTO `w_logs` (`content`,`difficulty`,`type`,`create_time`,`year`,`month`,`day`) VALUES ('嗨云品牌馆页面','1','1','1458977439','2016','3','26') [ RunTime:0.0000s ]
SQL: SELECT * FROM `w_logs` WHERE ( id=226 )  [ RunTime:0.0000s ]
NOTIC: [8] Undefined variable: str D:\WWW\work_log\Application\Home\Controller\IndexController.class.php 第 159 行.
SQL: SELECT * FROM `w_logs` WHERE ( id=226 ) LIMIT 1   [ RunTime:0.0000s ]
SQL: SELECT * FROM `w_project_class` WHERE `name` LIKE '%嗨云%' AND `delete` = 0 LIMIT 1   [ RunTime:0.0010s ]
SQL: UPDATE `w_logs` SET `pid`='17' WHERE ( id=226 ) [ RunTime:0.0000s ]
SQL: UPDATE `w_project_class` SET `nums`=nums+1 WHERE ( id=17 ) [ RunTime:0.0000s ]

[ 2016-03-26T15:31:24+08:00 ] 127.0.0.1 /work_log/index.php/Home/Index/addlogs?content=%E5%97%A8%E4%BA%91%E5%90%8E%E5%8F%B0%E6%AF%8F%E6%97%A5%E5%BF%85%E5%A4%87%EF%BC%8C%E4%BB%8A%E6%97%A5%E7%89%B9%E5%8D%96%EF%BC%8C%E7%83%AD%E5%8D%96%E6%8A%A2%E8%B4%AD%EF%BC%8C%E5%93%81%E7%89%8C%E9%A6%86&difficulty=1&type=1
INFO: [ app_init ] --START--
INFO: Run Behavior\BuildLiteBehavior [ RunTime:0.000000s ]
INFO: [ app_init ] --END-- [ RunTime:0.001000s ]
INFO: [ app_begin ] --START--
INFO: Run Behavior\ReadHtmlCacheBehavior [ RunTime:0.001001s ]
INFO: [ app_begin ] --END-- [ RunTime:0.001001s ]
SQL: SHOW COLUMNS FROM `w_logs` [ RunTime:0.0090s ]
SQL: SELECT * FROM `w_logs` WHERE `content` LIKE '嗨云%' AND `delete` = 0 LIMIT 1   [ RunTime:0.0000s ]
SQL: SHOW COLUMNS FROM `w_project_class` [ RunTime:0.0060s ]
SQL: SELECT * FROM `w_project_class` WHERE `delete` = 0 AND `name` LIKE '%嗨云%' LIMIT 1   [ RunTime:0.0000s ]
NOTIC: [8] Undefined index: validate D:\WWW\work_log\ThinkPHP\Library\Think\Model.class.php 第 1185 行.
NOTIC: [8] Undefined index: auto D:\WWW\work_log\ThinkPHP\Library\Think\Model.class.php 第 1128 行.
SQL: INSERT INTO `w_logs` (`content`,`difficulty`,`type`,`create_time`,`year`,`month`,`day`) VALUES ('嗨云后台每日必备，今日特卖，热卖抢购，品牌馆','1','1','1458977484','2016','3','26') [ RunTime:0.0010s ]
SQL: SELECT * FROM `w_logs` WHERE ( id=227 )  [ RunTime:0.0000s ]
NOTIC: [8] Undefined variable: str D:\WWW\work_log\Application\Home\Controller\IndexController.class.php 第 159 行.
SQL: SELECT * FROM `w_logs` WHERE ( id=227 ) LIMIT 1   [ RunTime:0.0000s ]
SQL: SELECT * FROM `w_project_class` WHERE `name` LIKE '%嗨云%' AND `delete` = 0 LIMIT 1   [ RunTime:0.0010s ]
SQL: UPDATE `w_logs` SET `pid`='17' WHERE ( id=227 ) [ RunTime:0.0000s ]
SQL: UPDATE `w_project_class` SET `nums`=nums+1 WHERE ( id=17 ) [ RunTime:0.0000s ]

[ 2016-03-26T15:31:26+08:00 ] 127.0.0.1 /work_log/index.php/Home/Index/finishLog?id=227
INFO: [ app_init ] --START--
INFO: Run Behavior\BuildLiteBehavior [ RunTime:0.000000s ]
INFO: [ app_init ] --END-- [ RunTime:0.001000s ]
INFO: [ app_begin ] --START--
INFO: Run Behavior\ReadHtmlCacheBehavior [ RunTime:0.001000s ]
INFO: [ app_begin ] --END-- [ RunTime:0.001000s ]
SQL: SHOW COLUMNS FROM `w_logs` [ RunTime:0.0070s ]
SQL: SELECT * FROM `w_logs` WHERE ( id=227 ) LIMIT 1   [ RunTime:0.0000s ]
SQL: UPDATE `w_logs` SET `finished`='1',`finish_time`='1458977486' WHERE ( id=227 ) [ RunTime:0.0000s ]

[ 2016-03-26T15:50:59+08:00 ] 127.0.0.1 /work_log/index.php/Home/Index/screeningLog?pid=17&type=3
INFO: [ app_init ] --START--
INFO: Run Behavior\BuildLiteBehavior [ RunTime:0.000000s ]
INFO: [ app_init ] --END-- [ RunTime:0.001000s ]
INFO: [ app_begin ] --START--
INFO: Run Behavior\ReadHtmlCacheBehavior [ RunTime:0.001000s ]
INFO: [ app_begin ] --END-- [ RunTime:0.001000s ]
SQL: SHOW COLUMNS FROM `w_logs` [ RunTime:0.0060s ]
SQL: SELECT * FROM `w_logs` WHERE `pid` = 17 AND `delete` = 0 ORDER BY finished,create_time desc  [ RunTime:0.0010s ]
NOTIC: [8] Undefined variable: str D:\WWW\work_log\Application\Home\Controller\IndexController.class.php 第 159 行.

[ 2016-03-26T15:51:01+08:00 ] 127.0.0.1 /work_log/index.php/Home/Index/getProjectDescribe?pid=17
INFO: [ app_init ] --START--
INFO: Run Behavior\BuildLiteBehavior [ RunTime:0.000000s ]
INFO: [ app_init ] --END-- [ RunTime:0.001001s ]
INFO: [ app_begin ] --START--
INFO: Run Behavior\ReadHtmlCacheBehavior [ RunTime:0.001000s ]
INFO: [ app_begin ] --END-- [ RunTime:0.001000s ]
SQL: SHOW COLUMNS FROM `w_logs` [ RunTime:0.0080s ]
SQL: SHOW COLUMNS FROM `w_project_describe` [ RunTime:0.0080s ]
SQL: SELECT * FROM `w_project_describe` WHERE `pid` = 17 LIMIT 1   [ RunTime:0.0000s ]

[ 2016-03-26T16:54:53+08:00 ] 127.0.0.1 /work_log/index.php/Home/Index/getProjectDescribe?pid=17
INFO: [ app_init ] --START--
INFO: Run Behavior\BuildLiteBehavior [ RunTime:0.000000s ]
INFO: [ app_init ] --END-- [ RunTime:0.001000s ]
INFO: [ app_begin ] --START--
INFO: Run Behavior\ReadHtmlCacheBehavior [ RunTime:0.001000s ]
INFO: [ app_begin ] --END-- [ RunTime:0.001000s ]
SQL: SHOW COLUMNS FROM `w_logs` [ RunTime:0.0170s ]
SQL: SHOW COLUMNS FROM `w_project_describe` [ RunTime:0.0090s ]
SQL: SELECT * FROM `w_project_describe` WHERE `pid` = 17 LIMIT 1   [ RunTime:0.0010s ]

[ 2016-03-26T16:54:56+08:00 ] 127.0.0.1 /work_log/index.php/Home/Index/finishLog?id=226
INFO: [ app_init ] --START--
INFO: Run Behavior\BuildLiteBehavior [ RunTime:0.000000s ]
INFO: [ app_init ] --END-- [ RunTime:0.001000s ]
INFO: [ app_begin ] --START--
INFO: Run Behavior\ReadHtmlCacheBehavior [ RunTime:0.000000s ]
INFO: [ app_begin ] --END-- [ RunTime:0.001000s ]
SQL: SHOW COLUMNS FROM `w_logs` [ RunTime:0.0060s ]
SQL: SELECT * FROM `w_logs` WHERE ( id=226 ) LIMIT 1   [ RunTime:0.0310s ]
SQL: UPDATE `w_logs` SET `finished`='1',`finish_time`='1458982496' WHERE ( id=226 ) [ RunTime:0.0000s ]

