[ 2016-03-23T08:37:01+08:00 ] 127.0.0.1 /work_log/index.php/Home/Index/index
INFO: [ app_init ] --START--
INFO: Run Behavior\BuildLiteBehavior [ RunTime:0.000000s ]
INFO: [ app_init ] --END-- [ RunTime:0.000000s ]
INFO: [ app_begin ] --START--
INFO: Run Behavior\ReadHtmlCacheBehavior [ RunTime:0.000000s ]
INFO: [ app_begin ] --END-- [ RunTime:0.000000s ]
SQL: SHOW COLUMNS FROM `w_logs` [ RunTime:0.0220s ]
SQL: SELECT * FROM `w_logs` WHERE `delete` = 0 ORDER BY finished,create_time desc  [ RunTime:0.0040s ]
SQL: SELECT COUNT(*) AS tp_count FROM `w_logs` WHERE `finished` = 1 AND `delete` = 0 LIMIT 1   [ RunTime:0.0010s ]
SQL: SELECT COUNT(*) AS tp_count FROM `w_logs` WHERE `finished` = 0 AND `delete` = 0 LIMIT 1   [ RunTime:0.0010s ]
SQL: SHOW COLUMNS FROM `w_project_class` [ RunTime:0.0140s ]
SQL: SELECT * FROM `w_project_class` WHERE `delete` = 0  [ RunTime:0.0000s ]
INFO: [ view_parse ] --START--
INFO: [ template_filter ] --START--
INFO: Run Behavior\ContentReplaceBehavior [ RunTime:0.000000s ]
INFO: [ template_filter ] --END-- [ RunTime:0.000000s ]
INFO: Run Behavior\ParseTemplateBehavior [ RunTime:0.028002s ]
INFO: [ view_parse ] --END-- [ RunTime:0.028002s ]
INFO: [ view_filter ] --START--
INFO: Run Behavior\WriteHtmlCacheBehavior [ RunTime:0.000000s ]
INFO: [ view_filter ] --END-- [ RunTime:0.000000s ]
INFO: [ app_end ] --START--
INFO: Run Behavior\ShowPageTraceBehavior [ RunTime:0.001000s ]
INFO: [ app_end ] --END-- [ RunTime:0.001000s ]

[ 2016-03-23T08:37:05+08:00 ] 127.0.0.1 /work_log/index.php/Home/Index/index
INFO: [ app_init ] --START--
INFO: Run Behavior\BuildLiteBehavior [ RunTime:0.000000s ]
INFO: [ app_init ] --END-- [ RunTime:0.000000s ]
INFO: [ app_begin ] --START--
INFO: Run Behavior\ReadHtmlCacheBehavior [ RunTime:0.001000s ]
INFO: [ app_begin ] --END-- [ RunTime:0.001000s ]
SQL: SHOW COLUMNS FROM `w_logs` [ RunTime:0.0070s ]
SQL: SELECT * FROM `w_logs` WHERE `delete` = 0 ORDER BY finished,create_time desc  [ RunTime:0.0010s ]
SQL: SELECT COUNT(*) AS tp_count FROM `w_logs` WHERE `finished` = 1 AND `delete` = 0 LIMIT 1   [ RunTime:0.0010s ]
SQL: SELECT COUNT(*) AS tp_count FROM `w_logs` WHERE `finished` = 0 AND `delete` = 0 LIMIT 1   [ RunTime:0.0000s ]
SQL: SHOW COLUMNS FROM `w_project_class` [ RunTime:0.0070s ]
SQL: SELECT * FROM `w_project_class` WHERE `delete` = 0  [ RunTime:0.0000s ]
INFO: [ view_parse ] --START--
INFO: [ template_filter ] --START--
INFO: Run Behavior\ContentReplaceBehavior [ RunTime:0.000000s ]
INFO: [ template_filter ] --END-- [ RunTime:0.000000s ]
INFO: Run Behavior\ParseTemplateBehavior [ RunTime:0.015001s ]
INFO: [ view_parse ] --END-- [ RunTime:0.015001s ]
INFO: [ view_filter ] --START--
INFO: Run Behavior\WriteHtmlCacheBehavior [ RunTime:0.001000s ]
INFO: [ view_filter ] --END-- [ RunTime:0.001000s ]
INFO: [ app_end ] --START--
INFO: Run Behavior\ShowPageTraceBehavior [ RunTime:0.001000s ]
INFO: [ app_end ] --END-- [ RunTime:0.001000s ]

[ 2016-03-23T09:28:41+08:00 ] 127.0.0.1 /work_log/index.php/Home/Index/index
INFO: [ app_init ] --START--
INFO: Run Behavior\BuildLiteBehavior [ RunTime:0.000000s ]
INFO: [ app_init ] --END-- [ RunTime:0.000000s ]
INFO: [ app_begin ] --START--
INFO: Run Behavior\ReadHtmlCacheBehavior [ RunTime:0.000000s ]
INFO: [ app_begin ] --END-- [ RunTime:0.000000s ]
SQL: SHOW COLUMNS FROM `w_logs` [ RunTime:0.0110s ]
SQL: SELECT * FROM `w_logs` WHERE `delete` = 0 ORDER BY finished,create_time desc  [ RunTime:0.0020s ]
SQL: SELECT COUNT(*) AS tp_count FROM `w_logs` WHERE `finished` = 1 AND `delete` = 0 LIMIT 1   [ RunTime:0.0010s ]
SQL: SELECT COUNT(*) AS tp_count FROM `w_logs` WHERE `finished` = 0 AND `delete` = 0 LIMIT 1   [ RunTime:0.0010s ]
SQL: SHOW COLUMNS FROM `w_project_class` [ RunTime:0.0080s ]
SQL: SELECT * FROM `w_project_class` WHERE `delete` = 0  [ RunTime:0.0000s ]
INFO: [ view_parse ] --START--
INFO: [ template_filter ] --START--
INFO: Run Behavior\ContentReplaceBehavior [ RunTime:0.000000s ]
INFO: [ template_filter ] --END-- [ RunTime:0.000000s ]
INFO: Run Behavior\ParseTemplateBehavior [ RunTime:0.018001s ]
INFO: [ view_parse ] --END-- [ RunTime:0.018001s ]
INFO: [ view_filter ] --START--
INFO: Run Behavior\WriteHtmlCacheBehavior [ RunTime:0.000000s ]
INFO: [ view_filter ] --END-- [ RunTime:0.000000s ]

[ 2016-03-23T09:28:42+08:00 ] 127.0.0.1 /work_log/index.php/Home/Index/index
INFO: [ app_init ] --START--
INFO: Run Behavior\BuildLiteBehavior [ RunTime:0.000000s ]
INFO: [ app_init ] --END-- [ RunTime:0.000000s ]
INFO: [ app_begin ] --START--
INFO: Run Behavior\ReadHtmlCacheBehavior [ RunTime:0.000000s ]
INFO: [ app_begin ] --END-- [ RunTime:0.000000s ]
SQL: SHOW COLUMNS FROM `w_logs` [ RunTime:0.0230s ]
SQL: SELECT * FROM `w_logs` WHERE `delete` = 0 ORDER BY finished,create_time desc  [ RunTime:0.0040s ]
SQL: SELECT COUNT(*) AS tp_count FROM `w_logs` WHERE `finished` = 1 AND `delete` = 0 LIMIT 1   [ RunTime:0.0000s ]
SQL: SELECT COUNT(*) AS tp_count FROM `w_logs` WHERE `finished` = 0 AND `delete` = 0 LIMIT 1   [ RunTime:0.0010s ]
SQL: SHOW COLUMNS FROM `w_project_class` [ RunTime:0.0080s ]
SQL: SELECT * FROM `w_project_class` WHERE `delete` = 0  [ RunTime:0.0010s ]
INFO: [ view_parse ] --START--
INFO: [ template_filter ] --START--
INFO: Run Behavior\ContentReplaceBehavior [ RunTime:0.000000s ]
INFO: [ template_filter ] --END-- [ RunTime:0.000000s ]
INFO: Run Behavior\ParseTemplateBehavior [ RunTime:0.013001s ]
INFO: [ view_parse ] --END-- [ RunTime:0.013001s ]
INFO: [ view_filter ] --START--
INFO: Run Behavior\WriteHtmlCacheBehavior [ RunTime:0.000000s ]
INFO: [ view_filter ] --END-- [ RunTime:0.000000s ]
INFO: [ app_end ] --START--
INFO: Run Behavior\ShowPageTraceBehavior [ RunTime:0.006000s ]
INFO: [ app_end ] --END-- [ RunTime:0.006000s ]

[ 2016-03-23T09:33:08+08:00 ] 127.0.0.1 /work_log/index.php/Home/Index/test
INFO: [ app_init ] --START--
INFO: Run Behavior\BuildLiteBehavior [ RunTime:0.000000s ]
INFO: [ app_init ] --END-- [ RunTime:0.000000s ]
INFO: [ app_begin ] --START--
INFO: Run Behavior\ReadHtmlCacheBehavior [ RunTime:0.001000s ]
INFO: [ app_begin ] --END-- [ RunTime:0.001000s ]
SQL: SHOW COLUMNS FROM `w_logs` [ RunTime:0.0160s ]
INFO: [ view_parse ] --START--
INFO: [ template_filter ] --START--
INFO: Run Behavior\ContentReplaceBehavior [ RunTime:0.001000s ]
INFO: [ template_filter ] --END-- [ RunTime:0.001000s ]
INFO: Run Behavior\ParseTemplateBehavior [ RunTime:0.011000s ]
INFO: [ view_parse ] --END-- [ RunTime:0.011000s ]
INFO: [ view_filter ] --START--
INFO: Run Behavior\WriteHtmlCacheBehavior [ RunTime:0.001000s ]
INFO: [ view_filter ] --END-- [ RunTime:0.001000s ]
INFO: [ app_end ] --START--
INFO: Run Behavior\ShowPageTraceBehavior [ RunTime:0.001000s ]
INFO: [ app_end ] --END-- [ RunTime:0.002000s ]

[ 2016-03-23T09:33:11+08:00 ] 127.0.0.1 /work_log/index.php/Home/Index/test
INFO: [ app_init ] --START--
INFO: Run Behavior\BuildLiteBehavior [ RunTime:0.000000s ]
INFO: [ app_init ] --END-- [ RunTime:0.001000s ]
INFO: [ app_begin ] --START--
INFO: Run Behavior\ReadHtmlCacheBehavior [ RunTime:0.001000s ]
INFO: [ app_begin ] --END-- [ RunTime:0.001000s ]
SQL: SHOW COLUMNS FROM `w_logs` [ RunTime:0.0190s ]
INFO: [ view_parse ] --START--
INFO: [ template_filter ] --START--
INFO: Run Behavior\ContentReplaceBehavior [ RunTime:0.000000s ]
INFO: [ template_filter ] --END-- [ RunTime:0.000000s ]
INFO: Run Behavior\ParseTemplateBehavior [ RunTime:0.010000s ]
INFO: [ view_parse ] --END-- [ RunTime:0.010000s ]
INFO: [ view_filter ] --START--
INFO: Run Behavior\WriteHtmlCacheBehavior [ RunTime:0.000000s ]
INFO: [ view_filter ] --END-- [ RunTime:0.000000s ]
INFO: [ app_end ] --START--
INFO: Run Behavior\ShowPageTraceBehavior [ RunTime:0.002001s ]
INFO: [ app_end ] --END-- [ RunTime:0.002001s ]

[ 2016-03-23T09:33:51+08:00 ] 127.0.0.1 /work_log/index.php/Home/Index/test
INFO: [ app_init ] --START--
INFO: Run Behavior\BuildLiteBehavior [ RunTime:0.000000s ]
INFO: [ app_init ] --END-- [ RunTime:0.000000s ]
INFO: [ app_begin ] --START--
INFO: Run Behavior\ReadHtmlCacheBehavior [ RunTime:0.001000s ]
INFO: [ app_begin ] --END-- [ RunTime:0.001000s ]
SQL: SHOW COLUMNS FROM `w_logs` [ RunTime:0.0170s ]
INFO: [ view_parse ] --START--
INFO: [ template_filter ] --START--
INFO: Run Behavior\ContentReplaceBehavior [ RunTime:0.000000s ]
INFO: [ template_filter ] --END-- [ RunTime:0.001000s ]
INFO: Run Behavior\ParseTemplateBehavior [ RunTime:0.009000s ]
INFO: [ view_parse ] --END-- [ RunTime:0.009000s ]
INFO: [ view_filter ] --START--
INFO: Run Behavior\WriteHtmlCacheBehavior [ RunTime:0.001000s ]
INFO: [ view_filter ] --END-- [ RunTime:0.001000s ]
INFO: [ app_end ] --START--
INFO: Run Behavior\ShowPageTraceBehavior [ RunTime:0.002000s ]
INFO: [ app_end ] --END-- [ RunTime:0.002000s ]

[ 2016-03-23T09:33:58+08:00 ] 127.0.0.1 /work_log/index.php/Home/Index/test
INFO: [ app_init ] --START--
INFO: Run Behavior\BuildLiteBehavior [ RunTime:0.000000s ]
INFO: [ app_init ] --END-- [ RunTime:0.001000s ]
INFO: [ app_begin ] --START--
INFO: Run Behavior\ReadHtmlCacheBehavior [ RunTime:0.001000s ]
INFO: [ app_begin ] --END-- [ RunTime:0.001000s ]
SQL: SHOW COLUMNS FROM `w_logs` [ RunTime:0.0170s ]
INFO: [ view_parse ] --START--
INFO: [ template_filter ] --START--
INFO: Run Behavior\ContentReplaceBehavior [ RunTime:0.001001s ]
INFO: [ template_filter ] --END-- [ RunTime:0.001001s ]
INFO: Run Behavior\ParseTemplateBehavior [ RunTime:0.013001s ]
INFO: [ view_parse ] --END-- [ RunTime:0.013001s ]
INFO: [ view_filter ] --START--
INFO: Run Behavior\WriteHtmlCacheBehavior [ RunTime:0.001000s ]
INFO: [ view_filter ] --END-- [ RunTime:0.001000s ]
INFO: [ app_end ] --START--
INFO: Run Behavior\ShowPageTraceBehavior [ RunTime:0.004000s ]
INFO: [ app_end ] --END-- [ RunTime:0.004000s ]

[ 2016-03-23T09:34:06+08:00 ] 127.0.0.1 /work_log/index.php/Home/Index/test
INFO: [ app_init ] --START--
INFO: Run Behavior\BuildLiteBehavior [ RunTime:0.000000s ]
INFO: [ app_init ] --END-- [ RunTime:0.000000s ]
INFO: [ app_begin ] --START--
INFO: Run Behavior\ReadHtmlCacheBehavior [ RunTime:0.000000s ]
INFO: [ app_begin ] --END-- [ RunTime:0.000000s ]
SQL: SHOW COLUMNS FROM `w_logs` [ RunTime:0.0180s ]
INFO: [ view_parse ] --START--
INFO: [ template_filter ] --START--
INFO: Run Behavior\ContentReplaceBehavior [ RunTime:0.000000s ]
INFO: [ template_filter ] --END-- [ RunTime:0.000000s ]
INFO: Run Behavior\ParseTemplateBehavior [ RunTime:0.014001s ]
INFO: [ view_parse ] --END-- [ RunTime:0.014001s ]
INFO: [ view_filter ] --START--
INFO: Run Behavior\WriteHtmlCacheBehavior [ RunTime:0.000000s ]
INFO: [ view_filter ] --END-- [ RunTime:0.000000s ]
INFO: [ app_end ] --START--
INFO: Run Behavior\ShowPageTraceBehavior [ RunTime:0.001000s ]
INFO: [ app_end ] --END-- [ RunTime:0.001000s ]

[ 2016-03-23T09:34:09+08:00 ] 127.0.0.1 /work_log/index.php/Home/Index/test
INFO: [ app_init ] --START--
INFO: Run Behavior\BuildLiteBehavior [ RunTime:0.000000s ]
INFO: [ app_init ] --END-- [ RunTime:0.001000s ]
INFO: [ app_begin ] --START--
INFO: Run Behavior\ReadHtmlCacheBehavior [ RunTime:0.001000s ]
INFO: [ app_begin ] --END-- [ RunTime:0.001000s ]
SQL: SHOW COLUMNS FROM `w_logs` [ RunTime:0.0190s ]
INFO: [ view_parse ] --START--
INFO: [ template_filter ] --START--
INFO: Run Behavior\ContentReplaceBehavior [ RunTime:0.000000s ]
INFO: [ template_filter ] --END-- [ RunTime:0.000000s ]
INFO: Run Behavior\ParseTemplateBehavior [ RunTime:0.011001s ]
INFO: [ view_parse ] --END-- [ RunTime:0.013001s ]
INFO: [ view_filter ] --START--
INFO: Run Behavior\WriteHtmlCacheBehavior [ RunTime:0.000000s ]
INFO: [ view_filter ] --END-- [ RunTime:0.000000s ]
INFO: [ app_end ] --START--
INFO: Run Behavior\ShowPageTraceBehavior [ RunTime:0.001000s ]
INFO: [ app_end ] --END-- [ RunTime:0.002000s ]

[ 2016-03-23T09:47:14+08:00 ] 127.0.0.1 /work_log/index.php/Home/Index/screeningLog?pid=17&type=3
INFO: [ app_init ] --START--
INFO: Run Behavior\BuildLiteBehavior [ RunTime:0.000000s ]
INFO: [ app_init ] --END-- [ RunTime:0.000000s ]
INFO: [ app_begin ] --START--
INFO: Run Behavior\ReadHtmlCacheBehavior [ RunTime:0.001000s ]
INFO: [ app_begin ] --END-- [ RunTime:0.001000s ]
SQL: SHOW COLUMNS FROM `w_logs` [ RunTime:0.0120s ]
SQL: SELECT * FROM `w_logs` WHERE `pid` = 17 AND `delete` = 0 ORDER BY finished,create_time desc  [ RunTime:0.0000s ]
NOTIC: [8] Undefined variable: str D:\WWW\work_log\Application\Home\Controller\IndexController.class.php 第 159 行.

[ 2016-03-23T09:55:51+08:00 ] 127.0.0.1 /work_log/index.php/Home/Index/test
INFO: [ app_init ] --START--
INFO: Run Behavior\BuildLiteBehavior [ RunTime:0.000000s ]
INFO: [ app_init ] --END-- [ RunTime:0.000000s ]
INFO: [ app_begin ] --START--
INFO: Run Behavior\ReadHtmlCacheBehavior [ RunTime:0.000000s ]
INFO: [ app_begin ] --END-- [ RunTime:0.001000s ]
SQL: SHOW COLUMNS FROM `w_logs` [ RunTime:0.0070s ]
INFO: [ view_parse ] --START--
INFO: [ template_filter ] --START--
INFO: Run Behavior\ContentReplaceBehavior [ RunTime:0.000000s ]
INFO: [ template_filter ] --END-- [ RunTime:0.000000s ]
INFO: Run Behavior\ParseTemplateBehavior [ RunTime:0.008001s ]
INFO: [ view_parse ] --END-- [ RunTime:0.009001s ]
INFO: [ view_filter ] --START--
INFO: Run Behavior\WriteHtmlCacheBehavior [ RunTime:0.000000s ]
INFO: [ view_filter ] --END-- [ RunTime:0.000000s ]
INFO: [ app_end ] --START--
INFO: Run Behavior\ShowPageTraceBehavior [ RunTime:0.001000s ]
INFO: [ app_end ] --END-- [ RunTime:0.001000s ]

[ 2016-03-23T09:55:59+08:00 ] 127.0.0.1 /work_log/index.php/Home/Index/test
INFO: [ app_init ] --START--
INFO: Run Behavior\BuildLiteBehavior [ RunTime:0.000000s ]
INFO: [ app_init ] --END-- [ RunTime:0.015600s ]
INFO: [ app_begin ] --START--
INFO: Run Behavior\ReadHtmlCacheBehavior [ RunTime:0.000000s ]
INFO: [ app_begin ] --END-- [ RunTime:0.001000s ]
SQL: SHOW COLUMNS FROM `w_logs` [ RunTime:0.0180s ]
INFO: [ view_parse ] --START--
INFO: [ template_filter ] --START--
INFO: Run Behavior\ContentReplaceBehavior [ RunTime:0.000000s ]
INFO: [ template_filter ] --END-- [ RunTime:0.000000s ]
INFO: Run Behavior\ParseTemplateBehavior [ RunTime:0.009001s ]
INFO: [ view_parse ] --END-- [ RunTime:0.009001s ]
INFO: [ view_filter ] --START--
INFO: Run Behavior\WriteHtmlCacheBehavior [ RunTime:0.001000s ]
INFO: [ view_filter ] --END-- [ RunTime:0.001000s ]
INFO: [ app_end ] --START--
INFO: Run Behavior\ShowPageTraceBehavior [ RunTime:0.000000s ]
INFO: [ app_end ] --END-- [ RunTime:0.000000s ]

[ 2016-03-23T09:56:17+08:00 ] 127.0.0.1 /work_log/index.php/Home/Index/test
INFO: [ app_init ] --START--
INFO: Run Behavior\BuildLiteBehavior [ RunTime:0.000000s ]
INFO: [ app_init ] --END-- [ RunTime:0.000000s ]
INFO: [ app_begin ] --START--
INFO: Run Behavior\ReadHtmlCacheBehavior [ RunTime:0.000000s ]
INFO: [ app_begin ] --END-- [ RunTime:0.000000s ]
SQL: SHOW COLUMNS FROM `w_logs` [ RunTime:0.0180s ]
INFO: [ view_parse ] --START--
INFO: [ template_filter ] --START--
INFO: Run Behavior\ContentReplaceBehavior [ RunTime:0.000000s ]
INFO: [ template_filter ] --END-- [ RunTime:0.001000s ]
INFO: Run Behavior\ParseTemplateBehavior [ RunTime:0.021001s ]
INFO: [ view_parse ] --END-- [ RunTime:0.021001s ]
INFO: [ view_filter ] --START--
INFO: Run Behavior\WriteHtmlCacheBehavior [ RunTime:0.001000s ]
INFO: [ view_filter ] --END-- [ RunTime:0.001000s ]
INFO: [ app_end ] --START--
INFO: Run Behavior\ShowPageTraceBehavior [ RunTime:0.002001s ]
INFO: [ app_end ] --END-- [ RunTime:0.002001s ]

[ 2016-03-23T09:56:51+08:00 ] 127.0.0.1 /work_log/index.php/Home/Index/test
INFO: [ app_init ] --START--
INFO: Run Behavior\BuildLiteBehavior [ RunTime:0.000000s ]
INFO: [ app_init ] --END-- [ RunTime:0.000000s ]
INFO: [ app_begin ] --START--
INFO: Run Behavior\ReadHtmlCacheBehavior [ RunTime:0.015600s ]
INFO: [ app_begin ] --END-- [ RunTime:0.015600s ]
SQL: SHOW COLUMNS FROM `w_logs` [ RunTime:0.0140s ]
INFO: [ view_parse ] --START--
INFO: [ template_filter ] --START--
INFO: Run Behavior\ContentReplaceBehavior [ RunTime:0.000000s ]
INFO: [ template_filter ] --END-- [ RunTime:0.000000s ]
INFO: Run Behavior\ParseTemplateBehavior [ RunTime:0.016001s ]
INFO: [ view_parse ] --END-- [ RunTime:0.016001s ]
INFO: [ view_filter ] --START--
INFO: Run Behavior\WriteHtmlCacheBehavior [ RunTime:0.001000s ]
INFO: [ view_filter ] --END-- [ RunTime:0.001000s ]
INFO: [ app_end ] --START--
INFO: Run Behavior\ShowPageTraceBehavior [ RunTime:0.002000s ]
INFO: [ app_end ] --END-- [ RunTime:0.002000s ]

[ 2016-03-23T09:57:09+08:00 ] 127.0.0.1 /work_log/index.php/Home/Index/index
INFO: [ app_init ] --START--
INFO: Run Behavior\BuildLiteBehavior [ RunTime:0.000000s ]
INFO: [ app_init ] --END-- [ RunTime:0.001001s ]
INFO: [ app_begin ] --START--
INFO: Run Behavior\ReadHtmlCacheBehavior [ RunTime:0.001000s ]
INFO: [ app_begin ] --END-- [ RunTime:0.001000s ]
SQL: SHOW COLUMNS FROM `w_logs` [ RunTime:0.0180s ]
SQL: SELECT * FROM `w_logs` WHERE `delete` = 0 ORDER BY finished,create_time desc  [ RunTime:0.0050s ]
SQL: SELECT COUNT(*) AS tp_count FROM `w_logs` WHERE `finished` = 1 AND `delete` = 0 LIMIT 1   [ RunTime:0.0010s ]
SQL: SELECT COUNT(*) AS tp_count FROM `w_logs` WHERE `finished` = 0 AND `delete` = 0 LIMIT 1   [ RunTime:0.0000s ]
SQL: SHOW COLUMNS FROM `w_project_class` [ RunTime:0.0100s ]
SQL: SELECT * FROM `w_project_class` WHERE `delete` = 0  [ RunTime:0.0010s ]
INFO: [ view_parse ] --START--
INFO: [ template_filter ] --START--
INFO: Run Behavior\ContentReplaceBehavior [ RunTime:0.000000s ]
INFO: [ template_filter ] --END-- [ RunTime:0.000000s ]
INFO: Run Behavior\ParseTemplateBehavior [ RunTime:0.017000s ]
INFO: [ view_parse ] --END-- [ RunTime:0.017000s ]
INFO: [ view_filter ] --START--
INFO: Run Behavior\WriteHtmlCacheBehavior [ RunTime:0.000000s ]
INFO: [ view_filter ] --END-- [ RunTime:0.000000s ]
INFO: [ app_end ] --START--
INFO: Run Behavior\ShowPageTraceBehavior [ RunTime:0.000000s ]
INFO: [ app_end ] --END-- [ RunTime:0.000000s ]

[ 2016-03-23T11:33:52+08:00 ] 127.0.0.1 /work_log/index.php/Home/Index/screeningLog?pid=17&type=3
INFO: [ app_init ] --START--
INFO: Run Behavior\BuildLiteBehavior [ RunTime:0.000000s ]
INFO: [ app_init ] --END-- [ RunTime:0.000000s ]
INFO: [ app_begin ] --START--
INFO: Run Behavior\ReadHtmlCacheBehavior [ RunTime:0.001000s ]
INFO: [ app_begin ] --END-- [ RunTime:0.001000s ]
SQL: SHOW COLUMNS FROM `w_logs` [ RunTime:0.0050s ]
SQL: SELECT * FROM `w_logs` WHERE `pid` = 17 AND `delete` = 0 ORDER BY finished,create_time desc  [ RunTime:0.0000s ]
NOTIC: [8] Undefined variable: str D:\WWW\work_log\Application\Home\Controller\IndexController.class.php 第 159 行.

[ 2016-03-23T11:33:59+08:00 ] 127.0.0.1 /work_log/index.php/Home/Index/finishLog?id=213
INFO: [ app_init ] --START--
INFO: Run Behavior\BuildLiteBehavior [ RunTime:0.001000s ]
INFO: [ app_init ] --END-- [ RunTime:0.001000s ]
INFO: [ app_begin ] --START--
INFO: Run Behavior\ReadHtmlCacheBehavior [ RunTime:0.001000s ]
INFO: [ app_begin ] --END-- [ RunTime:0.001000s ]
SQL: SHOW COLUMNS FROM `w_logs` [ RunTime:0.0050s ]
SQL: SELECT * FROM `w_logs` WHERE ( id=213 ) LIMIT 1   [ RunTime:0.0000s ]
SQL: UPDATE `w_logs` SET `finished`='1',`finish_time`='1458704039' WHERE ( id=213 ) [ RunTime:0.0010s ]

[ 2016-03-23T11:39:59+08:00 ] 127.0.0.1 /work_log/index.php/Home/Index/getProjectDescribe?pid=17
INFO: [ app_init ] --START--
INFO: Run Behavior\BuildLiteBehavior [ RunTime:0.000000s ]
INFO: [ app_init ] --END-- [ RunTime:0.001000s ]
INFO: [ app_begin ] --START--
INFO: Run Behavior\ReadHtmlCacheBehavior [ RunTime:0.001000s ]
INFO: [ app_begin ] --END-- [ RunTime:0.001000s ]
SQL: SHOW COLUMNS FROM `w_logs` [ RunTime:0.0050s ]
SQL: SHOW COLUMNS FROM `w_project_describe` [ RunTime:0.0120s ]
SQL: SELECT * FROM `w_project_describe` WHERE `pid` = 17 LIMIT 1   [ RunTime:0.0010s ]

[ 2016-03-23T11:40:02+08:00 ] 127.0.0.1 /work_log/index.php/Home/Index/editProjectDescribe?pid=17&content=%E5%97%A8%E4%BA%91%E7%B3%BB%E7%BB%9F%E6%8F%8F%E8%BF%B0%EF%BC%9A%0A%E5%9C%B0%E5%9D%80%E9%80%9A%E8%BF%87%E6%95%B0%E6%8D%AE%E5%BA%93%E4%BF%9D%E5%AD%98%EF%BC%8C%E4%BF%AE%E6%94%B9%E5%88%A0%E9%99%A4%E5%92%8C%E9%80%89%E6%8B%A9%E5%93%AA%E4%B8%80%E4%B8%AA%E5%9C%B0%E5%9D%80%EF%BC%8C%E7%B1%BB%E4%BC%BC%E6%B7%98%E5%AE%9D%0A%E6%95%B0%E6%8D%AE%E8%A1%A8%EF%BC%9A(%E6%96%B0%E5%A2%9E)%0A%E2%91%B4pigcms_address_list(%E5%9C%B0%E5%9D%80%E8%A1%A8)
INFO: [ app_init ] --START--
INFO: Run Behavior\BuildLiteBehavior [ RunTime:0.000000s ]
INFO: [ app_init ] --END-- [ RunTime:0.001000s ]
INFO: [ app_begin ] --START--
INFO: Run Behavior\ReadHtmlCacheBehavior [ RunTime:0.001000s ]
INFO: [ app_begin ] --END-- [ RunTime:0.001000s ]
SQL: SHOW COLUMNS FROM `w_logs` [ RunTime:0.0000s ]
SQL: SHOW COLUMNS FROM `w_project_describe` [ RunTime:0.0156s ]
SQL: SELECT * FROM `w_project_describe` WHERE `pid` = 17 LIMIT 1   [ RunTime:0.0000s ]
SQL: UPDATE `w_project_describe` SET `content`='嗨云系统描述：
地址通过数据库保存，修改删除和选择哪一个地址，类似淘宝
数据表：(新增)
⑴pigcms_address_list(地址表)' WHERE `pid` = 17 [ RunTime:0.0000s ]
SQL: SELECT * FROM `w_project_describe` WHERE `pid` = 17 LIMIT 1   [ RunTime:0.0000s ]

[ 2016-03-23T11:40:23+08:00 ] 127.0.0.1 /work_log/index.php/Home/Index/editProjectDescribe?pid=17&content=%E5%97%A8%E4%BA%91%E7%B3%BB%E7%BB%9F%E6%8F%8F%E8%BF%B0%EF%BC%9A%0A%E5%9C%B0%E5%9D%80%E9%80%9A%E8%BF%87%E6%95%B0%E6%8D%AE%E5%BA%93%E4%BF%9D%E5%AD%98%EF%BC%8C%E4%BF%AE%E6%94%B9%E5%88%A0%E9%99%A4%E5%92%8C%E9%80%89%E6%8B%A9%E5%93%AA%E4%B8%80%E4%B8%AA%E5%9C%B0%E5%9D%80%EF%BC%8C%E7%B1%BB%E4%BC%BC%E6%B7%98%E5%AE%9D%0A%E6%95%B0%E6%8D%AE%E8%A1%A8%EF%BC%9A(%E6%96%B0%E5%A2%9E)%0A%E2%91%B4pigcms_address_list(%E5%9C%B0%E5%9D%80%E8%A1%A8)%0A%E2%91%B5distribution_myprize(%E6%88%91%E7%9A%84%E7%BA%A2%E5%8C%85)
INFO: [ app_init ] --START--
INFO: Run Behavior\BuildLiteBehavior [ RunTime:0.000000s ]
INFO: [ app_init ] --END-- [ RunTime:0.001001s ]
INFO: [ app_begin ] --START--
INFO: Run Behavior\ReadHtmlCacheBehavior [ RunTime:0.001000s ]
INFO: [ app_begin ] --END-- [ RunTime:0.001000s ]
SQL: SHOW COLUMNS FROM `w_logs` [ RunTime:0.0156s ]
SQL: SHOW COLUMNS FROM `w_project_describe` [ RunTime:0.0156s ]
SQL: SELECT * FROM `w_project_describe` WHERE `pid` = 17 LIMIT 1   [ RunTime:0.0000s ]
SQL: UPDATE `w_project_describe` SET `content`='嗨云系统描述：
地址通过数据库保存，修改删除和选择哪一个地址，类似淘宝
数据表：(新增)
⑴pigcms_address_list(地址表)
⑵distribution_myprize(我的红包)' WHERE `pid` = 17 [ RunTime:0.0000s ]
SQL: SELECT * FROM `w_project_describe` WHERE `pid` = 17 LIMIT 1   [ RunTime:0.0000s ]

[ 2016-03-23T11:40:46+08:00 ] 127.0.0.1 /work_log/index.php/Home/Index/editProjectDescribe?pid=17&content=%E5%97%A8%E4%BA%91%E7%B3%BB%E7%BB%9F%E6%8F%8F%E8%BF%B0%EF%BC%9A%0A%E5%9C%B0%E5%9D%80%E9%80%9A%E8%BF%87%E6%95%B0%E6%8D%AE%E5%BA%93%E4%BF%9D%E5%AD%98%EF%BC%8C%E4%BF%AE%E6%94%B9%E5%88%A0%E9%99%A4%E5%92%8C%E9%80%89%E6%8B%A9%E5%93%AA%E4%B8%80%E4%B8%AA%E5%9C%B0%E5%9D%80%EF%BC%8C%E7%B1%BB%E4%BC%BC%E6%B7%98%E5%AE%9D%0A%E6%95%B0%E6%8D%AE%E8%A1%A8%EF%BC%9A(%E6%96%B0%E5%A2%9E)%0A%E2%91%B4pigcms_address_list(%E5%9C%B0%E5%9D%80%E8%A1%A8)%0A%E2%91%B5distribution_myprize(%E6%88%91%E7%9A%84%E7%BA%A2%E5%8C%85)%0A%E2%91%B6integral_product(%E7%BA%A2%E5%8C%85)
INFO: [ app_init ] --START--
INFO: Run Behavior\BuildLiteBehavior [ RunTime:0.000000s ]
INFO: [ app_init ] --END-- [ RunTime:0.000000s ]
INFO: [ app_begin ] --START--
INFO: Run Behavior\ReadHtmlCacheBehavior [ RunTime:0.001000s ]
INFO: [ app_begin ] --END-- [ RunTime:0.001000s ]
SQL: SHOW COLUMNS FROM `w_logs` [ RunTime:0.0180s ]
SQL: SHOW COLUMNS FROM `w_project_describe` [ RunTime:0.0160s ]
SQL: SELECT * FROM `w_project_describe` WHERE `pid` = 17 LIMIT 1   [ RunTime:0.0010s ]
SQL: UPDATE `w_project_describe` SET `content`='嗨云系统描述：
地址通过数据库保存，修改删除和选择哪一个地址，类似淘宝
数据表：(新增)
⑴pigcms_address_list(地址表)
⑵distribution_myprize(我的红包)
⑶integral_product(红包)' WHERE `pid` = 17 [ RunTime:0.0000s ]
SQL: SELECT * FROM `w_project_describe` WHERE `pid` = 17 LIMIT 1   [ RunTime:0.0010s ]

[ 2016-03-23T13:45:37+08:00 ] 127.0.0.1 /work_log/index.php/Home/Index/getProjectDescribe?pid=17
INFO: [ app_init ] --START--
INFO: Run Behavior\BuildLiteBehavior [ RunTime:0.000000s ]
INFO: [ app_init ] --END-- [ RunTime:0.001000s ]
INFO: [ app_begin ] --START--
INFO: Run Behavior\ReadHtmlCacheBehavior [ RunTime:0.001000s ]
INFO: [ app_begin ] --END-- [ RunTime:0.001000s ]
SQL: SHOW COLUMNS FROM `w_logs` [ RunTime:0.0120s ]
SQL: SHOW COLUMNS FROM `w_project_describe` [ RunTime:0.0070s ]
SQL: SELECT * FROM `w_project_describe` WHERE `pid` = 17 LIMIT 1   [ RunTime:0.0000s ]

[ 2016-03-23T14:23:05+08:00 ] 127.0.0.1 /work_log/index.php/Home/Index/addlogs?content=%E5%97%A8%E4%BA%91%E6%88%91%E7%9A%84%E6%94%B6%E8%97%8F%E9%A1%B5%E9%9D%A2&difficulty=1&type=1
INFO: [ app_init ] --START--
INFO: Run Behavior\BuildLiteBehavior [ RunTime:0.000000s ]
INFO: [ app_init ] --END-- [ RunTime:0.001000s ]
INFO: [ app_begin ] --START--
INFO: Run Behavior\ReadHtmlCacheBehavior [ RunTime:0.001000s ]
INFO: [ app_begin ] --END-- [ RunTime:0.001000s ]
SQL: SHOW COLUMNS FROM `w_logs` [ RunTime:0.0050s ]
SQL: SELECT * FROM `w_logs` WHERE `content` LIKE '嗨云%' AND `delete` = 0 LIMIT 1   [ RunTime:0.0070s ]
SQL: SHOW COLUMNS FROM `w_project_class` [ RunTime:0.0060s ]
SQL: SELECT * FROM `w_project_class` WHERE `delete` = 0 AND `name` LIKE '%嗨云%' LIMIT 1   [ RunTime:0.0000s ]
NOTIC: [8] Undefined index: validate D:\WWW\work_log\ThinkPHP\Library\Think\Model.class.php 第 1185 行.
NOTIC: [8] Undefined index: auto D:\WWW\work_log\ThinkPHP\Library\Think\Model.class.php 第 1128 行.
SQL: INSERT INTO `w_logs` (`content`,`difficulty`,`type`,`create_time`,`year`,`month`,`day`) VALUES ('嗨云我的收藏页面','1','1','1458714185','2016','3','23') [ RunTime:0.0000s ]
SQL: SELECT * FROM `w_logs` WHERE ( id=215 )  [ RunTime:0.0000s ]
NOTIC: [8] Undefined variable: str D:\WWW\work_log\Application\Home\Controller\IndexController.class.php 第 159 行.
SQL: SELECT * FROM `w_logs` WHERE ( id=215 ) LIMIT 1   [ RunTime:0.0000s ]
SQL: SELECT * FROM `w_project_class` WHERE `name` LIKE '%嗨云%' AND `delete` = 0 LIMIT 1   [ RunTime:0.0000s ]
SQL: UPDATE `w_logs` SET `pid`='17' WHERE ( id=215 ) [ RunTime:0.0000s ]
SQL: UPDATE `w_project_class` SET `nums`=nums+1 WHERE ( id=17 ) [ RunTime:0.0010s ]

[ 2016-03-23T15:38:51+08:00 ] 127.0.0.1 /work_log/index.php/Home/Index/finishLog?id=215
INFO: [ app_init ] --START--
INFO: Run Behavior\BuildLiteBehavior [ RunTime:0.000000s ]
INFO: [ app_init ] --END-- [ RunTime:0.001000s ]
INFO: [ app_begin ] --START--
INFO: Run Behavior\ReadHtmlCacheBehavior [ RunTime:0.002000s ]
INFO: [ app_begin ] --END-- [ RunTime:0.002000s ]
SQL: SHOW COLUMNS FROM `w_logs` [ RunTime:0.0050s ]
SQL: SELECT * FROM `w_logs` WHERE ( id=215 ) LIMIT 1   [ RunTime:0.0010s ]
SQL: UPDATE `w_logs` SET `finished`='1',`finish_time`='1458718731' WHERE ( id=215 ) [ RunTime:0.0000s ]

[ 2016-03-23T15:51:07+08:00 ] 127.0.0.1 /work_log/index.php/Home/Index/screeningLog?pid=17&type=3
INFO: [ app_init ] --START--
INFO: Run Behavior\BuildLiteBehavior [ RunTime:0.000000s ]
INFO: [ app_init ] --END-- [ RunTime:0.001000s ]
INFO: [ app_begin ] --START--
INFO: Run Behavior\ReadHtmlCacheBehavior [ RunTime:0.001000s ]
INFO: [ app_begin ] --END-- [ RunTime:0.001000s ]
SQL: SHOW COLUMNS FROM `w_logs` [ RunTime:0.0050s ]
SQL: SELECT * FROM `w_logs` WHERE `pid` = 17 AND `delete` = 0 ORDER BY finished,create_time desc  [ RunTime:0.0000s ]
NOTIC: [8] Undefined variable: str D:\WWW\work_log\Application\Home\Controller\IndexController.class.php 第 159 行.

[ 2016-03-23T15:51:09+08:00 ] 127.0.0.1 /work_log/index.php/Home/Index/getProjectDescribe?pid=17
INFO: [ app_init ] --START--
INFO: Run Behavior\BuildLiteBehavior [ RunTime:0.000000s ]
INFO: [ app_init ] --END-- [ RunTime:0.000000s ]
INFO: [ app_begin ] --START--
INFO: Run Behavior\ReadHtmlCacheBehavior [ RunTime:0.001000s ]
INFO: [ app_begin ] --END-- [ RunTime:0.001000s ]
SQL: SHOW COLUMNS FROM `w_logs` [ RunTime:0.0070s ]
SQL: SHOW COLUMNS FROM `w_project_describe` [ RunTime:0.0070s ]
SQL: SELECT * FROM `w_project_describe` WHERE `pid` = 17 LIMIT 1   [ RunTime:0.0010s ]

[ 2016-03-23T15:51:13+08:00 ] 127.0.0.1 /work_log/index.php/Home/Index/editProjectDescribe?pid=17&content=%E5%97%A8%E4%BA%91%E7%B3%BB%E7%BB%9F%E6%8F%8F%E8%BF%B0%EF%BC%9A%0A%E5%9C%B0%E5%9D%80%E9%80%9A%E8%BF%87%E6%95%B0%E6%8D%AE%E5%BA%93%E4%BF%9D%E5%AD%98%EF%BC%8C%E4%BF%AE%E6%94%B9%E5%88%A0%E9%99%A4%E5%92%8C%E9%80%89%E6%8B%A9%E5%93%AA%E4%B8%80%E4%B8%AA%E5%9C%B0%E5%9D%80%EF%BC%8C%E7%B1%BB%E4%BC%BC%E6%B7%98%E5%AE%9D%0A%E6%95%B0%E6%8D%AE%E8%A1%A8%EF%BC%9A(%E6%96%B0%E5%A2%9E)%0A%E2%91%B4pigcms_address_list(%E5%9C%B0%E5%9D%80%E8%A1%A8)%0A%E2%91%B5distribution_myprize(%E6%88%91%E7%9A%84%E7%BA%A2%E5%8C%85)%0A%E2%91%B6integral_product(%E7%BA%A2%E5%8C%85)
INFO: [ app_init ] --START--
INFO: Run Behavior\BuildLiteBehavior [ RunTime:0.000000s ]
INFO: [ app_init ] --END-- [ RunTime:0.000000s ]
INFO: [ app_begin ] --START--
INFO: Run Behavior\ReadHtmlCacheBehavior [ RunTime:0.000000s ]
INFO: [ app_begin ] --END-- [ RunTime:0.000000s ]
SQL: SHOW COLUMNS FROM `w_logs` [ RunTime:0.0156s ]
SQL: SHOW COLUMNS FROM `w_project_describe` [ RunTime:0.0156s ]
SQL: SELECT * FROM `w_project_describe` WHERE `pid` = 17 LIMIT 1   [ RunTime:0.0000s ]
SQL: UPDATE `w_project_describe` SET `content`='嗨云系统描述：
地址通过数据库保存，修改删除和选择哪一个地址，类似淘宝
数据表：(新增)
⑴pigcms_address_list(地址表)
⑵distribution_myprize(我的红包)
⑶integral_product(红包)' WHERE `pid` = 17 [ RunTime:0.0000s ]
SQL: SELECT * FROM `w_project_describe` WHERE `pid` = 17 LIMIT 1   [ RunTime:0.0000s ]

[ 2016-03-23T15:51:57+08:00 ] 127.0.0.1 /work_log/index.php/Home/Index/editProjectDescribe?pid=17&content=%E5%97%A8%E4%BA%91%E7%B3%BB%E7%BB%9F%E6%8F%8F%E8%BF%B0%EF%BC%9A%0A%E5%9C%B0%E5%9D%80%E9%80%9A%E8%BF%87%E6%95%B0%E6%8D%AE%E5%BA%93%E4%BF%9D%E5%AD%98%EF%BC%8C%E4%BF%AE%E6%94%B9%E5%88%A0%E9%99%A4%E5%92%8C%E9%80%89%E6%8B%A9%E5%93%AA%E4%B8%80%E4%B8%AA%E5%9C%B0%E5%9D%80%EF%BC%8C%E7%B1%BB%E4%BC%BC%E6%B7%98%E5%AE%9D%0A%E6%95%B0%E6%8D%AE%E8%A1%A8%EF%BC%9A(%E6%96%B0%E5%A2%9E)%0A%E2%91%B4pigcms_address_list(%E5%9C%B0%E5%9D%80%E8%A1%A8)%0A%E2%91%B5distribution_myprize(%E6%88%91%E7%9A%84%E7%BA%A2%E5%8C%85)%0A%E2%91%B6integral_product(%E7%BA%A2%E5%8C%85)%0A%E2%91%B7product_browse_record(%E4%BA%A7%E5%93%81%E6%B5%8F%E8%A7%88%E8%AE%B0%E5%BD%95)
INFO: [ app_init ] --START--
INFO: Run Behavior\BuildLiteBehavior [ RunTime:0.000000s ]
INFO: [ app_init ] --END-- [ RunTime:0.001000s ]
INFO: [ app_begin ] --START--
INFO: Run Behavior\ReadHtmlCacheBehavior [ RunTime:0.001000s ]
INFO: [ app_begin ] --END-- [ RunTime:0.001000s ]
SQL: SHOW COLUMNS FROM `w_logs` [ RunTime:0.0190s ]
SQL: SHOW COLUMNS FROM `w_project_describe` [ RunTime:0.0170s ]
SQL: SELECT * FROM `w_project_describe` WHERE `pid` = 17 LIMIT 1   [ RunTime:0.0010s ]
SQL: UPDATE `w_project_describe` SET `content`='嗨云系统描述：
地址通过数据库保存，修改删除和选择哪一个地址，类似淘宝
数据表：(新增)
⑴pigcms_address_list(地址表)
⑵distribution_myprize(我的红包)
⑶integral_product(红包)
⑷product_browse_record(产品浏览记录)' WHERE `pid` = 17 [ RunTime:0.0000s ]
SQL: SELECT * FROM `w_project_describe` WHERE `pid` = 17 LIMIT 1   [ RunTime:0.0010s ]

[ 2016-03-23T15:52:01+08:00 ] 127.0.0.1 /work_log/index.php/Home/Index/getProjectDescribe?pid=17
INFO: [ app_init ] --START--
INFO: Run Behavior\BuildLiteBehavior [ RunTime:0.000000s ]
INFO: [ app_init ] --END-- [ RunTime:0.000000s ]
INFO: [ app_begin ] --START--
INFO: Run Behavior\ReadHtmlCacheBehavior [ RunTime:0.001000s ]
INFO: [ app_begin ] --END-- [ RunTime:0.001000s ]
SQL: SHOW COLUMNS FROM `w_logs` [ RunTime:0.0070s ]
SQL: SHOW COLUMNS FROM `w_project_describe` [ RunTime:0.0060s ]
SQL: SELECT * FROM `w_project_describe` WHERE `pid` = 17 LIMIT 1   [ RunTime:0.0010s ]

[ 2016-03-23T15:52:15+08:00 ] 127.0.0.1 /work_log/index.php/Home/Index/addlogs?content=%E5%97%A8%E4%BA%91%E6%B5%8F%E8%A7%88%E8%AE%B0%E5%BD%95%E9%A1%B5%E9%9D%A2&difficulty=1&type=1
INFO: [ app_init ] --START--
INFO: Run Behavior\BuildLiteBehavior [ RunTime:0.000000s ]
INFO: [ app_init ] --END-- [ RunTime:0.000000s ]
INFO: [ app_begin ] --START--
INFO: Run Behavior\ReadHtmlCacheBehavior [ RunTime:0.001000s ]
INFO: [ app_begin ] --END-- [ RunTime:0.001000s ]
SQL: SHOW COLUMNS FROM `w_logs` [ RunTime:0.0080s ]
SQL: SELECT * FROM `w_logs` WHERE `content` LIKE '嗨云%' AND `delete` = 0 LIMIT 1   [ RunTime:0.0000s ]
SQL: SHOW COLUMNS FROM `w_project_class` [ RunTime:0.0090s ]
SQL: SELECT * FROM `w_project_class` WHERE `delete` = 0 AND `name` LIKE '%嗨云%' LIMIT 1   [ RunTime:0.0000s ]
NOTIC: [8] Undefined index: validate D:\WWW\work_log\ThinkPHP\Library\Think\Model.class.php 第 1185 行.
NOTIC: [8] Undefined index: auto D:\WWW\work_log\ThinkPHP\Library\Think\Model.class.php 第 1128 行.
SQL: INSERT INTO `w_logs` (`content`,`difficulty`,`type`,`create_time`,`year`,`month`,`day`) VALUES ('嗨云浏览记录页面','1','1','1458719535','2016','3','23') [ RunTime:0.0000s ]
SQL: SELECT * FROM `w_logs` WHERE ( id=216 )  [ RunTime:0.0010s ]
NOTIC: [8] Undefined variable: str D:\WWW\work_log\Application\Home\Controller\IndexController.class.php 第 159 行.
SQL: SELECT * FROM `w_logs` WHERE ( id=216 ) LIMIT 1   [ RunTime:0.0000s ]
SQL: SELECT * FROM `w_project_class` WHERE `name` LIKE '%嗨云%' AND `delete` = 0 LIMIT 1   [ RunTime:0.0010s ]
SQL: UPDATE `w_logs` SET `pid`='17' WHERE ( id=216 ) [ RunTime:0.0010s ]
SQL: UPDATE `w_project_class` SET `nums`=nums+1 WHERE ( id=17 ) [ RunTime:0.0000s ]

[ 2016-03-23T15:52:43+08:00 ] 127.0.0.1 /work_log/index.php/Home/Index/addlogs?content=%E6%97%A5%E5%BF%97%E6%B7%BB%E5%8A%A0%E6%96%B0%E7%9A%84%E6%97%A5%E5%BF%97%E4%B9%8B%E5%90%8E%E9%A1%B9%E7%9B%AE%E6%8F%8F%E8%BF%B0%E6%89%93%E4%B8%8D%E5%BC%80&difficulty=1&type=2
INFO: [ app_init ] --START--
INFO: Run Behavior\BuildLiteBehavior [ RunTime:0.000000s ]
INFO: [ app_init ] --END-- [ RunTime:0.000000s ]
INFO: [ app_begin ] --START--
INFO: Run Behavior\ReadHtmlCacheBehavior [ RunTime:0.000000s ]
INFO: [ app_begin ] --END-- [ RunTime:0.000000s ]
SQL: SHOW COLUMNS FROM `w_logs` [ RunTime:0.0120s ]
SQL: SELECT * FROM `w_logs` WHERE `content` LIKE '日志%' AND `delete` = 0 LIMIT 1   [ RunTime:0.0000s ]
SQL: SHOW COLUMNS FROM `w_project_class` [ RunTime:0.0090s ]
SQL: SELECT * FROM `w_project_class` WHERE `delete` = 0 AND `name` LIKE '%日志%' LIMIT 1   [ RunTime:0.0000s ]
NOTIC: [8] Undefined index: validate D:\WWW\work_log\ThinkPHP\Library\Think\Model.class.php 第 1185 行.
NOTIC: [8] Undefined index: auto D:\WWW\work_log\ThinkPHP\Library\Think\Model.class.php 第 1128 行.
SQL: INSERT INTO `w_logs` (`content`,`difficulty`,`type`,`create_time`,`year`,`month`,`day`) VALUES ('日志添加新的日志之后项目描述打不开','1','2','1458719563','2016','3','23') [ RunTime:0.0000s ]
SQL: SELECT * FROM `w_logs` WHERE ( id=217 )  [ RunTime:0.0000s ]
NOTIC: [8] Undefined variable: str D:\WWW\work_log\Application\Home\Controller\IndexController.class.php 第 159 行.
SQL: SELECT * FROM `w_logs` WHERE ( id=217 ) LIMIT 1   [ RunTime:0.0000s ]
SQL: SELECT * FROM `w_project_class` WHERE `name` LIKE '%日志%' AND `delete` = 0 LIMIT 1   [ RunTime:0.0000s ]
SQL: UPDATE `w_logs` SET `pid`='11' WHERE ( id=217 ) [ RunTime:0.0010s ]
SQL: UPDATE `w_project_class` SET `nums`=nums+1 WHERE ( id=11 ) [ RunTime:0.0000s ]

[ 2016-03-23T16:50:04+08:00 ] 127.0.0.1 /work_log/index.php/Home/Index/finishLog?id=216
INFO: [ app_init ] --START--
INFO: Run Behavior\BuildLiteBehavior [ RunTime:0.000000s ]
INFO: [ app_init ] --END-- [ RunTime:0.001000s ]
INFO: [ app_begin ] --START--
INFO: Run Behavior\ReadHtmlCacheBehavior [ RunTime:0.001000s ]
INFO: [ app_begin ] --END-- [ RunTime:0.001000s ]
SQL: SHOW COLUMNS FROM `w_logs` [ RunTime:0.0050s ]
SQL: SELECT * FROM `w_logs` WHERE ( id=216 ) LIMIT 1   [ RunTime:0.0010s ]
SQL: UPDATE `w_logs` SET `finished`='1',`finish_time`='1458723004' WHERE ( id=216 ) [ RunTime:0.0000s ]

[ 2016-03-23T17:08:56+08:00 ] 127.0.0.1 /work_log/index.php/Home/Index/addlogs?content=%E5%97%A8%E4%BA%91%E5%95%86%E5%AE%B6%E4%B8%AD%E5%BF%83%E9%A1%B5%E9%9D%A2&difficulty=1&type=1
INFO: [ app_init ] --START--
INFO: Run Behavior\BuildLiteBehavior [ RunTime:0.000000s ]
INFO: [ app_init ] --END-- [ RunTime:0.001000s ]
INFO: [ app_begin ] --START--
INFO: Run Behavior\ReadHtmlCacheBehavior [ RunTime:0.001000s ]
INFO: [ app_begin ] --END-- [ RunTime:0.001000s ]
SQL: SHOW COLUMNS FROM `w_logs` [ RunTime:0.0080s ]
SQL: SELECT * FROM `w_logs` WHERE `content` LIKE '嗨云%' AND `delete` = 0 LIMIT 1   [ RunTime:0.0020s ]
SQL: SHOW COLUMNS FROM `w_project_class` [ RunTime:0.0070s ]
SQL: SELECT * FROM `w_project_class` WHERE `delete` = 0 AND `name` LIKE '%嗨云%' LIMIT 1   [ RunTime:0.0000s ]
NOTIC: [8] Undefined index: validate D:\WWW\work_log\ThinkPHP\Library\Think\Model.class.php 第 1185 行.
NOTIC: [8] Undefined index: auto D:\WWW\work_log\ThinkPHP\Library\Think\Model.class.php 第 1128 行.
SQL: INSERT INTO `w_logs` (`content`,`difficulty`,`type`,`create_time`,`year`,`month`,`day`) VALUES ('嗨云商家中心页面','1','1','1458724136','2016','3','23') [ RunTime:0.0010s ]
SQL: SELECT * FROM `w_logs` WHERE ( id=218 )  [ RunTime:0.0000s ]
NOTIC: [8] Undefined variable: str D:\WWW\work_log\Application\Home\Controller\IndexController.class.php 第 159 行.
SQL: SELECT * FROM `w_logs` WHERE ( id=218 ) LIMIT 1   [ RunTime:0.0000s ]
SQL: SELECT * FROM `w_project_class` WHERE `name` LIKE '%嗨云%' AND `delete` = 0 LIMIT 1   [ RunTime:0.0000s ]
SQL: UPDATE `w_logs` SET `pid`='17' WHERE ( id=218 ) [ RunTime:0.0010s ]
SQL: UPDATE `w_project_class` SET `nums`=nums+1 WHERE ( id=17 ) [ RunTime:0.0000s ]

