[ 2016-04-19T11:08:30+08:00 ] 127.0.0.1 /work_log/index.php/Home/Index/index
INFO: [ app_init ] --START--
INFO: Run Behavior\BuildLiteBehavior [ RunTime:0.001000s ]
INFO: [ app_init ] --END-- [ RunTime:0.001000s ]
INFO: [ app_begin ] --START--
INFO: Run Behavior\ReadHtmlCacheBehavior [ RunTime:0.001000s ]
INFO: [ app_begin ] --END-- [ RunTime:0.001000s ]
SQL: SHOW COLUMNS FROM `w_logs` [ RunTime:0.0090s ]
SQL: SELECT * FROM `w_logs` WHERE `delete` = 0 ORDER BY finished,create_time desc  [ RunTime:0.0030s ]
SQL: SELECT COUNT(*) AS tp_count FROM `w_logs` WHERE `finished` = 1 AND `delete` = 0 LIMIT 1   [ RunTime:0.0000s ]
SQL: SELECT COUNT(*) AS tp_count FROM `w_logs` WHERE `finished` = 0 AND `delete` = 0 LIMIT 1   [ RunTime:0.0000s ]
SQL: SHOW COLUMNS FROM `w_project_class` [ RunTime:0.0070s ]
SQL: SELECT * FROM `w_project_class` WHERE `delete` = 0  [ RunTime:0.0010s ]
INFO: [ view_parse ] --START--
INFO: [ template_filter ] --START--
INFO: Run Behavior\ContentReplaceBehavior [ RunTime:0.000000s ]
INFO: [ template_filter ] --END-- [ RunTime:0.001000s ]
INFO: Run Behavior\ParseTemplateBehavior [ RunTime:0.029002s ]
INFO: [ view_parse ] --END-- [ RunTime:0.029002s ]
INFO: [ view_filter ] --START--
INFO: Run Behavior\WriteHtmlCacheBehavior [ RunTime:0.001000s ]
INFO: [ view_filter ] --END-- [ RunTime:0.001000s ]
INFO: [ app_end ] --START--
INFO: Run Behavior\ShowPageTraceBehavior [ RunTime:0.000000s ]
INFO: [ app_end ] --END-- [ RunTime:0.001000s ]

[ 2016-04-19T11:08:30+08:00 ] 127.0.0.1 /work_log/index.php/Home/Index/index
INFO: [ app_init ] --START--
INFO: Run Behavior\BuildLiteBehavior [ RunTime:0.000000s ]
INFO: [ app_init ] --END-- [ RunTime:0.001000s ]
INFO: [ app_begin ] --START--
INFO: Run Behavior\ReadHtmlCacheBehavior [ RunTime:0.001000s ]
INFO: [ app_begin ] --END-- [ RunTime:0.001000s ]
SQL: SHOW COLUMNS FROM `w_logs` [ RunTime:0.0030s ]
SQL: SELECT * FROM `w_logs` WHERE `delete` = 0 ORDER BY finished,create_time desc  [ RunTime:0.0010s ]
SQL: SELECT COUNT(*) AS tp_count FROM `w_logs` WHERE `finished` = 1 AND `delete` = 0 LIMIT 1   [ RunTime:0.0000s ]
SQL: SELECT COUNT(*) AS tp_count FROM `w_logs` WHERE `finished` = 0 AND `delete` = 0 LIMIT 1   [ RunTime:0.0000s ]
SQL: SHOW COLUMNS FROM `w_project_class` [ RunTime:0.0030s ]
SQL: SELECT * FROM `w_project_class` WHERE `delete` = 0  [ RunTime:0.0000s ]
INFO: [ view_parse ] --START--
INFO: [ template_filter ] --START--
INFO: Run Behavior\ContentReplaceBehavior [ RunTime:0.000000s ]
INFO: [ template_filter ] --END-- [ RunTime:0.000000s ]
INFO: Run Behavior\ParseTemplateBehavior [ RunTime:0.016000s ]
INFO: [ view_parse ] --END-- [ RunTime:0.016000s ]
INFO: [ view_filter ] --START--
INFO: Run Behavior\WriteHtmlCacheBehavior [ RunTime:0.001001s ]
INFO: [ view_filter ] --END-- [ RunTime:0.001001s ]
INFO: [ app_end ] --START--
INFO: Run Behavior\ShowPageTraceBehavior [ RunTime:0.001000s ]
INFO: [ app_end ] --END-- [ RunTime:0.001000s ]

[ 2016-04-19T11:08:33+08:00 ] 127.0.0.1 /work_log/index.php/Home/Index/index
INFO: [ app_init ] --START--
INFO: Run Behavior\BuildLiteBehavior [ RunTime:0.000000s ]
INFO: [ app_init ] --END-- [ RunTime:0.001000s ]
INFO: [ app_begin ] --START--
INFO: Run Behavior\ReadHtmlCacheBehavior [ RunTime:0.001000s ]
INFO: [ app_begin ] --END-- [ RunTime:0.001000s ]
SQL: SHOW COLUMNS FROM `w_logs` [ RunTime:0.0040s ]
SQL: SELECT * FROM `w_logs` WHERE `delete` = 0 ORDER BY finished,create_time desc  [ RunTime:0.0020s ]
SQL: SELECT COUNT(*) AS tp_count FROM `w_logs` WHERE `finished` = 1 AND `delete` = 0 LIMIT 1   [ RunTime:0.0010s ]
SQL: SELECT COUNT(*) AS tp_count FROM `w_logs` WHERE `finished` = 0 AND `delete` = 0 LIMIT 1   [ RunTime:0.0000s ]
SQL: SHOW COLUMNS FROM `w_project_class` [ RunTime:0.0040s ]
SQL: SELECT * FROM `w_project_class` WHERE `delete` = 0  [ RunTime:0.0010s ]
INFO: [ view_parse ] --START--
INFO: [ template_filter ] --START--
INFO: Run Behavior\ContentReplaceBehavior [ RunTime:0.000000s ]
INFO: [ template_filter ] --END-- [ RunTime:0.001000s ]
INFO: Run Behavior\ParseTemplateBehavior [ RunTime:0.017001s ]
INFO: [ view_parse ] --END-- [ RunTime:0.017001s ]
INFO: [ view_filter ] --START--
INFO: Run Behavior\WriteHtmlCacheBehavior [ RunTime:0.001000s ]
INFO: [ view_filter ] --END-- [ RunTime:0.001000s ]
INFO: [ app_end ] --START--
INFO: Run Behavior\ShowPageTraceBehavior [ RunTime:0.000000s ]
INFO: [ app_end ] --END-- [ RunTime:0.002000s ]

[ 2016-04-19T11:08:35+08:00 ] 127.0.0.1 /work_log/index.php/Home/Index/index
INFO: [ app_init ] --START--
INFO: Run Behavior\BuildLiteBehavior [ RunTime:0.000000s ]
INFO: [ app_init ] --END-- [ RunTime:0.000000s ]
INFO: [ app_begin ] --START--
INFO: Run Behavior\ReadHtmlCacheBehavior [ RunTime:0.001000s ]
INFO: [ app_begin ] --END-- [ RunTime:0.001000s ]
SQL: SHOW COLUMNS FROM `w_logs` [ RunTime:0.0040s ]
SQL: SELECT * FROM `w_logs` WHERE `delete` = 0 ORDER BY finished,create_time desc  [ RunTime:0.0020s ]
SQL: SELECT COUNT(*) AS tp_count FROM `w_logs` WHERE `finished` = 1 AND `delete` = 0 LIMIT 1   [ RunTime:0.0010s ]
SQL: SELECT COUNT(*) AS tp_count FROM `w_logs` WHERE `finished` = 0 AND `delete` = 0 LIMIT 1   [ RunTime:0.0010s ]
SQL: SHOW COLUMNS FROM `w_project_class` [ RunTime:0.0080s ]
SQL: SELECT * FROM `w_project_class` WHERE `delete` = 0  [ RunTime:0.0000s ]
INFO: [ view_parse ] --START--
INFO: [ template_filter ] --START--
INFO: Run Behavior\ContentReplaceBehavior [ RunTime:0.000000s ]
INFO: [ template_filter ] --END-- [ RunTime:0.000000s ]
INFO: Run Behavior\ParseTemplateBehavior [ RunTime:0.022002s ]
INFO: [ view_parse ] --END-- [ RunTime:0.022002s ]
INFO: [ view_filter ] --START--
INFO: Run Behavior\WriteHtmlCacheBehavior [ RunTime:0.001000s ]
INFO: [ view_filter ] --END-- [ RunTime:0.001000s ]
INFO: [ app_end ] --START--
INFO: Run Behavior\ShowPageTraceBehavior [ RunTime:0.001000s ]
INFO: [ app_end ] --END-- [ RunTime:0.001000s ]

[ 2016-04-19T11:08:42+08:00 ] 127.0.0.1 /work_log/index.php/Home/Index/screeningLog?pid=19&type=3
INFO: [ app_init ] --START--
INFO: Run Behavior\BuildLiteBehavior [ RunTime:0.000000s ]
INFO: [ app_init ] --END-- [ RunTime:0.001000s ]
INFO: [ app_begin ] --START--
INFO: Run Behavior\ReadHtmlCacheBehavior [ RunTime:0.000000s ]
INFO: [ app_begin ] --END-- [ RunTime:0.000000s ]
SQL: SHOW COLUMNS FROM `w_logs` [ RunTime:0.0050s ]
SQL: SELECT * FROM `w_logs` WHERE `pid` = 19 AND `delete` = 0 ORDER BY finished,create_time desc  [ RunTime:0.0000s ]
NOTIC: [8] Undefined variable: str D:\wamp\www\work_log\Application\Home\Controller\IndexController.class.php 第 161 行.

[ 2016-04-19T11:08:44+08:00 ] 127.0.0.1 /work_log/index.php/Home/Index/finishLog?id=266
INFO: [ app_init ] --START--
INFO: Run Behavior\BuildLiteBehavior [ RunTime:0.000000s ]
INFO: [ app_init ] --END-- [ RunTime:0.001000s ]
INFO: [ app_begin ] --START--
INFO: Run Behavior\ReadHtmlCacheBehavior [ RunTime:0.001000s ]
INFO: [ app_begin ] --END-- [ RunTime:0.001000s ]
SQL: SHOW COLUMNS FROM `w_logs` [ RunTime:0.0040s ]
SQL: SELECT * FROM `w_logs` WHERE ( id=266 ) LIMIT 1   [ RunTime:0.0000s ]
SQL: UPDATE `w_logs` SET `finished`='1',`finish_time`='1461035324' WHERE ( id=266 ) [ RunTime:0.0010s ]

[ 2016-04-19T11:08:44+08:00 ] 127.0.0.1 /work_log/index.php/Home/Index/finishLog?id=267
INFO: [ app_init ] --START--
INFO: Run Behavior\BuildLiteBehavior [ RunTime:0.000000s ]
INFO: [ app_init ] --END-- [ RunTime:0.001001s ]
INFO: [ app_begin ] --START--
INFO: Run Behavior\ReadHtmlCacheBehavior [ RunTime:0.001000s ]
INFO: [ app_begin ] --END-- [ RunTime:0.001000s ]
SQL: SHOW COLUMNS FROM `w_logs` [ RunTime:0.0060s ]
SQL: SELECT * FROM `w_logs` WHERE ( id=267 ) LIMIT 1   [ RunTime:0.0000s ]
SQL: UPDATE `w_logs` SET `finished`='1',`finish_time`='1461035324' WHERE ( id=267 ) [ RunTime:0.0020s ]

[ 2016-04-19T11:09:07+08:00 ] 127.0.0.1 /work_log/index.php/Home/Index/addlogs?content=%E9%9B%B6%E8%B7%9D%E7%A6%BB%E4%B8%8B%E5%8D%95%E9%A1%B5%E9%9D%A2&difficulty=1&type=1
INFO: [ app_init ] --START--
INFO: Run Behavior\BuildLiteBehavior [ RunTime:0.001000s ]
INFO: [ app_init ] --END-- [ RunTime:0.001000s ]
INFO: [ app_begin ] --START--
INFO: Run Behavior\ReadHtmlCacheBehavior [ RunTime:0.000000s ]
INFO: [ app_begin ] --END-- [ RunTime:0.000000s ]
SQL: SHOW COLUMNS FROM `w_logs` [ RunTime:0.0040s ]
SQL: SELECT * FROM `w_logs` WHERE `content` LIKE '零距%' AND `delete` = 0 LIMIT 1   [ RunTime:0.0000s ]
SQL: SHOW COLUMNS FROM `w_project_class` [ RunTime:0.0040s ]
SQL: SELECT * FROM `w_project_class` WHERE `delete` = 0 AND `name` LIKE '%零距%' LIMIT 1   [ RunTime:0.0010s ]
NOTIC: [8] Undefined index: validate D:\wamp\www\work_log\ThinkPHP\Library\Think\Model.class.php 第 1185 行.
NOTIC: [8] Undefined index: auto D:\wamp\www\work_log\ThinkPHP\Library\Think\Model.class.php 第 1128 行.
SQL: INSERT INTO `w_logs` (`content`,`difficulty`,`type`,`create_time`,`year`,`month`,`day`) VALUES ('零距离下单页面','1','1','1461035347','2016','4','19') [ RunTime:0.0000s ]
SQL: SELECT * FROM `w_logs` WHERE ( id=268 ) LIMIT 1   [ RunTime:0.0000s ]
SQL: SELECT * FROM `w_project_class` WHERE `name` LIKE '%零距%' AND `delete` = 0 LIMIT 1   [ RunTime:0.0000s ]
SQL: UPDATE `w_logs` SET `pid`='19' WHERE ( id=268 ) [ RunTime:0.0000s ]
SQL: UPDATE `w_project_class` SET `nums`=nums+1 WHERE ( id=19 ) [ RunTime:0.0000s ]
SQL: SELECT * FROM `w_logs` WHERE ( id=268 )  [ RunTime:0.0000s ]
NOTIC: [8] Undefined variable: str D:\wamp\www\work_log\Application\Home\Controller\IndexController.class.php 第 161 行.

[ 2016-04-19T11:09:34+08:00 ] 127.0.0.1 /work_log/index.php/Home/Index/addlogs?content=%E9%9B%B6%E8%B7%9D%E7%A6%BB%E5%9C%B0%E5%9D%80%E5%88%97%E8%A1%A8%E9%A1%B5&difficulty=1&type=1
INFO: [ app_init ] --START--
INFO: Run Behavior\BuildLiteBehavior [ RunTime:0.000000s ]
INFO: [ app_init ] --END-- [ RunTime:0.001000s ]
INFO: [ app_begin ] --START--
INFO: Run Behavior\ReadHtmlCacheBehavior [ RunTime:0.001000s ]
INFO: [ app_begin ] --END-- [ RunTime:0.001000s ]
SQL: SHOW COLUMNS FROM `w_logs` [ RunTime:0.0040s ]
SQL: SELECT * FROM `w_logs` WHERE `content` LIKE '零距%' AND `delete` = 0 LIMIT 1   [ RunTime:0.0000s ]
SQL: SHOW COLUMNS FROM `w_project_class` [ RunTime:0.0040s ]
SQL: SELECT * FROM `w_project_class` WHERE `delete` = 0 AND `name` LIKE '%零距%' LIMIT 1   [ RunTime:0.0000s ]
NOTIC: [8] Undefined index: validate D:\wamp\www\work_log\ThinkPHP\Library\Think\Model.class.php 第 1185 行.
NOTIC: [8] Undefined index: auto D:\wamp\www\work_log\ThinkPHP\Library\Think\Model.class.php 第 1128 行.
SQL: INSERT INTO `w_logs` (`content`,`difficulty`,`type`,`create_time`,`year`,`month`,`day`) VALUES ('零距离地址列表页','1','1','1461035374','2016','4','19') [ RunTime:0.0000s ]
SQL: SELECT * FROM `w_logs` WHERE ( id=269 ) LIMIT 1   [ RunTime:0.0000s ]
SQL: SELECT * FROM `w_project_class` WHERE `name` LIKE '%零距%' AND `delete` = 0 LIMIT 1   [ RunTime:0.0010s ]
SQL: UPDATE `w_logs` SET `pid`='19' WHERE ( id=269 ) [ RunTime:0.0000s ]
SQL: UPDATE `w_project_class` SET `nums`=nums+1 WHERE ( id=19 ) [ RunTime:0.0000s ]
SQL: SELECT * FROM `w_logs` WHERE ( id=269 )  [ RunTime:0.0000s ]
NOTIC: [8] Undefined variable: str D:\wamp\www\work_log\Application\Home\Controller\IndexController.class.php 第 161 行.

[ 2016-04-19T11:09:50+08:00 ] 127.0.0.1 /work_log/index.php/Home/Index/addlogs?content=%E9%9B%B6%E8%B7%9D%E7%A6%BB%E5%9C%B0%E5%9D%80%E7%BC%96%E8%BE%91%E9%A1%B5&difficulty=1&type=1
INFO: [ app_init ] --START--
INFO: Run Behavior\BuildLiteBehavior [ RunTime:0.000000s ]
INFO: [ app_init ] --END-- [ RunTime:0.001000s ]
INFO: [ app_begin ] --START--
INFO: Run Behavior\ReadHtmlCacheBehavior [ RunTime:0.000000s ]
INFO: [ app_begin ] --END-- [ RunTime:0.001000s ]
SQL: SHOW COLUMNS FROM `w_logs` [ RunTime:0.0030s ]
SQL: SELECT * FROM `w_logs` WHERE `content` LIKE '零距%' AND `delete` = 0 LIMIT 1   [ RunTime:0.0000s ]
SQL: SHOW COLUMNS FROM `w_project_class` [ RunTime:0.0040s ]
SQL: SELECT * FROM `w_project_class` WHERE `delete` = 0 AND `name` LIKE '%零距%' LIMIT 1   [ RunTime:0.0000s ]
NOTIC: [8] Undefined index: validate D:\wamp\www\work_log\ThinkPHP\Library\Think\Model.class.php 第 1185 行.
NOTIC: [8] Undefined index: auto D:\wamp\www\work_log\ThinkPHP\Library\Think\Model.class.php 第 1128 行.
SQL: INSERT INTO `w_logs` (`content`,`difficulty`,`type`,`create_time`,`year`,`month`,`day`) VALUES ('零距离地址编辑页','1','1','1461035390','2016','4','19') [ RunTime:0.0000s ]
SQL: SELECT * FROM `w_logs` WHERE ( id=270 ) LIMIT 1   [ RunTime:0.0000s ]
SQL: SELECT * FROM `w_project_class` WHERE `name` LIKE '%零距%' AND `delete` = 0 LIMIT 1   [ RunTime:0.0000s ]
SQL: UPDATE `w_logs` SET `pid`='19' WHERE ( id=270 ) [ RunTime:0.0000s ]
SQL: UPDATE `w_project_class` SET `nums`=nums+1 WHERE ( id=19 ) [ RunTime:0.0000s ]
SQL: SELECT * FROM `w_logs` WHERE ( id=270 )  [ RunTime:0.0000s ]
NOTIC: [8] Undefined variable: str D:\wamp\www\work_log\Application\Home\Controller\IndexController.class.php 第 161 行.

[ 2016-04-19T11:09:54+08:00 ] 127.0.0.1 /work_log/index.php/Home/Index/finishLog?id=268
INFO: [ app_init ] --START--
INFO: Run Behavior\BuildLiteBehavior [ RunTime:0.000000s ]
INFO: [ app_init ] --END-- [ RunTime:0.001000s ]
INFO: [ app_begin ] --START--
INFO: Run Behavior\ReadHtmlCacheBehavior [ RunTime:0.001000s ]
INFO: [ app_begin ] --END-- [ RunTime:0.001000s ]
SQL: SHOW COLUMNS FROM `w_logs` [ RunTime:0.0030s ]
SQL: SELECT * FROM `w_logs` WHERE ( id=268 ) LIMIT 1   [ RunTime:0.0000s ]
SQL: UPDATE `w_logs` SET `finished`='1',`finish_time`='1461035394' WHERE ( id=268 ) [ RunTime:0.0000s ]

[ 2016-04-19T11:09:54+08:00 ] 127.0.0.1 /work_log/index.php/Home/Index/finishLog?id=269
INFO: [ app_init ] --START--
INFO: Run Behavior\BuildLiteBehavior [ RunTime:0.000000s ]
INFO: [ app_init ] --END-- [ RunTime:0.000000s ]
INFO: [ app_begin ] --START--
INFO: Run Behavior\ReadHtmlCacheBehavior [ RunTime:0.001000s ]
INFO: [ app_begin ] --END-- [ RunTime:0.002000s ]
SQL: SHOW COLUMNS FROM `w_logs` [ RunTime:0.0040s ]
SQL: SELECT * FROM `w_logs` WHERE ( id=269 ) LIMIT 1   [ RunTime:0.0020s ]
SQL: UPDATE `w_logs` SET `finished`='1',`finish_time`='1461035394' WHERE ( id=269 ) [ RunTime:0.0010s ]

[ 2016-04-19T11:09:55+08:00 ] 127.0.0.1 /work_log/index.php/Home/Index/finishLog?id=270
INFO: [ app_init ] --START--
INFO: Run Behavior\BuildLiteBehavior [ RunTime:0.000000s ]
INFO: [ app_init ] --END-- [ RunTime:0.000000s ]
INFO: [ app_begin ] --START--
INFO: Run Behavior\ReadHtmlCacheBehavior [ RunTime:0.001000s ]
INFO: [ app_begin ] --END-- [ RunTime:0.001000s ]
SQL: SHOW COLUMNS FROM `w_logs` [ RunTime:0.0060s ]
SQL: SELECT * FROM `w_logs` WHERE ( id=270 ) LIMIT 1   [ RunTime:0.0010s ]
SQL: UPDATE `w_logs` SET `finished`='1',`finish_time`='1461035395' WHERE ( id=270 ) [ RunTime:0.0000s ]

[ 2016-04-19T13:35:27+08:00 ] 127.0.0.1 /work_log/index.php/Home/Index/screeningLog?pid=19&type=3
INFO: [ app_init ] --START--
INFO: Run Behavior\BuildLiteBehavior [ RunTime:0.000000s ]
INFO: [ app_init ] --END-- [ RunTime:0.001000s ]
INFO: [ app_begin ] --START--
INFO: Run Behavior\ReadHtmlCacheBehavior [ RunTime:0.002000s ]
INFO: [ app_begin ] --END-- [ RunTime:0.002000s ]
SQL: SHOW COLUMNS FROM `w_logs` [ RunTime:0.0050s ]
SQL: SELECT * FROM `w_logs` WHERE `pid` = 19 AND `delete` = 0 ORDER BY finished,create_time desc  [ RunTime:0.0010s ]
NOTIC: [8] Undefined variable: str D:\wamp\www\work_log\Application\Home\Controller\IndexController.class.php 第 161 行.

[ 2016-04-19T13:36:05+08:00 ] 127.0.0.1 /work_log/index.php/Home/Index/addlogs?content=%E9%9B%B6%E8%B7%9D%E7%A6%BB%E8%AE%A2%E5%8D%95%E9%A1%B5%E9%9D%A2&difficulty=1&type=1
INFO: [ app_init ] --START--
INFO: Run Behavior\BuildLiteBehavior [ RunTime:0.000000s ]
INFO: [ app_init ] --END-- [ RunTime:0.001000s ]
INFO: [ app_begin ] --START--
INFO: Run Behavior\ReadHtmlCacheBehavior [ RunTime:0.002000s ]
INFO: [ app_begin ] --END-- [ RunTime:0.002000s ]
SQL: SHOW COLUMNS FROM `w_logs` [ RunTime:0.0030s ]
SQL: SELECT * FROM `w_logs` WHERE `content` LIKE '零距%' AND `delete` = 0 LIMIT 1   [ RunTime:0.0010s ]
SQL: SHOW COLUMNS FROM `w_project_class` [ RunTime:0.0030s ]
SQL: SELECT * FROM `w_project_class` WHERE `delete` = 0 AND `name` LIKE '%零距%' LIMIT 1   [ RunTime:0.0000s ]
NOTIC: [8] Undefined index: validate D:\wamp\www\work_log\ThinkPHP\Library\Think\Model.class.php 第 1185 行.
NOTIC: [8] Undefined index: auto D:\wamp\www\work_log\ThinkPHP\Library\Think\Model.class.php 第 1128 行.
SQL: INSERT INTO `w_logs` (`content`,`difficulty`,`type`,`create_time`,`year`,`month`,`day`) VALUES ('零距离订单页面','1','1','1461044165','2016','4','19') [ RunTime:0.0000s ]
SQL: SELECT * FROM `w_logs` WHERE ( id=271 ) LIMIT 1   [ RunTime:0.0010s ]
SQL: SELECT * FROM `w_project_class` WHERE `name` LIKE '%零距%' AND `delete` = 0 LIMIT 1   [ RunTime:0.0000s ]
SQL: UPDATE `w_logs` SET `pid`='19' WHERE ( id=271 ) [ RunTime:0.0000s ]
SQL: UPDATE `w_project_class` SET `nums`=nums+1 WHERE ( id=19 ) [ RunTime:0.0010s ]
SQL: SELECT * FROM `w_logs` WHERE ( id=271 )  [ RunTime:0.0000s ]
NOTIC: [8] Undefined variable: str D:\wamp\www\work_log\Application\Home\Controller\IndexController.class.php 第 161 行.

[ 2016-04-19T13:36:14+08:00 ] 127.0.0.1 /work_log/index.php/Home/Index/addlogs?content=%E9%9B%B6%E8%B7%9D%E7%A6%BB%E8%AE%A2%E5%8D%95%E8%AF%A6%E6%83%85%E9%A1%B5&difficulty=1&type=1
INFO: [ app_init ] --START--
INFO: Run Behavior\BuildLiteBehavior [ RunTime:0.000000s ]
INFO: [ app_init ] --END-- [ RunTime:0.001000s ]
INFO: [ app_begin ] --START--
INFO: Run Behavior\ReadHtmlCacheBehavior [ RunTime:0.001000s ]
INFO: [ app_begin ] --END-- [ RunTime:0.001000s ]
SQL: SHOW COLUMNS FROM `w_logs` [ RunTime:0.0040s ]
SQL: SELECT * FROM `w_logs` WHERE `content` LIKE '零距%' AND `delete` = 0 LIMIT 1   [ RunTime:0.0010s ]
SQL: SHOW COLUMNS FROM `w_project_class` [ RunTime:0.0040s ]
SQL: SELECT * FROM `w_project_class` WHERE `delete` = 0 AND `name` LIKE '%零距%' LIMIT 1   [ RunTime:0.0000s ]
NOTIC: [8] Undefined index: validate D:\wamp\www\work_log\ThinkPHP\Library\Think\Model.class.php 第 1185 行.
NOTIC: [8] Undefined index: auto D:\wamp\www\work_log\ThinkPHP\Library\Think\Model.class.php 第 1128 行.
SQL: INSERT INTO `w_logs` (`content`,`difficulty`,`type`,`create_time`,`year`,`month`,`day`) VALUES ('零距离订单详情页','1','1','1461044174','2016','4','19') [ RunTime:0.0000s ]
SQL: SELECT * FROM `w_logs` WHERE ( id=272 ) LIMIT 1   [ RunTime:0.0000s ]
SQL: SELECT * FROM `w_project_class` WHERE `name` LIKE '%零距%' AND `delete` = 0 LIMIT 1   [ RunTime:0.0010s ]
SQL: UPDATE `w_logs` SET `pid`='19' WHERE ( id=272 ) [ RunTime:0.0000s ]
SQL: UPDATE `w_project_class` SET `nums`=nums+1 WHERE ( id=19 ) [ RunTime:0.0000s ]
SQL: SELECT * FROM `w_logs` WHERE ( id=272 )  [ RunTime:0.0000s ]
NOTIC: [8] Undefined variable: str D:\wamp\www\work_log\Application\Home\Controller\IndexController.class.php 第 161 行.

[ 2016-04-19T15:22:24+08:00 ] 127.0.0.1 /work_log/index.php/Home/Index/finishLog?id=271
INFO: [ app_init ] --START--
INFO: Run Behavior\BuildLiteBehavior [ RunTime:0.000000s ]
INFO: [ app_init ] --END-- [ RunTime:0.001000s ]
INFO: [ app_begin ] --START--
INFO: Run Behavior\ReadHtmlCacheBehavior [ RunTime:0.001000s ]
INFO: [ app_begin ] --END-- [ RunTime:0.001000s ]
SQL: SHOW COLUMNS FROM `w_logs` [ RunTime:0.0050s ]
SQL: SELECT * FROM `w_logs` WHERE ( id=271 ) LIMIT 1   [ RunTime:0.0000s ]
SQL: UPDATE `w_logs` SET `finished`='1',`finish_time`='1461050544' WHERE ( id=271 ) [ RunTime:0.0000s ]

[ 2016-04-19T15:22:24+08:00 ] 127.0.0.1 /work_log/index.php/Home/Index/finishLog?id=272
INFO: [ app_init ] --START--
INFO: Run Behavior\BuildLiteBehavior [ RunTime:0.000000s ]
INFO: [ app_init ] --END-- [ RunTime:0.001001s ]
INFO: [ app_begin ] --START--
INFO: Run Behavior\ReadHtmlCacheBehavior [ RunTime:0.001000s ]
INFO: [ app_begin ] --END-- [ RunTime:0.002000s ]
SQL: SHOW COLUMNS FROM `w_logs` [ RunTime:0.0040s ]
SQL: SELECT * FROM `w_logs` WHERE ( id=272 ) LIMIT 1   [ RunTime:0.0000s ]
SQL: UPDATE `w_logs` SET `finished`='1',`finish_time`='1461050544' WHERE ( id=272 ) [ RunTime:0.0010s ]

[ 2016-04-19T15:22:38+08:00 ] 127.0.0.1 /work_log/index.php/Home/Index/addlogs?content=%E9%9B%B6%E8%B7%9D%E7%A6%BB%E5%90%8E%E5%8F%B0%E4%BC%9A%E5%91%98%E7%BB%91%E5%AE%9A%E9%94%80%E5%94%AE%E4%BA%BA%E5%91%98&difficulty=1&type=1
INFO: [ app_init ] --START--
INFO: Run Behavior\BuildLiteBehavior [ RunTime:0.000000s ]
INFO: [ app_init ] --END-- [ RunTime:0.000000s ]
INFO: [ app_begin ] --START--
INFO: Run Behavior\ReadHtmlCacheBehavior [ RunTime:0.001000s ]
INFO: [ app_begin ] --END-- [ RunTime:0.001000s ]
SQL: SHOW COLUMNS FROM `w_logs` [ RunTime:0.0030s ]
SQL: SELECT * FROM `w_logs` WHERE `content` LIKE '零距%' AND `delete` = 0 LIMIT 1   [ RunTime:0.0010s ]
SQL: SHOW COLUMNS FROM `w_project_class` [ RunTime:0.0030s ]
SQL: SELECT * FROM `w_project_class` WHERE `delete` = 0 AND `name` LIKE '%零距%' LIMIT 1   [ RunTime:0.0000s ]
NOTIC: [8] Undefined index: validate D:\wamp\www\work_log\ThinkPHP\Library\Think\Model.class.php 第 1185 行.
NOTIC: [8] Undefined index: auto D:\wamp\www\work_log\ThinkPHP\Library\Think\Model.class.php 第 1128 行.
SQL: INSERT INTO `w_logs` (`content`,`difficulty`,`type`,`create_time`,`year`,`month`,`day`) VALUES ('零距离后台会员绑定销售人员','1','1','1461050558','2016','4','19') [ RunTime:0.0010s ]
SQL: SELECT * FROM `w_logs` WHERE ( id=273 ) LIMIT 1   [ RunTime:0.0010s ]
SQL: SELECT * FROM `w_project_class` WHERE `name` LIKE '%零距%' AND `delete` = 0 LIMIT 1   [ RunTime:0.0010s ]
SQL: UPDATE `w_logs` SET `pid`='19' WHERE ( id=273 ) [ RunTime:0.0000s ]
SQL: UPDATE `w_project_class` SET `nums`=nums+1 WHERE ( id=19 ) [ RunTime:0.0000s ]
SQL: SELECT * FROM `w_logs` WHERE ( id=273 )  [ RunTime:0.0000s ]
NOTIC: [8] Undefined variable: str D:\wamp\www\work_log\Application\Home\Controller\IndexController.class.php 第 161 行.

[ 2016-04-19T15:22:46+08:00 ] 127.0.0.1 /work_log/index.php/Home/Index/addlogs?content=%E9%9B%B6%E8%B7%9D%E7%A6%BB%E6%84%8F%E8%A7%81%E5%8F%8D%E9%A6%88&difficulty=1&type=1
INFO: [ app_init ] --START--
INFO: Run Behavior\BuildLiteBehavior [ RunTime:0.000000s ]
INFO: [ app_init ] --END-- [ RunTime:0.001000s ]
INFO: [ app_begin ] --START--
INFO: Run Behavior\ReadHtmlCacheBehavior [ RunTime:0.001000s ]
INFO: [ app_begin ] --END-- [ RunTime:0.002000s ]
SQL: SHOW COLUMNS FROM `w_logs` [ RunTime:0.0030s ]
SQL: SELECT * FROM `w_logs` WHERE `content` LIKE '零距%' AND `delete` = 0 LIMIT 1   [ RunTime:0.0000s ]
SQL: SHOW COLUMNS FROM `w_project_class` [ RunTime:0.0030s ]
SQL: SELECT * FROM `w_project_class` WHERE `delete` = 0 AND `name` LIKE '%零距%' LIMIT 1   [ RunTime:0.0000s ]
NOTIC: [8] Undefined index: validate D:\wamp\www\work_log\ThinkPHP\Library\Think\Model.class.php 第 1185 行.
NOTIC: [8] Undefined index: auto D:\wamp\www\work_log\ThinkPHP\Library\Think\Model.class.php 第 1128 行.
SQL: INSERT INTO `w_logs` (`content`,`difficulty`,`type`,`create_time`,`year`,`month`,`day`) VALUES ('零距离意见反馈','1','1','1461050566','2016','4','19') [ RunTime:0.0000s ]
SQL: SELECT * FROM `w_logs` WHERE ( id=274 ) LIMIT 1   [ RunTime:0.0000s ]
SQL: SELECT * FROM `w_project_class` WHERE `name` LIKE '%零距%' AND `delete` = 0 LIMIT 1   [ RunTime:0.0000s ]
SQL: UPDATE `w_logs` SET `pid`='19' WHERE ( id=274 ) [ RunTime:0.0000s ]
SQL: UPDATE `w_project_class` SET `nums`=nums+1 WHERE ( id=19 ) [ RunTime:0.0000s ]
SQL: SELECT * FROM `w_logs` WHERE ( id=274 )  [ RunTime:0.0000s ]
NOTIC: [8] Undefined variable: str D:\wamp\www\work_log\Application\Home\Controller\IndexController.class.php 第 161 行.

[ 2016-04-19T16:12:41+08:00 ] 127.0.0.1 /work_log/index.php/Home/Index/addlogs?content=%E9%9B%B6%E8%B7%9D%E7%A6%BB%E4%BC%9A%E5%91%98%E7%99%BB%E9%99%86&difficulty=1&type=1
INFO: [ app_init ] --START--
INFO: Run Behavior\BuildLiteBehavior [ RunTime:0.000000s ]
INFO: [ app_init ] --END-- [ RunTime:0.001000s ]
INFO: [ app_begin ] --START--
INFO: Run Behavior\ReadHtmlCacheBehavior [ RunTime:0.001000s ]
INFO: [ app_begin ] --END-- [ RunTime:0.002000s ]
SQL: SHOW COLUMNS FROM `w_logs` [ RunTime:0.0040s ]
SQL: SELECT * FROM `w_logs` WHERE `content` LIKE '零距%' AND `delete` = 0 LIMIT 1   [ RunTime:0.0010s ]
SQL: SHOW COLUMNS FROM `w_project_class` [ RunTime:0.0030s ]
SQL: SELECT * FROM `w_project_class` WHERE `delete` = 0 AND `name` LIKE '%零距%' LIMIT 1   [ RunTime:0.0000s ]
NOTIC: [8] Undefined index: validate D:\wamp\www\work_log\ThinkPHP\Library\Think\Model.class.php 第 1185 行.
NOTIC: [8] Undefined index: auto D:\wamp\www\work_log\ThinkPHP\Library\Think\Model.class.php 第 1128 行.
SQL: INSERT INTO `w_logs` (`content`,`difficulty`,`type`,`create_time`,`year`,`month`,`day`) VALUES ('零距离会员登陆','1','1','1461053561','2016','4','19') [ RunTime:0.0010s ]
SQL: SELECT * FROM `w_logs` WHERE ( id=275 ) LIMIT 1   [ RunTime:0.0000s ]
SQL: SELECT * FROM `w_project_class` WHERE `name` LIKE '%零距%' AND `delete` = 0 LIMIT 1   [ RunTime:0.0000s ]
SQL: UPDATE `w_logs` SET `pid`='19' WHERE ( id=275 ) [ RunTime:0.0010s ]
SQL: UPDATE `w_project_class` SET `nums`=nums+1 WHERE ( id=19 ) [ RunTime:0.0000s ]
SQL: SELECT * FROM `w_logs` WHERE ( id=275 )  [ RunTime:0.0010s ]
NOTIC: [8] Undefined variable: str D:\wamp\www\work_log\Application\Home\Controller\IndexController.class.php 第 161 行.

[ 2016-04-19T16:12:43+08:00 ] 127.0.0.1 /work_log/index.php/Home/Index/finishLog?id=274
INFO: [ app_init ] --START--
INFO: Run Behavior\BuildLiteBehavior [ RunTime:0.000000s ]
INFO: [ app_init ] --END-- [ RunTime:0.001000s ]
INFO: [ app_begin ] --START--
INFO: Run Behavior\ReadHtmlCacheBehavior [ RunTime:0.001000s ]
INFO: [ app_begin ] --END-- [ RunTime:0.001000s ]
SQL: SHOW COLUMNS FROM `w_logs` [ RunTime:0.0050s ]
SQL: SELECT * FROM `w_logs` WHERE ( id=274 ) LIMIT 1   [ RunTime:0.0010s ]
SQL: UPDATE `w_logs` SET `finished`='1',`finish_time`='1461053563' WHERE ( id=274 ) [ RunTime:0.0000s ]

[ 2016-04-19T16:12:44+08:00 ] 127.0.0.1 /work_log/index.php/Home/Index/finishLog?id=273
INFO: [ app_init ] --START--
INFO: Run Behavior\BuildLiteBehavior [ RunTime:0.000000s ]
INFO: [ app_init ] --END-- [ RunTime:0.001001s ]
INFO: [ app_begin ] --START--
INFO: Run Behavior\ReadHtmlCacheBehavior [ RunTime:0.001000s ]
INFO: [ app_begin ] --END-- [ RunTime:0.002000s ]
SQL: SHOW COLUMNS FROM `w_logs` [ RunTime:0.0060s ]
SQL: SELECT * FROM `w_logs` WHERE ( id=273 ) LIMIT 1   [ RunTime:0.0000s ]
SQL: UPDATE `w_logs` SET `finished`='1',`finish_time`='1461053564' WHERE ( id=273 ) [ RunTime:0.0010s ]

