[ 2016-07-08T11:18:43+08:00 ] 127.0.0.1 /work_log/index.php/Home/Index/index
INFO: [ app_init ] --START--
INFO: Run Behavior\BuildLiteBehavior [ RunTime:0.000000s ]
INFO: [ app_init ] --END-- [ RunTime:0.001000s ]
INFO: [ app_begin ] --START--
INFO: Run Behavior\ReadHtmlCacheBehavior [ RunTime:0.001000s ]
INFO: [ app_begin ] --END-- [ RunTime:0.001000s ]
SQL: SHOW COLUMNS FROM `w_logs` [ RunTime:0.0060s ]
SQL: SHOW COLUMNS FROM `w_project_class` [ RunTime:0.0160s ]
SQL: SELECT * FROM `w_logs` WHERE `delete` = 0 ORDER BY finished,create_time desc  [ RunTime:0.0030s ]
SQL: SELECT COUNT(*) AS tp_count FROM `w_logs` WHERE `finished` = 1 AND `delete` = 0 LIMIT 1   [ RunTime:0.0010s ]
SQL: SELECT COUNT(*) AS tp_count FROM `w_logs` WHERE `finished` = 0 AND `delete` = 0 LIMIT 1   [ RunTime:0.0000s ]
SQL: SHOW COLUMNS FROM `w_project_class` [ RunTime:0.0030s ]
SQL: SELECT * FROM `w_project_class` WHERE `delete` = 0  [ RunTime:0.0000s ]
INFO: [ view_parse ] --START--
INFO: [ template_filter ] --START--
INFO: Run Behavior\ContentReplaceBehavior [ RunTime:0.000000s ]
INFO: [ template_filter ] --END-- [ RunTime:0.000000s ]
INFO: Run Behavior\ParseTemplateBehavior [ RunTime:0.024002s ]
INFO: [ view_parse ] --END-- [ RunTime:0.024002s ]
INFO: [ view_filter ] --START--
INFO: Run Behavior\WriteHtmlCacheBehavior [ RunTime:0.001000s ]
INFO: [ view_filter ] --END-- [ RunTime:0.001000s ]
INFO: [ app_end ] --START--
INFO: Run Behavior\ShowPageTraceBehavior [ RunTime:0.002000s ]
INFO: [ app_end ] --END-- [ RunTime:0.002000s ]

[ 2016-07-08T11:18:43+08:00 ] 127.0.0.1 /work_log/index.php/Home/Index/index
INFO: [ app_init ] --START--
INFO: Run Behavior\BuildLiteBehavior [ RunTime:0.000000s ]
INFO: [ app_init ] --END-- [ RunTime:0.001000s ]
INFO: [ app_begin ] --START--
INFO: Run Behavior\ReadHtmlCacheBehavior [ RunTime:0.000000s ]
INFO: [ app_begin ] --END-- [ RunTime:0.000000s ]
SQL: SHOW COLUMNS FROM `w_logs` [ RunTime:0.0030s ]
SQL: SHOW COLUMNS FROM `w_project_class` [ RunTime:0.0030s ]
SQL: SELECT * FROM `w_logs` WHERE `delete` = 0 ORDER BY finished,create_time desc  [ RunTime:0.0020s ]
SQL: SELECT COUNT(*) AS tp_count FROM `w_logs` WHERE `finished` = 1 AND `delete` = 0 LIMIT 1   [ RunTime:0.0000s ]
SQL: SELECT COUNT(*) AS tp_count FROM `w_logs` WHERE `finished` = 0 AND `delete` = 0 LIMIT 1   [ RunTime:0.0010s ]
SQL: SHOW COLUMNS FROM `w_project_class` [ RunTime:0.0020s ]
SQL: SELECT * FROM `w_project_class` WHERE `delete` = 0  [ RunTime:0.0000s ]
INFO: [ view_parse ] --START--
INFO: [ template_filter ] --START--
INFO: Run Behavior\ContentReplaceBehavior [ RunTime:0.000000s ]
INFO: [ template_filter ] --END-- [ RunTime:0.001000s ]
INFO: Run Behavior\ParseTemplateBehavior [ RunTime:0.017001s ]
INFO: [ view_parse ] --END-- [ RunTime:0.018001s ]
INFO: [ view_filter ] --START--
INFO: Run Behavior\WriteHtmlCacheBehavior [ RunTime:0.000000s ]
INFO: [ view_filter ] --END-- [ RunTime:0.000000s ]
INFO: [ app_end ] --START--
INFO: Run Behavior\ShowPageTraceBehavior [ RunTime:0.001000s ]
INFO: [ app_end ] --END-- [ RunTime:0.001000s ]

[ 2016-07-08T11:18:52+08:00 ] 127.0.0.1 /work_log/index.php/Home/Index/index
INFO: [ app_init ] --START--
INFO: Run Behavior\BuildLiteBehavior [ RunTime:0.000000s ]
INFO: [ app_init ] --END-- [ RunTime:0.001000s ]
INFO: [ app_begin ] --START--
INFO: Run Behavior\ReadHtmlCacheBehavior [ RunTime:0.001000s ]
INFO: [ app_begin ] --END-- [ RunTime:0.001000s ]
SQL: SHOW COLUMNS FROM `w_logs` [ RunTime:0.0040s ]
SQL: SHOW COLUMNS FROM `w_project_class` [ RunTime:0.0030s ]
SQL: SELECT * FROM `w_logs` WHERE `delete` = 0 ORDER BY finished,create_time desc  [ RunTime:0.0020s ]
SQL: SELECT COUNT(*) AS tp_count FROM `w_logs` WHERE `finished` = 1 AND `delete` = 0 LIMIT 1   [ RunTime:0.0000s ]
SQL: SELECT COUNT(*) AS tp_count FROM `w_logs` WHERE `finished` = 0 AND `delete` = 0 LIMIT 1   [ RunTime:0.0000s ]
SQL: SHOW COLUMNS FROM `w_project_class` [ RunTime:0.0040s ]
SQL: SELECT * FROM `w_project_class` WHERE `delete` = 0  [ RunTime:0.0000s ]
INFO: [ view_parse ] --START--
INFO: [ template_filter ] --START--
INFO: Run Behavior\ContentReplaceBehavior [ RunTime:0.000000s ]
INFO: [ template_filter ] --END-- [ RunTime:0.000000s ]
INFO: Run Behavior\ParseTemplateBehavior [ RunTime:0.017001s ]
INFO: [ view_parse ] --END-- [ RunTime:0.017001s ]
INFO: [ view_filter ] --START--
INFO: Run Behavior\WriteHtmlCacheBehavior [ RunTime:0.000000s ]
INFO: [ view_filter ] --END-- [ RunTime:0.000000s ]
INFO: [ app_end ] --START--
INFO: Run Behavior\ShowPageTraceBehavior [ RunTime:0.001000s ]
INFO: [ app_end ] --END-- [ RunTime:0.001000s ]

[ 2016-07-08T11:19:58+08:00 ] 127.0.0.1 /work_log/index.php/Home/Index/addlogs?content=%E6%9F%92%E5%BD%A9%E6%B1%87%E7%B3%BB%E7%BB%9F%E5%BC%80%E5%A7%8B%E7%BC%96%E5%86%99&difficulty=1&type=1
INFO: [ app_init ] --START--
INFO: Run Behavior\BuildLiteBehavior [ RunTime:0.000000s ]
INFO: [ app_init ] --END-- [ RunTime:0.002000s ]
INFO: [ app_begin ] --START--
INFO: Run Behavior\ReadHtmlCacheBehavior [ RunTime:0.001000s ]
INFO: [ app_begin ] --END-- [ RunTime:0.001000s ]
SQL: SHOW COLUMNS FROM `w_logs` [ RunTime:0.0050s ]
SQL: SHOW COLUMNS FROM `w_project_class` [ RunTime:0.0030s ]
SQL: SELECT * FROM `w_logs` WHERE `content` LIKE '柒彩%' AND `delete` = 0 LIMIT 1   [ RunTime:0.0010s ]
SQL: SELECT * FROM `w_logs` WHERE `content` LIKE '柒彩汇%' AND `delete` = 0 LIMIT 1   [ RunTime:0.0010s ]
SQL: SELECT * FROM `w_logs` WHERE `content` LIKE '柒彩汇系%' AND `delete` = 0 LIMIT 1   [ RunTime:0.0010s ]
SQL: SELECT * FROM `w_logs` WHERE `content` LIKE '柒彩汇系统%' AND `delete` = 0 LIMIT 1   [ RunTime:0.0000s ]
NOTIC: [8] Undefined index: validate D:\wamp\www\work_log\ThinkPHP\Library\Think\Model.class.php 第 1185 行.
NOTIC: [8] Undefined index: auto D:\wamp\www\work_log\ThinkPHP\Library\Think\Model.class.php 第 1128 行.
SQL: INSERT INTO `w_logs` (`content`,`difficulty`,`type`,`create_time`,`year`,`month`,`day`) VALUES ('柒彩汇系统开始编写','1','1','1467947998','2016','7','8') [ RunTime:0.0000s ]
SQL: SELECT * FROM `w_logs` WHERE ( id=326 ) LIMIT 1   [ RunTime:0.0010s ]
SQL: SELECT * FROM `w_project_class` WHERE `name` LIKE '%柒彩%' AND `delete` = 0 LIMIT 1   [ RunTime:0.0000s ]
SQL: SELECT * FROM `w_logs` WHERE ( id=326 )  [ RunTime:0.0000s ]
NOTIC: [8] Undefined variable: str D:\wamp\www\work_log\Application\Home\Controller\IndexController.class.php 第 168 行.

[ 2016-07-08T11:20:08+08:00 ] 127.0.0.1 /work_log/index.php/Home/Index/addlogs?content=%E6%9F%92%E5%BD%A9%E6%B1%87%E7%B3%BB%E7%BB%9F%E6%8F%8F%E8%BF%B0&difficulty=1&type=1
INFO: [ app_init ] --START--
INFO: Run Behavior\BuildLiteBehavior [ RunTime:0.000000s ]
INFO: [ app_init ] --END-- [ RunTime:0.002000s ]
INFO: [ app_begin ] --START--
INFO: Run Behavior\ReadHtmlCacheBehavior [ RunTime:0.001000s ]
INFO: [ app_begin ] --END-- [ RunTime:0.001000s ]
SQL: SHOW COLUMNS FROM `w_logs` [ RunTime:0.0050s ]
SQL: SHOW COLUMNS FROM `w_project_class` [ RunTime:0.0050s ]
SQL: SELECT * FROM `w_logs` WHERE `content` LIKE '柒彩%' AND `delete` = 0 LIMIT 1   [ RunTime:0.0010s ]
SQL: SELECT * FROM `w_project_class` WHERE `delete` = 0 AND `name` LIKE '%柒彩%' LIMIT 1   [ RunTime:0.0010s ]
NOTIC: [8] Undefined index: validate D:\wamp\www\work_log\ThinkPHP\Library\Think\Model.class.php 第 1185 行.
NOTIC: [8] Undefined index: auto D:\wamp\www\work_log\ThinkPHP\Library\Think\Model.class.php 第 1128 行.
SQL: INSERT INTO `w_project_class` (`name`,`time`,`year`,`month`,`day`) VALUES ('柒彩','1467948008','2016','7','8') [ RunTime:0.0000s ]
SQL: UPDATE `w_logs` SET `pid`='30' WHERE `content` LIKE '柒彩%' AND `delete` = 0 AND `pid` = 0 [ RunTime:0.0020s ]
NOTIC: [8] Undefined index: validate D:\wamp\www\work_log\ThinkPHP\Library\Think\Model.class.php 第 1185 行.
NOTIC: [8] Undefined index: auto D:\wamp\www\work_log\ThinkPHP\Library\Think\Model.class.php 第 1128 行.
SQL: INSERT INTO `w_logs` (`content`,`difficulty`,`type`,`create_time`,`year`,`month`,`day`) VALUES ('柒彩汇系统描述','1','1','1467948008','2016','7','8') [ RunTime:0.0000s ]
SQL: SELECT * FROM `w_logs` WHERE ( id=327 ) LIMIT 1   [ RunTime:0.0000s ]
SQL: SELECT * FROM `w_project_class` WHERE `name` LIKE '%柒彩%' AND `delete` = 0 LIMIT 1   [ RunTime:0.0000s ]
SQL: SELECT `name` FROM `w_project_class` WHERE ( id=30 ) LIMIT 1   [ RunTime:0.0000s ]
SQL: UPDATE `w_logs` SET `pid`='30' WHERE ( id=327 ) [ RunTime:0.0000s ]
SQL: UPDATE `w_project_class` SET `nums`=nums+1 WHERE ( id=30 ) [ RunTime:0.0060s ]
SQL: SELECT * FROM `w_logs` WHERE ( id=327 )  [ RunTime:0.0000s ]
NOTIC: [8] Undefined variable: str D:\wamp\www\work_log\Application\Home\Controller\IndexController.class.php 第 168 行.

[ 2016-07-08T11:20:10+08:00 ] 127.0.0.1 /work_log/index.php/Home/Index/screeningLog?pid=30&type=3
INFO: [ app_init ] --START--
INFO: Run Behavior\BuildLiteBehavior [ RunTime:0.000000s ]
INFO: [ app_init ] --END-- [ RunTime:0.001000s ]
INFO: [ app_begin ] --START--
INFO: Run Behavior\ReadHtmlCacheBehavior [ RunTime:0.000000s ]
INFO: [ app_begin ] --END-- [ RunTime:0.001000s ]
SQL: SHOW COLUMNS FROM `w_logs` [ RunTime:0.0020s ]
SQL: SHOW COLUMNS FROM `w_project_class` [ RunTime:0.0030s ]
SQL: SELECT `name` FROM `w_project_class` WHERE ( id=30 ) LIMIT 1   [ RunTime:0.0000s ]
SQL: SELECT * FROM `w_logs` WHERE `pid` = 30 AND `delete` = 0 ORDER BY finished,create_time desc  [ RunTime:0.0010s ]
NOTIC: [8] Undefined variable: str D:\wamp\www\work_log\Application\Home\Controller\IndexController.class.php 第 168 行.

[ 2016-07-08T11:20:13+08:00 ] 127.0.0.1 /work_log/index.php/Home/Index/getProjectDescribe?pid=30
INFO: [ app_init ] --START--
INFO: Run Behavior\BuildLiteBehavior [ RunTime:0.000000s ]
INFO: [ app_init ] --END-- [ RunTime:0.000000s ]
INFO: [ app_begin ] --START--
INFO: Run Behavior\ReadHtmlCacheBehavior [ RunTime:0.001000s ]
INFO: [ app_begin ] --END-- [ RunTime:0.001000s ]
SQL: SHOW COLUMNS FROM `w_logs` [ RunTime:0.0120s ]
SQL: SHOW COLUMNS FROM `w_project_class` [ RunTime:0.0050s ]
SQL: SHOW COLUMNS FROM `w_project_describe` [ RunTime:0.0070s ]
SQL: SELECT * FROM `w_project_describe` WHERE `pid` = 30 LIMIT 1   [ RunTime:0.0000s ]

[ 2016-07-08T11:31:50+08:00 ] 127.0.0.1 /work_log/index.php/Home/Index/editProjectDescribe?pid=30&content=distribution_level(%E7%AD%89%E7%BA%A7%E5%88%97%E8%A1%A8)
INFO: [ app_init ] --START--
INFO: Run Behavior\BuildLiteBehavior [ RunTime:0.000000s ]
INFO: [ app_init ] --END-- [ RunTime:0.000000s ]
INFO: [ app_begin ] --START--
INFO: Run Behavior\ReadHtmlCacheBehavior [ RunTime:0.001000s ]
INFO: [ app_begin ] --END-- [ RunTime:0.001000s ]
SQL: SHOW COLUMNS FROM `w_logs` [ RunTime:0.0030s ]
SQL: SHOW COLUMNS FROM `w_project_class` [ RunTime:0.0030s ]
SQL: SHOW COLUMNS FROM `w_project_describe` [ RunTime:0.0030s ]
SQL: SELECT * FROM `w_project_describe` WHERE `pid` = 30 LIMIT 1   [ RunTime:0.0010s ]
SQL: INSERT INTO `w_project_describe` (`pid`,`content`) VALUES ('30','distribution_level(等级列表)') [ RunTime:0.0000s ]
SQL: SELECT * FROM `w_project_describe` WHERE `pid` = 30 LIMIT 1   [ RunTime:0.0000s ]

[ 2016-07-08T11:39:08+08:00 ] 127.0.0.1 /work_log/index.php/Home/Index/editProjectDescribe?pid=30&content=distribution_level(%E7%AD%89%E7%BA%A7%E5%88%97%E8%A1%A8)%0Adistribution_level_orders(%E5%8D%87%E7%BA%A7%E8%AE%A2%E5%8D%95)
INFO: [ app_init ] --START--
INFO: Run Behavior\BuildLiteBehavior [ RunTime:0.000000s ]
INFO: [ app_init ] --END-- [ RunTime:0.002000s ]
INFO: [ app_begin ] --START--
INFO: Run Behavior\ReadHtmlCacheBehavior [ RunTime:0.000000s ]
INFO: [ app_begin ] --END-- [ RunTime:0.000000s ]
SQL: SHOW COLUMNS FROM `w_logs` [ RunTime:0.0000s ]
SQL: SHOW COLUMNS FROM `w_project_class` [ RunTime:0.0000s ]
SQL: SHOW COLUMNS FROM `w_project_describe` [ RunTime:0.0000s ]
SQL: SELECT * FROM `w_project_describe` WHERE `pid` = 30 LIMIT 1   [ RunTime:0.0000s ]
SQL: UPDATE `w_project_describe` SET `content`='distribution_level(等级列表)
distribution_level_orders(升级订单)' WHERE `pid` = 30 [ RunTime:0.0000s ]
SQL: SELECT * FROM `w_project_describe` WHERE `pid` = 30 LIMIT 1   [ RunTime:0.0000s ]

[ 2016-07-08T11:45:29+08:00 ] 127.0.0.1 /work_log/index.php/Home/Index/editProjectDescribe?pid=30&content=distribution_level(%E7%AD%89%E7%BA%A7%E5%88%97%E8%A1%A8)%0Adistribution_level_orders(%E5%8D%87%E7%BA%A7%E8%AE%A2%E5%8D%95)%0Adistribution_goldused(%E9%87%91%E5%B8%81%E4%BD%BF%E7%94%A8%E5%88%97%E8%A1%A8)
INFO: [ app_init ] --START--
INFO: Run Behavior\BuildLiteBehavior [ RunTime:0.000000s ]
INFO: [ app_init ] --END-- [ RunTime:0.000000s ]
INFO: [ app_begin ] --START--
INFO: Run Behavior\ReadHtmlCacheBehavior [ RunTime:0.000000s ]
INFO: [ app_begin ] --END-- [ RunTime:0.000000s ]
SQL: SHOW COLUMNS FROM `w_logs` [ RunTime:0.0000s ]
SQL: SHOW COLUMNS FROM `w_project_class` [ RunTime:0.0156s ]
SQL: SHOW COLUMNS FROM `w_project_describe` [ RunTime:0.0000s ]
SQL: SELECT * FROM `w_project_describe` WHERE `pid` = 30 LIMIT 1   [ RunTime:0.0000s ]
SQL: UPDATE `w_project_describe` SET `content`='distribution_level(等级列表)
distribution_level_orders(升级订单)
distribution_goldused(金币使用列表)' WHERE `pid` = 30 [ RunTime:0.0000s ]
SQL: SELECT * FROM `w_project_describe` WHERE `pid` = 30 LIMIT 1   [ RunTime:0.0000s ]

[ 2016-07-08T11:45:33+08:00 ] 127.0.0.1 /work_log/index.php/Home/Index/getProjectDescribe?pid=30
INFO: [ app_init ] --START--
INFO: Run Behavior\BuildLiteBehavior [ RunTime:0.000000s ]
INFO: [ app_init ] --END-- [ RunTime:0.001000s ]
INFO: [ app_begin ] --START--
INFO: Run Behavior\ReadHtmlCacheBehavior [ RunTime:0.000000s ]
INFO: [ app_begin ] --END-- [ RunTime:0.000000s ]
SQL: SHOW COLUMNS FROM `w_logs` [ RunTime:0.0040s ]
SQL: SHOW COLUMNS FROM `w_project_class` [ RunTime:0.0050s ]
SQL: SHOW COLUMNS FROM `w_project_describe` [ RunTime:0.0060s ]
SQL: SELECT * FROM `w_project_describe` WHERE `pid` = 30 LIMIT 1   [ RunTime:0.0010s ]

[ 2016-07-08T11:46:18+08:00 ] 127.0.0.1 /work_log/index.php/Home/Index/addlogs?content=%E6%9F%92%E5%BD%A9%E6%B1%87%E8%87%AA%E8%A1%8C%E8%BF%9B%E5%85%A5%E5%B9%B3%E5%8F%B0%E7%9A%84%E4%BA%BA+%E9%9A%8F%E6%9C%BA%E5%88%86%E9%85%8D%E7%BB%99%E6%80%BB%E5%85%AC%E5%8F%B8%E6%88%96%E6%80%BB%E4%BB%A3%E7%90%86&difficulty=1&type=1
INFO: [ app_init ] --START--
INFO: Run Behavior\BuildLiteBehavior [ RunTime:0.000000s ]
INFO: [ app_init ] --END-- [ RunTime:0.000000s ]
INFO: [ app_begin ] --START--
INFO: Run Behavior\ReadHtmlCacheBehavior [ RunTime:0.000000s ]
INFO: [ app_begin ] --END-- [ RunTime:0.001000s ]
SQL: SHOW COLUMNS FROM `w_logs` [ RunTime:0.0040s ]
SQL: SHOW COLUMNS FROM `w_project_class` [ RunTime:0.0050s ]
SQL: SELECT * FROM `w_logs` WHERE `content` LIKE '柒彩%' AND `delete` = 0 LIMIT 1   [ RunTime:0.0010s ]
SQL: SELECT * FROM `w_project_class` WHERE `delete` = 0 AND `name` LIKE '%柒彩%' LIMIT 1   [ RunTime:0.0000s ]
NOTIC: [8] Undefined index: validate D:\wamp\www\work_log\ThinkPHP\Library\Think\Model.class.php 第 1185 行.
NOTIC: [8] Undefined index: auto D:\wamp\www\work_log\ThinkPHP\Library\Think\Model.class.php 第 1128 行.
SQL: INSERT INTO `w_logs` (`content`,`difficulty`,`type`,`create_time`,`year`,`month`,`day`) VALUES ('柒彩汇自行进入平台的人 随机分配给总公司或总代理','1','1','1467949578','2016','7','8') [ RunTime:0.0000s ]
SQL: SELECT * FROM `w_logs` WHERE ( id=328 ) LIMIT 1   [ RunTime:0.0000s ]
SQL: SELECT * FROM `w_project_class` WHERE `name` LIKE '%柒彩%' AND `delete` = 0 LIMIT 1   [ RunTime:0.0010s ]
SQL: SELECT `name` FROM `w_project_class` WHERE ( id=30 ) LIMIT 1   [ RunTime:0.0000s ]
SQL: UPDATE `w_logs` SET `pid`='30' WHERE ( id=328 ) [ RunTime:0.0010s ]
SQL: UPDATE `w_project_class` SET `nums`=nums+1 WHERE ( id=30 ) [ RunTime:0.0000s ]
SQL: SELECT * FROM `w_logs` WHERE ( id=328 )  [ RunTime:0.0000s ]
NOTIC: [8] Undefined variable: str D:\wamp\www\work_log\Application\Home\Controller\IndexController.class.php 第 168 行.

[ 2016-07-08T13:48:52+08:00 ] 127.0.0.1 /work_log/index.php/Home/Index/finishLog?id=328
INFO: [ app_init ] --START--
INFO: Run Behavior\BuildLiteBehavior [ RunTime:0.000000s ]
INFO: [ app_init ] --END-- [ RunTime:0.001000s ]
INFO: [ app_begin ] --START--
INFO: Run Behavior\ReadHtmlCacheBehavior [ RunTime:0.002000s ]
INFO: [ app_begin ] --END-- [ RunTime:0.002000s ]
SQL: SHOW COLUMNS FROM `w_logs` [ RunTime:0.0070s ]
SQL: SHOW COLUMNS FROM `w_project_class` [ RunTime:0.0050s ]
SQL: SELECT * FROM `w_logs` WHERE ( id=328 ) LIMIT 1   [ RunTime:0.0000s ]
SQL: UPDATE `w_logs` SET `finished`='1',`finish_time`='1467956932' WHERE ( id=328 ) [ RunTime:0.0010s ]

[ 2016-07-08T13:49:00+08:00 ] 127.0.0.1 /work_log/index.php/Home/Index/getProjectDescribe?pid=30
INFO: [ app_init ] --START--
INFO: Run Behavior\BuildLiteBehavior [ RunTime:0.000000s ]
INFO: [ app_init ] --END-- [ RunTime:0.001000s ]
INFO: [ app_begin ] --START--
INFO: Run Behavior\ReadHtmlCacheBehavior [ RunTime:0.001000s ]
INFO: [ app_begin ] --END-- [ RunTime:0.001000s ]
SQL: SHOW COLUMNS FROM `w_logs` [ RunTime:0.0040s ]
SQL: SHOW COLUMNS FROM `w_project_class` [ RunTime:0.0040s ]
SQL: SHOW COLUMNS FROM `w_project_describe` [ RunTime:0.0050s ]
SQL: SELECT * FROM `w_project_describe` WHERE `pid` = 30 LIMIT 1   [ RunTime:0.0010s ]

[ 2016-07-08T13:49:03+08:00 ] 127.0.0.1 /work_log/index.php/Home/Index/editProjectDescribe?pid=30&content=distribution_level(%E7%AD%89%E7%BA%A7%E5%88%97%E8%A1%A8)%0Adistribution_level_orders(%E5%8D%87%E7%BA%A7%E8%AE%A2%E5%8D%95)%0Adistribution_goldused(%E9%87%91%E5%B8%81%E4%BD%BF%E7%94%A8%E5%88%97%E8%A1%A8)
INFO: [ app_init ] --START--
INFO: Run Behavior\BuildLiteBehavior [ RunTime:0.000000s ]
INFO: [ app_init ] --END-- [ RunTime:0.001000s ]
INFO: [ app_begin ] --START--
INFO: Run Behavior\ReadHtmlCacheBehavior [ RunTime:0.000000s ]
INFO: [ app_begin ] --END-- [ RunTime:0.002000s ]
SQL: SHOW COLUMNS FROM `w_logs` [ RunTime:0.0030s ]
SQL: SHOW COLUMNS FROM `w_project_class` [ RunTime:0.0030s ]
SQL: SHOW COLUMNS FROM `w_project_describe` [ RunTime:0.0030s ]
SQL: SELECT * FROM `w_project_describe` WHERE `pid` = 30 LIMIT 1   [ RunTime:0.0010s ]
SQL: UPDATE `w_project_describe` SET `content`='distribution_level(等级列表)
distribution_level_orders(升级订单)
distribution_goldused(金币使用列表)' WHERE `pid` = 30 [ RunTime:0.0000s ]
SQL: SELECT * FROM `w_project_describe` WHERE `pid` = 30 LIMIT 1   [ RunTime:0.0000s ]

[ 2016-07-08T13:49:11+08:00 ] 127.0.0.1 /work_log/index.php/Home/Index/editProjectDescribe?pid=30&content=distribution_level(%E7%AD%89%E7%BA%A7%E5%88%97%E8%A1%A8)%0Adistribution_level_orders(%E5%8D%87%E7%BA%A7%E8%AE%A2%E5%8D%95)%0Adistribution_goldused(%E9%87%91%E5%B8%81%E4%BD%BF%E7%94%A8%E5%88%97%E8%A1%A8)%0A%E7%B3%BB%E7%BB%9F%E6%8F%8F%E8%BF%B0%EF%BC%9A
INFO: [ app_init ] --START--
INFO: Run Behavior\BuildLiteBehavior [ RunTime:0.000000s ]
INFO: [ app_init ] --END-- [ RunTime:0.000000s ]
INFO: [ app_begin ] --START--
INFO: Run Behavior\ReadHtmlCacheBehavior [ RunTime:0.000000s ]
INFO: [ app_begin ] --END-- [ RunTime:0.000000s ]
SQL: SHOW COLUMNS FROM `w_logs` [ RunTime:0.0000s ]
SQL: SHOW COLUMNS FROM `w_project_class` [ RunTime:0.0000s ]
SQL: SHOW COLUMNS FROM `w_project_describe` [ RunTime:0.0000s ]
SQL: SELECT * FROM `w_project_describe` WHERE `pid` = 30 LIMIT 1   [ RunTime:0.0000s ]
SQL: UPDATE `w_project_describe` SET `content`='distribution_level(等级列表)
distribution_level_orders(升级订单)
distribution_goldused(金币使用列表)
系统描述：' WHERE `pid` = 30 [ RunTime:0.0156s ]
SQL: SELECT * FROM `w_project_describe` WHERE `pid` = 30 LIMIT 1   [ RunTime:0.0000s ]

[ 2016-07-08T14:48:54+08:00 ] 127.0.0.1 /work_log/index.php/Home/Index/getProjectDescribe?pid=30
INFO: [ app_init ] --START--
INFO: Run Behavior\BuildLiteBehavior [ RunTime:0.000000s ]
INFO: [ app_init ] --END-- [ RunTime:0.000000s ]
INFO: [ app_begin ] --START--
INFO: Run Behavior\ReadHtmlCacheBehavior [ RunTime:0.001000s ]
INFO: [ app_begin ] --END-- [ RunTime:0.001000s ]
SQL: SHOW COLUMNS FROM `w_logs` [ RunTime:0.0030s ]
SQL: SHOW COLUMNS FROM `w_project_class` [ RunTime:0.0050s ]
SQL: SHOW COLUMNS FROM `w_project_describe` [ RunTime:0.0060s ]
SQL: SELECT * FROM `w_project_describe` WHERE `pid` = 30 LIMIT 1   [ RunTime:0.0000s ]

[ 2016-07-08T14:49:07+08:00 ] 127.0.0.1 /work_log/index.php/Home/Index/getProjectDescribe?pid=30
INFO: [ app_init ] --START--
INFO: Run Behavior\BuildLiteBehavior [ RunTime:0.000000s ]
INFO: [ app_init ] --END-- [ RunTime:0.000000s ]
INFO: [ app_begin ] --START--
INFO: Run Behavior\ReadHtmlCacheBehavior [ RunTime:0.001000s ]
INFO: [ app_begin ] --END-- [ RunTime:0.001000s ]
SQL: SHOW COLUMNS FROM `w_logs` [ RunTime:0.0030s ]
SQL: SHOW COLUMNS FROM `w_project_class` [ RunTime:0.0030s ]
SQL: SHOW COLUMNS FROM `w_project_describe` [ RunTime:0.0030s ]
SQL: SELECT * FROM `w_project_describe` WHERE `pid` = 30 LIMIT 1   [ RunTime:0.0000s ]

[ 2016-07-08T14:49:08+08:00 ] 127.0.0.1 /work_log/index.php/Home/Index/getProjectDescribe?pid=30
INFO: [ app_init ] --START--
INFO: Run Behavior\BuildLiteBehavior [ RunTime:0.000000s ]
INFO: [ app_init ] --END-- [ RunTime:0.001000s ]
INFO: [ app_begin ] --START--
INFO: Run Behavior\ReadHtmlCacheBehavior [ RunTime:0.000000s ]
INFO: [ app_begin ] --END-- [ RunTime:0.001000s ]
SQL: SHOW COLUMNS FROM `w_logs` [ RunTime:0.0040s ]
SQL: SHOW COLUMNS FROM `w_project_class` [ RunTime:0.0040s ]
SQL: SHOW COLUMNS FROM `w_project_describe` [ RunTime:0.0070s ]
SQL: SELECT * FROM `w_project_describe` WHERE `pid` = 30 LIMIT 1   [ RunTime:0.0020s ]

[ 2016-07-08T14:49:29+08:00 ] 127.0.0.1 /work_log/index.php/Home/Index/addlogs?content=%E6%9F%92%E5%BD%A9%E6%B1%87payHandle%E5%8D%87%E7%BA%A7%E6%93%8D%E4%BD%9C&difficulty=1&type=1
INFO: [ app_init ] --START--
INFO: Run Behavior\BuildLiteBehavior [ RunTime:0.000000s ]
INFO: [ app_init ] --END-- [ RunTime:0.001000s ]
INFO: [ app_begin ] --START--
INFO: Run Behavior\ReadHtmlCacheBehavior [ RunTime:0.000000s ]
INFO: [ app_begin ] --END-- [ RunTime:0.000000s ]
SQL: SHOW COLUMNS FROM `w_logs` [ RunTime:0.0040s ]
SQL: SHOW COLUMNS FROM `w_project_class` [ RunTime:0.0050s ]
SQL: SELECT * FROM `w_logs` WHERE `content` LIKE '柒彩%' AND `delete` = 0 LIMIT 1   [ RunTime:0.0010s ]
SQL: SELECT * FROM `w_project_class` WHERE `delete` = 0 AND `name` LIKE '%柒彩%' LIMIT 1   [ RunTime:0.0010s ]
NOTIC: [8] Undefined index: validate D:\wamp\www\work_log\ThinkPHP\Library\Think\Model.class.php 第 1185 行.
NOTIC: [8] Undefined index: auto D:\wamp\www\work_log\ThinkPHP\Library\Think\Model.class.php 第 1128 行.
SQL: INSERT INTO `w_logs` (`content`,`difficulty`,`type`,`create_time`,`year`,`month`,`day`) VALUES ('柒彩汇payHandle升级操作','1','1','1467960569','2016','7','8') [ RunTime:0.0010s ]
SQL: SELECT * FROM `w_logs` WHERE ( id=329 ) LIMIT 1   [ RunTime:0.0010s ]
SQL: SELECT * FROM `w_project_class` WHERE `name` LIKE '%柒彩%' AND `delete` = 0 LIMIT 1   [ RunTime:0.0010s ]
SQL: SELECT `name` FROM `w_project_class` WHERE ( id=30 ) LIMIT 1   [ RunTime:0.0010s ]
SQL: UPDATE `w_logs` SET `pid`='30' WHERE ( id=329 ) [ RunTime:0.0000s ]
SQL: UPDATE `w_project_class` SET `nums`=nums+1 WHERE ( id=30 ) [ RunTime:0.0000s ]
SQL: SELECT * FROM `w_logs` WHERE ( id=329 )  [ RunTime:0.0000s ]
NOTIC: [8] Undefined variable: str D:\wamp\www\work_log\Application\Home\Controller\IndexController.class.php 第 168 行.

[ 2016-07-08T14:49:32+08:00 ] 127.0.0.1 /work_log/index.php/Home/Index/getProjectDescribe?pid=30
INFO: [ app_init ] --START--
INFO: Run Behavior\BuildLiteBehavior [ RunTime:0.000000s ]
INFO: [ app_init ] --END-- [ RunTime:0.001000s ]
INFO: [ app_begin ] --START--
INFO: Run Behavior\ReadHtmlCacheBehavior [ RunTime:0.001000s ]
INFO: [ app_begin ] --END-- [ RunTime:0.001000s ]
SQL: SHOW COLUMNS FROM `w_logs` [ RunTime:0.0030s ]
SQL: SHOW COLUMNS FROM `w_project_class` [ RunTime:0.0030s ]
SQL: SHOW COLUMNS FROM `w_project_describe` [ RunTime:0.0030s ]
SQL: SELECT * FROM `w_project_describe` WHERE `pid` = 30 LIMIT 1   [ RunTime:0.0010s ]

[ 2016-07-08T14:49:35+08:00 ] 127.0.0.1 /work_log/index.php/Home/Index/editProjectDescribe?pid=30&content=distribution_level(%E7%AD%89%E7%BA%A7%E5%88%97%E8%A1%A8)%0Adistribution_level_orders(%E5%8D%87%E7%BA%A7%E8%AE%A2%E5%8D%95)%0Adistribution_goldused(%E9%87%91%E5%B8%81%E4%BD%BF%E7%94%A8%E5%88%97%E8%A1%A8)%0A%E7%B3%BB%E7%BB%9F%E6%8F%8F%E8%BF%B0%EF%BC%9A
INFO: [ app_init ] --START--
INFO: Run Behavior\BuildLiteBehavior [ RunTime:0.000000s ]
INFO: [ app_init ] --END-- [ RunTime:0.000000s ]
INFO: [ app_begin ] --START--
INFO: Run Behavior\ReadHtmlCacheBehavior [ RunTime:0.000000s ]
INFO: [ app_begin ] --END-- [ RunTime:0.000000s ]
SQL: SHOW COLUMNS FROM `w_logs` [ RunTime:0.0030s ]
SQL: SHOW COLUMNS FROM `w_project_class` [ RunTime:0.0030s ]
SQL: SHOW COLUMNS FROM `w_project_describe` [ RunTime:0.0030s ]
SQL: SELECT * FROM `w_project_describe` WHERE `pid` = 30 LIMIT 1   [ RunTime:0.0000s ]
SQL: UPDATE `w_project_describe` SET `content`='distribution_level(等级列表)
distribution_level_orders(升级订单)
distribution_goldused(金币使用列表)
系统描述：' WHERE `pid` = 30 [ RunTime:0.0000s ]
SQL: SELECT * FROM `w_project_describe` WHERE `pid` = 30 LIMIT 1   [ RunTime:0.0010s ]

[ 2016-07-08T14:50:54+08:00 ] 127.0.0.1 /work_log/index.php/Home/Index/editProjectDescribe?pid=30&content=distribution_level(%E7%AD%89%E7%BA%A7%E5%88%97%E8%A1%A8)%0Adistribution_level_orders(%E5%8D%87%E7%BA%A7%E8%AE%A2%E5%8D%95)%0Adistribution_earning(%E9%87%91%E5%B8%81%E4%BD%BF%E7%94%A8%E5%88%97%E8%A1%A8)%0A%E7%B3%BB%E7%BB%9F%E6%8F%8F%E8%BF%B0%EF%BC%9A%0A%E8%87%AA%E8%A1%8C%E8%BF%9B%E5%85%A5%E7%9A%84%E6%B8%B8%E5%AE%A2%E5%8D%87%E7%BA%A7%E4%B9%8B%E5%90%8E%E9%9A%8F%E6%9C%BA%E5%88%86%E9%85%8D%E7%BB%99%E5%85%AC%E5%8F%B8%E6%88%96%E8%80%85%E6%80%BB%E4%BB%A3%E7%90%86%2C%E6%AD%A4%E6%97%B6%E7%94%9F%E6%88%90%E4%B8%80%E6%9D%A1level_orders%E5%92%8C%E4%B8%A4%E6%9D%A1earning
INFO: [ app_init ] --START--
INFO: Run Behavior\BuildLiteBehavior [ RunTime:0.000000s ]
INFO: [ app_init ] --END-- [ RunTime:0.001000s ]
INFO: [ app_begin ] --START--
INFO: Run Behavior\ReadHtmlCacheBehavior [ RunTime:0.001000s ]
INFO: [ app_begin ] --END-- [ RunTime:0.001000s ]
SQL: SHOW COLUMNS FROM `w_logs` [ RunTime:0.0110s ]
SQL: SHOW COLUMNS FROM `w_project_class` [ RunTime:0.0030s ]
SQL: SHOW COLUMNS FROM `w_project_describe` [ RunTime:0.0030s ]
SQL: SELECT * FROM `w_project_describe` WHERE `pid` = 30 LIMIT 1   [ RunTime:0.0000s ]
SQL: UPDATE `w_project_describe` SET `content`='distribution_level(等级列表)
distribution_level_orders(升级订单)
distribution_earning(金币使用列表)
系统描述：
自行进入的游客升级之后随机分配给公司或者总代理,此时生成一条level_orders和两条earning' WHERE `pid` = 30 [ RunTime:0.0000s ]
SQL: SELECT * FROM `w_project_describe` WHERE `pid` = 30 LIMIT 1   [ RunTime:0.0000s ]

[ 2016-07-08T14:53:50+08:00 ] 127.0.0.1 /work_log/index.php/Home/Index/getProjectDescribe?pid=30
INFO: [ app_init ] --START--
INFO: Run Behavior\BuildLiteBehavior [ RunTime:0.000000s ]
INFO: [ app_init ] --END-- [ RunTime:0.000000s ]
INFO: [ app_begin ] --START--
INFO: Run Behavior\ReadHtmlCacheBehavior [ RunTime:0.000000s ]
INFO: [ app_begin ] --END-- [ RunTime:0.001000s ]
SQL: SHOW COLUMNS FROM `w_logs` [ RunTime:0.0030s ]
SQL: SHOW COLUMNS FROM `w_project_class` [ RunTime:0.0040s ]
SQL: SHOW COLUMNS FROM `w_project_describe` [ RunTime:0.0030s ]
SQL: SELECT * FROM `w_project_describe` WHERE `pid` = 30 LIMIT 1   [ RunTime:0.0000s ]

[ 2016-07-08T14:53:58+08:00 ] 127.0.0.1 /work_log/index.php/Home/Index/editlogs?con=%E6%9F%92%E5%BD%A9%E6%B1%87%E5%8D%87%E7%BA%A7%E6%93%8D%E4%BD%9C&id=329
INFO: [ app_init ] --START--
INFO: Run Behavior\BuildLiteBehavior [ RunTime:0.000000s ]
INFO: [ app_init ] --END-- [ RunTime:0.001001s ]
INFO: [ app_begin ] --START--
INFO: Run Behavior\ReadHtmlCacheBehavior [ RunTime:0.000000s ]
INFO: [ app_begin ] --END-- [ RunTime:0.000000s ]
SQL: SHOW COLUMNS FROM `w_logs` [ RunTime:0.0040s ]
SQL: SHOW COLUMNS FROM `w_project_class` [ RunTime:0.0030s ]
SQL: SELECT * FROM `w_logs` WHERE ( id=329 ) LIMIT 1   [ RunTime:0.0000s ]
SQL: UPDATE `w_logs` SET `content`='柒彩汇升级操作' WHERE ( id=329 ) [ RunTime:0.0010s ]
INFO: [ app_end ] --START--
INFO: Run Behavior\ShowPageTraceBehavior [ RunTime:0.001000s ]
INFO: [ app_end ] --END-- [ RunTime:0.001000s ]

[ 2016-07-08T15:17:13+08:00 ] 127.0.0.1 /work_log/index.php/Home/Index/finishLog?id=329
INFO: [ app_init ] --START--
INFO: Run Behavior\BuildLiteBehavior [ RunTime:0.000000s ]
INFO: [ app_init ] --END-- [ RunTime:0.001000s ]
INFO: [ app_begin ] --START--
INFO: Run Behavior\ReadHtmlCacheBehavior [ RunTime:0.002000s ]
INFO: [ app_begin ] --END-- [ RunTime:0.002000s ]
SQL: SHOW COLUMNS FROM `w_logs` [ RunTime:0.0030s ]
SQL: SHOW COLUMNS FROM `w_project_class` [ RunTime:0.0020s ]
SQL: SELECT * FROM `w_logs` WHERE ( id=329 ) LIMIT 1   [ RunTime:0.0010s ]
SQL: UPDATE `w_logs` SET `finished`='1',`finish_time`='1467962233' WHERE ( id=329 ) [ RunTime:0.0000s ]

[ 2016-07-08T15:17:30+08:00 ] 127.0.0.1 /work_log/index.php/Home/Index/addlogs?content=%E6%9F%92%E5%BD%A9%E6%B1%87%E5%85%85%E5%80%BC%E6%93%8D%E4%BD%9C&difficulty=1&type=1
INFO: [ app_init ] --START--
INFO: Run Behavior\BuildLiteBehavior [ RunTime:0.000000s ]
INFO: [ app_init ] --END-- [ RunTime:0.000000s ]
INFO: [ app_begin ] --START--
INFO: Run Behavior\ReadHtmlCacheBehavior [ RunTime:0.000000s ]
INFO: [ app_begin ] --END-- [ RunTime:0.001000s ]
SQL: SHOW COLUMNS FROM `w_logs` [ RunTime:0.0000s ]
SQL: SHOW COLUMNS FROM `w_project_class` [ RunTime:0.0000s ]
SQL: SELECT * FROM `w_logs` WHERE `content` LIKE '柒彩%' AND `delete` = 0 LIMIT 1   [ RunTime:0.0000s ]
SQL: SELECT * FROM `w_project_class` WHERE `delete` = 0 AND `name` LIKE '%柒彩%' LIMIT 1   [ RunTime:0.0000s ]
NOTIC: [8] Undefined index: validate D:\wamp\www\work_log\ThinkPHP\Library\Think\Model.class.php 第 1185 行.
NOTIC: [8] Undefined index: auto D:\wamp\www\work_log\ThinkPHP\Library\Think\Model.class.php 第 1128 行.
SQL: INSERT INTO `w_logs` (`content`,`difficulty`,`type`,`create_time`,`year`,`month`,`day`) VALUES ('柒彩汇充值操作','1','1','1467962250','2016','7','8') [ RunTime:0.0000s ]
SQL: SELECT * FROM `w_logs` WHERE ( id=330 ) LIMIT 1   [ RunTime:0.0000s ]
SQL: SELECT * FROM `w_project_class` WHERE `name` LIKE '%柒彩%' AND `delete` = 0 LIMIT 1   [ RunTime:0.0000s ]
SQL: SELECT `name` FROM `w_project_class` WHERE ( id=30 ) LIMIT 1   [ RunTime:0.0000s ]
SQL: UPDATE `w_logs` SET `pid`='30' WHERE ( id=330 ) [ RunTime:0.0000s ]
SQL: UPDATE `w_project_class` SET `nums`=nums+1 WHERE ( id=30 ) [ RunTime:0.0000s ]
SQL: SELECT * FROM `w_logs` WHERE ( id=330 )  [ RunTime:0.0000s ]
NOTIC: [8] Undefined variable: str D:\wamp\www\work_log\Application\Home\Controller\IndexController.class.php 第 168 行.

[ 2016-07-08T15:17:32+08:00 ] 127.0.0.1 /work_log/index.php/Home/Index/getProjectDescribe?pid=30
INFO: [ app_init ] --START--
INFO: Run Behavior\BuildLiteBehavior [ RunTime:0.000000s ]
INFO: [ app_init ] --END-- [ RunTime:0.001000s ]
INFO: [ app_begin ] --START--
INFO: Run Behavior\ReadHtmlCacheBehavior [ RunTime:0.001000s ]
INFO: [ app_begin ] --END-- [ RunTime:0.001000s ]
SQL: SHOW COLUMNS FROM `w_logs` [ RunTime:0.0050s ]
SQL: SHOW COLUMNS FROM `w_project_class` [ RunTime:0.0050s ]
SQL: SHOW COLUMNS FROM `w_project_describe` [ RunTime:0.0050s ]
SQL: SELECT * FROM `w_project_describe` WHERE `pid` = 30 LIMIT 1   [ RunTime:0.0010s ]

[ 2016-07-08T15:17:44+08:00 ] 127.0.0.1 /work_log/index.php/Home/Index/editProjectDescribe?pid=30&content=distribution_level(%E7%AD%89%E7%BA%A7%E5%88%97%E8%A1%A8)%0Adistribution_level_orders(%E5%8D%87%E7%BA%A7%E8%AE%A2%E5%8D%95)%0Adistribution_earning(%E9%87%91%E5%B8%81%E4%BD%BF%E7%94%A8%E5%88%97%E8%A1%A8)%0A%E7%B3%BB%E7%BB%9F%E6%8F%8F%E8%BF%B0%EF%BC%9A%0A%E8%87%AA%E8%A1%8C%E8%BF%9B%E5%85%A5%E7%9A%84%E6%B8%B8%E5%AE%A2%E5%8D%87%E7%BA%A7%E4%B9%8B%E5%90%8E%E9%9A%8F%E6%9C%BA%E5%88%86%E9%85%8D%E7%BB%99%E5%85%AC%E5%8F%B8%E6%88%96%E8%80%85%E6%80%BB%E4%BB%A3%E7%90%86%2C%E6%AD%A4%E6%97%B6%E7%94%9F%E6%88%90%E4%B8%80%E6%9D%A1level_orders%E5%92%8C%E4%B8%A4%E6%9D%A1earning
INFO: [ app_init ] --START--
INFO: Run Behavior\BuildLiteBehavior [ RunTime:0.000000s ]
INFO: [ app_init ] --END-- [ RunTime:0.000000s ]
INFO: [ app_begin ] --START--
INFO: Run Behavior\ReadHtmlCacheBehavior [ RunTime:0.000000s ]
INFO: [ app_begin ] --END-- [ RunTime:0.001000s ]
SQL: SHOW COLUMNS FROM `w_logs` [ RunTime:0.0000s ]
SQL: SHOW COLUMNS FROM `w_project_class` [ RunTime:0.0000s ]
SQL: SHOW COLUMNS FROM `w_project_describe` [ RunTime:0.0000s ]
SQL: SELECT * FROM `w_project_describe` WHERE `pid` = 30 LIMIT 1   [ RunTime:0.0000s ]
SQL: UPDATE `w_project_describe` SET `content`='distribution_level(等级列表)
distribution_level_orders(升级订单)
distribution_earning(金币使用列表)
系统描述：
自行进入的游客升级之后随机分配给公司或者总代理,此时生成一条level_orders和两条earning' WHERE `pid` = 30 [ RunTime:0.0000s ]
SQL: SELECT * FROM `w_project_describe` WHERE `pid` = 30 LIMIT 1   [ RunTime:0.0000s ]

[ 2016-07-08T15:28:01+08:00 ] 127.0.0.1 /work_log/index.php/Home/Index/getProjectDescribe?pid=30
INFO: [ app_init ] --START--
INFO: Run Behavior\BuildLiteBehavior [ RunTime:0.000000s ]
INFO: [ app_init ] --END-- [ RunTime:0.000000s ]
INFO: [ app_begin ] --START--
INFO: Run Behavior\ReadHtmlCacheBehavior [ RunTime:0.001000s ]
INFO: [ app_begin ] --END-- [ RunTime:0.001000s ]
SQL: SHOW COLUMNS FROM `w_logs` [ RunTime:0.0050s ]
SQL: SHOW COLUMNS FROM `w_project_class` [ RunTime:0.0040s ]
SQL: SHOW COLUMNS FROM `w_project_describe` [ RunTime:0.0040s ]
SQL: SELECT * FROM `w_project_describe` WHERE `pid` = 30 LIMIT 1   [ RunTime:0.0010s ]

[ 2016-07-08T15:28:02+08:00 ] 127.0.0.1 /work_log/index.php/Home/Index/getProjectDescribe?pid=30
INFO: [ app_init ] --START--
INFO: Run Behavior\BuildLiteBehavior [ RunTime:0.000000s ]
INFO: [ app_init ] --END-- [ RunTime:0.001000s ]
INFO: [ app_begin ] --START--
INFO: Run Behavior\ReadHtmlCacheBehavior [ RunTime:0.001000s ]
INFO: [ app_begin ] --END-- [ RunTime:0.001000s ]
SQL: SHOW COLUMNS FROM `w_logs` [ RunTime:0.0040s ]
SQL: SHOW COLUMNS FROM `w_project_class` [ RunTime:0.0050s ]
SQL: SHOW COLUMNS FROM `w_project_describe` [ RunTime:0.0050s ]
SQL: SELECT * FROM `w_project_describe` WHERE `pid` = 30 LIMIT 1   [ RunTime:0.0010s ]

[ 2016-07-08T15:28:08+08:00 ] 127.0.0.1 /work_log/index.php/Home/Index/getProjectDescribe?pid=30
INFO: [ app_init ] --START--
INFO: Run Behavior\BuildLiteBehavior [ RunTime:0.000000s ]
INFO: [ app_init ] --END-- [ RunTime:0.001000s ]
INFO: [ app_begin ] --START--
INFO: Run Behavior\ReadHtmlCacheBehavior [ RunTime:0.001000s ]
INFO: [ app_begin ] --END-- [ RunTime:0.001000s ]
SQL: SHOW COLUMNS FROM `w_logs` [ RunTime:0.0060s ]
SQL: SHOW COLUMNS FROM `w_project_class` [ RunTime:0.0060s ]
SQL: SHOW COLUMNS FROM `w_project_describe` [ RunTime:0.0040s ]
SQL: SELECT * FROM `w_project_describe` WHERE `pid` = 30 LIMIT 1   [ RunTime:0.0010s ]

[ 2016-07-08T15:28:11+08:00 ] 127.0.0.1 /work_log/index.php/Home/Index/getProjectDescribe?pid=30
INFO: [ app_init ] --START--
INFO: Run Behavior\BuildLiteBehavior [ RunTime:0.000000s ]
INFO: [ app_init ] --END-- [ RunTime:0.000000s ]
INFO: [ app_begin ] --START--
INFO: Run Behavior\ReadHtmlCacheBehavior [ RunTime:0.000000s ]
INFO: [ app_begin ] --END-- [ RunTime:0.001000s ]
SQL: SHOW COLUMNS FROM `w_logs` [ RunTime:0.0030s ]
SQL: SHOW COLUMNS FROM `w_project_class` [ RunTime:0.0050s ]
SQL: SHOW COLUMNS FROM `w_project_describe` [ RunTime:0.0050s ]
SQL: SELECT * FROM `w_project_describe` WHERE `pid` = 30 LIMIT 1   [ RunTime:0.0000s ]

[ 2016-07-08T15:28:14+08:00 ] 127.0.0.1 /work_log/index.php/Home/Index/index
INFO: [ app_init ] --START--
INFO: Run Behavior\BuildLiteBehavior [ RunTime:0.000000s ]
INFO: [ app_init ] --END-- [ RunTime:0.001000s ]
INFO: [ app_begin ] --START--
INFO: Run Behavior\ReadHtmlCacheBehavior [ RunTime:0.001000s ]
INFO: [ app_begin ] --END-- [ RunTime:0.001000s ]
SQL: SHOW COLUMNS FROM `w_logs` [ RunTime:0.0030s ]
SQL: SHOW COLUMNS FROM `w_project_class` [ RunTime:0.0030s ]
SQL: SELECT * FROM `w_logs` WHERE `delete` = 0 ORDER BY finished,create_time desc  [ RunTime:0.0020s ]
SQL: SELECT COUNT(*) AS tp_count FROM `w_logs` WHERE `finished` = 1 AND `delete` = 0 LIMIT 1   [ RunTime:0.0010s ]
SQL: SELECT COUNT(*) AS tp_count FROM `w_logs` WHERE `finished` = 0 AND `delete` = 0 LIMIT 1   [ RunTime:0.0000s ]
SQL: SHOW COLUMNS FROM `w_project_class` [ RunTime:0.0030s ]
SQL: SELECT * FROM `w_project_class` WHERE `delete` = 0  [ RunTime:0.0010s ]
INFO: [ view_parse ] --START--
INFO: [ template_filter ] --START--
INFO: Run Behavior\ContentReplaceBehavior [ RunTime:0.000000s ]
INFO: [ template_filter ] --END-- [ RunTime:0.000000s ]
INFO: Run Behavior\ParseTemplateBehavior [ RunTime:0.020001s ]
INFO: [ view_parse ] --END-- [ RunTime:0.020001s ]
INFO: [ view_filter ] --START--
INFO: Run Behavior\WriteHtmlCacheBehavior [ RunTime:0.001000s ]
INFO: [ view_filter ] --END-- [ RunTime:0.001000s ]
INFO: [ app_end ] --START--
INFO: Run Behavior\ShowPageTraceBehavior [ RunTime:0.000000s ]
INFO: [ app_end ] --END-- [ RunTime:0.000000s ]

[ 2016-07-08T15:28:16+08:00 ] 127.0.0.1 /work_log/index.php/Home/Index/screeningLog?pid=30&type=3
INFO: [ app_init ] --START--
INFO: Run Behavior\BuildLiteBehavior [ RunTime:0.000000s ]
INFO: [ app_init ] --END-- [ RunTime:0.000000s ]
INFO: [ app_begin ] --START--
INFO: Run Behavior\ReadHtmlCacheBehavior [ RunTime:0.001000s ]
INFO: [ app_begin ] --END-- [ RunTime:0.001000s ]
SQL: SHOW COLUMNS FROM `w_logs` [ RunTime:0.0040s ]
SQL: SHOW COLUMNS FROM `w_project_class` [ RunTime:0.0060s ]
SQL: SELECT `name` FROM `w_project_class` WHERE ( id=30 ) LIMIT 1   [ RunTime:0.0010s ]
SQL: SELECT * FROM `w_logs` WHERE `pid` = 30 AND `delete` = 0 ORDER BY finished,create_time desc  [ RunTime:0.0000s ]
NOTIC: [8] Undefined variable: str D:\wamp\www\work_log\Application\Home\Controller\IndexController.class.php 第 168 行.

[ 2016-07-08T15:28:17+08:00 ] 127.0.0.1 /work_log/index.php/Home/Index/getProjectDescribe?pid=30
INFO: [ app_init ] --START--
INFO: Run Behavior\BuildLiteBehavior [ RunTime:0.000000s ]
INFO: [ app_init ] --END-- [ RunTime:0.001000s ]
INFO: [ app_begin ] --START--
INFO: Run Behavior\ReadHtmlCacheBehavior [ RunTime:0.000000s ]
INFO: [ app_begin ] --END-- [ RunTime:0.000000s ]
SQL: SHOW COLUMNS FROM `w_logs` [ RunTime:0.0070s ]
SQL: SHOW COLUMNS FROM `w_project_class` [ RunTime:0.0040s ]
SQL: SHOW COLUMNS FROM `w_project_describe` [ RunTime:0.0040s ]
SQL: SELECT * FROM `w_project_describe` WHERE `pid` = 30 LIMIT 1   [ RunTime:0.0010s ]

[ 2016-07-08T15:28:20+08:00 ] 127.0.0.1 /work_log/index.php/Home/Index/editProjectDescribe?pid=30&content=distribution_level(%E7%AD%89%E7%BA%A7%E5%88%97%E8%A1%A8)%0Adistribution_level_orders(%E5%8D%87%E7%BA%A7%E8%AE%A2%E5%8D%95)%0Adistribution_earning(%E9%87%91%E5%B8%81%E4%BD%BF%E7%94%A8%E5%88%97%E8%A1%A8)%0A%E7%B3%BB%E7%BB%9F%E6%8F%8F%E8%BF%B0%EF%BC%9A%0A%E8%87%AA%E8%A1%8C%E8%BF%9B%E5%85%A5%E7%9A%84%E6%B8%B8%E5%AE%A2%E5%8D%87%E7%BA%A7%E4%B9%8B%E5%90%8E%E9%9A%8F%E6%9C%BA%E5%88%86%E9%85%8D%E7%BB%99%E5%85%AC%E5%8F%B8%E6%88%96%E8%80%85%E6%80%BB%E4%BB%A3%E7%90%86%2C%E6%AD%A4%E6%97%B6%E7%94%9F%E6%88%90%E4%B8%80%E6%9D%A1level_orders%E5%92%8C%E4%B8%A4%E6%9D%A1earning1
INFO: [ app_init ] --START--
INFO: Run Behavior\BuildLiteBehavior [ RunTime:0.000000s ]
INFO: [ app_init ] --END-- [ RunTime:0.000000s ]
INFO: [ app_begin ] --START--
INFO: Run Behavior\ReadHtmlCacheBehavior [ RunTime:0.001000s ]
INFO: [ app_begin ] --END-- [ RunTime:0.001000s ]
SQL: SHOW COLUMNS FROM `w_logs` [ RunTime:0.0030s ]
SQL: SHOW COLUMNS FROM `w_project_class` [ RunTime:0.0030s ]
SQL: SHOW COLUMNS FROM `w_project_describe` [ RunTime:0.0030s ]
SQL: SELECT * FROM `w_project_describe` WHERE `pid` = 30 LIMIT 1   [ RunTime:0.0000s ]
SQL: UPDATE `w_project_describe` SET `content`='distribution_level(等级列表)
distribution_level_orders(升级订单)
distribution_earning(金币使用列表)
系统描述：
自行进入的游客升级之后随机分配给公司或者总代理,此时生成一条level_orders和两条earning1' WHERE `pid` = 30 [ RunTime:0.0010s ]
SQL: SELECT * FROM `w_project_describe` WHERE `pid` = 30 LIMIT 1   [ RunTime:0.0000s ]

[ 2016-07-08T15:28:21+08:00 ] 127.0.0.1 /work_log/index.php/Home/Index/getProjectDescribe?pid=30
INFO: [ app_init ] --START--
INFO: Run Behavior\BuildLiteBehavior [ RunTime:0.000000s ]
INFO: [ app_init ] --END-- [ RunTime:0.001001s ]
INFO: [ app_begin ] --START--
INFO: Run Behavior\ReadHtmlCacheBehavior [ RunTime:0.002000s ]
INFO: [ app_begin ] --END-- [ RunTime:0.002000s ]
SQL: SHOW COLUMNS FROM `w_logs` [ RunTime:0.0030s ]
SQL: SHOW COLUMNS FROM `w_project_class` [ RunTime:0.0050s ]
SQL: SHOW COLUMNS FROM `w_project_describe` [ RunTime:0.0030s ]
SQL: SELECT * FROM `w_project_describe` WHERE `pid` = 30 LIMIT 1   [ RunTime:0.0000s ]

[ 2016-07-08T15:28:22+08:00 ] 127.0.0.1 /work_log/index.php/Home/Index/getProjectDescribe?pid=30
INFO: [ app_init ] --START--
INFO: Run Behavior\BuildLiteBehavior [ RunTime:0.000000s ]
INFO: [ app_init ] --END-- [ RunTime:0.000000s ]
INFO: [ app_begin ] --START--
INFO: Run Behavior\ReadHtmlCacheBehavior [ RunTime:0.001000s ]
INFO: [ app_begin ] --END-- [ RunTime:0.001000s ]
SQL: SHOW COLUMNS FROM `w_logs` [ RunTime:0.0040s ]
SQL: SHOW COLUMNS FROM `w_project_class` [ RunTime:0.0020s ]
SQL: SHOW COLUMNS FROM `w_project_describe` [ RunTime:0.0030s ]
SQL: SELECT * FROM `w_project_describe` WHERE `pid` = 30 LIMIT 1   [ RunTime:0.0010s ]

[ 2016-07-08T15:28:48+08:00 ] 127.0.0.1 /work_log/index.php/Home/Index/editProjectDescribe?pid=30&content=distribution_level(%E7%AD%89%E7%BA%A7%E5%88%97%E8%A1%A8)%0Adistribution_level_orders(%E5%8D%87%E7%BA%A7%E8%AE%A2%E5%8D%95)%0Adistribution_earning(%E9%87%91%E5%B8%81%E4%BD%BF%E7%94%A8%E5%88%97%E8%A1%A8)%0A%E7%B3%BB%E7%BB%9F%E6%8F%8F%E8%BF%B0%EF%BC%9A%0A%E8%87%AA%E8%A1%8C%E8%BF%9B%E5%85%A5%E7%9A%84%E6%B8%B8%E5%AE%A2%E5%8D%87%E7%BA%A7%E4%B9%8B%E5%90%8E%E9%9A%8F%E6%9C%BA%E5%88%86%E9%85%8D%E7%BB%99%E5%85%AC%E5%8F%B8%E6%88%96%E8%80%85%E6%80%BB%E4%BB%A3%E7%90%86%2C%E6%AD%A4%E6%97%B6%E7%94%9F%E6%88%90%E4%B8%80%E6%9D%A1level_orders%E5%92%8C%E4%B8%A4%E6%9D%A1earning+%2C%E5%85%85%E5%80%BC%E8%80%85%E5%8A%A0%E9%87%91%E5%B8%81%EF%BC%8C%E4%B8%8A%E7%BA%A7%E5%87%8F%E9%87%91%E5%B8%81%E5%8A%A0%E7%8E%B0%E9%87%91
INFO: [ app_init ] --START--
INFO: Run Behavior\BuildLiteBehavior [ RunTime:0.000000s ]
INFO: [ app_init ] --END-- [ RunTime:0.000000s ]
INFO: [ app_begin ] --START--
INFO: Run Behavior\ReadHtmlCacheBehavior [ RunTime:0.002000s ]
INFO: [ app_begin ] --END-- [ RunTime:0.002000s ]
SQL: SHOW COLUMNS FROM `w_logs` [ RunTime:0.0030s ]
SQL: SHOW COLUMNS FROM `w_project_class` [ RunTime:0.0040s ]
SQL: SHOW COLUMNS FROM `w_project_describe` [ RunTime:0.0040s ]
SQL: SELECT * FROM `w_project_describe` WHERE `pid` = 30 LIMIT 1   [ RunTime:0.0010s ]
SQL: UPDATE `w_project_describe` SET `content`='distribution_level(等级列表)
distribution_level_orders(升级订单)
distribution_earning(金币使用列表)
系统描述：
自行进入的游客升级之后随机分配给公司或者总代理,此时生成一条level_orders和两条earning ,充值者加金币，上级减金币加现金' WHERE `pid` = 30 [ RunTime:0.0000s ]
SQL: SELECT * FROM `w_project_describe` WHERE `pid` = 30 LIMIT 1   [ RunTime:0.0000s ]

[ 2016-07-08T15:28:59+08:00 ] 127.0.0.1 /work_log/index.php/Home/Index/editProjectDescribe?pid=30&content=distribution_level(%E7%AD%89%E7%BA%A7%E5%88%97%E8%A1%A8)%0Adistribution_level_orders(%E5%8D%87%E7%BA%A7%E8%AE%A2%E5%8D%95)%0Adistribution_earning(%E9%87%91%E5%B8%81%E4%BD%BF%E7%94%A8%E5%88%97%E8%A1%A8)%0A%E7%B3%BB%E7%BB%9F%E6%8F%8F%E8%BF%B0%EF%BC%9A%0A%E8%87%AA%E8%A1%8C%E8%BF%9B%E5%85%A5%E7%9A%84%E6%B8%B8%E5%AE%A2%E5%8D%87%E7%BA%A7%E4%B9%8B%E5%90%8E%E9%9A%8F%E6%9C%BA%E5%88%86%E9%85%8D%E7%BB%99%E5%85%AC%E5%8F%B8%E6%88%96%E8%80%85%E6%80%BB%E4%BB%A3%E7%90%86%2C%E6%AD%A4%E6%97%B6%E7%94%9F%E6%88%90%E4%B8%80%E6%9D%A1level_orders%E5%92%8C%E4%B8%A4%E6%9D%A1earning+%2C%E5%85%85%E5%80%BC%E8%80%85%E5%8A%A0%E9%87%91%E5%B8%81%EF%BC%8C%E4%B8%8A%E7%BA%A7%E5%87%8F%E9%87%91%E5%B8%81%E5%8A%A0%E7%8E%B0%E9%87%91%0A%E5%8F%AA%E6%9C%89%E4%B8%80%E6%AC%A1%E5%8D%87%E7%BA%A7%E6%9C%BA%E4%BC%9A
INFO: [ app_init ] --START--
INFO: Run Behavior\BuildLiteBehavior [ RunTime:0.000000s ]
INFO: [ app_init ] --END-- [ RunTime:0.001000s ]
INFO: [ app_begin ] --START--
INFO: Run Behavior\ReadHtmlCacheBehavior [ RunTime:0.002000s ]
INFO: [ app_begin ] --END-- [ RunTime:0.002000s ]
SQL: SHOW COLUMNS FROM `w_logs` [ RunTime:0.0030s ]
SQL: SHOW COLUMNS FROM `w_project_class` [ RunTime:0.0020s ]
SQL: SHOW COLUMNS FROM `w_project_describe` [ RunTime:0.0030s ]
SQL: SELECT * FROM `w_project_describe` WHERE `pid` = 30 LIMIT 1   [ RunTime:0.0000s ]
SQL: UPDATE `w_project_describe` SET `content`='distribution_level(等级列表)
distribution_level_orders(升级订单)
distribution_earning(金币使用列表)
系统描述：
自行进入的游客升级之后随机分配给公司或者总代理,此时生成一条level_orders和两条earning ,充值者加金币，上级减金币加现金
只有一次升级机会' WHERE `pid` = 30 [ RunTime:0.0000s ]
SQL: SELECT * FROM `w_project_describe` WHERE `pid` = 30 LIMIT 1   [ RunTime:0.0000s ]

[ 2016-07-08T15:29:26+08:00 ] 127.0.0.1 /work_log/index.php/Home/Index/editProjectDescribe?pid=30&content=distribution_level(%E7%AD%89%E7%BA%A7%E5%88%97%E8%A1%A8)%0Adistribution_level_orders(%E5%8D%87%E7%BA%A7%E8%AE%A2%E5%8D%95)%0Adistribution_earning(%E9%87%91%E5%B8%81%E4%BD%BF%E7%94%A8%E5%88%97%E8%A1%A8)%0A%E7%B3%BB%E7%BB%9F%E6%8F%8F%E8%BF%B0%EF%BC%9A%0A%E8%87%AA%E8%A1%8C%E8%BF%9B%E5%85%A5%E7%9A%84%E6%B8%B8%E5%AE%A2%E5%8D%87%E7%BA%A7%E4%B9%8B%E5%90%8E%E9%9A%8F%E6%9C%BA%E5%88%86%E9%85%8D%E7%BB%99%E5%85%AC%E5%8F%B8%E6%88%96%E8%80%85%E6%80%BB%E4%BB%A3%E7%90%86%2C%E6%AD%A4%E6%97%B6%E7%94%9F%E6%88%90%E4%B8%80%E6%9D%A1level_orders%E5%92%8C%E4%B8%A4%E6%9D%A1earning+%2C%E5%85%85%E5%80%BC%E8%80%85%E5%8A%A0%E9%87%91%E5%B8%81%EF%BC%8C%E4%B8%8A%E7%BA%A7%E5%87%8F%E9%87%91%E5%B8%81%E5%8A%A0%E7%8E%B0%E9%87%91%0A%E5%8F%AA%E6%9C%89%E4%B8%80%E6%AC%A1%E5%8D%87%E7%BA%A7%E6%9C%BA%E4%BC%9A%0A%E5%85%85%E5%80%BC%E8%87%AA%E8%A1%8C%E5%A1%AB%E5%86%99%E5%85%85%E5%80%BC%E9%87%91%E9%A2%9D%EF%BC%8C%E4%B8%8D%E8%83%BD%E5%B0%91%E4%BA%8E%E6%9C%AC%E7%9C%81%E4%BC%9A%E5%91%98%E7%AD%89%E7%BA%A7%E9%87%91%E9%A2%9D%E7%9A%8425%25
INFO: [ app_init ] --START--
INFO: Run Behavior\BuildLiteBehavior [ RunTime:0.000000s ]
INFO: [ app_init ] --END-- [ RunTime:0.000000s ]
INFO: [ app_begin ] --START--
INFO: Run Behavior\ReadHtmlCacheBehavior [ RunTime:0.001000s ]
INFO: [ app_begin ] --END-- [ RunTime:0.001000s ]
SQL: SHOW COLUMNS FROM `w_logs` [ RunTime:0.0020s ]
SQL: SHOW COLUMNS FROM `w_project_class` [ RunTime:0.0000s ]
SQL: SHOW COLUMNS FROM `w_project_describe` [ RunTime:0.0000s ]
SQL: SELECT * FROM `w_project_describe` WHERE `pid` = 30 LIMIT 1   [ RunTime:0.0000s ]
SQL: UPDATE `w_project_describe` SET `content`='distribution_level(等级列表)
distribution_level_orders(升级订单)
distribution_earning(金币使用列表)
系统描述：
自行进入的游客升级之后随机分配给公司或者总代理,此时生成一条level_orders和两条earning ,充值者加金币，上级减金币加现金
只有一次升级机会
充值自行填写充值金额，不能少于本省会员等级金额的25%' WHERE `pid` = 30 [ RunTime:0.0000s ]
SQL: SELECT * FROM `w_project_describe` WHERE `pid` = 30 LIMIT 1   [ RunTime:0.0000s ]

[ 2016-07-08T15:34:42+08:00 ] 127.0.0.1 /work_log/index.php/Home/Index/getProjectDescribe?pid=30
INFO: [ app_init ] --START--
INFO: Run Behavior\BuildLiteBehavior [ RunTime:0.000000s ]
INFO: [ app_init ] --END-- [ RunTime:0.001000s ]
INFO: [ app_begin ] --START--
INFO: Run Behavior\ReadHtmlCacheBehavior [ RunTime:0.000000s ]
INFO: [ app_begin ] --END-- [ RunTime:0.001000s ]
SQL: SHOW COLUMNS FROM `w_logs` [ RunTime:0.0030s ]
SQL: SHOW COLUMNS FROM `w_project_class` [ RunTime:0.0040s ]
SQL: SHOW COLUMNS FROM `w_project_describe` [ RunTime:0.0030s ]
SQL: SELECT * FROM `w_project_describe` WHERE `pid` = 30 LIMIT 1   [ RunTime:0.0010s ]

[ 2016-07-08T15:34:43+08:00 ] 127.0.0.1 /work_log/index.php/Home/Index/getProjectDescribe?pid=30
INFO: [ app_init ] --START--
INFO: Run Behavior\BuildLiteBehavior [ RunTime:0.000000s ]
INFO: [ app_init ] --END-- [ RunTime:0.001000s ]
INFO: [ app_begin ] --START--
INFO: Run Behavior\ReadHtmlCacheBehavior [ RunTime:0.001000s ]
INFO: [ app_begin ] --END-- [ RunTime:0.003001s ]
SQL: SHOW COLUMNS FROM `w_logs` [ RunTime:0.0040s ]
SQL: SHOW COLUMNS FROM `w_project_class` [ RunTime:0.0030s ]
SQL: SHOW COLUMNS FROM `w_project_describe` [ RunTime:0.0030s ]
SQL: SELECT * FROM `w_project_describe` WHERE `pid` = 30 LIMIT 1   [ RunTime:0.0010s ]

[ 2016-07-08T15:34:45+08:00 ] 127.0.0.1 /work_log/index.php/Home/Index/getProjectDescribe?pid=30
INFO: [ app_init ] --START--
INFO: Run Behavior\BuildLiteBehavior [ RunTime:0.000000s ]
INFO: [ app_init ] --END-- [ RunTime:0.000000s ]
INFO: [ app_begin ] --START--
INFO: Run Behavior\ReadHtmlCacheBehavior [ RunTime:0.001000s ]
INFO: [ app_begin ] --END-- [ RunTime:0.001000s ]
SQL: SHOW COLUMNS FROM `w_logs` [ RunTime:0.0030s ]
SQL: SHOW COLUMNS FROM `w_project_class` [ RunTime:0.0030s ]
SQL: SHOW COLUMNS FROM `w_project_describe` [ RunTime:0.0030s ]
SQL: SELECT * FROM `w_project_describe` WHERE `pid` = 30 LIMIT 1   [ RunTime:0.0000s ]

[ 2016-07-08T15:34:49+08:00 ] 127.0.0.1 /work_log/index.php/Home/Index/finishLog?id=330
INFO: [ app_init ] --START--
INFO: Run Behavior\BuildLiteBehavior [ RunTime:0.001000s ]
INFO: [ app_init ] --END-- [ RunTime:0.001000s ]
INFO: [ app_begin ] --START--
INFO: Run Behavior\ReadHtmlCacheBehavior [ RunTime:0.001000s ]
INFO: [ app_begin ] --END-- [ RunTime:0.001000s ]
SQL: SHOW COLUMNS FROM `w_logs` [ RunTime:0.0030s ]
SQL: SHOW COLUMNS FROM `w_project_class` [ RunTime:0.0040s ]
SQL: SELECT * FROM `w_logs` WHERE ( id=330 ) LIMIT 1   [ RunTime:0.0010s ]
SQL: UPDATE `w_logs` SET `finished`='1',`finish_time`='1467963289' WHERE ( id=330 ) [ RunTime:0.0000s ]

[ 2016-07-08T15:47:22+08:00 ] 127.0.0.1 /work_log/index.php/Home/Index/addlogs?content=%E6%9F%92%E5%BD%A9%E6%B1%87%E8%B4%AD%E7%89%A9%E6%93%8D%E4%BD%9C&difficulty=1&type=1
INFO: [ app_init ] --START--
INFO: Run Behavior\BuildLiteBehavior [ RunTime:0.000000s ]
INFO: [ app_init ] --END-- [ RunTime:0.000000s ]
INFO: [ app_begin ] --START--
INFO: Run Behavior\ReadHtmlCacheBehavior [ RunTime:0.001000s ]
INFO: [ app_begin ] --END-- [ RunTime:0.001000s ]
SQL: SHOW COLUMNS FROM `w_logs` [ RunTime:0.0000s ]
SQL: SHOW COLUMNS FROM `w_project_class` [ RunTime:0.0000s ]
SQL: SELECT * FROM `w_logs` WHERE `content` LIKE '柒彩%' AND `delete` = 0 LIMIT 1   [ RunTime:0.0000s ]
SQL: SELECT * FROM `w_project_class` WHERE `delete` = 0 AND `name` LIKE '%柒彩%' LIMIT 1   [ RunTime:0.0000s ]
NOTIC: [8] Undefined index: validate D:\wamp\www\work_log\ThinkPHP\Library\Think\Model.class.php 第 1185 行.
NOTIC: [8] Undefined index: auto D:\wamp\www\work_log\ThinkPHP\Library\Think\Model.class.php 第 1128 行.
SQL: INSERT INTO `w_logs` (`content`,`difficulty`,`type`,`create_time`,`year`,`month`,`day`) VALUES ('柒彩汇购物操作','1','1','1467964042','2016','7','8') [ RunTime:0.0000s ]
SQL: SELECT * FROM `w_logs` WHERE ( id=331 ) LIMIT 1   [ RunTime:0.0000s ]
SQL: SELECT * FROM `w_project_class` WHERE `name` LIKE '%柒彩%' AND `delete` = 0 LIMIT 1   [ RunTime:0.0000s ]
SQL: SELECT `name` FROM `w_project_class` WHERE ( id=30 ) LIMIT 1   [ RunTime:0.0000s ]
SQL: UPDATE `w_logs` SET `pid`='30' WHERE ( id=331 ) [ RunTime:0.0000s ]
SQL: UPDATE `w_project_class` SET `nums`=nums+1 WHERE ( id=30 ) [ RunTime:0.0000s ]
SQL: SELECT * FROM `w_logs` WHERE ( id=331 )  [ RunTime:0.0000s ]
NOTIC: [8] Undefined variable: str D:\wamp\www\work_log\Application\Home\Controller\IndexController.class.php 第 168 行.

[ 2016-07-08T15:47:24+08:00 ] 127.0.0.1 /work_log/index.php/Home/Index/getProjectDescribe?pid=30
INFO: [ app_init ] --START--
INFO: Run Behavior\BuildLiteBehavior [ RunTime:0.000000s ]
INFO: [ app_init ] --END-- [ RunTime:0.000000s ]
INFO: [ app_begin ] --START--
INFO: Run Behavior\ReadHtmlCacheBehavior [ RunTime:0.001000s ]
INFO: [ app_begin ] --END-- [ RunTime:0.001000s ]
SQL: SHOW COLUMNS FROM `w_logs` [ RunTime:0.0040s ]
SQL: SHOW COLUMNS FROM `w_project_class` [ RunTime:0.0040s ]
SQL: SHOW COLUMNS FROM `w_project_describe` [ RunTime:0.0040s ]
SQL: SELECT * FROM `w_project_describe` WHERE `pid` = 30 LIMIT 1   [ RunTime:0.0000s ]

[ 2016-07-08T15:47:28+08:00 ] 127.0.0.1 /work_log/index.php/Home/Index/editProjectDescribe?pid=30&content=distribution_level(%E7%AD%89%E7%BA%A7%E5%88%97%E8%A1%A8)%0Adistribution_level_orders(%E5%8D%87%E7%BA%A7%E8%AE%A2%E5%8D%95)%0Adistribution_earning(%E9%87%91%E5%B8%81%E4%BD%BF%E7%94%A8%E5%88%97%E8%A1%A8)%0A%E7%B3%BB%E7%BB%9F%E6%8F%8F%E8%BF%B0%EF%BC%9A%0A%E8%87%AA%E8%A1%8C%E8%BF%9B%E5%85%A5%E7%9A%84%E6%B8%B8%E5%AE%A2%E5%8D%87%E7%BA%A7%E4%B9%8B%E5%90%8E%E9%9A%8F%E6%9C%BA%E5%88%86%E9%85%8D%E7%BB%99%E5%85%AC%E5%8F%B8%E6%88%96%E8%80%85%E6%80%BB%E4%BB%A3%E7%90%86%2C%E6%AD%A4%E6%97%B6%E7%94%9F%E6%88%90%E4%B8%80%E6%9D%A1level_orders%E5%92%8C%E4%B8%A4%E6%9D%A1earning+%2C%E5%85%85%E5%80%BC%E8%80%85%E5%8A%A0%E9%87%91%E5%B8%81%EF%BC%8C%E4%B8%8A%E7%BA%A7%E5%87%8F%E9%87%91%E5%B8%81%E5%8A%A0%E7%8E%B0%E9%87%91%0A%E5%8F%AA%E6%9C%89%E4%B8%80%E6%AC%A1%E5%8D%87%E7%BA%A7%E6%9C%BA%E4%BC%9A%0A%E5%85%85%E5%80%BC%E8%87%AA%E8%A1%8C%E5%A1%AB%E5%86%99%E5%85%85%E5%80%BC%E9%87%91%E9%A2%9D%EF%BC%8C%E4%B8%8D%E8%83%BD%E5%B0%91%E4%BA%8E%E6%9C%AC%E7%9C%81%E4%BC%9A%E5%91%98%E7%AD%89%E7%BA%A7%E9%87%91%E9%A2%9D%E7%9A%8425%25
INFO: [ app_init ] --START--
INFO: Run Behavior\BuildLiteBehavior [ RunTime:0.000000s ]
INFO: [ app_init ] --END-- [ RunTime:0.001000s ]
INFO: [ app_begin ] --START--
INFO: Run Behavior\ReadHtmlCacheBehavior [ RunTime:0.001000s ]
INFO: [ app_begin ] --END-- [ RunTime:0.002000s ]
SQL: SHOW COLUMNS FROM `w_logs` [ RunTime:0.0030s ]
SQL: SHOW COLUMNS FROM `w_project_class` [ RunTime:0.0030s ]
SQL: SHOW COLUMNS FROM `w_project_describe` [ RunTime:0.0020s ]
SQL: SELECT * FROM `w_project_describe` WHERE `pid` = 30 LIMIT 1   [ RunTime:0.0010s ]
SQL: UPDATE `w_project_describe` SET `content`='distribution_level(等级列表)
distribution_level_orders(升级订单)
distribution_earning(金币使用列表)
系统描述：
自行进入的游客升级之后随机分配给公司或者总代理,此时生成一条level_orders和两条earning ,充值者加金币，上级减金币加现金
只有一次升级机会
充值自行填写充值金额，不能少于本省会员等级金额的25%' WHERE `pid` = 30 [ RunTime:0.0000s ]
SQL: SELECT * FROM `w_project_describe` WHERE `pid` = 30 LIMIT 1   [ RunTime:0.0000s ]

[ 2016-07-08T15:47:37+08:00 ] 127.0.0.1 /work_log/index.php/Home/Index/editProjectDescribe?pid=30&content=distribution_level(%E7%AD%89%E7%BA%A7%E5%88%97%E8%A1%A8)%0Adistribution_level_orders(%E5%8D%87%E7%BA%A7%E8%AE%A2%E5%8D%95)%0Adistribution_earning(%E9%87%91%E5%B8%81%E4%BD%BF%E7%94%A8%E5%88%97%E8%A1%A8)%0A%E7%B3%BB%E7%BB%9F%E6%8F%8F%E8%BF%B0%EF%BC%9A%0A%E8%87%AA%E8%A1%8C%E8%BF%9B%E5%85%A5%E7%9A%84%E6%B8%B8%E5%AE%A2%E5%8D%87%E7%BA%A7%E4%B9%8B%E5%90%8E%E9%9A%8F%E6%9C%BA%E5%88%86%E9%85%8D%E7%BB%99%E5%85%AC%E5%8F%B8%E6%88%96%E8%80%85%E6%80%BB%E4%BB%A3%E7%90%86%2C%E6%AD%A4%E6%97%B6%E7%94%9F%E6%88%90%E4%B8%80%E6%9D%A1level_orders%E5%92%8C%E4%B8%A4%E6%9D%A1earning+%2C%E5%85%85%E5%80%BC%E8%80%85%E5%8A%A0%E9%87%91%E5%B8%81%EF%BC%8C%E4%B8%8A%E7%BA%A7%E5%87%8F%E9%87%91%E5%B8%81%E5%8A%A0%E7%8E%B0%E9%87%91%0A%E5%8F%AA%E6%9C%89%E4%B8%80%E6%AC%A1%E5%8D%87%E7%BA%A7%E6%9C%BA%E4%BC%9A%0A%E5%85%85%E5%80%BC%E8%87%AA%E8%A1%8C%E5%A1%AB%E5%86%99%E5%85%85%E5%80%BC%E9%87%91%E9%A2%9D%EF%BC%8C%E4%B8%8D%E8%83%BD%E5%B0%91%E4%BA%8E%E6%9C%AC%E7%9C%81%E4%BC%9A%E5%91%98%E7%AD%89%E7%BA%A7%E9%87%91%E9%A2%9D%E7%9A%8425%25%0A%E8%B4%AD%E7%89%A9%E6%B5%81%E7%A8%8B%EF%BC%9A
INFO: [ app_init ] --START--
INFO: Run Behavior\BuildLiteBehavior [ RunTime:0.000000s ]
INFO: [ app_init ] --END-- [ RunTime:0.001000s ]
INFO: [ app_begin ] --START--
INFO: Run Behavior\ReadHtmlCacheBehavior [ RunTime:0.001000s ]
INFO: [ app_begin ] --END-- [ RunTime:0.001000s ]
SQL: SHOW COLUMNS FROM `w_logs` [ RunTime:0.0040s ]
SQL: SHOW COLUMNS FROM `w_project_class` [ RunTime:0.0030s ]
SQL: SHOW COLUMNS FROM `w_project_describe` [ RunTime:0.0030s ]
SQL: SELECT * FROM `w_project_describe` WHERE `pid` = 30 LIMIT 1   [ RunTime:0.0000s ]
SQL: UPDATE `w_project_describe` SET `content`='distribution_level(等级列表)
distribution_level_orders(升级订单)
distribution_earning(金币使用列表)
系统描述：
自行进入的游客升级之后随机分配给公司或者总代理,此时生成一条level_orders和两条earning ,充值者加金币，上级减金币加现金
只有一次升级机会
充值自行填写充值金额，不能少于本省会员等级金额的25%
购物流程：' WHERE `pid` = 30 [ RunTime:0.0010s ]
SQL: SELECT * FROM `w_project_describe` WHERE `pid` = 30 LIMIT 1   [ RunTime:0.0000s ]

[ 2016-07-08T15:49:07+08:00 ] 127.0.0.1 /work_log/index.php/Home/Index/editProjectDescribe?pid=30&content=distribution_level(%E7%AD%89%E7%BA%A7%E5%88%97%E8%A1%A8)%0Adistribution_level_orders(%E5%8D%87%E7%BA%A7%E8%AE%A2%E5%8D%95)%0Adistribution_earning(%E9%87%91%E5%B8%81%E4%BD%BF%E7%94%A8%E5%88%97%E8%A1%A8)%0A%E7%B3%BB%E7%BB%9F%E6%8F%8F%E8%BF%B0%EF%BC%9A%0A%E8%87%AA%E8%A1%8C%E8%BF%9B%E5%85%A5%E7%9A%84%E6%B8%B8%E5%AE%A2%E5%8D%87%E7%BA%A7%E4%B9%8B%E5%90%8E%E9%9A%8F%E6%9C%BA%E5%88%86%E9%85%8D%E7%BB%99%E5%85%AC%E5%8F%B8%E6%88%96%E8%80%85%E6%80%BB%E4%BB%A3%E7%90%86%2C%E6%AD%A4%E6%97%B6%E7%94%9F%E6%88%90%E4%B8%80%E6%9D%A1level_orders%E5%92%8C%E4%B8%A4%E6%9D%A1earning+%2C%E5%85%85%E5%80%BC%E8%80%85%E5%8A%A0%E9%87%91%E5%B8%81%EF%BC%8C%E4%B8%8A%E7%BA%A7%E5%87%8F%E9%87%91%E5%B8%81%E5%8A%A0%E7%8E%B0%E9%87%91%0A%E5%8F%AA%E6%9C%89%E4%B8%80%E6%AC%A1%E5%8D%87%E7%BA%A7%E6%9C%BA%E4%BC%9A%0A%E5%85%85%E5%80%BC%E8%87%AA%E8%A1%8C%E5%A1%AB%E5%86%99%E5%85%85%E5%80%BC%E9%87%91%E9%A2%9D%EF%BC%8C%E4%B8%8D%E8%83%BD%E5%B0%91%E4%BA%8E%E6%9C%AC%E7%9C%81%E4%BC%9A%E5%91%98%E7%AD%89%E7%BA%A7%E9%87%91%E9%A2%9D%E7%9A%8425%25%0A%E8%B4%AD%E7%89%A9%E6%B5%81%E7%A8%8B%EF%BC%9A%0A%E6%B8%B8%E5%AE%A2%E8%B4%AD%E5%85%83%E8%B4%A7-%E3%80%8B%E6%8F%90%E4%BA%A4%E4%B8%8A%E7%BA%A7%EF%BC%8C%E6%B2%A1%E8%B4%A7%EF%BC%8C%E5%87%8F40%E9%87%91%E5%B8%81%E5%8A%A050%E4%BD%99%E9%A2%9D%EF%BC%8C-%E3%80%8B%E6%8F%90%E4%BA%A4%E4%B8%8A%E7%BA%A7-%E3%80%8B%E4%B8%8A%E7%BA%A7%E5%8A%A040%E4%BD%99%E9%A2%9D%EF%BC%8C%E5%8F%91%E8%B4%A7
INFO: [ app_init ] --START--
INFO: Run Behavior\BuildLiteBehavior [ RunTime:0.000000s ]
INFO: [ app_init ] --END-- [ RunTime:0.001000s ]
INFO: [ app_begin ] --START--
INFO: Run Behavior\ReadHtmlCacheBehavior [ RunTime:0.001000s ]
INFO: [ app_begin ] --END-- [ RunTime:0.001000s ]
SQL: SHOW COLUMNS FROM `w_logs` [ RunTime:0.0040s ]
SQL: SHOW COLUMNS FROM `w_project_class` [ RunTime:0.0040s ]
SQL: SHOW COLUMNS FROM `w_project_describe` [ RunTime:0.0030s ]
SQL: SELECT * FROM `w_project_describe` WHERE `pid` = 30 LIMIT 1   [ RunTime:0.0000s ]
SQL: UPDATE `w_project_describe` SET `content`='distribution_level(等级列表)
distribution_level_orders(升级订单)
distribution_earning(金币使用列表)
系统描述：
自行进入的游客升级之后随机分配给公司或者总代理,此时生成一条level_orders和两条earning ,充值者加金币，上级减金币加现金
只有一次升级机会
充值自行填写充值金额，不能少于本省会员等级金额的25%
购物流程：
游客购元货-》提交上级，没货，减40金币加50余额，-》提交上级-》上级加40余额，发货' WHERE `pid` = 30 [ RunTime:0.0000s ]
SQL: SELECT * FROM `w_project_describe` WHERE `pid` = 30 LIMIT 1   [ RunTime:0.0000s ]

[ 2016-07-08T16:03:29+08:00 ] 127.0.0.1 /work_log/index.php/Home/Index/editProjectDescribe?pid=30&content=distribution_level(%E7%AD%89%E7%BA%A7%E5%88%97%E8%A1%A8)%0Adistribution_level_orders(%E5%8D%87%E7%BA%A7%E8%AE%A2%E5%8D%95)%0Adistribution_earning(%E9%87%91%E5%B8%81%E4%BD%BF%E7%94%A8%E5%88%97%E8%A1%A8)%0A%E7%B3%BB%E7%BB%9F%E6%8F%8F%E8%BF%B0%EF%BC%9A%0A%E8%87%AA%E8%A1%8C%E8%BF%9B%E5%85%A5%E7%9A%84%E6%B8%B8%E5%AE%A2%E5%8D%87%E7%BA%A7%E4%B9%8B%E5%90%8E%E9%9A%8F%E6%9C%BA%E5%88%86%E9%85%8D%E7%BB%99%E5%85%AC%E5%8F%B8%E6%88%96%E8%80%85%E6%80%BB%E4%BB%A3%E7%90%86%2C%E6%AD%A4%E6%97%B6%E7%94%9F%E6%88%90%E4%B8%80%E6%9D%A1level_orders%E5%92%8C%E4%B8%A4%E6%9D%A1earning+%2C%E5%85%85%E5%80%BC%E8%80%85%E5%8A%A0%E9%87%91%E5%B8%81%EF%BC%8C%E4%B8%8A%E7%BA%A7%E5%87%8F%E9%87%91%E5%B8%81%E5%8A%A0%E7%8E%B0%E9%87%91%0A%E5%8F%AA%E6%9C%89%E4%B8%80%E6%AC%A1%E5%8D%87%E7%BA%A7%E6%9C%BA%E4%BC%9A%0A%E5%85%85%E5%80%BC%E8%87%AA%E8%A1%8C%E5%A1%AB%E5%86%99%E5%85%85%E5%80%BC%E9%87%91%E9%A2%9D%EF%BC%8C%E4%B8%8D%E8%83%BD%E5%B0%91%E4%BA%8E%E6%9C%AC%E7%9C%81%E4%BC%9A%E5%91%98%E7%AD%89%E7%BA%A7%E9%87%91%E9%A2%9D%E7%9A%8425%25%0A%E8%B4%AD%E7%89%A9%E6%B5%81%E7%A8%8B%EF%BC%9A%0A%E6%B8%B8%E5%AE%A2%E8%B4%AD%E5%85%83%E8%B4%A7-%E3%80%8B%E6%8F%90%E4%BA%A4%E4%B8%8A%E7%BA%A7%EF%BC%8C%E6%B2%A1%E8%B4%A7%EF%BC%8C%E5%87%8F40%E9%87%91%E5%B8%81%E5%8A%A050%E4%BD%99%E9%A2%9D%EF%BC%8C-%E3%80%8B%E6%8F%90%E4%BA%A4%E4%B8%8A%E7%BA%A7-%E3%80%8B%E4%B8%8A%E7%BA%A7%E5%8A%A040%E4%BD%99%E9%A2%9D%EF%BC%8C%E5%8F%91%E8%B4%A7%0A
INFO: [ app_init ] --START--
INFO: Run Behavior\BuildLiteBehavior [ RunTime:0.001000s ]
INFO: [ app_init ] --END-- [ RunTime:0.001000s ]
INFO: [ app_begin ] --START--
INFO: Run Behavior\ReadHtmlCacheBehavior [ RunTime:0.001000s ]
INFO: [ app_begin ] --END-- [ RunTime:0.001000s ]
SQL: SHOW COLUMNS FROM `w_logs` [ RunTime:0.0040s ]
SQL: SHOW COLUMNS FROM `w_project_class` [ RunTime:0.0030s ]
SQL: SHOW COLUMNS FROM `w_project_describe` [ RunTime:0.0030s ]
SQL: SELECT * FROM `w_project_describe` WHERE `pid` = 30 LIMIT 1   [ RunTime:0.0010s ]
SQL: UPDATE `w_project_describe` SET `content`='distribution_level(等级列表)
distribution_level_orders(升级订单)
distribution_earning(金币使用列表)
系统描述：
自行进入的游客升级之后随机分配给公司或者总代理,此时生成一条level_orders和两条earning ,充值者加金币，上级减金币加现金
只有一次升级机会
充值自行填写充值金额，不能少于本省会员等级金额的25%
购物流程：
游客购元货-》提交上级，没货，减40金币加50余额，-》提交上级-》上级加40余额，发货' WHERE `pid` = 30 [ RunTime:0.0000s ]
SQL: SELECT * FROM `w_project_describe` WHERE `pid` = 30 LIMIT 1   [ RunTime:0.0000s ]

[ 2016-07-08T16:03:57+08:00 ] 127.0.0.1 /work_log/index.php/Home/Index/editProjectDescribe?pid=30&content=distribution_level(%E7%AD%89%E7%BA%A7%E5%88%97%E8%A1%A8)%0Adistribution_level_orders(%E5%8D%87%E7%BA%A7%E8%AE%A2%E5%8D%95)%0Adistribution_earning(%E9%87%91%E5%B8%81%E4%BD%BF%E7%94%A8%E5%88%97%E8%A1%A8)%0A%E7%B3%BB%E7%BB%9F%E6%8F%8F%E8%BF%B0%EF%BC%9A%0A%E8%87%AA%E8%A1%8C%E8%BF%9B%E5%85%A5%E7%9A%84%E6%B8%B8%E5%AE%A2%E5%8D%87%E7%BA%A7%E4%B9%8B%E5%90%8E%E9%9A%8F%E6%9C%BA%E5%88%86%E9%85%8D%E7%BB%99%E5%85%AC%E5%8F%B8%E6%88%96%E8%80%85%E6%80%BB%E4%BB%A3%E7%90%86%2C%E6%AD%A4%E6%97%B6%E7%94%9F%E6%88%90%E4%B8%80%E6%9D%A1level_orders%E5%92%8C%E4%B8%A4%E6%9D%A1earning+%2C%E5%85%85%E5%80%BC%E8%80%85%E5%8A%A0%E9%87%91%E5%B8%81%EF%BC%8C%E4%B8%8A%E7%BA%A7%E5%87%8F%E9%87%91%E5%B8%81%E5%8A%A0%E7%8E%B0%E9%87%91%0A%E5%8F%AA%E6%9C%89%E4%B8%80%E6%AC%A1%E5%8D%87%E7%BA%A7%E6%9C%BA%E4%BC%9A%0A%E5%85%85%E5%80%BC%E8%87%AA%E8%A1%8C%E5%A1%AB%E5%86%99%E5%85%85%E5%80%BC%E9%87%91%E9%A2%9D%EF%BC%8C%E4%B8%8D%E8%83%BD%E5%B0%91%E4%BA%8E%E6%9C%AC%E7%9C%81%E4%BC%9A%E5%91%98%E7%AD%89%E7%BA%A7%E9%87%91%E9%A2%9D%E7%9A%8425%25%0A%E8%B4%AD%E7%89%A9%E6%B5%81%E7%A8%8B%EF%BC%9A%0A%E6%B8%B8%E5%AE%A2%E8%B4%AD%E5%85%83%E8%B4%A7-%E3%80%8B%E6%8F%90%E4%BA%A4%E4%B8%8A%E7%BA%A7%EF%BC%8C%E6%B2%A1%E8%B4%A7%EF%BC%8C%E5%87%8F40%E9%87%91%E5%B8%81%E5%8A%A050%E4%BD%99%E9%A2%9D%EF%BC%8C-%E3%80%8B%E6%8F%90%E4%BA%A4%E4%B8%8A%E7%BA%A7-%E3%80%8B%E4%B8%8A%E7%BA%A7%E5%8A%A040%E4%BD%99%E9%A2%9D%EF%BC%8C%E5%8F%91%E8%B4%A7%0A%E5%95%86%E5%93%81%E9%9C%80%E8%A6%81%E8%AE%BE%E8%AE%A1%E9%92%88%E5%AF%B97%E4%B8%AA%E7%BA%A7%E5%88%AB%EF%BC%8C%E8%AE%BE%E7%BD%AE7%E4%B8%AA%E4%BB%B7%E6%A0%BC%0A
INFO: [ app_init ] --START--
INFO: Run Behavior\BuildLiteBehavior [ RunTime:0.000000s ]
INFO: [ app_init ] --END-- [ RunTime:0.000000s ]
INFO: [ app_begin ] --START--
INFO: Run Behavior\ReadHtmlCacheBehavior [ RunTime:0.000000s ]
INFO: [ app_begin ] --END-- [ RunTime:0.000000s ]
SQL: SHOW COLUMNS FROM `w_logs` [ RunTime:0.0000s ]
SQL: SHOW COLUMNS FROM `w_project_class` [ RunTime:0.0000s ]
SQL: SHOW COLUMNS FROM `w_project_describe` [ RunTime:0.0156s ]
SQL: SELECT * FROM `w_project_describe` WHERE `pid` = 30 LIMIT 1   [ RunTime:0.0000s ]
SQL: UPDATE `w_project_describe` SET `content`='distribution_level(等级列表)
distribution_level_orders(升级订单)
distribution_earning(金币使用列表)
系统描述：
自行进入的游客升级之后随机分配给公司或者总代理,此时生成一条level_orders和两条earning ,充值者加金币，上级减金币加现金
只有一次升级机会
充值自行填写充值金额，不能少于本省会员等级金额的25%
购物流程：
游客购元货-》提交上级，没货，减40金币加50余额，-》提交上级-》上级加40余额，发货
商品需要设计针对7个级别，设置7个价格' WHERE `pid` = 30 [ RunTime:0.0000s ]
SQL: SELECT * FROM `w_project_describe` WHERE `pid` = 30 LIMIT 1   [ RunTime:0.0000s ]

[ 2016-07-08T16:03:57+08:00 ] 127.0.0.1 /work_log/index.php/Home/Index/getProjectDescribe?pid=30
INFO: [ app_init ] --START--
INFO: Run Behavior\BuildLiteBehavior [ RunTime:0.000000s ]
INFO: [ app_init ] --END-- [ RunTime:0.001000s ]
INFO: [ app_begin ] --START--
INFO: Run Behavior\ReadHtmlCacheBehavior [ RunTime:0.002000s ]
INFO: [ app_begin ] --END-- [ RunTime:0.002000s ]
SQL: SHOW COLUMNS FROM `w_logs` [ RunTime:0.0040s ]
SQL: SHOW COLUMNS FROM `w_project_class` [ RunTime:0.0050s ]
SQL: SHOW COLUMNS FROM `w_project_describe` [ RunTime:0.0050s ]
SQL: SELECT * FROM `w_project_describe` WHERE `pid` = 30 LIMIT 1   [ RunTime:0.0000s ]

[ 2016-07-08T16:04:31+08:00 ] 127.0.0.1 /work_log/index.php/Home/Index/addlogs?content=%E6%9F%92%E5%BD%A9%E6%B1%87%E5%90%8E%E5%8F%B0%E7%AE%A1%E7%90%86%E5%95%86%E5%93%81&difficulty=1&type=1
INFO: [ app_init ] --START--
INFO: Run Behavior\BuildLiteBehavior [ RunTime:0.000000s ]
INFO: [ app_init ] --END-- [ RunTime:0.000000s ]
INFO: [ app_begin ] --START--
INFO: Run Behavior\ReadHtmlCacheBehavior [ RunTime:0.001000s ]
INFO: [ app_begin ] --END-- [ RunTime:0.002000s ]
SQL: SHOW COLUMNS FROM `w_logs` [ RunTime:0.0030s ]
SQL: SHOW COLUMNS FROM `w_project_class` [ RunTime:0.0030s ]
SQL: SELECT * FROM `w_logs` WHERE `content` LIKE '柒彩%' AND `delete` = 0 LIMIT 1   [ RunTime:0.0000s ]
SQL: SELECT * FROM `w_project_class` WHERE `delete` = 0 AND `name` LIKE '%柒彩%' LIMIT 1   [ RunTime:0.0010s ]
NOTIC: [8] Undefined index: validate D:\wamp\www\work_log\ThinkPHP\Library\Think\Model.class.php 第 1185 行.
NOTIC: [8] Undefined index: auto D:\wamp\www\work_log\ThinkPHP\Library\Think\Model.class.php 第 1128 行.
SQL: INSERT INTO `w_logs` (`content`,`difficulty`,`type`,`create_time`,`year`,`month`,`day`) VALUES ('柒彩汇后台管理商品','1','1','1467965071','2016','7','8') [ RunTime:0.0000s ]
SQL: SELECT * FROM `w_logs` WHERE ( id=332 ) LIMIT 1   [ RunTime:0.0000s ]
SQL: SELECT * FROM `w_project_class` WHERE `name` LIKE '%柒彩%' AND `delete` = 0 LIMIT 1   [ RunTime:0.0000s ]
SQL: SELECT `name` FROM `w_project_class` WHERE ( id=30 ) LIMIT 1   [ RunTime:0.0000s ]
SQL: UPDATE `w_logs` SET `pid`='30' WHERE ( id=332 ) [ RunTime:0.0000s ]
SQL: UPDATE `w_project_class` SET `nums`=nums+1 WHERE ( id=30 ) [ RunTime:0.0000s ]
SQL: SELECT * FROM `w_logs` WHERE ( id=332 )  [ RunTime:0.0000s ]
NOTIC: [8] Undefined variable: str D:\wamp\www\work_log\Application\Home\Controller\IndexController.class.php 第 168 行.

[ 2016-07-08T17:05:11+08:00 ] 127.0.0.1 /work_log/index.php/Home/Index/index
INFO: [ app_init ] --START--
INFO: Run Behavior\BuildLiteBehavior [ RunTime:0.000000s ]
INFO: [ app_init ] --END-- [ RunTime:0.001000s ]
INFO: [ app_begin ] --START--
INFO: Run Behavior\ReadHtmlCacheBehavior [ RunTime:0.001000s ]
INFO: [ app_begin ] --END-- [ RunTime:0.001000s ]
SQL: SHOW COLUMNS FROM `w_logs` [ RunTime:0.0040s ]
SQL: SHOW COLUMNS FROM `w_project_class` [ RunTime:0.0020s ]
SQL: SELECT * FROM `w_logs` WHERE `delete` = 0 ORDER BY finished,create_time desc  [ RunTime:0.0020s ]
SQL: SELECT COUNT(*) AS tp_count FROM `w_logs` WHERE `finished` = 1 AND `delete` = 0 LIMIT 1   [ RunTime:0.0010s ]
SQL: SELECT COUNT(*) AS tp_count FROM `w_logs` WHERE `finished` = 0 AND `delete` = 0 LIMIT 1   [ RunTime:0.0010s ]
SQL: SHOW COLUMNS FROM `w_project_class` [ RunTime:0.0020s ]
SQL: SELECT * FROM `w_project_class` WHERE `delete` = 0  [ RunTime:0.0000s ]
INFO: [ view_parse ] --START--
INFO: [ template_filter ] --START--
INFO: Run Behavior\ContentReplaceBehavior [ RunTime:0.000000s ]
INFO: [ template_filter ] --END-- [ RunTime:0.000000s ]
INFO: Run Behavior\ParseTemplateBehavior [ RunTime:0.019002s ]
INFO: [ view_parse ] --END-- [ RunTime:0.019002s ]
INFO: [ view_filter ] --START--
INFO: Run Behavior\WriteHtmlCacheBehavior [ RunTime:0.001000s ]
INFO: [ view_filter ] --END-- [ RunTime:0.001000s ]
INFO: [ app_end ] --START--
INFO: Run Behavior\ShowPageTraceBehavior [ RunTime:0.002000s ]
INFO: [ app_end ] --END-- [ RunTime:0.002000s ]

