[ 2016-03-24T11:19:26+08:00 ] 127.0.0.1 /work_log/index.php/Home/Index/index
INFO: [ app_init ] --START--
INFO: Run Behavior\BuildLiteBehavior [ RunTime:0.000000s ]
INFO: [ app_init ] --END-- [ RunTime:0.001001s ]
INFO: [ app_begin ] --START--
INFO: Run Behavior\ReadHtmlCacheBehavior [ RunTime:0.001000s ]
INFO: [ app_begin ] --END-- [ RunTime:0.001000s ]
SQL: SHOW COLUMNS FROM `w_logs` [ RunTime:0.0230s ]
SQL: SELECT * FROM `w_logs` WHERE `delete` = 0 ORDER BY finished,create_time desc  [ RunTime:0.0060s ]
SQL: SELECT COUNT(*) AS tp_count FROM `w_logs` WHERE `finished` = 1 AND `delete` = 0 LIMIT 1   [ RunTime:0.0010s ]
SQL: SELECT COUNT(*) AS tp_count FROM `w_logs` WHERE `finished` = 0 AND `delete` = 0 LIMIT 1   [ RunTime:0.0000s ]
SQL: SHOW COLUMNS FROM `w_project_class` [ RunTime:0.0120s ]
SQL: SELECT * FROM `w_project_class` WHERE `delete` = 0  [ RunTime:0.0000s ]
INFO: [ view_parse ] --START--
INFO: [ template_filter ] --START--
INFO: Run Behavior\ContentReplaceBehavior [ RunTime:0.000000s ]
INFO: [ template_filter ] --END-- [ RunTime:0.000000s ]
INFO: Run Behavior\ParseTemplateBehavior [ RunTime:0.023001s ]
INFO: [ view_parse ] --END-- [ RunTime:0.023001s ]
INFO: [ view_filter ] --START--
INFO: Run Behavior\WriteHtmlCacheBehavior [ RunTime:0.001000s ]
INFO: [ view_filter ] --END-- [ RunTime:0.001000s ]

[ 2016-03-24T11:19:27+08:00 ] 127.0.0.1 /work_log/index.php/Home/Index/index
INFO: [ app_init ] --START--
INFO: Run Behavior\BuildLiteBehavior [ RunTime:0.000000s ]
INFO: [ app_init ] --END-- [ RunTime:0.001000s ]
INFO: [ app_begin ] --START--
INFO: Run Behavior\ReadHtmlCacheBehavior [ RunTime:0.001000s ]
INFO: [ app_begin ] --END-- [ RunTime:0.001000s ]
SQL: SHOW COLUMNS FROM `w_logs` [ RunTime:0.0170s ]
SQL: SELECT * FROM `w_logs` WHERE `delete` = 0 ORDER BY finished,create_time desc  [ RunTime:0.0050s ]
SQL: SELECT COUNT(*) AS tp_count FROM `w_logs` WHERE `finished` = 1 AND `delete` = 0 LIMIT 1   [ RunTime:0.0010s ]
SQL: SELECT COUNT(*) AS tp_count FROM `w_logs` WHERE `finished` = 0 AND `delete` = 0 LIMIT 1   [ RunTime:0.0000s ]
SQL: SHOW COLUMNS FROM `w_project_class` [ RunTime:0.0110s ]
SQL: SELECT * FROM `w_project_class` WHERE `delete` = 0  [ RunTime:0.0000s ]
INFO: [ view_parse ] --START--
INFO: [ template_filter ] --START--
INFO: Run Behavior\ContentReplaceBehavior [ RunTime:0.001000s ]
INFO: [ template_filter ] --END-- [ RunTime:0.001000s ]
INFO: Run Behavior\ParseTemplateBehavior [ RunTime:0.015001s ]
INFO: [ view_parse ] --END-- [ RunTime:0.015001s ]
INFO: [ view_filter ] --START--
INFO: Run Behavior\WriteHtmlCacheBehavior [ RunTime:0.001000s ]
INFO: [ view_filter ] --END-- [ RunTime:0.001000s ]
INFO: [ app_end ] --START--
INFO: Run Behavior\ShowPageTraceBehavior [ RunTime:0.007000s ]
INFO: [ app_end ] --END-- [ RunTime:0.007000s ]

[ 2016-03-24T11:19:59+08:00 ] 127.0.0.1 /work_log/index.php/Home/Index/screeningLog?pid=17&type=3
INFO: [ app_init ] --START--
INFO: Run Behavior\BuildLiteBehavior [ RunTime:0.000000s ]
INFO: [ app_init ] --END-- [ RunTime:0.000000s ]
INFO: [ app_begin ] --START--
INFO: Run Behavior\ReadHtmlCacheBehavior [ RunTime:0.001000s ]
INFO: [ app_begin ] --END-- [ RunTime:0.001000s ]
SQL: SHOW COLUMNS FROM `w_logs` [ RunTime:0.0050s ]
SQL: SELECT * FROM `w_logs` WHERE `pid` = 17 AND `delete` = 0 ORDER BY finished,create_time desc  [ RunTime:0.0000s ]
NOTIC: [8] Undefined variable: str D:\WWW\work_log\Application\Home\Controller\IndexController.class.php 第 159 行.

[ 2016-03-24T11:26:48+08:00 ] 127.0.0.1 /work_log/index.php/Home/Index/finishLog?id=218
INFO: [ app_init ] --START--
INFO: Run Behavior\BuildLiteBehavior [ RunTime:0.000000s ]
INFO: [ app_init ] --END-- [ RunTime:0.001000s ]
INFO: [ app_begin ] --START--
INFO: Run Behavior\ReadHtmlCacheBehavior [ RunTime:0.001000s ]
INFO: [ app_begin ] --END-- [ RunTime:0.001000s ]
SQL: SHOW COLUMNS FROM `w_logs` [ RunTime:0.0040s ]
SQL: SELECT * FROM `w_logs` WHERE ( id=218 ) LIMIT 1   [ RunTime:0.0010s ]
SQL: UPDATE `w_logs` SET `finished`='1',`finish_time`='1458790008' WHERE ( id=218 ) [ RunTime:0.0000s ]

[ 2016-03-24T11:27:05+08:00 ] 127.0.0.1 /work_log/index.php/Home/Index/addlogs?content=%E5%97%A8%E4%BA%91%E7%B4%AF%E8%AE%A1%E6%94%B6%E7%9B%8A%E9%A1%B5%E9%9D%A2&difficulty=1&type=1
INFO: [ app_init ] --START--
INFO: Run Behavior\BuildLiteBehavior [ RunTime:0.000000s ]
INFO: [ app_init ] --END-- [ RunTime:0.001000s ]
INFO: [ app_begin ] --START--
INFO: Run Behavior\ReadHtmlCacheBehavior [ RunTime:0.001000s ]
INFO: [ app_begin ] --END-- [ RunTime:0.001000s ]
SQL: SHOW COLUMNS FROM `w_logs` [ RunTime:0.0070s ]
SQL: SELECT * FROM `w_logs` WHERE `content` LIKE '嗨云%' AND `delete` = 0 LIMIT 1   [ RunTime:0.0010s ]
SQL: SHOW COLUMNS FROM `w_project_class` [ RunTime:0.0080s ]
SQL: SELECT * FROM `w_project_class` WHERE `delete` = 0 AND `name` LIKE '%嗨云%' LIMIT 1   [ RunTime:0.0010s ]
NOTIC: [8] Undefined index: validate D:\WWW\work_log\ThinkPHP\Library\Think\Model.class.php 第 1185 行.
NOTIC: [8] Undefined index: auto D:\WWW\work_log\ThinkPHP\Library\Think\Model.class.php 第 1128 行.
SQL: INSERT INTO `w_logs` (`content`,`difficulty`,`type`,`create_time`,`year`,`month`,`day`) VALUES ('嗨云累计收益页面','1','1','1458790025','2016','3','24') [ RunTime:0.0000s ]
SQL: SELECT * FROM `w_logs` WHERE ( id=219 )  [ RunTime:0.0000s ]
NOTIC: [8] Undefined variable: str D:\WWW\work_log\Application\Home\Controller\IndexController.class.php 第 159 行.
SQL: SELECT * FROM `w_logs` WHERE ( id=219 ) LIMIT 1   [ RunTime:0.0010s ]
SQL: SELECT * FROM `w_project_class` WHERE `name` LIKE '%嗨云%' AND `delete` = 0 LIMIT 1   [ RunTime:0.0000s ]
SQL: UPDATE `w_logs` SET `pid`='17' WHERE ( id=219 ) [ RunTime:0.0000s ]
SQL: UPDATE `w_project_class` SET `nums`=nums+1 WHERE ( id=17 ) [ RunTime:0.0010s ]

[ 2016-03-24T11:28:01+08:00 ] 127.0.0.1 /work_log/index.php/Home/Index/addlogs?content=%E7%8E%8B%E7%9A%84%E5%95%86%E5%9F%8E%E5%90%8E%E5%8F%B0%E5%95%86%E5%93%81%E6%90%9C%E7%B4%A2%E5%8A%9F%E8%83%BD%EF%BC%8C%E5%89%8D%E5%8F%B0%E4%B8%8B%E5%8D%95%E5%A1%AB%E5%86%99%E8%BA%AB%E4%BB%BD%E8%AF%81%E5%92%8C%E7%9B%B8%E5%85%B3%E5%9C%B0%E6%96%B9%E7%9A%84%E6%98%BE%E7%A4%BA&difficulty=1&type=1
INFO: [ app_init ] --START--
INFO: Run Behavior\BuildLiteBehavior [ RunTime:0.000000s ]
INFO: [ app_init ] --END-- [ RunTime:0.001000s ]
INFO: [ app_begin ] --START--
INFO: Run Behavior\ReadHtmlCacheBehavior [ RunTime:0.001000s ]
INFO: [ app_begin ] --END-- [ RunTime:0.001000s ]
SQL: SHOW COLUMNS FROM `w_logs` [ RunTime:0.0100s ]
SQL: SELECT * FROM `w_logs` WHERE `content` LIKE '王的%' AND `delete` = 0 LIMIT 1   [ RunTime:0.0000s ]
SQL: SHOW COLUMNS FROM `w_project_class` [ RunTime:0.0080s ]
SQL: SELECT * FROM `w_project_class` WHERE `delete` = 0 AND `name` LIKE '%王的%' LIMIT 1   [ RunTime:0.0000s ]
NOTIC: [8] Undefined index: validate D:\WWW\work_log\ThinkPHP\Library\Think\Model.class.php 第 1185 行.
NOTIC: [8] Undefined index: auto D:\WWW\work_log\ThinkPHP\Library\Think\Model.class.php 第 1128 行.
SQL: INSERT INTO `w_project_class` (`name`,`time`,`year`,`month`,`day`) VALUES ('王的','1458790081','2016','3','24') [ RunTime:0.0010s ]
SQL: UPDATE `w_logs` SET `pid`='18' WHERE `content` LIKE '王的%' AND `delete` = 0 AND `pid` = 0 [ RunTime:0.0010s ]
NOTIC: [8] Undefined index: validate D:\WWW\work_log\ThinkPHP\Library\Think\Model.class.php 第 1185 行.
NOTIC: [8] Undefined index: auto D:\WWW\work_log\ThinkPHP\Library\Think\Model.class.php 第 1128 行.
SQL: INSERT INTO `w_logs` (`content`,`difficulty`,`type`,`create_time`,`year`,`month`,`day`) VALUES ('王的商城后台商品搜索功能，前台下单填写身份证和相关地方的显示','1','1','1458790081','2016','3','24') [ RunTime:0.0000s ]
SQL: SELECT * FROM `w_logs` WHERE ( id=220 )  [ RunTime:0.0000s ]
NOTIC: [8] Undefined variable: str D:\WWW\work_log\Application\Home\Controller\IndexController.class.php 第 159 行.
SQL: SELECT * FROM `w_logs` WHERE ( id=220 ) LIMIT 1   [ RunTime:0.0010s ]
SQL: SELECT * FROM `w_project_class` WHERE `name` LIKE '%王的%' AND `delete` = 0 LIMIT 1   [ RunTime:0.0000s ]
SQL: UPDATE `w_logs` SET `pid`='18' WHERE ( id=220 ) [ RunTime:0.0000s ]
SQL: UPDATE `w_project_class` SET `nums`=nums+1 WHERE ( id=18 ) [ RunTime:0.0000s ]

[ 2016-03-24T11:40:36+08:00 ] 127.0.0.1 /work_log/index.php/Home/Index/screeningLog?pid=4&type=3
INFO: [ app_init ] --START--
INFO: Run Behavior\BuildLiteBehavior [ RunTime:0.000000s ]
INFO: [ app_init ] --END-- [ RunTime:0.001000s ]
INFO: [ app_begin ] --START--
INFO: Run Behavior\ReadHtmlCacheBehavior [ RunTime:0.001000s ]
INFO: [ app_begin ] --END-- [ RunTime:0.001000s ]
SQL: SHOW COLUMNS FROM `w_logs` [ RunTime:0.0040s ]
SQL: SELECT * FROM `w_logs` WHERE `pid` = 4 AND `delete` = 0 ORDER BY finished,create_time desc  [ RunTime:0.0010s ]
NOTIC: [8] Undefined variable: str D:\WWW\work_log\Application\Home\Controller\IndexController.class.php 第 159 行.

[ 2016-03-24T11:40:39+08:00 ] 127.0.0.1 /work_log/index.php/Home/Index/getProjectDescribe?pid=4
INFO: [ app_init ] --START--
INFO: Run Behavior\BuildLiteBehavior [ RunTime:0.000000s ]
INFO: [ app_init ] --END-- [ RunTime:0.000000s ]
INFO: [ app_begin ] --START--
INFO: Run Behavior\ReadHtmlCacheBehavior [ RunTime:0.001000s ]
INFO: [ app_begin ] --END-- [ RunTime:0.001000s ]
SQL: SHOW COLUMNS FROM `w_logs` [ RunTime:0.0070s ]
SQL: SHOW COLUMNS FROM `w_project_describe` [ RunTime:0.0140s ]
SQL: SELECT * FROM `w_project_describe` WHERE `pid` = 4 LIMIT 1   [ RunTime:0.0010s ]

[ 2016-03-24T11:40:41+08:00 ] 127.0.0.1 /work_log/index.php/Home/Index/getProjectDescribe?pid=4
INFO: [ app_init ] --START--
INFO: Run Behavior\BuildLiteBehavior [ RunTime:0.000000s ]
INFO: [ app_init ] --END-- [ RunTime:0.001000s ]
INFO: [ app_begin ] --START--
INFO: Run Behavior\ReadHtmlCacheBehavior [ RunTime:0.000000s ]
INFO: [ app_begin ] --END-- [ RunTime:0.000000s ]
SQL: SHOW COLUMNS FROM `w_logs` [ RunTime:0.0070s ]
SQL: SHOW COLUMNS FROM `w_project_describe` [ RunTime:0.0080s ]
SQL: SELECT * FROM `w_project_describe` WHERE `pid` = 4 LIMIT 1   [ RunTime:0.0000s ]

[ 2016-03-24T14:39:08+08:00 ] 127.0.0.1 /work_log/index.php/Home/Index/screeningLog?pid=17&type=3
INFO: [ app_init ] --START--
INFO: Run Behavior\BuildLiteBehavior [ RunTime:0.000000s ]
INFO: [ app_init ] --END-- [ RunTime:0.001000s ]
INFO: [ app_begin ] --START--
INFO: Run Behavior\ReadHtmlCacheBehavior [ RunTime:0.001000s ]
INFO: [ app_begin ] --END-- [ RunTime:0.001000s ]
SQL: SHOW COLUMNS FROM `w_logs` [ RunTime:0.0080s ]
SQL: SELECT * FROM `w_logs` WHERE `pid` = 17 AND `delete` = 0 ORDER BY finished,create_time desc  [ RunTime:0.0020s ]
NOTIC: [8] Undefined variable: str D:\WWW\work_log\Application\Home\Controller\IndexController.class.php 第 159 行.

[ 2016-03-24T14:39:11+08:00 ] 127.0.0.1 /work_log/index.php/Home/Index/finishLog?id=219
INFO: [ app_init ] --START--
INFO: Run Behavior\BuildLiteBehavior [ RunTime:0.000000s ]
INFO: [ app_init ] --END-- [ RunTime:0.001000s ]
INFO: [ app_begin ] --START--
INFO: Run Behavior\ReadHtmlCacheBehavior [ RunTime:0.001000s ]
INFO: [ app_begin ] --END-- [ RunTime:0.001000s ]
SQL: SHOW COLUMNS FROM `w_logs` [ RunTime:0.0040s ]
SQL: SELECT * FROM `w_logs` WHERE ( id=219 ) LIMIT 1   [ RunTime:0.0010s ]
SQL: UPDATE `w_logs` SET `finished`='1',`finish_time`='1458801551' WHERE ( id=219 ) [ RunTime:0.0000s ]

[ 2016-03-24T14:39:26+08:00 ] 127.0.0.1 /work_log/index.php/Home/Index/addlogs?content=%E5%97%A8%E4%BA%91%E6%8F%90%E7%8E%B0%E5%88%97%E8%A1%A8%E9%A1%B5%E9%9D%A2&difficulty=1&type=1
INFO: [ app_init ] --START--
INFO: Run Behavior\BuildLiteBehavior [ RunTime:0.000000s ]
INFO: [ app_init ] --END-- [ RunTime:0.000000s ]
INFO: [ app_begin ] --START--
INFO: Run Behavior\ReadHtmlCacheBehavior [ RunTime:0.000000s ]
INFO: [ app_begin ] --END-- [ RunTime:0.001000s ]
SQL: SHOW COLUMNS FROM `w_logs` [ RunTime:0.0190s ]
SQL: SELECT * FROM `w_logs` WHERE `content` LIKE '嗨云%' AND `delete` = 0 LIMIT 1   [ RunTime:0.0010s ]
SQL: SHOW COLUMNS FROM `w_project_class` [ RunTime:0.0140s ]
SQL: SELECT * FROM `w_project_class` WHERE `delete` = 0 AND `name` LIKE '%嗨云%' LIMIT 1   [ RunTime:0.0000s ]
NOTIC: [8] Undefined index: validate D:\WWW\work_log\ThinkPHP\Library\Think\Model.class.php 第 1185 行.
NOTIC: [8] Undefined index: auto D:\WWW\work_log\ThinkPHP\Library\Think\Model.class.php 第 1128 行.
SQL: INSERT INTO `w_logs` (`content`,`difficulty`,`type`,`create_time`,`year`,`month`,`day`) VALUES ('嗨云提现列表页面','1','1','1458801566','2016','3','24') [ RunTime:0.0010s ]
SQL: SELECT * FROM `w_logs` WHERE ( id=221 )  [ RunTime:0.0000s ]
NOTIC: [8] Undefined variable: str D:\WWW\work_log\Application\Home\Controller\IndexController.class.php 第 159 行.
SQL: SELECT * FROM `w_logs` WHERE ( id=221 ) LIMIT 1   [ RunTime:0.0000s ]
SQL: SELECT * FROM `w_project_class` WHERE `name` LIKE '%嗨云%' AND `delete` = 0 LIMIT 1   [ RunTime:0.0000s ]
SQL: UPDATE `w_logs` SET `pid`='17' WHERE ( id=221 ) [ RunTime:0.0000s ]
SQL: UPDATE `w_project_class` SET `nums`=nums+1 WHERE ( id=17 ) [ RunTime:0.0000s ]

[ 2016-03-24T14:57:58+08:00 ] 127.0.0.1 /work_log/index.php/Home/Index/addlogs?content=%E6%88%91%E7%9A%84%E5%9B%A2%E9%98%9F%E5%88%97%E8%A1%A8&difficulty=1&type=1
INFO: [ app_init ] --START--
INFO: Run Behavior\BuildLiteBehavior [ RunTime:0.000000s ]
INFO: [ app_init ] --END-- [ RunTime:0.001000s ]
INFO: [ app_begin ] --START--
INFO: Run Behavior\ReadHtmlCacheBehavior [ RunTime:0.001000s ]
INFO: [ app_begin ] --END-- [ RunTime:0.001000s ]
SQL: SHOW COLUMNS FROM `w_logs` [ RunTime:0.0100s ]
SQL: SELECT * FROM `w_logs` WHERE `content` LIKE '我的%' AND `delete` = 0 LIMIT 1   [ RunTime:0.0000s ]
SQL: SELECT * FROM `w_logs` WHERE `content` LIKE '我的团%' AND `delete` = 0 LIMIT 1   [ RunTime:0.0010s ]
SQL: SELECT * FROM `w_logs` WHERE `content` LIKE '我的团队%' AND `delete` = 0 LIMIT 1   [ RunTime:0.0010s ]
SQL: SELECT * FROM `w_logs` WHERE `content` LIKE '我的团队列%' AND `delete` = 0 LIMIT 1   [ RunTime:0.0000s ]
NOTIC: [8] Undefined index: validate D:\WWW\work_log\ThinkPHP\Library\Think\Model.class.php 第 1185 行.
NOTIC: [8] Undefined index: auto D:\WWW\work_log\ThinkPHP\Library\Think\Model.class.php 第 1128 行.
SQL: INSERT INTO `w_logs` (`content`,`difficulty`,`type`,`create_time`,`year`,`month`,`day`) VALUES ('我的团队列表','1','1','1458802678','2016','3','24') [ RunTime:0.0000s ]
SQL: SELECT * FROM `w_logs` WHERE ( id=222 )  [ RunTime:0.0010s ]
NOTIC: [8] Undefined variable: str D:\WWW\work_log\Application\Home\Controller\IndexController.class.php 第 159 行.
SQL: SELECT * FROM `w_logs` WHERE ( id=222 ) LIMIT 1   [ RunTime:0.0000s ]
SQL: SHOW COLUMNS FROM `w_project_class` [ RunTime:0.0050s ]
SQL: SELECT * FROM `w_project_class` WHERE `name` LIKE '%我的%' AND `delete` = 0 LIMIT 1   [ RunTime:0.0000s ]

[ 2016-03-24T15:47:12+08:00 ] 127.0.0.1 /work_log/index.php/Home/Index/finishLog?id=222
INFO: [ app_init ] --START--
INFO: Run Behavior\BuildLiteBehavior [ RunTime:0.000000s ]
INFO: [ app_init ] --END-- [ RunTime:0.002000s ]
INFO: [ app_begin ] --START--
INFO: Run Behavior\ReadHtmlCacheBehavior [ RunTime:0.001000s ]
INFO: [ app_begin ] --END-- [ RunTime:0.001000s ]
SQL: SHOW COLUMNS FROM `w_logs` [ RunTime:0.0050s ]
SQL: SELECT * FROM `w_logs` WHERE ( id=222 ) LIMIT 1   [ RunTime:0.0010s ]
SQL: UPDATE `w_logs` SET `finished`='1',`finish_time`='1458805632' WHERE ( id=222 ) [ RunTime:0.0000s ]

[ 2016-03-24T16:27:15+08:00 ] 127.0.0.1 /work_log/index.php/Home/Index/addlogs?content=%E5%97%A8%E4%BA%91%E6%9B%B4%E5%A4%9A%E7%89%B9%E5%8D%96%E9%A1%B5%E9%9D%A2&difficulty=3&type=1
INFO: [ app_init ] --START--
INFO: Run Behavior\BuildLiteBehavior [ RunTime:0.000000s ]
INFO: [ app_init ] --END-- [ RunTime:0.000000s ]
INFO: [ app_begin ] --START--
INFO: Run Behavior\ReadHtmlCacheBehavior [ RunTime:0.002000s ]
INFO: [ app_begin ] --END-- [ RunTime:0.002000s ]
SQL: SHOW COLUMNS FROM `w_logs` [ RunTime:0.0210s ]
SQL: SELECT * FROM `w_logs` WHERE `content` LIKE '嗨云%' AND `delete` = 0 LIMIT 1   [ RunTime:0.0020s ]
SQL: SHOW COLUMNS FROM `w_project_class` [ RunTime:0.0140s ]
SQL: SELECT * FROM `w_project_class` WHERE `delete` = 0 AND `name` LIKE '%嗨云%' LIMIT 1   [ RunTime:0.0000s ]
NOTIC: [8] Undefined index: validate D:\WWW\work_log\ThinkPHP\Library\Think\Model.class.php 第 1185 行.
NOTIC: [8] Undefined index: auto D:\WWW\work_log\ThinkPHP\Library\Think\Model.class.php 第 1128 行.
SQL: INSERT INTO `w_logs` (`content`,`difficulty`,`type`,`create_time`,`year`,`month`,`day`) VALUES ('嗨云更多特卖页面','3','1','1458808035','2016','3','24') [ RunTime:0.0010s ]
SQL: SELECT * FROM `w_logs` WHERE ( id=223 )  [ RunTime:0.0000s ]
NOTIC: [8] Undefined variable: str D:\WWW\work_log\Application\Home\Controller\IndexController.class.php 第 159 行.
SQL: SELECT * FROM `w_logs` WHERE ( id=223 ) LIMIT 1   [ RunTime:0.0000s ]
SQL: SELECT * FROM `w_project_class` WHERE `name` LIKE '%嗨云%' AND `delete` = 0 LIMIT 1   [ RunTime:0.0010s ]
SQL: UPDATE `w_logs` SET `pid`='17' WHERE ( id=223 ) [ RunTime:0.0010s ]
SQL: UPDATE `w_project_class` SET `nums`=nums+1 WHERE ( id=17 ) [ RunTime:0.0000s ]

