[ 2016-06-21T09:12:26+08:00 ] 127.0.0.1 /work_log/index.php/Home/Index/index
INFO: [ app_init ] --START--
INFO: Run Behavior\BuildLiteBehavior [ RunTime:0.000000s ]
INFO: [ app_init ] --END-- [ RunTime:0.001000s ]
INFO: [ app_begin ] --START--
INFO: Run Behavior\ReadHtmlCacheBehavior [ RunTime:0.001000s ]
INFO: [ app_begin ] --END-- [ RunTime:0.001000s ]
SQL: SHOW COLUMNS FROM `w_logs` [ RunTime:0.0040s ]
SQL: SHOW COLUMNS FROM `w_project_class` [ RunTime:0.0040s ]
SQL: SELECT * FROM `w_logs` WHERE `delete` = 0 ORDER BY finished,create_time desc  [ RunTime:0.0050s ]
SQL: SELECT COUNT(*) AS tp_count FROM `w_logs` WHERE `finished` = 1 AND `delete` = 0 LIMIT 1   [ RunTime:0.0010s ]
SQL: SELECT COUNT(*) AS tp_count FROM `w_logs` WHERE `finished` = 0 AND `delete` = 0 LIMIT 1   [ RunTime:0.0010s ]
SQL: SHOW COLUMNS FROM `w_project_class` [ RunTime:0.0040s ]
SQL: SELECT * FROM `w_project_class` WHERE `delete` = 0  [ RunTime:0.0000s ]
INFO: [ view_parse ] --START--
INFO: [ template_filter ] --START--
INFO: Run Behavior\ContentReplaceBehavior [ RunTime:0.000000s ]
INFO: [ template_filter ] --END-- [ RunTime:0.001000s ]
INFO: Run Behavior\ParseTemplateBehavior [ RunTime:0.028002s ]
INFO: [ view_parse ] --END-- [ RunTime:0.028002s ]
INFO: [ view_filter ] --START--
INFO: Run Behavior\WriteHtmlCacheBehavior [ RunTime:0.001000s ]
INFO: [ view_filter ] --END-- [ RunTime:0.002000s ]
INFO: [ app_end ] --START--
INFO: Run Behavior\ShowPageTraceBehavior [ RunTime:0.001000s ]
INFO: [ app_end ] --END-- [ RunTime:0.001000s ]

[ 2016-06-21T09:12:35+08:00 ] 127.0.0.1 /work_log/index.php/Home/Index/index
INFO: [ app_init ] --START--
INFO: Run Behavior\BuildLiteBehavior [ RunTime:0.000000s ]
INFO: [ app_init ] --END-- [ RunTime:0.000000s ]
INFO: [ app_begin ] --START--
INFO: Run Behavior\ReadHtmlCacheBehavior [ RunTime:0.000000s ]
INFO: [ app_begin ] --END-- [ RunTime:0.001000s ]
SQL: SHOW COLUMNS FROM `w_logs` [ RunTime:0.0050s ]
SQL: SHOW COLUMNS FROM `w_project_class` [ RunTime:0.0050s ]
SQL: SELECT * FROM `w_logs` WHERE `delete` = 0 ORDER BY finished,create_time desc  [ RunTime:0.0030s ]
SQL: SELECT COUNT(*) AS tp_count FROM `w_logs` WHERE `finished` = 1 AND `delete` = 0 LIMIT 1   [ RunTime:0.0010s ]
SQL: SELECT COUNT(*) AS tp_count FROM `w_logs` WHERE `finished` = 0 AND `delete` = 0 LIMIT 1   [ RunTime:0.0000s ]
SQL: SHOW COLUMNS FROM `w_project_class` [ RunTime:0.0040s ]
SQL: SELECT * FROM `w_project_class` WHERE `delete` = 0  [ RunTime:0.0000s ]
INFO: [ view_parse ] --START--
INFO: [ template_filter ] --START--
INFO: Run Behavior\ContentReplaceBehavior [ RunTime:0.000000s ]
INFO: [ template_filter ] --END-- [ RunTime:0.000000s ]
INFO: Run Behavior\ParseTemplateBehavior [ RunTime:0.018001s ]
INFO: [ view_parse ] --END-- [ RunTime:0.018001s ]
INFO: [ view_filter ] --START--
INFO: Run Behavior\WriteHtmlCacheBehavior [ RunTime:0.000000s ]
INFO: [ view_filter ] --END-- [ RunTime:0.000000s ]
INFO: [ app_end ] --START--
INFO: Run Behavior\ShowPageTraceBehavior [ RunTime:0.001000s ]
INFO: [ app_end ] --END-- [ RunTime:0.001000s ]

[ 2016-06-21T09:12:42+08:00 ] 127.0.0.1 /work_log/index.php/Home/Index/screeningLog?pid=17&type=3
INFO: [ app_init ] --START--
INFO: Run Behavior\BuildLiteBehavior [ RunTime:0.000000s ]
INFO: [ app_init ] --END-- [ RunTime:0.001000s ]
INFO: [ app_begin ] --START--
INFO: Run Behavior\ReadHtmlCacheBehavior [ RunTime:0.000000s ]
INFO: [ app_begin ] --END-- [ RunTime:0.000000s ]
SQL: SHOW COLUMNS FROM `w_logs` [ RunTime:0.0030s ]
SQL: SHOW COLUMNS FROM `w_project_class` [ RunTime:0.0120s ]
SQL: SELECT `name` FROM `w_project_class` WHERE ( id=17 ) LIMIT 1   [ RunTime:0.0020s ]
SQL: SELECT * FROM `w_logs` WHERE `pid` = 17 AND `delete` = 0 ORDER BY finished,create_time desc  [ RunTime:0.0030s ]
NOTIC: [8] Undefined variable: str D:\wamp\www\work_log\Application\Home\Controller\IndexController.class.php 第 168 行.

[ 2016-06-21T09:12:44+08:00 ] 127.0.0.1 /work_log/index.php/Home/Index/getProjectDescribe?pid=17
INFO: [ app_init ] --START--
INFO: Run Behavior\BuildLiteBehavior [ RunTime:0.000000s ]
INFO: [ app_init ] --END-- [ RunTime:0.000000s ]
INFO: [ app_begin ] --START--
INFO: Run Behavior\ReadHtmlCacheBehavior [ RunTime:0.000000s ]
INFO: [ app_begin ] --END-- [ RunTime:0.000000s ]
SQL: SHOW COLUMNS FROM `w_logs` [ RunTime:0.0030s ]
SQL: SHOW COLUMNS FROM `w_project_class` [ RunTime:0.0030s ]
SQL: SHOW COLUMNS FROM `w_project_describe` [ RunTime:0.0050s ]
SQL: SELECT * FROM `w_project_describe` WHERE `pid` = 17 LIMIT 1   [ RunTime:0.0000s ]

[ 2016-06-21T09:13:03+08:00 ] 127.0.0.1 /work_log/index.php/Home/Index/editProjectDescribe?pid=17&content=%E5%97%A8%E4%BA%91%E7%B3%BB%E7%BB%9F%E6%8F%8F%E8%BF%B0%EF%BC%9A%0A%E5%9C%B0%E5%9D%80%E9%80%9A%E8%BF%87%E6%95%B0%E6%8D%AE%E5%BA%93%E4%BF%9D%E5%AD%98%EF%BC%8C%E4%BF%AE%E6%94%B9%E5%88%A0%E9%99%A4%E5%92%8C%E9%80%89%E6%8B%A9%E5%93%AA%E4%B8%80%E4%B8%AA%E5%9C%B0%E5%9D%80%EF%BC%8C%E7%B1%BB%E4%BC%BC%E6%B7%98%E5%AE%9D%0A%E6%95%B0%E6%8D%AE%E8%A1%A8%EF%BC%9A(%E6%96%B0%E5%A2%9E)%0A%E2%91%B4pigcms_address_list(%E5%9C%B0%E5%9D%80%E8%A1%A8)%0A%E2%91%B5distribution_myprize(%E6%88%91%E7%9A%84%E7%BA%A2%E5%8C%85)%0A%E2%91%B6integral_product(%E7%BA%A2%E5%8C%85)%0A%E2%91%B7product_browse_record(%E4%BA%A7%E5%93%81%E6%B5%8F%E8%A7%88%E8%AE%B0%E5%BD%95)%0A%E2%91%B8product_snapup(%E4%BB%8A%E6%97%A5%E7%89%B9%E5%8D%96)%0A%E2%91%B9product_brand(%E5%93%81%E7%89%8C%E5%88%97%E8%A1%A8)%0A%E2%91%BAdistribution_visit(%E8%AE%BF%E9%97%AE%E8%AE%B0%E5%BD%95%E8%A1%A8)%0A%E2%91%BBdistribution_visitcount(%E6%AF%8F%E6%97%A5%E8%AE%BF%E9%97%AE%E6%95%B0%E9%87%8F)%0A%E2%91%BCregister_list(%E6%B3%A8%E5%86%8C%E5%88%97%E8%A1%A8%E5%8C%85%E5%90%AB%E8%B5%A0%E9%80%81%E7%9A%84%E5%95%86%E5%93%81ID)%0A%E2%91%BDdistribution_myprize(%E6%88%91%E7%9A%84%E7%BA%A2%E5%8C%85)%0A%E2%91%BEintegral_products(%E7%BA%A2%E5%8C%85%E5%A5%96%E5%93%81%E4%BF%A1%E6%81%AF)%0A%0A%E7%B3%BB%E7%BB%9F%E6%8F%8F%E8%BF%B0%EF%BC%9A%0A1.%E6%89%AB%E7%A0%81%E4%B9%8B%E5%90%8E%E7%BB%91%E5%AE%9Abindmid%E5%92%8Cfid%E5%86%8D%E6%89%AB%E7%A0%81%E5%85%B6%E4%BB%96%E4%BA%8C%E7%BB%B4%E7%A0%81%E6%97%B6%E4%B8%8D%E8%83%BD%E5%86%8D%E7%BB%91%E5%AE%9A%0A2.%E5%88%A4%E6%96%AD%E4%BC%9A%E5%91%98%E7%94%A8distritime+%2C%E6%B3%A8%E5%86%8C%E4%B9%8B%E5%90%8E%E8%B5%8B%E5%80%BC%EF%BC%88payHandle%EF%BC%89%0A3.%E6%B3%A8%E5%86%8C%E8%B5%A0%E9%80%81%E5%95%86%E5%93%81%EF%BC%8C%E5%B0%86%E6%B3%A8%E5%86%8C%E5%88%97%E8%A1%A8%E7%9A%84%E5%95%86%E5%93%81%E4%BF%A1%E6%81%AF%E8%B5%8B%E5%80%BC%E7%BB%99%E8%AE%A2%E5%8D%95%E5%88%97%E8%A1%A8%EF%BC%8C%E5%8F%A6%E5%A4%96%E8%B5%A0%E9%80%81%E7%BA%A2%E5%8C%85(%E5%88%86%E4%B8%A4%E5%BC%A0%E8%A1%A8)%0A4.%E7%BA%A2%E5%8C%85%E5%8F%AF%E4%BB%A5%E5%90%8E%E5%8F%B0%E8%AE%BE%E7%BD%AE%0A5.%E6%B3%A8%E5%86%8C%E7%A4%BC%E5%8C%85%E7%A8%8B%E5%BA%8F%E5%AE%9A%E6%AD%BB299
INFO: [ app_init ] --START--
INFO: Run Behavior\BuildLiteBehavior [ RunTime:0.000000s ]
INFO: [ app_init ] --END-- [ RunTime:0.001000s ]
INFO: [ app_begin ] --START--
INFO: Run Behavior\ReadHtmlCacheBehavior [ RunTime:0.000000s ]
INFO: [ app_begin ] --END-- [ RunTime:0.001000s ]
SQL: SHOW COLUMNS FROM `w_logs` [ RunTime:0.0040s ]
SQL: SHOW COLUMNS FROM `w_project_class` [ RunTime:0.0040s ]
SQL: SHOW COLUMNS FROM `w_project_describe` [ RunTime:0.0040s ]
SQL: SELECT * FROM `w_project_describe` WHERE `pid` = 17 LIMIT 1   [ RunTime:0.0010s ]
SQL: UPDATE `w_project_describe` SET `content`='嗨云系统描述：
地址通过数据库保存，修改删除和选择哪一个地址，类似淘宝
数据表：(新增)
⑴pigcms_address_list(地址表)
⑵distribution_myprize(我的红包)
⑶integral_product(红包)
⑷product_browse_record(产品浏览记录)
⑸product_snapup(今日特卖)
⑹product_brand(品牌列表)
⑺distribution_visit(访问记录表)
⑻distribution_visitcount(每日访问数量)
⑼register_list(注册列表包含赠送的商品ID)
⑽distribution_myprize(我的红包)
⑾integral_products(红包奖品信息)

系统描述：
1.扫码之后绑定bindmid和fid再扫码其他二维码时不能再绑定
2.判断会员用distritime ,注册之后赋值（payHandle）
3.注册赠送商品，将注册列表的商品信息赋值给订单列表，另外赠送红包(分两张表)
4.红包可以后台设置
5.注册礼包程序定死299' WHERE `pid` = 17 [ RunTime:0.0010s ]
SQL: SELECT * FROM `w_project_describe` WHERE `pid` = 17 LIMIT 1   [ RunTime:0.0000s ]

[ 2016-06-21T11:05:37+08:00 ] 127.0.0.1 /work_log/index.php/Home/Index/editProjectDescribe?pid=17&content=%E5%97%A8%E4%BA%91%E7%B3%BB%E7%BB%9F%E6%8F%8F%E8%BF%B0%EF%BC%9A%0A%E5%9C%B0%E5%9D%80%E9%80%9A%E8%BF%87%E6%95%B0%E6%8D%AE%E5%BA%93%E4%BF%9D%E5%AD%98%EF%BC%8C%E4%BF%AE%E6%94%B9%E5%88%A0%E9%99%A4%E5%92%8C%E9%80%89%E6%8B%A9%E5%93%AA%E4%B8%80%E4%B8%AA%E5%9C%B0%E5%9D%80%EF%BC%8C%E7%B1%BB%E4%BC%BC%E6%B7%98%E5%AE%9D%0A%E6%95%B0%E6%8D%AE%E8%A1%A8%EF%BC%9A(%E6%96%B0%E5%A2%9E)%0A%E2%91%B4pigcms_address_list(%E5%9C%B0%E5%9D%80%E8%A1%A8)%0A%E2%91%B5distribution_myprize(%E6%88%91%E7%9A%84%E7%BA%A2%E5%8C%85)%0A%E2%91%B6integral_product(%E7%BA%A2%E5%8C%85)%0A%E2%91%B7product_browse_record(%E4%BA%A7%E5%93%81%E6%B5%8F%E8%A7%88%E8%AE%B0%E5%BD%95)%0A%E2%91%B8product_snapup(%E4%BB%8A%E6%97%A5%E7%89%B9%E5%8D%96)%0A%E2%91%B9product_brand(%E5%93%81%E7%89%8C%E5%88%97%E8%A1%A8)%0A%E2%91%BAdistribution_visit(%E8%AE%BF%E9%97%AE%E8%AE%B0%E5%BD%95%E8%A1%A8)%0A%E2%91%BBdistribution_visitcount(%E6%AF%8F%E6%97%A5%E8%AE%BF%E9%97%AE%E6%95%B0%E9%87%8F)%0A%E2%91%BCregister_list(%E6%B3%A8%E5%86%8C%E5%88%97%E8%A1%A8%E5%8C%85%E5%90%AB%E8%B5%A0%E9%80%81%E7%9A%84%E5%95%86%E5%93%81ID)%0A%E2%91%BDdistribution_myprize(%E6%88%91%E7%9A%84%E7%BA%A2%E5%8C%85)%0A%E2%91%BEintegral_products(%E7%BA%A2%E5%8C%85%E5%A5%96%E5%93%81%E4%BF%A1%E6%81%AF)%0A%0A%E7%B3%BB%E7%BB%9F%E6%8F%8F%E8%BF%B0%EF%BC%9A%0A1.%E6%89%AB%E7%A0%81%E4%B9%8B%E5%90%8E%E7%BB%91%E5%AE%9Abindmid%E5%92%8Cfid%E5%86%8D%E6%89%AB%E7%A0%81%E5%85%B6%E4%BB%96%E4%BA%8C%E7%BB%B4%E7%A0%81%E6%97%B6%E4%B8%8D%E8%83%BD%E5%86%8D%E7%BB%91%E5%AE%9A%0A2.%E5%88%A4%E6%96%AD%E4%BC%9A%E5%91%98%E7%94%A8distritime+%2C%E6%B3%A8%E5%86%8C%E4%B9%8B%E5%90%8E%E8%B5%8B%E5%80%BC%EF%BC%88payHandle%EF%BC%89%0A3.%E6%B3%A8%E5%86%8C%E8%B5%A0%E9%80%81%E5%95%86%E5%93%81%EF%BC%8C%E5%B0%86%E6%B3%A8%E5%86%8C%E5%88%97%E8%A1%A8%E7%9A%84%E5%95%86%E5%93%81%E4%BF%A1%E6%81%AF%E8%B5%8B%E5%80%BC%E7%BB%99%E8%AE%A2%E5%8D%95%E5%88%97%E8%A1%A8%EF%BC%8C%E5%8F%A6%E5%A4%96%E8%B5%A0%E9%80%81%E7%BA%A2%E5%8C%85(%E5%88%86%E4%B8%A4%E5%BC%A0%E8%A1%A8)%0A4.%E7%BA%A2%E5%8C%85%E5%8F%AF%E4%BB%A5%E5%90%8E%E5%8F%B0%E8%AE%BE%E7%BD%AE%0A5.%E6%B3%A8%E5%86%8C%E7%A4%BC%E5%8C%85%E7%A8%8B%E5%BA%8F%E5%AE%9A%E6%AD%BB299%0A6.%E5%8F%AA%E6%9C%89%E6%89%AB%E7%A0%81%E5%85%B6%E4%BB%96%E5%95%86%E5%AE%B6%E4%BA%8C%E7%BB%B4%E7%A0%81%E6%89%8D%E8%83%BD%E8%BF%9B%E5%85%A5%E5%BA%97%E9%93%BA%EF%BC%8C%E8%80%8C%E4%B8%94%E5%8F%AA%E8%83%BD%E5%8D%95%E4%B8%80%E5%AF%B9%E5%BA%94
INFO: [ app_init ] --START--
INFO: Run Behavior\BuildLiteBehavior [ RunTime:0.000000s ]
INFO: [ app_init ] --END-- [ RunTime:0.001001s ]
INFO: [ app_begin ] --START--
INFO: Run Behavior\ReadHtmlCacheBehavior [ RunTime:0.001000s ]
INFO: [ app_begin ] --END-- [ RunTime:0.001000s ]
SQL: SHOW COLUMNS FROM `w_logs` [ RunTime:0.0000s ]
SQL: SHOW COLUMNS FROM `w_project_class` [ RunTime:0.0000s ]
SQL: SHOW COLUMNS FROM `w_project_describe` [ RunTime:0.0100s ]
SQL: SELECT * FROM `w_project_describe` WHERE `pid` = 17 LIMIT 1   [ RunTime:0.0000s ]
SQL: UPDATE `w_project_describe` SET `content`='嗨云系统描述：
地址通过数据库保存，修改删除和选择哪一个地址，类似淘宝
数据表：(新增)
⑴pigcms_address_list(地址表)
⑵distribution_myprize(我的红包)
⑶integral_product(红包)
⑷product_browse_record(产品浏览记录)
⑸product_snapup(今日特卖)
⑹product_brand(品牌列表)
⑺distribution_visit(访问记录表)
⑻distribution_visitcount(每日访问数量)
⑼register_list(注册列表包含赠送的商品ID)
⑽distribution_myprize(我的红包)
⑾integral_products(红包奖品信息)

系统描述：
1.扫码之后绑定bindmid和fid再扫码其他二维码时不能再绑定
2.判断会员用distritime ,注册之后赋值（payHandle）
3.注册赠送商品，将注册列表的商品信息赋值给订单列表，另外赠送红包(分两张表)
4.红包可以后台设置
5.注册礼包程序定死299
6.只有扫码其他商家二维码才能进入店铺，而且只能单一对应' WHERE `pid` = 17 [ RunTime:0.0000s ]
SQL: SELECT * FROM `w_project_describe` WHERE `pid` = 17 LIMIT 1   [ RunTime:0.0000s ]

[ 2016-06-21T11:05:58+08:00 ] 127.0.0.1 /work_log/index.php/Home/Index/editProjectDescribe?pid=17&content=%E5%97%A8%E4%BA%91%E7%B3%BB%E7%BB%9F%E6%8F%8F%E8%BF%B0%EF%BC%9A%0A%E5%9C%B0%E5%9D%80%E9%80%9A%E8%BF%87%E6%95%B0%E6%8D%AE%E5%BA%93%E4%BF%9D%E5%AD%98%EF%BC%8C%E4%BF%AE%E6%94%B9%E5%88%A0%E9%99%A4%E5%92%8C%E9%80%89%E6%8B%A9%E5%93%AA%E4%B8%80%E4%B8%AA%E5%9C%B0%E5%9D%80%EF%BC%8C%E7%B1%BB%E4%BC%BC%E6%B7%98%E5%AE%9D%0A%E6%95%B0%E6%8D%AE%E8%A1%A8%EF%BC%9A(%E6%96%B0%E5%A2%9E)%0A%E2%91%B4pigcms_address_list(%E5%9C%B0%E5%9D%80%E8%A1%A8)%0A%E2%91%B5distribution_myprize(%E6%88%91%E7%9A%84%E7%BA%A2%E5%8C%85)%0A%E2%91%B6integral_product(%E7%BA%A2%E5%8C%85)%0A%E2%91%B7product_browse_record(%E4%BA%A7%E5%93%81%E6%B5%8F%E8%A7%88%E8%AE%B0%E5%BD%95)%0A%E2%91%B8product_snapup(%E4%BB%8A%E6%97%A5%E7%89%B9%E5%8D%96)%0A%E2%91%B9product_brand(%E5%93%81%E7%89%8C%E5%88%97%E8%A1%A8)%0A%E2%91%BAdistribution_visit(%E8%AE%BF%E9%97%AE%E8%AE%B0%E5%BD%95%E8%A1%A8)%0A%E2%91%BBdistribution_visitcount(%E6%AF%8F%E6%97%A5%E8%AE%BF%E9%97%AE%E6%95%B0%E9%87%8F)%0A%E2%91%BCregister_list(%E6%B3%A8%E5%86%8C%E5%88%97%E8%A1%A8%E5%8C%85%E5%90%AB%E8%B5%A0%E9%80%81%E7%9A%84%E5%95%86%E5%93%81ID)%0A%E2%91%BDdistribution_myprize(%E6%88%91%E7%9A%84%E7%BA%A2%E5%8C%85)%0A%E2%91%BEintegral_products(%E7%BA%A2%E5%8C%85%E5%A5%96%E5%93%81%E4%BF%A1%E6%81%AF)%0A%0A%E7%B3%BB%E7%BB%9F%E6%8F%8F%E8%BF%B0%EF%BC%9A%0A1.%E6%89%AB%E7%A0%81%E4%B9%8B%E5%90%8E%E7%BB%91%E5%AE%9Abindmid%E5%92%8Cfid%E5%86%8D%E6%89%AB%E7%A0%81%E5%85%B6%E4%BB%96%E4%BA%8C%E7%BB%B4%E7%A0%81%E6%97%B6%E4%B8%8D%E8%83%BD%E5%86%8D%E7%BB%91%E5%AE%9A%0A2.%E5%88%A4%E6%96%AD%E4%BC%9A%E5%91%98%E7%94%A8distritime+%2C%E6%B3%A8%E5%86%8C%E4%B9%8B%E5%90%8E%E8%B5%8B%E5%80%BC%EF%BC%88payHandle%EF%BC%89%0A3.%E6%B3%A8%E5%86%8C%E8%B5%A0%E9%80%81%E5%95%86%E5%93%81%EF%BC%8C%E5%B0%86%E6%B3%A8%E5%86%8C%E5%88%97%E8%A1%A8%E7%9A%84%E5%95%86%E5%93%81%E4%BF%A1%E6%81%AF%E8%B5%8B%E5%80%BC%E7%BB%99%E8%AE%A2%E5%8D%95%E5%88%97%E8%A1%A8%EF%BC%8C%E5%8F%A6%E5%A4%96%E8%B5%A0%E9%80%81%E7%BA%A2%E5%8C%85(%E5%88%86%E4%B8%A4%E5%BC%A0%E8%A1%A8)%0A4.%E7%BA%A2%E5%8C%85%E5%8F%AF%E4%BB%A5%E5%90%8E%E5%8F%B0%E8%AE%BE%E7%BD%AE%0A5.%E6%B3%A8%E5%86%8C%E7%A4%BC%E5%8C%85%E7%A8%8B%E5%BA%8F%E5%AE%9A%E6%AD%BB299%0A6.%E5%8F%AA%E6%9C%89%E6%89%AB%E7%A0%81%E5%85%B6%E4%BB%96%E5%95%86%E5%AE%B6%E4%BA%8C%E7%BB%B4%E7%A0%81%E6%89%8D%E8%83%BD%E8%BF%9B%E5%85%A5%E5%BA%97%E9%93%BA%EF%BC%8C%E8%80%8C%E4%B8%94%E5%8F%AA%E8%83%BD%E5%8D%95%E4%B8%80%E5%AF%B9%E5%BA%94
INFO: [ app_init ] --START--
INFO: Run Behavior\BuildLiteBehavior [ RunTime:0.000000s ]
INFO: [ app_init ] --END-- [ RunTime:0.000000s ]
INFO: [ app_begin ] --START--
INFO: Run Behavior\ReadHtmlCacheBehavior [ RunTime:0.000000s ]
INFO: [ app_begin ] --END-- [ RunTime:0.000000s ]
SQL: SHOW COLUMNS FROM `w_logs` [ RunTime:0.0040s ]
SQL: SHOW COLUMNS FROM `w_project_class` [ RunTime:0.0010s ]
SQL: SHOW COLUMNS FROM `w_project_describe` [ RunTime:0.0000s ]
SQL: SELECT * FROM `w_project_describe` WHERE `pid` = 17 LIMIT 1   [ RunTime:0.0000s ]
SQL: UPDATE `w_project_describe` SET `content`='嗨云系统描述：
地址通过数据库保存，修改删除和选择哪一个地址，类似淘宝
数据表：(新增)
⑴pigcms_address_list(地址表)
⑵distribution_myprize(我的红包)
⑶integral_product(红包)
⑷product_browse_record(产品浏览记录)
⑸product_snapup(今日特卖)
⑹product_brand(品牌列表)
⑺distribution_visit(访问记录表)
⑻distribution_visitcount(每日访问数量)
⑼register_list(注册列表包含赠送的商品ID)
⑽distribution_myprize(我的红包)
⑾integral_products(红包奖品信息)

系统描述：
1.扫码之后绑定bindmid和fid再扫码其他二维码时不能再绑定
2.判断会员用distritime ,注册之后赋值（payHandle）
3.注册赠送商品，将注册列表的商品信息赋值给订单列表，另外赠送红包(分两张表)
4.红包可以后台设置
5.注册礼包程序定死299
6.只有扫码其他商家二维码才能进入店铺，而且只能单一对应' WHERE `pid` = 17 [ RunTime:0.0000s ]
SQL: SELECT * FROM `w_project_describe` WHERE `pid` = 17 LIMIT 1   [ RunTime:0.0000s ]

[ 2016-06-21T11:06:12+08:00 ] 127.0.0.1 /work_log/index.php/Home/Index/editProjectDescribe?pid=17&content=%E5%97%A8%E4%BA%91%E7%B3%BB%E7%BB%9F%E6%8F%8F%E8%BF%B0%EF%BC%9A%0A%E5%9C%B0%E5%9D%80%E9%80%9A%E8%BF%87%E6%95%B0%E6%8D%AE%E5%BA%93%E4%BF%9D%E5%AD%98%EF%BC%8C%E4%BF%AE%E6%94%B9%E5%88%A0%E9%99%A4%E5%92%8C%E9%80%89%E6%8B%A9%E5%93%AA%E4%B8%80%E4%B8%AA%E5%9C%B0%E5%9D%80%EF%BC%8C%E7%B1%BB%E4%BC%BC%E6%B7%98%E5%AE%9D%0A%E6%95%B0%E6%8D%AE%E8%A1%A8%EF%BC%9A(%E6%96%B0%E5%A2%9E)%0A%E2%91%B4pigcms_address_list(%E5%9C%B0%E5%9D%80%E8%A1%A8)%0A%E2%91%B5distribution_myprize(%E6%88%91%E7%9A%84%E7%BA%A2%E5%8C%85)%0A%E2%91%B6integral_product(%E7%BA%A2%E5%8C%85)%0A%E2%91%B7product_browse_record(%E4%BA%A7%E5%93%81%E6%B5%8F%E8%A7%88%E8%AE%B0%E5%BD%95)%0A%E2%91%B8product_snapup(%E4%BB%8A%E6%97%A5%E7%89%B9%E5%8D%96)%0A%E2%91%B9product_brand(%E5%93%81%E7%89%8C%E5%88%97%E8%A1%A8)%0A%E2%91%BAdistribution_visit(%E8%AE%BF%E9%97%AE%E8%AE%B0%E5%BD%95%E8%A1%A8)%0A%E2%91%BBdistribution_visitcount(%E6%AF%8F%E6%97%A5%E8%AE%BF%E9%97%AE%E6%95%B0%E9%87%8F)%0A%E2%91%BCregister_list(%E6%B3%A8%E5%86%8C%E5%88%97%E8%A1%A8%E5%8C%85%E5%90%AB%E8%B5%A0%E9%80%81%E7%9A%84%E5%95%86%E5%93%81ID)%0A%E2%91%BDdistribution_myprize(%E6%88%91%E7%9A%84%E7%BA%A2%E5%8C%85)%0A%E2%91%BEintegral_products(%E7%BA%A2%E5%8C%85%E5%A5%96%E5%93%81%E4%BF%A1%E6%81%AF)%0A%0A%E7%B3%BB%E7%BB%9F%E6%8F%8F%E8%BF%B0%EF%BC%9A%0A1.%E6%89%AB%E7%A0%81%E4%B9%8B%E5%90%8E%E7%BB%91%E5%AE%9Abindmid%E5%92%8Cfid%E5%86%8D%E6%89%AB%E7%A0%81%E5%85%B6%E4%BB%96%E4%BA%8C%E7%BB%B4%E7%A0%81%E6%97%B6%E4%B8%8D%E8%83%BD%E5%86%8D%E7%BB%91%E5%AE%9A%0A2.%E5%88%A4%E6%96%AD%E4%BC%9A%E5%91%98%E7%94%A8distritime+%2C%E6%B3%A8%E5%86%8C%E4%B9%8B%E5%90%8E%E8%B5%8B%E5%80%BC%EF%BC%88payHandle%EF%BC%89%0A3.%E6%B3%A8%E5%86%8C%E8%B5%A0%E9%80%81%E5%95%86%E5%93%81%EF%BC%8C%E5%B0%86%E6%B3%A8%E5%86%8C%E5%88%97%E8%A1%A8%E7%9A%84%E5%95%86%E5%93%81%E4%BF%A1%E6%81%AF%E8%B5%8B%E5%80%BC%E7%BB%99%E8%AE%A2%E5%8D%95%E5%88%97%E8%A1%A8%EF%BC%8C%E5%8F%A6%E5%A4%96%E8%B5%A0%E9%80%81%E7%BA%A2%E5%8C%85(%E5%88%86%E4%B8%A4%E5%BC%A0%E8%A1%A8)%0A4.%E7%BA%A2%E5%8C%85%E5%8F%AF%E4%BB%A5%E5%90%8E%E5%8F%B0%E8%AE%BE%E7%BD%AE%0A5.%E6%B3%A8%E5%86%8C%E7%A4%BC%E5%8C%85%E7%A8%8B%E5%BA%8F%E5%AE%9A%E6%AD%BB299%0A6.%E5%8F%AA%E6%9C%89%E6%89%AB%E7%A0%81%E5%85%B6%E4%BB%96%E5%95%86%E5%AE%B6%E4%BA%8C%E7%BB%B4%E7%A0%81%E6%89%8D%E8%83%BD%E8%BF%9B%E5%85%A5%E5%BA%97%E9%93%BA%EF%BC%8C%E8%80%8C%E4%B8%94%E5%8F%AA%E8%83%BD%E5%8D%95%E4%B8%80%E5%AF%B9%E5%BA%94%0A7.%E7%9B%B4%E6%8E%A5%E5%85%B3%E6%B3%A8%E8%BF%9B%E6%9D%A5%E7%9A%84%E6%B2%A1%E6%9C%89%E8%8F%9C%E5%8D%95%E6%A0%8F
INFO: [ app_init ] --START--
INFO: Run Behavior\BuildLiteBehavior [ RunTime:0.000000s ]
INFO: [ app_init ] --END-- [ RunTime:0.000000s ]
INFO: [ app_begin ] --START--
INFO: Run Behavior\ReadHtmlCacheBehavior [ RunTime:0.000000s ]
INFO: [ app_begin ] --END-- [ RunTime:0.000000s ]
SQL: SHOW COLUMNS FROM `w_logs` [ RunTime:0.0040s ]
SQL: SHOW COLUMNS FROM `w_project_class` [ RunTime:0.0000s ]
SQL: SHOW COLUMNS FROM `w_project_describe` [ RunTime:0.0100s ]
SQL: SELECT * FROM `w_project_describe` WHERE `pid` = 17 LIMIT 1   [ RunTime:0.0000s ]
SQL: UPDATE `w_project_describe` SET `content`='嗨云系统描述：
地址通过数据库保存，修改删除和选择哪一个地址，类似淘宝
数据表：(新增)
⑴pigcms_address_list(地址表)
⑵distribution_myprize(我的红包)
⑶integral_product(红包)
⑷product_browse_record(产品浏览记录)
⑸product_snapup(今日特卖)
⑹product_brand(品牌列表)
⑺distribution_visit(访问记录表)
⑻distribution_visitcount(每日访问数量)
⑼register_list(注册列表包含赠送的商品ID)
⑽distribution_myprize(我的红包)
⑾integral_products(红包奖品信息)

系统描述：
1.扫码之后绑定bindmid和fid再扫码其他二维码时不能再绑定
2.判断会员用distritime ,注册之后赋值（payHandle）
3.注册赠送商品，将注册列表的商品信息赋值给订单列表，另外赠送红包(分两张表)
4.红包可以后台设置
5.注册礼包程序定死299
6.只有扫码其他商家二维码才能进入店铺，而且只能单一对应
7.直接关注进来的没有菜单栏' WHERE `pid` = 17 [ RunTime:0.0000s ]
SQL: SELECT * FROM `w_project_describe` WHERE `pid` = 17 LIMIT 1   [ RunTime:0.0000s ]

[ 2016-06-21T16:08:07+08:00 ] 127.0.0.1 /work_log/index.php/Home/Index/editProjectDescribe?pid=17&content=%E5%97%A8%E4%BA%91%E7%B3%BB%E7%BB%9F%E6%8F%8F%E8%BF%B0%EF%BC%9A%0A%E5%9C%B0%E5%9D%80%E9%80%9A%E8%BF%87%E6%95%B0%E6%8D%AE%E5%BA%93%E4%BF%9D%E5%AD%98%EF%BC%8C%E4%BF%AE%E6%94%B9%E5%88%A0%E9%99%A4%E5%92%8C%E9%80%89%E6%8B%A9%E5%93%AA%E4%B8%80%E4%B8%AA%E5%9C%B0%E5%9D%80%EF%BC%8C%E7%B1%BB%E4%BC%BC%E6%B7%98%E5%AE%9D%0A%E6%95%B0%E6%8D%AE%E8%A1%A8%EF%BC%9A(%E6%96%B0%E5%A2%9E)%0A%E2%91%B4pigcms_address_list(%E5%9C%B0%E5%9D%80%E8%A1%A8)%0A%E2%91%B5distribution_myprize(%E6%88%91%E7%9A%84%E7%BA%A2%E5%8C%85)%0A%E2%91%B6integral_product(%E7%BA%A2%E5%8C%85)%0A%E2%91%B7product_browse_record(%E4%BA%A7%E5%93%81%E6%B5%8F%E8%A7%88%E8%AE%B0%E5%BD%95)%0A%E2%91%B8product_snapup(%E4%BB%8A%E6%97%A5%E7%89%B9%E5%8D%96)%0A%E2%91%B9product_brand(%E5%93%81%E7%89%8C%E5%88%97%E8%A1%A8)%0A%E2%91%BAdistribution_visit(%E8%AE%BF%E9%97%AE%E8%AE%B0%E5%BD%95%E8%A1%A8)%0A%E2%91%BBdistribution_visitcount(%E6%AF%8F%E6%97%A5%E8%AE%BF%E9%97%AE%E6%95%B0%E9%87%8F)%0A%E2%91%BCregister_list(%E6%B3%A8%E5%86%8C%E5%88%97%E8%A1%A8%E5%8C%85%E5%90%AB%E8%B5%A0%E9%80%81%E7%9A%84%E5%95%86%E5%93%81ID)%0A%E2%91%BDdistribution_myprize(%E6%88%91%E7%9A%84%E7%BA%A2%E5%8C%85)%0A%E2%91%BEintegral_products(%E7%BA%A2%E5%8C%85%E5%A5%96%E5%93%81%E4%BF%A1%E6%81%AF)%0A%0A%E7%B3%BB%E7%BB%9F%E6%8F%8F%E8%BF%B0%EF%BC%9A%0A1.%E6%89%AB%E7%A0%81%E4%B9%8B%E5%90%8E%E7%BB%91%E5%AE%9Abindmid%E5%92%8Cfid%E5%86%8D%E6%89%AB%E7%A0%81%E5%85%B6%E4%BB%96%E4%BA%8C%E7%BB%B4%E7%A0%81%E6%97%B6%E4%B8%8D%E8%83%BD%E5%86%8D%E7%BB%91%E5%AE%9A%0A2.%E5%88%A4%E6%96%AD%E4%BC%9A%E5%91%98%E7%94%A8distritime+%2C%E6%B3%A8%E5%86%8C%E4%B9%8B%E5%90%8E%E8%B5%8B%E5%80%BC%EF%BC%88payHandle%EF%BC%89%0A3.%E6%B3%A8%E5%86%8C%E8%B5%A0%E9%80%81%E5%95%86%E5%93%81%EF%BC%8C%E5%B0%86%E6%B3%A8%E5%86%8C%E5%88%97%E8%A1%A8%E7%9A%84%E5%95%86%E5%93%81%E4%BF%A1%E6%81%AF%E8%B5%8B%E5%80%BC%E7%BB%99%E8%AE%A2%E5%8D%95%E5%88%97%E8%A1%A8%EF%BC%8C%E5%8F%A6%E5%A4%96%E8%B5%A0%E9%80%81%E7%BA%A2%E5%8C%85(%E5%88%86%E4%B8%A4%E5%BC%A0%E8%A1%A8)%0A4.%E7%BA%A2%E5%8C%85%E5%8F%AF%E4%BB%A5%E5%90%8E%E5%8F%B0%E8%AE%BE%E7%BD%AE%0A5.%E6%B3%A8%E5%86%8C%E7%A4%BC%E5%8C%85%E7%A8%8B%E5%BA%8F%E5%AE%9A%E6%AD%BB299%0A6.%E5%8F%AA%E6%9C%89%E6%89%AB%E7%A0%81%E5%85%B6%E4%BB%96%E5%95%86%E5%AE%B6%E4%BA%8C%E7%BB%B4%E7%A0%81%E6%89%8D%E8%83%BD%E8%BF%9B%E5%85%A5%E5%BA%97%E9%93%BA%EF%BC%8C%E8%80%8C%E4%B8%94%E5%8F%AA%E8%83%BD%E5%8D%95%E4%B8%80%E5%AF%B9%E5%BA%94%0A7.%E7%9B%B4%E6%8E%A5%E5%85%B3%E6%B3%A8%E8%BF%9B%E6%9D%A5%E7%9A%84%E6%B2%A1%E6%9C%89%E8%8F%9C%E5%8D%95%E6%A0%8F%0A8.%E6%8E%A8%E8%8D%90%E4%BA%BA%E6%95%B0%E6%98%AF%E5%B7%B2%E7%BB%8F%E6%88%90%E4%B8%BA%E5%95%86%E5%AE%B6%E7%9A%84%E4%B8%8B%E7%BA%A7%EF%BC%8C%E5%9B%A2%E9%98%9F%E4%BA%BA%E6%95%B0%E6%8E%A8%E5%B9%BF%E7%9A%84%E4%B8%8B%E7%BA%A7%E4%BA%BA%E6%95%B0
INFO: [ app_init ] --START--
INFO: Run Behavior\BuildLiteBehavior [ RunTime:0.000000s ]
INFO: [ app_init ] --END-- [ RunTime:0.001000s ]
INFO: [ app_begin ] --START--
INFO: Run Behavior\ReadHtmlCacheBehavior [ RunTime:0.001000s ]
INFO: [ app_begin ] --END-- [ RunTime:0.001000s ]
SQL: SHOW COLUMNS FROM `w_logs` [ RunTime:0.0050s ]
SQL: SHOW COLUMNS FROM `w_project_class` [ RunTime:0.0030s ]
SQL: SHOW COLUMNS FROM `w_project_describe` [ RunTime:0.0020s ]
SQL: SELECT * FROM `w_project_describe` WHERE `pid` = 17 LIMIT 1   [ RunTime:0.0010s ]
SQL: UPDATE `w_project_describe` SET `content`='嗨云系统描述：
地址通过数据库保存，修改删除和选择哪一个地址，类似淘宝
数据表：(新增)
⑴pigcms_address_list(地址表)
⑵distribution_myprize(我的红包)
⑶integral_product(红包)
⑷product_browse_record(产品浏览记录)
⑸product_snapup(今日特卖)
⑹product_brand(品牌列表)
⑺distribution_visit(访问记录表)
⑻distribution_visitcount(每日访问数量)
⑼register_list(注册列表包含赠送的商品ID)
⑽distribution_myprize(我的红包)
⑾integral_products(红包奖品信息)

系统描述：
1.扫码之后绑定bindmid和fid再扫码其他二维码时不能再绑定
2.判断会员用distritime ,注册之后赋值（payHandle）
3.注册赠送商品，将注册列表的商品信息赋值给订单列表，另外赠送红包(分两张表)
4.红包可以后台设置
5.注册礼包程序定死299
6.只有扫码其他商家二维码才能进入店铺，而且只能单一对应
7.直接关注进来的没有菜单栏
8.推荐人数是已经成为商家的下级，团队人数推广的下级人数' WHERE `pid` = 17 [ RunTime:0.0010s ]
SQL: SELECT * FROM `w_project_describe` WHERE `pid` = 17 LIMIT 1   [ RunTime:0.0000s ]

