[ 2016-07-19T08:55:10+08:00 ] 127.0.0.1 /work_log/index.php/Home/Index/index
INFO: [ app_init ] --START--
INFO: Run Behavior\BuildLiteBehavior [ RunTime:0.001000s ]
INFO: [ app_init ] --END-- [ RunTime:0.001000s ]
INFO: [ app_begin ] --START--
INFO: Run Behavior\ReadHtmlCacheBehavior [ RunTime:0.001000s ]
INFO: [ app_begin ] --END-- [ RunTime:0.001000s ]
SQL: SHOW COLUMNS FROM `w_logs` [ RunTime:0.0050s ]
SQL: SHOW COLUMNS FROM `w_project_class` [ RunTime:0.0040s ]
SQL: SELECT * FROM `w_logs` WHERE `delete` = 0 ORDER BY finished,create_time desc  [ RunTime:0.0020s ]
SQL: SELECT COUNT(*) AS tp_count FROM `w_logs` WHERE `finished` = 1 AND `delete` = 0 LIMIT 1   [ RunTime:0.0010s ]
SQL: SELECT COUNT(*) AS tp_count FROM `w_logs` WHERE `finished` = 0 AND `delete` = 0 LIMIT 1   [ RunTime:0.0010s ]
SQL: SHOW COLUMNS FROM `w_project_class` [ RunTime:0.0030s ]
SQL: SELECT * FROM `w_project_class` WHERE `delete` = 0  [ RunTime:0.0010s ]
INFO: [ view_parse ] --START--
INFO: [ template_filter ] --START--
INFO: Run Behavior\ContentReplaceBehavior [ RunTime:0.000000s ]
INFO: [ template_filter ] --END-- [ RunTime:0.000000s ]
INFO: Run Behavior\ParseTemplateBehavior [ RunTime:0.019001s ]
INFO: [ view_parse ] --END-- [ RunTime:0.019001s ]
INFO: [ view_filter ] --START--
INFO: Run Behavior\WriteHtmlCacheBehavior [ RunTime:0.001000s ]
INFO: [ view_filter ] --END-- [ RunTime:0.001000s ]
INFO: [ app_end ] --START--
INFO: Run Behavior\ShowPageTraceBehavior [ RunTime:0.000000s ]
INFO: [ app_end ] --END-- [ RunTime:0.001000s ]

[ 2016-07-19T08:55:13+08:00 ] 127.0.0.1 /work_log/index.php/Home/Index/index
INFO: [ app_init ] --START--
INFO: Run Behavior\BuildLiteBehavior [ RunTime:0.000000s ]
INFO: [ app_init ] --END-- [ RunTime:0.001000s ]
INFO: [ app_begin ] --START--
INFO: Run Behavior\ReadHtmlCacheBehavior [ RunTime:0.001001s ]
INFO: [ app_begin ] --END-- [ RunTime:0.001001s ]
SQL: SHOW COLUMNS FROM `w_logs` [ RunTime:0.0020s ]
SQL: SHOW COLUMNS FROM `w_project_class` [ RunTime:0.0020s ]
SQL: SELECT * FROM `w_logs` WHERE `delete` = 0 ORDER BY finished,create_time desc  [ RunTime:0.0020s ]
SQL: SELECT COUNT(*) AS tp_count FROM `w_logs` WHERE `finished` = 1 AND `delete` = 0 LIMIT 1   [ RunTime:0.0000s ]
SQL: SELECT COUNT(*) AS tp_count FROM `w_logs` WHERE `finished` = 0 AND `delete` = 0 LIMIT 1   [ RunTime:0.0000s ]
SQL: SHOW COLUMNS FROM `w_project_class` [ RunTime:0.0030s ]
SQL: SELECT * FROM `w_project_class` WHERE `delete` = 0  [ RunTime:0.0000s ]
INFO: [ view_parse ] --START--
INFO: [ template_filter ] --START--
INFO: Run Behavior\ContentReplaceBehavior [ RunTime:0.000000s ]
INFO: [ template_filter ] --END-- [ RunTime:0.000000s ]
INFO: Run Behavior\ParseTemplateBehavior [ RunTime:0.016001s ]
INFO: [ view_parse ] --END-- [ RunTime:0.016001s ]
INFO: [ view_filter ] --START--
INFO: Run Behavior\WriteHtmlCacheBehavior [ RunTime:0.000000s ]
INFO: [ view_filter ] --END-- [ RunTime:0.001000s ]
INFO: [ app_end ] --START--
INFO: Run Behavior\ShowPageTraceBehavior [ RunTime:0.001000s ]
INFO: [ app_end ] --END-- [ RunTime:0.001000s ]

[ 2016-07-19T08:55:16+08:00 ] 127.0.0.1 /work_log/index.php/Home/Index/index
INFO: [ app_init ] --START--
INFO: Run Behavior\BuildLiteBehavior [ RunTime:0.000000s ]
INFO: [ app_init ] --END-- [ RunTime:0.001000s ]
INFO: [ app_begin ] --START--
INFO: Run Behavior\ReadHtmlCacheBehavior [ RunTime:0.001000s ]
INFO: [ app_begin ] --END-- [ RunTime:0.001000s ]
SQL: SHOW COLUMNS FROM `w_logs` [ RunTime:0.0030s ]
SQL: SHOW COLUMNS FROM `w_project_class` [ RunTime:0.0040s ]
SQL: SELECT * FROM `w_logs` WHERE `delete` = 0 ORDER BY finished,create_time desc  [ RunTime:0.0020s ]
SQL: SELECT COUNT(*) AS tp_count FROM `w_logs` WHERE `finished` = 1 AND `delete` = 0 LIMIT 1   [ RunTime:0.0000s ]
SQL: SELECT COUNT(*) AS tp_count FROM `w_logs` WHERE `finished` = 0 AND `delete` = 0 LIMIT 1   [ RunTime:0.0000s ]
SQL: SHOW COLUMNS FROM `w_project_class` [ RunTime:0.0020s ]
SQL: SELECT * FROM `w_project_class` WHERE `delete` = 0  [ RunTime:0.0000s ]
INFO: [ view_parse ] --START--
INFO: [ template_filter ] --START--
INFO: Run Behavior\ContentReplaceBehavior [ RunTime:0.000000s ]
INFO: [ template_filter ] --END-- [ RunTime:0.000000s ]
INFO: Run Behavior\ParseTemplateBehavior [ RunTime:0.016001s ]
INFO: [ view_parse ] --END-- [ RunTime:0.016001s ]
INFO: [ view_filter ] --START--
INFO: Run Behavior\WriteHtmlCacheBehavior [ RunTime:0.000000s ]
INFO: [ view_filter ] --END-- [ RunTime:0.001000s ]
INFO: [ app_end ] --START--
INFO: Run Behavior\ShowPageTraceBehavior [ RunTime:0.001000s ]
INFO: [ app_end ] --END-- [ RunTime:0.001000s ]

[ 2016-07-19T08:57:50+08:00 ] 127.0.0.1 /work_log/index.php/Home/Index/addlogs?content=%E6%9F%92%E5%BD%A9%E7%BB%98%E5%90%8E%E5%8F%B0%E4%B8%8A%E4%BC%A0%E4%BA%A7%E5%93%81%E5%9B%BE%E7%89%87%E9%97%AE%E9%A2%98&difficulty=1&type=1
INFO: [ app_init ] --START--
INFO: Run Behavior\BuildLiteBehavior [ RunTime:0.000000s ]
INFO: [ app_init ] --END-- [ RunTime:0.001000s ]
INFO: [ app_begin ] --START--
INFO: Run Behavior\ReadHtmlCacheBehavior [ RunTime:0.001000s ]
INFO: [ app_begin ] --END-- [ RunTime:0.001000s ]
SQL: SHOW COLUMNS FROM `w_logs` [ RunTime:0.0000s ]
SQL: SHOW COLUMNS FROM `w_project_class` [ RunTime:0.0000s ]
SQL: SELECT * FROM `w_logs` WHERE `content` LIKE '柒彩%' AND `delete` = 0 LIMIT 1   [ RunTime:0.0000s ]
SQL: SELECT * FROM `w_project_class` WHERE `delete` = 0 AND `name` LIKE '%柒彩%' LIMIT 1   [ RunTime:0.0000s ]
NOTIC: [8] Undefined index: validate D:\wamp\www\work_log\ThinkPHP\Library\Think\Model.class.php 第 1185 行.
NOTIC: [8] Undefined index: auto D:\wamp\www\work_log\ThinkPHP\Library\Think\Model.class.php 第 1128 行.
SQL: INSERT INTO `w_logs` (`content`,`difficulty`,`type`,`create_time`,`year`,`month`,`day`) VALUES ('柒彩绘后台上传产品图片问题','1','1','1468889870','2016','7','19') [ RunTime:0.0000s ]
SQL: SELECT * FROM `w_logs` WHERE ( id=340 ) LIMIT 1   [ RunTime:0.0000s ]
SQL: SELECT * FROM `w_project_class` WHERE `name` LIKE '%柒彩%' AND `delete` = 0 LIMIT 1   [ RunTime:0.0000s ]
SQL: SELECT `name` FROM `w_project_class` WHERE ( id=30 ) LIMIT 1   [ RunTime:0.0000s ]
SQL: UPDATE `w_logs` SET `pid`='30' WHERE ( id=340 ) [ RunTime:0.0156s ]
SQL: UPDATE `w_project_class` SET `nums`=nums+1 WHERE ( id=30 ) [ RunTime:0.0000s ]
SQL: SELECT * FROM `w_logs` WHERE ( id=340 )  [ RunTime:0.0000s ]
NOTIC: [8] Undefined variable: str D:\wamp\www\work_log\Application\Home\Controller\IndexController.class.php 第 168 行.

[ 2016-07-19T08:58:16+08:00 ] 127.0.0.1 /work_log/index.php/Home/Index/addlogs?content=%E6%9F%92%E5%BD%A9%E6%B1%87%E5%89%8D%E5%8F%B0%E9%80%80%E6%AC%BE%E9%97%AE%E9%A2%98&difficulty=2&type=1
INFO: [ app_init ] --START--
INFO: Run Behavior\BuildLiteBehavior [ RunTime:0.000000s ]
INFO: [ app_init ] --END-- [ RunTime:0.001000s ]
INFO: [ app_begin ] --START--
INFO: Run Behavior\ReadHtmlCacheBehavior [ RunTime:0.001000s ]
INFO: [ app_begin ] --END-- [ RunTime:0.001000s ]
SQL: SHOW COLUMNS FROM `w_logs` [ RunTime:0.0020s ]
SQL: SHOW COLUMNS FROM `w_project_class` [ RunTime:0.0030s ]
SQL: SELECT * FROM `w_logs` WHERE `content` LIKE '柒彩%' AND `delete` = 0 LIMIT 1   [ RunTime:0.0000s ]
SQL: SELECT * FROM `w_project_class` WHERE `delete` = 0 AND `name` LIKE '%柒彩%' LIMIT 1   [ RunTime:0.0000s ]
NOTIC: [8] Undefined index: validate D:\wamp\www\work_log\ThinkPHP\Library\Think\Model.class.php 第 1185 行.
NOTIC: [8] Undefined index: auto D:\wamp\www\work_log\ThinkPHP\Library\Think\Model.class.php 第 1128 行.
SQL: INSERT INTO `w_logs` (`content`,`difficulty`,`type`,`create_time`,`year`,`month`,`day`) VALUES ('柒彩汇前台退款问题','2','1','1468889896','2016','7','19') [ RunTime:0.0010s ]
SQL: SELECT * FROM `w_logs` WHERE ( id=341 ) LIMIT 1   [ RunTime:0.0000s ]
SQL: SELECT * FROM `w_project_class` WHERE `name` LIKE '%柒彩%' AND `delete` = 0 LIMIT 1   [ RunTime:0.0000s ]
SQL: SELECT `name` FROM `w_project_class` WHERE ( id=30 ) LIMIT 1   [ RunTime:0.0000s ]
SQL: UPDATE `w_logs` SET `pid`='30' WHERE ( id=341 ) [ RunTime:0.0000s ]
SQL: UPDATE `w_project_class` SET `nums`=nums+1 WHERE ( id=30 ) [ RunTime:0.0000s ]
SQL: SELECT * FROM `w_logs` WHERE ( id=341 )  [ RunTime:0.0000s ]
NOTIC: [8] Undefined variable: str D:\wamp\www\work_log\Application\Home\Controller\IndexController.class.php 第 168 行.

[ 2016-07-19T08:58:29+08:00 ] 127.0.0.1 /work_log/index.php/Home/Index/addlogs?content=%E6%9F%92%E5%BD%A9%E6%B1%87%E5%89%8D%E5%8F%B0%E9%A1%B6%E6%88%B4%E6%8B%86%E5%88%86%E9%97%AE%E9%A2%98&difficulty=2&type=1
INFO: [ app_init ] --START--
INFO: Run Behavior\BuildLiteBehavior [ RunTime:0.000000s ]
INFO: [ app_init ] --END-- [ RunTime:0.001000s ]
INFO: [ app_begin ] --START--
INFO: Run Behavior\ReadHtmlCacheBehavior [ RunTime:0.001001s ]
INFO: [ app_begin ] --END-- [ RunTime:0.001001s ]
SQL: SHOW COLUMNS FROM `w_logs` [ RunTime:0.0030s ]
SQL: SHOW COLUMNS FROM `w_project_class` [ RunTime:0.0030s ]
SQL: SELECT * FROM `w_logs` WHERE `content` LIKE '柒彩%' AND `delete` = 0 LIMIT 1   [ RunTime:0.0010s ]
SQL: SELECT * FROM `w_project_class` WHERE `delete` = 0 AND `name` LIKE '%柒彩%' LIMIT 1   [ RunTime:0.0000s ]
NOTIC: [8] Undefined index: validate D:\wamp\www\work_log\ThinkPHP\Library\Think\Model.class.php 第 1185 行.
NOTIC: [8] Undefined index: auto D:\wamp\www\work_log\ThinkPHP\Library\Think\Model.class.php 第 1128 行.
SQL: INSERT INTO `w_logs` (`content`,`difficulty`,`type`,`create_time`,`year`,`month`,`day`) VALUES ('柒彩汇前台顶戴拆分问题','2','1','1468889909','2016','7','19') [ RunTime:0.0000s ]
SQL: SELECT * FROM `w_logs` WHERE ( id=342 ) LIMIT 1   [ RunTime:0.0010s ]
SQL: SELECT * FROM `w_project_class` WHERE `name` LIKE '%柒彩%' AND `delete` = 0 LIMIT 1   [ RunTime:0.0000s ]
SQL: SELECT `name` FROM `w_project_class` WHERE ( id=30 ) LIMIT 1   [ RunTime:0.0000s ]
SQL: UPDATE `w_logs` SET `pid`='30' WHERE ( id=342 ) [ RunTime:0.0000s ]
SQL: UPDATE `w_project_class` SET `nums`=nums+1 WHERE ( id=30 ) [ RunTime:0.0010s ]
SQL: SELECT * FROM `w_logs` WHERE ( id=342 )  [ RunTime:0.0000s ]
NOTIC: [8] Undefined variable: str D:\wamp\www\work_log\Application\Home\Controller\IndexController.class.php 第 168 行.

[ 2016-07-19T09:19:16+08:00 ] 127.0.0.1 /work_log/index.php/Home/Index/screeningLog?pid=30&type=3
INFO: [ app_init ] --START--
INFO: Run Behavior\BuildLiteBehavior [ RunTime:0.000000s ]
INFO: [ app_init ] --END-- [ RunTime:0.000000s ]
INFO: [ app_begin ] --START--
INFO: Run Behavior\ReadHtmlCacheBehavior [ RunTime:0.001000s ]
INFO: [ app_begin ] --END-- [ RunTime:0.001000s ]
SQL: SHOW COLUMNS FROM `w_logs` [ RunTime:0.0040s ]
SQL: SHOW COLUMNS FROM `w_project_class` [ RunTime:0.0050s ]
SQL: SELECT `name` FROM `w_project_class` WHERE ( id=30 ) LIMIT 1   [ RunTime:0.0000s ]
SQL: SELECT * FROM `w_logs` WHERE `pid` = 30 AND `delete` = 0 ORDER BY finished,create_time desc  [ RunTime:0.0020s ]
NOTIC: [8] Undefined variable: str D:\wamp\www\work_log\Application\Home\Controller\IndexController.class.php 第 168 行.

[ 2016-07-19T09:19:21+08:00 ] 127.0.0.1 /work_log/index.php/Home/Index/finishLog?id=340
INFO: [ app_init ] --START--
INFO: Run Behavior\BuildLiteBehavior [ RunTime:0.000000s ]
INFO: [ app_init ] --END-- [ RunTime:0.001000s ]
INFO: [ app_begin ] --START--
INFO: Run Behavior\ReadHtmlCacheBehavior [ RunTime:0.002000s ]
INFO: [ app_begin ] --END-- [ RunTime:0.002000s ]
SQL: SHOW COLUMNS FROM `w_logs` [ RunTime:0.0030s ]
SQL: SHOW COLUMNS FROM `w_project_class` [ RunTime:0.0030s ]
SQL: SELECT * FROM `w_logs` WHERE ( id=340 ) LIMIT 1   [ RunTime:0.0010s ]
SQL: UPDATE `w_logs` SET `finished`='1',`finish_time`='1468891161' WHERE ( id=340 ) [ RunTime:0.0010s ]

[ 2016-07-19T09:19:23+08:00 ] 127.0.0.1 /work_log/index.php/Home/Index/finishLog?id=332
INFO: [ app_init ] --START--
INFO: Run Behavior\BuildLiteBehavior [ RunTime:0.000000s ]
INFO: [ app_init ] --END-- [ RunTime:0.003000s ]
INFO: [ app_begin ] --START--
INFO: Run Behavior\ReadHtmlCacheBehavior [ RunTime:0.001000s ]
INFO: [ app_begin ] --END-- [ RunTime:0.001000s ]
SQL: SHOW COLUMNS FROM `w_logs` [ RunTime:0.0030s ]
SQL: SHOW COLUMNS FROM `w_project_class` [ RunTime:0.0030s ]
SQL: SELECT * FROM `w_logs` WHERE ( id=332 ) LIMIT 1   [ RunTime:0.0010s ]
SQL: UPDATE `w_logs` SET `finished`='1',`finish_time`='1468891163' WHERE ( id=332 ) [ RunTime:0.0000s ]

[ 2016-07-19T11:06:44+08:00 ] 127.0.0.1 /work_log/index.php/Home/Index/getProjectDescribe?pid=30
INFO: [ app_init ] --START--
INFO: Run Behavior\BuildLiteBehavior [ RunTime:0.000000s ]
INFO: [ app_init ] --END-- [ RunTime:0.003001s ]
INFO: [ app_begin ] --START--
INFO: Run Behavior\ReadHtmlCacheBehavior [ RunTime:0.002000s ]
INFO: [ app_begin ] --END-- [ RunTime:0.002000s ]
SQL: SHOW COLUMNS FROM `w_logs` [ RunTime:0.0030s ]
SQL: SHOW COLUMNS FROM `w_project_class` [ RunTime:0.0020s ]
SQL: SHOW COLUMNS FROM `w_project_describe` [ RunTime:0.0040s ]
SQL: SELECT * FROM `w_project_describe` WHERE `pid` = 30 LIMIT 1   [ RunTime:0.0010s ]

[ 2016-07-19T11:06:54+08:00 ] 127.0.0.1 /work_log/index.php/Home/Index/editProjectDescribe?pid=30&content=distribution_level(%E7%AD%89%E7%BA%A7%E5%88%97%E8%A1%A8)%0Adistribution_level_orders(%E5%8D%87%E7%BA%A7%E8%AE%A2%E5%8D%95)%0Adistribution_earning(%E9%87%91%E5%B8%81%E4%BD%BF%E7%94%A8%E5%88%97%E8%A1%A8)%0Adistribution_account(%E4%BC%9A%E5%91%98%E7%99%BB%E9%99%86%E8%B4%A6%E5%8F%B7)%0A%0A%E7%B3%BB%E7%BB%9F%E6%8F%8F%E8%BF%B0%EF%BC%9A%0A%E5%8D%87%E7%BA%A7%EF%BC%9A%0A%E8%87%AA%E8%A1%8C%E8%BF%9B%E5%85%A5%E7%9A%84%E6%B8%B8%E5%AE%A2%E5%8D%87%E7%BA%A7%E4%B9%8B%E5%90%8E%E9%9A%8F%E6%9C%BA%E5%88%86%E9%85%8D%E7%BB%99%E5%85%AC%E5%8F%B8%E6%88%96%E8%80%85%E6%80%BB%E4%BB%A3%E7%90%86%2C%E6%AD%A4%E6%97%B6%E7%94%9F%E6%88%90%E4%B8%80%E6%9D%A1level_orders%E5%92%8C%E4%B8%A4%E6%9D%A1earning(%E9%9D%9E%E8%B4%AD%E7%89%A9%E5%8D%87%E7%BA%A7)+%2C%E5%85%85%E5%80%BC%E8%80%85%E5%8A%A0%E9%87%91%E5%B8%81%EF%BC%8C%E4%B8%8A%E7%BA%A7%E5%87%8F%E9%87%91%E5%B8%81%E5%8A%A0%E7%8E%B0%E9%87%91%0A%E5%A6%82%E6%9E%9C%E6%98%AF%E8%B4%AD%E7%89%A9%E6%96%B9%E5%BC%8F%E7%9A%84%E5%8D%87%E7%BA%A7%EF%BC%8C%E4%B8%8A%E7%BA%A7%E5%8A%A0%E7%8E%B0%E9%87%91%EF%BC%8C%E8%87%AA%E8%BA%AB%E6%B2%A1%E9%87%91%E5%B8%81%0A%E5%AE%98%E6%96%B9%EF%BC%8C%E7%9C%81%E4%BB%A3%EF%BC%8C%E5%B8%82%E4%BB%A3%E5%8D%87%E7%BA%A7%E9%9C%80%E8%A6%81%E8%B4%AD%E7%89%A9588%2C288%2C98%0A%0A%E5%85%85%E5%80%BC%EF%BC%9A%0A%E5%85%85%E5%80%BC%E8%87%AA%E8%A1%8C%E5%A1%AB%E5%86%99%E5%85%85%E5%80%BC%E9%87%91%E9%A2%9D%EF%BC%8CCEO%E5%92%8C%E5%A4%A7%E5%8C%BA%E4%B8%8D%E8%83%BD%E5%B0%91%E4%BA%8E%E6%9C%AC%E7%9C%81%E4%BC%9A%E5%91%98%E7%AD%89%E7%BA%A7%E9%87%91%E9%A2%9D%E7%9A%8415%25%E5%92%8C25%25%0A%0A%E5%8D%87%E7%BA%A7%EF%BC%8C%E5%85%85%E5%80%BC%E4%B8%8D%E8%83%BD%E9%80%90%E7%BA%A7%E5%90%91%E4%B8%8A%E6%8F%90%E4%BA%A4%EF%BC%8C%E5%88%A4%E6%96%AD%E9%87%91%E5%B8%81%E4%BD%99%E9%A2%9D%E5%B0%B1%E7%9B%B4%E6%8E%A5%E5%85%85%E5%80%BC%EF%BC%8C%E6%88%90%E5%8A%9F%E4%BB%98%E6%AC%BE%E4%B9%8B%E5%90%8E%E7%9B%B4%E6%8E%A5%E7%BB%99LID%E5%92%8CGOLD%0A%0A%E8%B4%AD%E7%89%A9%E6%B5%81%E7%A8%8B%EF%BC%9A%0A%E6%B8%B8%E5%AE%A2%E8%B4%AD%E5%85%83%E8%B4%A7-%E3%80%8B%E6%8F%90%E4%BA%A4%E4%B8%8A%E7%BA%A7%EF%BC%8C%E6%B2%A1%E8%B4%A7%EF%BC%8C%E5%87%8F40%E9%87%91%E5%B8%81%E5%8A%A050%E4%BD%99%E9%A2%9D%EF%BC%8C-%E3%80%8B%E6%8F%90%E4%BA%A4%E4%B8%8A%E7%BA%A7-%E3%80%8B%E4%B8%8A%E7%BA%A7%E5%8A%A040%E4%BD%99%E9%A2%9D%EF%BC%8C%E5%8F%91%E8%B4%A7%0A%E5%95%86%E5%93%81%E9%9C%80%E8%A6%81%E8%AE%BE%E8%AE%A1%E9%92%88%E5%AF%B97%E4%B8%AA%E7%BA%A7%E5%88%AB%EF%BC%8C%E8%AE%BE%E7%BD%AE7%E4%B8%AA%E4%BB%B7%E6%A0%BC%0A%E5%9C%A8%E8%AE%A2%E5%8D%95%E5%88%97%E8%A1%A8%E4%B8%AD%E8%AE%BE%E7%BD%AEBINDMIND%EF%BC%88%E6%8F%90%E4%BA%A4%E5%AF%B9%E8%B1%A1ID%EF%BC%89%EF%BC%8C%E5%8F%AF%E9%87%8D%E7%BD%AE
INFO: [ app_init ] --START--
INFO: Run Behavior\BuildLiteBehavior [ RunTime:0.001000s ]
INFO: [ app_init ] --END-- [ RunTime:0.001000s ]
INFO: [ app_begin ] --START--
INFO: Run Behavior\ReadHtmlCacheBehavior [ RunTime:0.000000s ]
INFO: [ app_begin ] --END-- [ RunTime:0.001000s ]
SQL: SHOW COLUMNS FROM `w_logs` [ RunTime:0.0030s ]
SQL: SHOW COLUMNS FROM `w_project_class` [ RunTime:0.0030s ]
SQL: SHOW COLUMNS FROM `w_project_describe` [ RunTime:0.0010s ]
SQL: SELECT * FROM `w_project_describe` WHERE `pid` = 30 LIMIT 1   [ RunTime:0.0000s ]
SQL: UPDATE `w_project_describe` SET `content`='distribution_level(等级列表)
distribution_level_orders(升级订单)
distribution_earning(金币使用列表)
distribution_account(会员登陆账号)

系统描述：
升级：
自行进入的游客升级之后随机分配给公司或者总代理,此时生成一条level_orders和两条earning(非购物升级) ,充值者加金币，上级减金币加现金
如果是购物方式的升级，上级加现金，自身没金币
官方，省代，市代升级需要购物588,288,98

充值：
充值自行填写充值金额，CEO和大区不能少于本省会员等级金额的15%和25%

升级，充值不能逐级向上提交，判断金币余额就直接充值，成功付款之后直接给LID和GOLD

购物流程：
游客购元货-》提交上级，没货，减40金币加50余额，-》提交上级-》上级加40余额，发货
商品需要设计针对7个级别，设置7个价格
在订单列表中设置BINDMIND（提交对象ID），可重置' WHERE `pid` = 30 [ RunTime:0.0000s ]
SQL: SELECT * FROM `w_project_describe` WHERE `pid` = 30 LIMIT 1   [ RunTime:0.0000s ]

[ 2016-07-19T11:06:56+08:00 ] 127.0.0.1 /work_log/index.php/Home/Index/editProjectDescribe?pid=30&content=distribution_level(%E7%AD%89%E7%BA%A7%E5%88%97%E8%A1%A8)%0Adistribution_level_orders(%E5%8D%87%E7%BA%A7%E8%AE%A2%E5%8D%95)%0Adistribution_earning(%E9%87%91%E5%B8%81%E4%BD%BF%E7%94%A8%E5%88%97%E8%A1%A8)%0Adistribution_account(%E4%BC%9A%E5%91%98%E7%99%BB%E9%99%86%E8%B4%A6%E5%8F%B7)%0A%0A%E7%B3%BB%E7%BB%9F%E6%8F%8F%E8%BF%B0%EF%BC%9A%0A%0A%E5%8D%87%E7%BA%A7%EF%BC%9A%0A%E8%87%AA%E8%A1%8C%E8%BF%9B%E5%85%A5%E7%9A%84%E6%B8%B8%E5%AE%A2%E5%8D%87%E7%BA%A7%E4%B9%8B%E5%90%8E%E9%9A%8F%E6%9C%BA%E5%88%86%E9%85%8D%E7%BB%99%E5%85%AC%E5%8F%B8%E6%88%96%E8%80%85%E6%80%BB%E4%BB%A3%E7%90%86%2C%E6%AD%A4%E6%97%B6%E7%94%9F%E6%88%90%E4%B8%80%E6%9D%A1level_orders%E5%92%8C%E4%B8%A4%E6%9D%A1earning(%E9%9D%9E%E8%B4%AD%E7%89%A9%E5%8D%87%E7%BA%A7)+%2C%E5%85%85%E5%80%BC%E8%80%85%E5%8A%A0%E9%87%91%E5%B8%81%EF%BC%8C%E4%B8%8A%E7%BA%A7%E5%87%8F%E9%87%91%E5%B8%81%E5%8A%A0%E7%8E%B0%E9%87%91%0A%E5%A6%82%E6%9E%9C%E6%98%AF%E8%B4%AD%E7%89%A9%E6%96%B9%E5%BC%8F%E7%9A%84%E5%8D%87%E7%BA%A7%EF%BC%8C%E4%B8%8A%E7%BA%A7%E5%8A%A0%E7%8E%B0%E9%87%91%EF%BC%8C%E8%87%AA%E8%BA%AB%E6%B2%A1%E9%87%91%E5%B8%81%0A%E5%AE%98%E6%96%B9%EF%BC%8C%E7%9C%81%E4%BB%A3%EF%BC%8C%E5%B8%82%E4%BB%A3%E5%8D%87%E7%BA%A7%E9%9C%80%E8%A6%81%E8%B4%AD%E7%89%A9588%2C288%2C98%0A%0A%E5%85%85%E5%80%BC%EF%BC%9A%0A%E5%85%85%E5%80%BC%E8%87%AA%E8%A1%8C%E5%A1%AB%E5%86%99%E5%85%85%E5%80%BC%E9%87%91%E9%A2%9D%EF%BC%8CCEO%E5%92%8C%E5%A4%A7%E5%8C%BA%E4%B8%8D%E8%83%BD%E5%B0%91%E4%BA%8E%E6%9C%AC%E7%9C%81%E4%BC%9A%E5%91%98%E7%AD%89%E7%BA%A7%E9%87%91%E9%A2%9D%E7%9A%8415%25%E5%92%8C25%25%0A%0A%E5%8D%87%E7%BA%A7%EF%BC%8C%E5%85%85%E5%80%BC%E4%B8%8D%E8%83%BD%E9%80%90%E7%BA%A7%E5%90%91%E4%B8%8A%E6%8F%90%E4%BA%A4%EF%BC%8C%E5%88%A4%E6%96%AD%E9%87%91%E5%B8%81%E4%BD%99%E9%A2%9D%E5%B0%B1%E7%9B%B4%E6%8E%A5%E5%85%85%E5%80%BC%EF%BC%8C%E6%88%90%E5%8A%9F%E4%BB%98%E6%AC%BE%E4%B9%8B%E5%90%8E%E7%9B%B4%E6%8E%A5%E7%BB%99LID%E5%92%8CGOLD%0A%0A%E8%B4%AD%E7%89%A9%E6%B5%81%E7%A8%8B%EF%BC%9A%0A%E6%B8%B8%E5%AE%A2%E8%B4%AD%E5%85%83%E8%B4%A7-%E3%80%8B%E6%8F%90%E4%BA%A4%E4%B8%8A%E7%BA%A7%EF%BC%8C%E6%B2%A1%E8%B4%A7%EF%BC%8C%E5%87%8F40%E9%87%91%E5%B8%81%E5%8A%A050%E4%BD%99%E9%A2%9D%EF%BC%8C-%E3%80%8B%E6%8F%90%E4%BA%A4%E4%B8%8A%E7%BA%A7-%E3%80%8B%E4%B8%8A%E7%BA%A7%E5%8A%A040%E4%BD%99%E9%A2%9D%EF%BC%8C%E5%8F%91%E8%B4%A7%0A%E5%95%86%E5%93%81%E9%9C%80%E8%A6%81%E8%AE%BE%E8%AE%A1%E9%92%88%E5%AF%B97%E4%B8%AA%E7%BA%A7%E5%88%AB%EF%BC%8C%E8%AE%BE%E7%BD%AE7%E4%B8%AA%E4%BB%B7%E6%A0%BC%0A%E5%9C%A8%E8%AE%A2%E5%8D%95%E5%88%97%E8%A1%A8%E4%B8%AD%E8%AE%BE%E7%BD%AEBINDMIND%EF%BC%88%E6%8F%90%E4%BA%A4%E5%AF%B9%E8%B1%A1ID%EF%BC%89%EF%BC%8C%E5%8F%AF%E9%87%8D%E7%BD%AE
INFO: [ app_init ] --START--
INFO: Run Behavior\BuildLiteBehavior [ RunTime:0.000000s ]
INFO: [ app_init ] --END-- [ RunTime:0.001001s ]
INFO: [ app_begin ] --START--
INFO: Run Behavior\ReadHtmlCacheBehavior [ RunTime:0.001000s ]
INFO: [ app_begin ] --END-- [ RunTime:0.001000s ]
SQL: SHOW COLUMNS FROM `w_logs` [ RunTime:0.0030s ]
SQL: SHOW COLUMNS FROM `w_project_class` [ RunTime:0.0030s ]
SQL: SHOW COLUMNS FROM `w_project_describe` [ RunTime:0.0030s ]
SQL: SELECT * FROM `w_project_describe` WHERE `pid` = 30 LIMIT 1   [ RunTime:0.0000s ]
SQL: UPDATE `w_project_describe` SET `content`='distribution_level(等级列表)
distribution_level_orders(升级订单)
distribution_earning(金币使用列表)
distribution_account(会员登陆账号)

系统描述：

升级：
自行进入的游客升级之后随机分配给公司或者总代理,此时生成一条level_orders和两条earning(非购物升级) ,充值者加金币，上级减金币加现金
如果是购物方式的升级，上级加现金，自身没金币
官方，省代，市代升级需要购物588,288,98

充值：
充值自行填写充值金额，CEO和大区不能少于本省会员等级金额的15%和25%

升级，充值不能逐级向上提交，判断金币余额就直接充值，成功付款之后直接给LID和GOLD

购物流程：
游客购元货-》提交上级，没货，减40金币加50余额，-》提交上级-》上级加40余额，发货
商品需要设计针对7个级别，设置7个价格
在订单列表中设置BINDMIND（提交对象ID），可重置' WHERE `pid` = 30 [ RunTime:0.0010s ]
SQL: SELECT * FROM `w_project_describe` WHERE `pid` = 30 LIMIT 1   [ RunTime:0.0000s ]

[ 2016-07-19T11:06:57+08:00 ] 127.0.0.1 /work_log/index.php/Home/Index/editProjectDescribe?pid=30&content=distribution_level(%E7%AD%89%E7%BA%A7%E5%88%97%E8%A1%A8)%0Adistribution_level_orders(%E5%8D%87%E7%BA%A7%E8%AE%A2%E5%8D%95)%0Adistribution_earning(%E9%87%91%E5%B8%81%E4%BD%BF%E7%94%A8%E5%88%97%E8%A1%A8)%0Adistribution_account(%E4%BC%9A%E5%91%98%E7%99%BB%E9%99%86%E8%B4%A6%E5%8F%B7)%0A%0A%E7%B3%BB%E7%BB%9F%E6%8F%8F%E8%BF%B0%EF%BC%9A%0A%0A%E5%8D%87%E7%BA%A7%EF%BC%9A%0A%E8%87%AA%E8%A1%8C%E8%BF%9B%E5%85%A5%E7%9A%84%E6%B8%B8%E5%AE%A2%E5%8D%87%E7%BA%A7%E4%B9%8B%E5%90%8E%E9%9A%8F%E6%9C%BA%E5%88%86%E9%85%8D%E7%BB%99%E5%85%AC%E5%8F%B8%E6%88%96%E8%80%85%E6%80%BB%E4%BB%A3%E7%90%86%2C%E6%AD%A4%E6%97%B6%E7%94%9F%E6%88%90%E4%B8%80%E6%9D%A1level_orders%E5%92%8C%E4%B8%A4%E6%9D%A1earning(%E9%9D%9E%E8%B4%AD%E7%89%A9%E5%8D%87%E7%BA%A7)+%2C%E5%85%85%E5%80%BC%E8%80%85%E5%8A%A0%E9%87%91%E5%B8%81%EF%BC%8C%E4%B8%8A%E7%BA%A7%E5%87%8F%E9%87%91%E5%B8%81%E5%8A%A0%E7%8E%B0%E9%87%91%0A%E5%A6%82%E6%9E%9C%E6%98%AF%E8%B4%AD%E7%89%A9%E6%96%B9%E5%BC%8F%E7%9A%84%E5%8D%87%E7%BA%A7%EF%BC%8C%E4%B8%8A%E7%BA%A7%E5%8A%A0%E7%8E%B0%E9%87%91%EF%BC%8C%E8%87%AA%E8%BA%AB%E6%B2%A1%E9%87%91%E5%B8%81%0A%E5%AE%98%E6%96%B9%EF%BC%8C%E7%9C%81%E4%BB%A3%EF%BC%8C%E5%B8%82%E4%BB%A3%E5%8D%87%E7%BA%A7%E9%9C%80%E8%A6%81%E8%B4%AD%E7%89%A9588%2C288%2C98%0A%0A%E5%85%85%E5%80%BC%EF%BC%9A%0A%E5%85%85%E5%80%BC%E8%87%AA%E8%A1%8C%E5%A1%AB%E5%86%99%E5%85%85%E5%80%BC%E9%87%91%E9%A2%9D%EF%BC%8CCEO%E5%92%8C%E5%A4%A7%E5%8C%BA%E4%B8%8D%E8%83%BD%E5%B0%91%E4%BA%8E%E6%9C%AC%E7%9C%81%E4%BC%9A%E5%91%98%E7%AD%89%E7%BA%A7%E9%87%91%E9%A2%9D%E7%9A%8415%25%E5%92%8C25%25%0A%0A%E5%8D%87%E7%BA%A7%EF%BC%8C%E5%85%85%E5%80%BC%E4%B8%8D%E8%83%BD%E9%80%90%E7%BA%A7%E5%90%91%E4%B8%8A%E6%8F%90%E4%BA%A4%EF%BC%8C%E5%88%A4%E6%96%AD%E9%87%91%E5%B8%81%E4%BD%99%E9%A2%9D%E5%B0%B1%E7%9B%B4%E6%8E%A5%E5%85%85%E5%80%BC%EF%BC%8C%E6%88%90%E5%8A%9F%E4%BB%98%E6%AC%BE%E4%B9%8B%E5%90%8E%E7%9B%B4%E6%8E%A5%E7%BB%99LID%E5%92%8CGOLD%0A%0A%E8%B4%AD%E7%89%A9%E6%B5%81%E7%A8%8B%EF%BC%9A%0A%E6%B8%B8%E5%AE%A2%E8%B4%AD%E5%85%83%E8%B4%A7-%E3%80%8B%E6%8F%90%E4%BA%A4%E4%B8%8A%E7%BA%A7%EF%BC%8C%E6%B2%A1%E8%B4%A7%EF%BC%8C%E5%87%8F40%E9%87%91%E5%B8%81%E5%8A%A050%E4%BD%99%E9%A2%9D%EF%BC%8C-%E3%80%8B%E6%8F%90%E4%BA%A4%E4%B8%8A%E7%BA%A7-%E3%80%8B%E4%B8%8A%E7%BA%A7%E5%8A%A040%E4%BD%99%E9%A2%9D%EF%BC%8C%E5%8F%91%E8%B4%A7%0A%E5%95%86%E5%93%81%E9%9C%80%E8%A6%81%E8%AE%BE%E8%AE%A1%E9%92%88%E5%AF%B97%E4%B8%AA%E7%BA%A7%E5%88%AB%EF%BC%8C%E8%AE%BE%E7%BD%AE7%E4%B8%AA%E4%BB%B7%E6%A0%BC%0A%E5%9C%A8%E8%AE%A2%E5%8D%95%E5%88%97%E8%A1%A8%E4%B8%AD%E8%AE%BE%E7%BD%AEBINDMIND%EF%BC%88%E6%8F%90%E4%BA%A4%E5%AF%B9%E8%B1%A1ID%EF%BC%89%EF%BC%8C%E5%8F%AF%E9%87%8D%E7%BD%AE%0A
INFO: [ app_init ] --START--
INFO: Run Behavior\BuildLiteBehavior [ RunTime:0.000000s ]
INFO: [ app_init ] --END-- [ RunTime:0.000000s ]
INFO: [ app_begin ] --START--
INFO: Run Behavior\ReadHtmlCacheBehavior [ RunTime:0.001000s ]
INFO: [ app_begin ] --END-- [ RunTime:0.001000s ]
SQL: SHOW COLUMNS FROM `w_logs` [ RunTime:0.0000s ]
SQL: SHOW COLUMNS FROM `w_project_class` [ RunTime:0.0000s ]
SQL: SHOW COLUMNS FROM `w_project_describe` [ RunTime:0.0000s ]
SQL: SELECT * FROM `w_project_describe` WHERE `pid` = 30 LIMIT 1   [ RunTime:0.0000s ]
SQL: UPDATE `w_project_describe` SET `content`='distribution_level(等级列表)
distribution_level_orders(升级订单)
distribution_earning(金币使用列表)
distribution_account(会员登陆账号)

系统描述：

升级：
自行进入的游客升级之后随机分配给公司或者总代理,此时生成一条level_orders和两条earning(非购物升级) ,充值者加金币，上级减金币加现金
如果是购物方式的升级，上级加现金，自身没金币
官方，省代，市代升级需要购物588,288,98

充值：
充值自行填写充值金额，CEO和大区不能少于本省会员等级金额的15%和25%

升级，充值不能逐级向上提交，判断金币余额就直接充值，成功付款之后直接给LID和GOLD

购物流程：
游客购元货-》提交上级，没货，减40金币加50余额，-》提交上级-》上级加40余额，发货
商品需要设计针对7个级别，设置7个价格
在订单列表中设置BINDMIND（提交对象ID），可重置' WHERE `pid` = 30 [ RunTime:0.0000s ]
SQL: SELECT * FROM `w_project_describe` WHERE `pid` = 30 LIMIT 1   [ RunTime:0.0000s ]

[ 2016-07-19T11:07:05+08:00 ] 127.0.0.1 /work_log/index.php/Home/Index/editProjectDescribe?pid=30&content=distribution_level(%E7%AD%89%E7%BA%A7%E5%88%97%E8%A1%A8)%0Adistribution_level_orders(%E5%8D%87%E7%BA%A7%E8%AE%A2%E5%8D%95)%0Adistribution_earning(%E9%87%91%E5%B8%81%E4%BD%BF%E7%94%A8%E5%88%97%E8%A1%A8)%0Adistribution_account(%E4%BC%9A%E5%91%98%E7%99%BB%E9%99%86%E8%B4%A6%E5%8F%B7)%0A%0A%E7%B3%BB%E7%BB%9F%E6%8F%8F%E8%BF%B0%EF%BC%9A%0A%0A%E5%8D%87%E7%BA%A7%EF%BC%9A%0A%E8%87%AA%E8%A1%8C%E8%BF%9B%E5%85%A5%E7%9A%84%E6%B8%B8%E5%AE%A2%E5%8D%87%E7%BA%A7%E4%B9%8B%E5%90%8E%E9%9A%8F%E6%9C%BA%E5%88%86%E9%85%8D%E7%BB%99%E5%85%AC%E5%8F%B8%E6%88%96%E8%80%85%E6%80%BB%E4%BB%A3%E7%90%86%2C%E6%AD%A4%E6%97%B6%E7%94%9F%E6%88%90%E4%B8%80%E6%9D%A1level_orders%E5%92%8C%E4%B8%A4%E6%9D%A1earning(%E9%9D%9E%E8%B4%AD%E7%89%A9%E5%8D%87%E7%BA%A7)+%2C%E5%85%85%E5%80%BC%E8%80%85%E5%8A%A0%E9%87%91%E5%B8%81%EF%BC%8C%E4%B8%8A%E7%BA%A7%E5%87%8F%E9%87%91%E5%B8%81%E5%8A%A0%E7%8E%B0%E9%87%91%0A%E5%A6%82%E6%9E%9C%E6%98%AF%E8%B4%AD%E7%89%A9%E6%96%B9%E5%BC%8F%E7%9A%84%E5%8D%87%E7%BA%A7%EF%BC%8C%E4%B8%8A%E7%BA%A7%E5%8A%A0%E7%8E%B0%E9%87%91%EF%BC%8C%E8%87%AA%E8%BA%AB%E6%B2%A1%E9%87%91%E5%B8%81%0A%E5%AE%98%E6%96%B9%EF%BC%8C%E7%9C%81%E4%BB%A3%EF%BC%8C%E5%B8%82%E4%BB%A3%E5%8D%87%E7%BA%A7%E9%9C%80%E8%A6%81%E8%B4%AD%E7%89%A9588%2C288%2C98%0A%0A%E5%85%85%E5%80%BC%EF%BC%9A%0A%E5%85%85%E5%80%BC%E8%87%AA%E8%A1%8C%E5%A1%AB%E5%86%99%E5%85%85%E5%80%BC%E9%87%91%E9%A2%9D%EF%BC%8CCEO%E5%92%8C%E5%A4%A7%E5%8C%BA%E4%B8%8D%E8%83%BD%E5%B0%91%E4%BA%8E%E6%9C%AC%E7%9C%81%E4%BC%9A%E5%91%98%E7%AD%89%E7%BA%A7%E9%87%91%E9%A2%9D%E7%9A%8415%25%E5%92%8C25%25%0A%0A%E5%8D%87%E7%BA%A7%EF%BC%8C%E5%85%85%E5%80%BC%E4%B8%8D%E8%83%BD%E9%80%90%E7%BA%A7%E5%90%91%E4%B8%8A%E6%8F%90%E4%BA%A4%EF%BC%8C%E5%88%A4%E6%96%AD%E9%87%91%E5%B8%81%E4%BD%99%E9%A2%9D%E5%B0%B1%E7%9B%B4%E6%8E%A5%E5%85%85%E5%80%BC%EF%BC%8C%E6%88%90%E5%8A%9F%E4%BB%98%E6%AC%BE%E4%B9%8B%E5%90%8E%E7%9B%B4%E6%8E%A5%E7%BB%99LID%E5%92%8CGOLD%0A%0A%E8%B4%AD%E7%89%A9%E6%B5%81%E7%A8%8B%EF%BC%9A%0A%E6%B8%B8%E5%AE%A2%E8%B4%AD%E5%85%83%E8%B4%A7-%E3%80%8B%E6%8F%90%E4%BA%A4%E4%B8%8A%E7%BA%A7%EF%BC%8C%E6%B2%A1%E8%B4%A7%EF%BC%8C%E5%87%8F40%E9%87%91%E5%B8%81%E5%8A%A050%E4%BD%99%E9%A2%9D%EF%BC%8C-%E3%80%8B%E6%8F%90%E4%BA%A4%E4%B8%8A%E7%BA%A7-%E3%80%8B%E4%B8%8A%E7%BA%A7%E5%8A%A040%E4%BD%99%E9%A2%9D%EF%BC%8C%E5%8F%91%E8%B4%A7%0A%E5%95%86%E5%93%81%E9%9C%80%E8%A6%81%E8%AE%BE%E8%AE%A1%E9%92%88%E5%AF%B97%E4%B8%AA%E7%BA%A7%E5%88%AB%EF%BC%8C%E8%AE%BE%E7%BD%AE7%E4%B8%AA%E4%BB%B7%E6%A0%BC%0A%E5%9C%A8%E8%AE%A2%E5%8D%95%E5%88%97%E8%A1%A8%E4%B8%AD%E8%AE%BE%E7%BD%AEBINDMIND%EF%BC%88%E6%8F%90%E4%BA%A4%E5%AF%B9%E8%B1%A1ID%EF%BC%89%EF%BC%8C%E5%8F%AF%E9%87%8D%E7%BD%AE%0A%0A%E9%80%80%E6%AC%BE%EF%BC%9A
INFO: [ app_init ] --START--
INFO: Run Behavior\BuildLiteBehavior [ RunTime:0.000000s ]
INFO: [ app_init ] --END-- [ RunTime:0.001000s ]
INFO: [ app_begin ] --START--
INFO: Run Behavior\ReadHtmlCacheBehavior [ RunTime:0.000000s ]
INFO: [ app_begin ] --END-- [ RunTime:0.000000s ]
SQL: SHOW COLUMNS FROM `w_logs` [ RunTime:0.0030s ]
SQL: SHOW COLUMNS FROM `w_project_class` [ RunTime:0.0030s ]
SQL: SHOW COLUMNS FROM `w_project_describe` [ RunTime:0.0030s ]
SQL: SELECT * FROM `w_project_describe` WHERE `pid` = 30 LIMIT 1   [ RunTime:0.0000s ]
SQL: UPDATE `w_project_describe` SET `content`='distribution_level(等级列表)
distribution_level_orders(升级订单)
distribution_earning(金币使用列表)
distribution_account(会员登陆账号)

系统描述：

升级：
自行进入的游客升级之后随机分配给公司或者总代理,此时生成一条level_orders和两条earning(非购物升级) ,充值者加金币，上级减金币加现金
如果是购物方式的升级，上级加现金，自身没金币
官方，省代，市代升级需要购物588,288,98

充值：
充值自行填写充值金额，CEO和大区不能少于本省会员等级金额的15%和25%

升级，充值不能逐级向上提交，判断金币余额就直接充值，成功付款之后直接给LID和GOLD

购物流程：
游客购元货-》提交上级，没货，减40金币加50余额，-》提交上级-》上级加40余额，发货
商品需要设计针对7个级别，设置7个价格
在订单列表中设置BINDMIND（提交对象ID），可重置

退款：' WHERE `pid` = 30 [ RunTime:0.0000s ]
SQL: SELECT * FROM `w_project_describe` WHERE `pid` = 30 LIMIT 1   [ RunTime:0.0010s ]

[ 2016-07-19T11:17:30+08:00 ] 127.0.0.1 /work_log/index.php/Home/Index/editProjectDescribe?pid=30&content=distribution_level(%E7%AD%89%E7%BA%A7%E5%88%97%E8%A1%A8)%0Adistribution_level_orders(%E5%8D%87%E7%BA%A7%E8%AE%A2%E5%8D%95)%0Adistribution_earning(%E9%87%91%E5%B8%81%E4%BD%BF%E7%94%A8%E5%88%97%E8%A1%A8)%0Adistribution_account(%E4%BC%9A%E5%91%98%E7%99%BB%E9%99%86%E8%B4%A6%E5%8F%B7)%0A%0A%E7%B3%BB%E7%BB%9F%E6%8F%8F%E8%BF%B0%EF%BC%9A%0A%0A%E5%8D%87%E7%BA%A7%EF%BC%9A%0A%E8%87%AA%E8%A1%8C%E8%BF%9B%E5%85%A5%E7%9A%84%E6%B8%B8%E5%AE%A2%E5%8D%87%E7%BA%A7%E4%B9%8B%E5%90%8E%E9%9A%8F%E6%9C%BA%E5%88%86%E9%85%8D%E7%BB%99%E5%85%AC%E5%8F%B8%E6%88%96%E8%80%85%E6%80%BB%E4%BB%A3%E7%90%86%2C%E6%AD%A4%E6%97%B6%E7%94%9F%E6%88%90%E4%B8%80%E6%9D%A1level_orders%E5%92%8C%E4%B8%A4%E6%9D%A1earning(%E9%9D%9E%E8%B4%AD%E7%89%A9%E5%8D%87%E7%BA%A7)+%2C%E5%85%85%E5%80%BC%E8%80%85%E5%8A%A0%E9%87%91%E5%B8%81%EF%BC%8C%E4%B8%8A%E7%BA%A7%E5%87%8F%E9%87%91%E5%B8%81%E5%8A%A0%E7%8E%B0%E9%87%91%0A%E5%A6%82%E6%9E%9C%E6%98%AF%E8%B4%AD%E7%89%A9%E6%96%B9%E5%BC%8F%E7%9A%84%E5%8D%87%E7%BA%A7%EF%BC%8C%E4%B8%8A%E7%BA%A7%E5%8A%A0%E7%8E%B0%E9%87%91%EF%BC%8C%E8%87%AA%E8%BA%AB%E6%B2%A1%E9%87%91%E5%B8%81%0A%E5%AE%98%E6%96%B9%EF%BC%8C%E7%9C%81%E4%BB%A3%EF%BC%8C%E5%B8%82%E4%BB%A3%E5%8D%87%E7%BA%A7%E9%9C%80%E8%A6%81%E8%B4%AD%E7%89%A9588%2C288%2C98%0A%0A%E5%85%85%E5%80%BC%EF%BC%9A%0A%E5%85%85%E5%80%BC%E8%87%AA%E8%A1%8C%E5%A1%AB%E5%86%99%E5%85%85%E5%80%BC%E9%87%91%E9%A2%9D%EF%BC%8CCEO%E5%92%8C%E5%A4%A7%E5%8C%BA%E4%B8%8D%E8%83%BD%E5%B0%91%E4%BA%8E%E6%9C%AC%E7%9C%81%E4%BC%9A%E5%91%98%E7%AD%89%E7%BA%A7%E9%87%91%E9%A2%9D%E7%9A%8415%25%E5%92%8C25%25%0A%0A%E5%8D%87%E7%BA%A7%EF%BC%8C%E5%85%85%E5%80%BC%E4%B8%8D%E8%83%BD%E9%80%90%E7%BA%A7%E5%90%91%E4%B8%8A%E6%8F%90%E4%BA%A4%EF%BC%8C%E5%88%A4%E6%96%AD%E9%87%91%E5%B8%81%E4%BD%99%E9%A2%9D%E5%B0%B1%E7%9B%B4%E6%8E%A5%E5%85%85%E5%80%BC%EF%BC%8C%E6%88%90%E5%8A%9F%E4%BB%98%E6%AC%BE%E4%B9%8B%E5%90%8E%E7%9B%B4%E6%8E%A5%E7%BB%99LID%E5%92%8CGOLD%0A%0A%E8%B4%AD%E7%89%A9%E6%B5%81%E7%A8%8B%EF%BC%9A%0A%E6%B8%B8%E5%AE%A2%E8%B4%AD%E5%85%83%E8%B4%A7-%E3%80%8B%E6%8F%90%E4%BA%A4%E4%B8%8A%E7%BA%A7%EF%BC%8C%E6%B2%A1%E8%B4%A7%EF%BC%8C%E5%87%8F40%E9%87%91%E5%B8%81%E5%8A%A050%E4%BD%99%E9%A2%9D%EF%BC%8C-%E3%80%8B%E6%8F%90%E4%BA%A4%E4%B8%8A%E7%BA%A7-%E3%80%8B%E4%B8%8A%E7%BA%A7%E5%8A%A040%E4%BD%99%E9%A2%9D%EF%BC%8C%E5%8F%91%E8%B4%A7%0A%E5%95%86%E5%93%81%E9%9C%80%E8%A6%81%E8%AE%BE%E8%AE%A1%E9%92%88%E5%AF%B97%E4%B8%AA%E7%BA%A7%E5%88%AB%EF%BC%8C%E8%AE%BE%E7%BD%AE7%E4%B8%AA%E4%BB%B7%E6%A0%BC%0A%E5%9C%A8%E8%AE%A2%E5%8D%95%E5%88%97%E8%A1%A8%E4%B8%AD%E8%AE%BE%E7%BD%AEBINDMIND%EF%BC%88%E6%8F%90%E4%BA%A4%E5%AF%B9%E8%B1%A1ID%EF%BC%89%EF%BC%8C%E5%8F%AF%E9%87%8D%E7%BD%AE%0A%0A%E9%80%80%E6%AC%BE%EF%BC%9A%0A%E4%BB%8E%E8%B4%AD%E4%B9%B0%E4%BA%BA%E5%BC%80%E5%A7%8B%E9%80%90%E7%BA%A7%E6%8F%90%E4%BA%A4%EF%BC%8C%E6%89%80%E6%9C%89%E5%8F%AA%E6%9C%89%E8%B4%AD%E4%B9%B0%E4%BA%BA%E5%8F%AF%E4%BB%A5%E7%94%B3%E8%AF%B7%E9%80%80%E6%AC%BE%EF%BC%8C%E4%B8%AD%E9%97%B4%E6%8F%90%E4%BA%A4%E4%BA%BA%E6%98%AF%E4%B8%8D%E8%83%BD%E7%94%B3%E8%AF%B7%E6%8F%90%E4%BA%A4%E7%9A%84(%E9%80%9A%E8%BF%87wecha_id%E5%88%A4%E6%96%AD)
INFO: [ app_init ] --START--
INFO: Run Behavior\BuildLiteBehavior [ RunTime:0.000000s ]
INFO: [ app_init ] --END-- [ RunTime:0.000000s ]
INFO: [ app_begin ] --START--
INFO: Run Behavior\ReadHtmlCacheBehavior [ RunTime:0.001000s ]
INFO: [ app_begin ] --END-- [ RunTime:0.001000s ]
SQL: SHOW COLUMNS FROM `w_logs` [ RunTime:0.0030s ]
SQL: SHOW COLUMNS FROM `w_project_class` [ RunTime:0.0030s ]
SQL: SHOW COLUMNS FROM `w_project_describe` [ RunTime:0.0030s ]
SQL: SELECT * FROM `w_project_describe` WHERE `pid` = 30 LIMIT 1   [ RunTime:0.0000s ]
SQL: UPDATE `w_project_describe` SET `content`='distribution_level(等级列表)
distribution_level_orders(升级订单)
distribution_earning(金币使用列表)
distribution_account(会员登陆账号)

系统描述：

升级：
自行进入的游客升级之后随机分配给公司或者总代理,此时生成一条level_orders和两条earning(非购物升级) ,充值者加金币，上级减金币加现金
如果是购物方式的升级，上级加现金，自身没金币
官方，省代，市代升级需要购物588,288,98

充值：
充值自行填写充值金额，CEO和大区不能少于本省会员等级金额的15%和25%

升级，充值不能逐级向上提交，判断金币余额就直接充值，成功付款之后直接给LID和GOLD

购物流程：
游客购元货-》提交上级，没货，减40金币加50余额，-》提交上级-》上级加40余额，发货
商品需要设计针对7个级别，设置7个价格
在订单列表中设置BINDMIND（提交对象ID），可重置

退款：
从购买人开始逐级提交，所有只有购买人可以申请退款，中间提交人是不能申请提交的(通过wecha_id判断)' WHERE `pid` = 30 [ RunTime:0.0010s ]
SQL: SELECT * FROM `w_project_describe` WHERE `pid` = 30 LIMIT 1   [ RunTime:0.0000s ]

[ 2016-07-19T11:18:37+08:00 ] 127.0.0.1 /work_log/index.php/Home/Index/editProjectDescribe?pid=30&content=distribution_level(%E7%AD%89%E7%BA%A7%E5%88%97%E8%A1%A8)%0Adistribution_level_orders(%E5%8D%87%E7%BA%A7%E8%AE%A2%E5%8D%95)%0Adistribution_earning(%E9%87%91%E5%B8%81%E4%BD%BF%E7%94%A8%E5%88%97%E8%A1%A8)%0Adistribution_account(%E4%BC%9A%E5%91%98%E7%99%BB%E9%99%86%E8%B4%A6%E5%8F%B7)%0A%0A%E7%B3%BB%E7%BB%9F%E6%8F%8F%E8%BF%B0%EF%BC%9A%0A%0A%E5%8D%87%E7%BA%A7%EF%BC%9A%0A%E8%87%AA%E8%A1%8C%E8%BF%9B%E5%85%A5%E7%9A%84%E6%B8%B8%E5%AE%A2%E5%8D%87%E7%BA%A7%E4%B9%8B%E5%90%8E%E9%9A%8F%E6%9C%BA%E5%88%86%E9%85%8D%E7%BB%99%E5%85%AC%E5%8F%B8%E6%88%96%E8%80%85%E6%80%BB%E4%BB%A3%E7%90%86%2C%E6%AD%A4%E6%97%B6%E7%94%9F%E6%88%90%E4%B8%80%E6%9D%A1level_orders%E5%92%8C%E4%B8%A4%E6%9D%A1earning(%E9%9D%9E%E8%B4%AD%E7%89%A9%E5%8D%87%E7%BA%A7)+%2C%E5%85%85%E5%80%BC%E8%80%85%E5%8A%A0%E9%87%91%E5%B8%81%EF%BC%8C%E4%B8%8A%E7%BA%A7%E5%87%8F%E9%87%91%E5%B8%81%E5%8A%A0%E7%8E%B0%E9%87%91%0A%E5%A6%82%E6%9E%9C%E6%98%AF%E8%B4%AD%E7%89%A9%E6%96%B9%E5%BC%8F%E7%9A%84%E5%8D%87%E7%BA%A7%EF%BC%8C%E4%B8%8A%E7%BA%A7%E5%8A%A0%E7%8E%B0%E9%87%91%EF%BC%8C%E8%87%AA%E8%BA%AB%E6%B2%A1%E9%87%91%E5%B8%81%0A%E5%AE%98%E6%96%B9%EF%BC%8C%E7%9C%81%E4%BB%A3%EF%BC%8C%E5%B8%82%E4%BB%A3%E5%8D%87%E7%BA%A7%E9%9C%80%E8%A6%81%E8%B4%AD%E7%89%A9588%2C288%2C98%0A%0A%E5%85%85%E5%80%BC%EF%BC%9A%0A%E5%85%85%E5%80%BC%E8%87%AA%E8%A1%8C%E5%A1%AB%E5%86%99%E5%85%85%E5%80%BC%E9%87%91%E9%A2%9D%EF%BC%8CCEO%E5%92%8C%E5%A4%A7%E5%8C%BA%E4%B8%8D%E8%83%BD%E5%B0%91%E4%BA%8E%E6%9C%AC%E7%9C%81%E4%BC%9A%E5%91%98%E7%AD%89%E7%BA%A7%E9%87%91%E9%A2%9D%E7%9A%8415%25%E5%92%8C25%25%0A%0A%E5%8D%87%E7%BA%A7%EF%BC%8C%E5%85%85%E5%80%BC%E4%B8%8D%E8%83%BD%E9%80%90%E7%BA%A7%E5%90%91%E4%B8%8A%E6%8F%90%E4%BA%A4%EF%BC%8C%E5%88%A4%E6%96%AD%E9%87%91%E5%B8%81%E4%BD%99%E9%A2%9D%E5%B0%B1%E7%9B%B4%E6%8E%A5%E5%85%85%E5%80%BC%EF%BC%8C%E6%88%90%E5%8A%9F%E4%BB%98%E6%AC%BE%E4%B9%8B%E5%90%8E%E7%9B%B4%E6%8E%A5%E7%BB%99LID%E5%92%8CGOLD%0A%0A%E8%B4%AD%E7%89%A9%E6%B5%81%E7%A8%8B%EF%BC%9A%0A%E6%B8%B8%E5%AE%A2%E8%B4%AD%E5%85%83%E8%B4%A7-%E3%80%8B%E6%8F%90%E4%BA%A4%E4%B8%8A%E7%BA%A7%EF%BC%8C%E6%B2%A1%E8%B4%A7%EF%BC%8C%E5%87%8F40%E9%87%91%E5%B8%81%E5%8A%A050%E4%BD%99%E9%A2%9D%EF%BC%8C-%E3%80%8B%E6%8F%90%E4%BA%A4%E4%B8%8A%E7%BA%A7-%E3%80%8B%E4%B8%8A%E7%BA%A7%E5%8A%A040%E4%BD%99%E9%A2%9D%EF%BC%8C%E5%8F%91%E8%B4%A7%0A%E5%95%86%E5%93%81%E9%9C%80%E8%A6%81%E8%AE%BE%E8%AE%A1%E9%92%88%E5%AF%B97%E4%B8%AA%E7%BA%A7%E5%88%AB%EF%BC%8C%E8%AE%BE%E7%BD%AE7%E4%B8%AA%E4%BB%B7%E6%A0%BC%0A%E5%9C%A8%E8%AE%A2%E5%8D%95%E5%88%97%E8%A1%A8%E4%B8%AD%E8%AE%BE%E7%BD%AEBINDMIND%EF%BC%88%E6%8F%90%E4%BA%A4%E5%AF%B9%E8%B1%A1ID%EF%BC%89%EF%BC%8C%E5%8F%AF%E9%87%8D%E7%BD%AE%0A%0A%E9%80%80%E6%AC%BE%EF%BC%9A%0A%E4%BB%8E%E8%B4%AD%E4%B9%B0%E4%BA%BA%E5%BC%80%E5%A7%8B%E9%80%90%E7%BA%A7%E6%8F%90%E4%BA%A4%EF%BC%8C%E6%89%80%E6%9C%89%E5%8F%AA%E6%9C%89%E8%B4%AD%E4%B9%B0%E4%BA%BA%E5%8F%AF%E4%BB%A5%E7%94%B3%E8%AF%B7%E9%80%80%E6%AC%BE%EF%BC%8C%E4%B8%AD%E9%97%B4%E6%8F%90%E4%BA%A4%E4%BA%BA%E6%98%AF%E4%B8%8D%E8%83%BD%E7%94%B3%E8%AF%B7%E6%8F%90%E4%BA%A4%E7%9A%84(%E9%80%9A%E8%BF%87wecha_id%E5%88%A4%E6%96%AD)%0A%E4%B8%8A%E7%BA%A7%E6%8F%90%E4%BA%A4%E4%BA%BA%E7%A1%AE%E8%AE%A4%E4%B9%8B%E5%90%8E%EF%BC%8C%E5%87%8F%E7%8E%B0%E9%87%91%EF%BC%8C%E4%B8%8B%E7%BA%A7%E5%8F%8D%E7%8E%B0%E9%87%91%E6%88%96%E9%87%91%E5%B8%81
INFO: [ app_init ] --START--
INFO: Run Behavior\BuildLiteBehavior [ RunTime:0.000000s ]
INFO: [ app_init ] --END-- [ RunTime:0.001000s ]
INFO: [ app_begin ] --START--
INFO: Run Behavior\ReadHtmlCacheBehavior [ RunTime:0.001000s ]
INFO: [ app_begin ] --END-- [ RunTime:0.002000s ]
SQL: SHOW COLUMNS FROM `w_logs` [ RunTime:0.0040s ]
SQL: SHOW COLUMNS FROM `w_project_class` [ RunTime:0.0020s ]
SQL: SHOW COLUMNS FROM `w_project_describe` [ RunTime:0.0020s ]
SQL: SELECT * FROM `w_project_describe` WHERE `pid` = 30 LIMIT 1   [ RunTime:0.0000s ]
SQL: UPDATE `w_project_describe` SET `content`='distribution_level(等级列表)
distribution_level_orders(升级订单)
distribution_earning(金币使用列表)
distribution_account(会员登陆账号)

系统描述：

升级：
自行进入的游客升级之后随机分配给公司或者总代理,此时生成一条level_orders和两条earning(非购物升级) ,充值者加金币，上级减金币加现金
如果是购物方式的升级，上级加现金，自身没金币
官方，省代，市代升级需要购物588,288,98

充值：
充值自行填写充值金额，CEO和大区不能少于本省会员等级金额的15%和25%

升级，充值不能逐级向上提交，判断金币余额就直接充值，成功付款之后直接给LID和GOLD

购物流程：
游客购元货-》提交上级，没货，减40金币加50余额，-》提交上级-》上级加40余额，发货
商品需要设计针对7个级别，设置7个价格
在订单列表中设置BINDMIND（提交对象ID），可重置

退款：
从购买人开始逐级提交，所有只有购买人可以申请退款，中间提交人是不能申请提交的(通过wecha_id判断)
上级提交人确认之后，减现金，下级反现金或金币' WHERE `pid` = 30 [ RunTime:0.0010s ]
SQL: SELECT * FROM `w_project_describe` WHERE `pid` = 30 LIMIT 1   [ RunTime:0.0000s ]

[ 2016-07-19T15:16:26+08:00 ] 127.0.0.1 /work_log/index.php/Home/Index/editProjectDescribe?pid=30&content=distribution_level(%E7%AD%89%E7%BA%A7%E5%88%97%E8%A1%A8)%0Adistribution_level_orders(%E5%8D%87%E7%BA%A7%E8%AE%A2%E5%8D%95)%0Adistribution_earning(%E9%87%91%E5%B8%81%E4%BD%BF%E7%94%A8%E5%88%97%E8%A1%A8)%0Adistribution_account(%E4%BC%9A%E5%91%98%E7%99%BB%E9%99%86%E8%B4%A6%E5%8F%B7)%0A%0A%E7%B3%BB%E7%BB%9F%E6%8F%8F%E8%BF%B0%EF%BC%9A%0A%0A%E5%8D%87%E7%BA%A7%EF%BC%9A%0A%E8%87%AA%E8%A1%8C%E8%BF%9B%E5%85%A5%E7%9A%84%E6%B8%B8%E5%AE%A2%E5%8D%87%E7%BA%A7%E4%B9%8B%E5%90%8E%E9%9A%8F%E6%9C%BA%E5%88%86%E9%85%8D%E7%BB%99%E5%85%AC%E5%8F%B8%E6%88%96%E8%80%85%E6%80%BB%E4%BB%A3%E7%90%86%2C%E6%AD%A4%E6%97%B6%E7%94%9F%E6%88%90%E4%B8%80%E6%9D%A1level_orders%E5%92%8C%E4%B8%A4%E6%9D%A1earning(%E9%9D%9E%E8%B4%AD%E7%89%A9%E5%8D%87%E7%BA%A7)+%2C%E5%85%85%E5%80%BC%E8%80%85%E5%8A%A0%E9%87%91%E5%B8%81%EF%BC%8C%E4%B8%8A%E7%BA%A7%E5%87%8F%E9%87%91%E5%B8%81%E5%8A%A0%E7%8E%B0%E9%87%91%0A%E5%A6%82%E6%9E%9C%E6%98%AF%E8%B4%AD%E7%89%A9%E6%96%B9%E5%BC%8F%E7%9A%84%E5%8D%87%E7%BA%A7%EF%BC%8C%E4%B8%8A%E7%BA%A7%E5%8A%A0%E7%8E%B0%E9%87%91%EF%BC%8C%E8%87%AA%E8%BA%AB%E6%B2%A1%E9%87%91%E5%B8%81%0A%E5%AE%98%E6%96%B9%EF%BC%8C%E7%9C%81%E4%BB%A3%EF%BC%8C%E5%B8%82%E4%BB%A3%E5%8D%87%E7%BA%A7%E9%9C%80%E8%A6%81%E8%B4%AD%E7%89%A9588%2C288%2C98%0A%0A%E5%85%85%E5%80%BC%EF%BC%9A%0A%E5%85%85%E5%80%BC%E8%87%AA%E8%A1%8C%E5%A1%AB%E5%86%99%E5%85%85%E5%80%BC%E9%87%91%E9%A2%9D%EF%BC%8CCEO%E5%92%8C%E5%A4%A7%E5%8C%BA%E4%B8%8D%E8%83%BD%E5%B0%91%E4%BA%8E%E6%9C%AC%E7%9C%81%E4%BC%9A%E5%91%98%E7%AD%89%E7%BA%A7%E9%87%91%E9%A2%9D%E7%9A%8415%25%E5%92%8C25%25%0A%0A%E5%8D%87%E7%BA%A7%EF%BC%8C%E5%85%85%E5%80%BC%E4%B8%8D%E8%83%BD%E9%80%90%E7%BA%A7%E5%90%91%E4%B8%8A%E6%8F%90%E4%BA%A4%EF%BC%8C%E5%88%A4%E6%96%AD%E9%87%91%E5%B8%81%E4%BD%99%E9%A2%9D%E5%B0%B1%E7%9B%B4%E6%8E%A5%E5%85%85%E5%80%BC%EF%BC%8C%E6%88%90%E5%8A%9F%E4%BB%98%E6%AC%BE%E4%B9%8B%E5%90%8E%E7%9B%B4%E6%8E%A5%E7%BB%99LID%E5%92%8CGOLD%0A%0A%E8%B4%AD%E7%89%A9%E6%B5%81%E7%A8%8B%EF%BC%9A%0A%E6%B8%B8%E5%AE%A2%E8%B4%AD%E5%85%83%E8%B4%A7-%E3%80%8B%E6%8F%90%E4%BA%A4%E4%B8%8A%E7%BA%A7%EF%BC%8C%E6%B2%A1%E8%B4%A7%EF%BC%8C%E5%87%8F40%E9%87%91%E5%B8%81%E5%8A%A050%E4%BD%99%E9%A2%9D%EF%BC%8C-%E3%80%8B%E6%8F%90%E4%BA%A4%E4%B8%8A%E7%BA%A7-%E3%80%8B%E4%B8%8A%E7%BA%A7%E5%8A%A040%E4%BD%99%E9%A2%9D%EF%BC%8C%E5%8F%91%E8%B4%A7%0A%E5%95%86%E5%93%81%E9%9C%80%E8%A6%81%E8%AE%BE%E8%AE%A1%E9%92%88%E5%AF%B97%E4%B8%AA%E7%BA%A7%E5%88%AB%EF%BC%8C%E8%AE%BE%E7%BD%AE7%E4%B8%AA%E4%BB%B7%E6%A0%BC%0A%E5%9C%A8%E8%AE%A2%E5%8D%95%E5%88%97%E8%A1%A8%E4%B8%AD%E8%AE%BE%E7%BD%AEBINDMIND%EF%BC%88%E6%8F%90%E4%BA%A4%E5%AF%B9%E8%B1%A1ID%EF%BC%89%EF%BC%8C%E5%8F%AF%E9%87%8D%E7%BD%AE%0A%0A%E9%80%80%E6%AC%BE%EF%BC%9A%0A%E4%BB%8E%E8%B4%AD%E4%B9%B0%E4%BA%BA%E5%BC%80%E5%A7%8B%E9%80%90%E7%BA%A7%E6%8F%90%E4%BA%A4%EF%BC%8C%E6%89%80%E6%9C%89%E5%8F%AA%E6%9C%89%E8%B4%AD%E4%B9%B0%E4%BA%BA%E5%8F%AF%E4%BB%A5%E7%94%B3%E8%AF%B7%E9%80%80%E6%AC%BE%EF%BC%8C%E4%B8%AD%E9%97%B4%E6%8F%90%E4%BA%A4%E4%BA%BA%E6%98%AF%E4%B8%8D%E8%83%BD%E7%94%B3%E8%AF%B7%E6%8F%90%E4%BA%A4%E7%9A%84(%E9%80%9A%E8%BF%87wecha_id%E5%88%A4%E6%96%AD)%0A%E4%B8%8A%E7%BA%A7%E6%8F%90%E4%BA%A4%E4%BA%BA%E7%A1%AE%E8%AE%A4%E4%B9%8B%E5%90%8E%EF%BC%8C%E5%87%8F%E7%8E%B0%E9%87%91%EF%BC%8C%E4%B8%8B%E7%BA%A7%E5%8F%8D%E7%8E%B0%E9%87%91%E6%88%96%E9%87%91%E5%B8%81%0A
INFO: [ app_init ] --START--
INFO: Run Behavior\BuildLiteBehavior [ RunTime:0.001000s ]
INFO: [ app_init ] --END-- [ RunTime:0.001000s ]
INFO: [ app_begin ] --START--
INFO: Run Behavior\ReadHtmlCacheBehavior [ RunTime:0.001000s ]
INFO: [ app_begin ] --END-- [ RunTime:0.001000s ]
SQL: SHOW COLUMNS FROM `w_logs` [ RunTime:0.0060s ]
SQL: SHOW COLUMNS FROM `w_project_class` [ RunTime:0.0040s ]
SQL: SHOW COLUMNS FROM `w_project_describe` [ RunTime:0.0050s ]
SQL: SELECT * FROM `w_project_describe` WHERE `pid` = 30 LIMIT 1   [ RunTime:0.0010s ]
SQL: UPDATE `w_project_describe` SET `content`='distribution_level(等级列表)
distribution_level_orders(升级订单)
distribution_earning(金币使用列表)
distribution_account(会员登陆账号)

系统描述：

升级：
自行进入的游客升级之后随机分配给公司或者总代理,此时生成一条level_orders和两条earning(非购物升级) ,充值者加金币，上级减金币加现金
如果是购物方式的升级，上级加现金，自身没金币
官方，省代，市代升级需要购物588,288,98

充值：
充值自行填写充值金额，CEO和大区不能少于本省会员等级金额的15%和25%

升级，充值不能逐级向上提交，判断金币余额就直接充值，成功付款之后直接给LID和GOLD

购物流程：
游客购元货-》提交上级，没货，减40金币加50余额，-》提交上级-》上级加40余额，发货
商品需要设计针对7个级别，设置7个价格
在订单列表中设置BINDMIND（提交对象ID），可重置

退款：
从购买人开始逐级提交，所有只有购买人可以申请退款，中间提交人是不能申请提交的(通过wecha_id判断)
上级提交人确认之后，减现金，下级反现金或金币' WHERE `pid` = 30 [ RunTime:0.0000s ]
SQL: SELECT * FROM `w_project_describe` WHERE `pid` = 30 LIMIT 1   [ RunTime:0.0000s ]

[ 2016-07-19T15:16:30+08:00 ] 127.0.0.1 /work_log/index.php/Home/Index/getProjectDescribe?pid=30
INFO: [ app_init ] --START--
INFO: Run Behavior\BuildLiteBehavior [ RunTime:0.001000s ]
INFO: [ app_init ] --END-- [ RunTime:0.001000s ]
INFO: [ app_begin ] --START--
INFO: Run Behavior\ReadHtmlCacheBehavior [ RunTime:0.002000s ]
INFO: [ app_begin ] --END-- [ RunTime:0.002000s ]
SQL: SHOW COLUMNS FROM `w_logs` [ RunTime:0.0040s ]
SQL: SHOW COLUMNS FROM `w_project_class` [ RunTime:0.0040s ]
SQL: SHOW COLUMNS FROM `w_project_describe` [ RunTime:0.0040s ]
SQL: SELECT * FROM `w_project_describe` WHERE `pid` = 30 LIMIT 1   [ RunTime:0.0010s ]

[ 2016-07-19T15:16:38+08:00 ] 127.0.0.1 /work_log/index.php/Home/Index/finishLog?id=341
INFO: [ app_init ] --START--
INFO: Run Behavior\BuildLiteBehavior [ RunTime:0.001000s ]
INFO: [ app_init ] --END-- [ RunTime:0.001000s ]
INFO: [ app_begin ] --START--
INFO: Run Behavior\ReadHtmlCacheBehavior [ RunTime:0.001000s ]
INFO: [ app_begin ] --END-- [ RunTime:0.001000s ]
SQL: SHOW COLUMNS FROM `w_logs` [ RunTime:0.0070s ]
SQL: SHOW COLUMNS FROM `w_project_class` [ RunTime:0.0080s ]
SQL: SELECT * FROM `w_logs` WHERE ( id=341 ) LIMIT 1   [ RunTime:0.0050s ]
SQL: UPDATE `w_logs` SET `finished`='1',`finish_time`='1468912598' WHERE ( id=341 ) [ RunTime:0.0010s ]

[ 2016-07-19T15:17:07+08:00 ] 127.0.0.1 /work_log/index.php/Home/Index/addlogs?content=%E5%9F%BA%E7%A1%80%E7%89%88%E6%9C%AC%E7%BC%96%E5%86%99&difficulty=2&type=1
INFO: [ app_init ] --START--
INFO: Run Behavior\BuildLiteBehavior [ RunTime:0.000000s ]
INFO: [ app_init ] --END-- [ RunTime:0.001000s ]
INFO: [ app_begin ] --START--
INFO: Run Behavior\ReadHtmlCacheBehavior [ RunTime:0.000000s ]
INFO: [ app_begin ] --END-- [ RunTime:0.000000s ]
SQL: SHOW COLUMNS FROM `w_logs` [ RunTime:0.0025s ]
SQL: SHOW COLUMNS FROM `w_project_class` [ RunTime:0.0025s ]
SQL: SELECT * FROM `w_logs` WHERE `content` LIKE '基础%' AND `delete` = 0 LIMIT 1   [ RunTime:0.0000s ]
SQL: SELECT * FROM `w_logs` WHERE `content` LIKE '基础版%' AND `delete` = 0 LIMIT 1   [ RunTime:0.0000s ]
SQL: SELECT * FROM `w_logs` WHERE `content` LIKE '基础版本%' AND `delete` = 0 LIMIT 1   [ RunTime:0.0025s ]
SQL: SELECT * FROM `w_logs` WHERE `content` LIKE '基础版本编%' AND `delete` = 0 LIMIT 1   [ RunTime:0.0000s ]
NOTIC: [8] Undefined index: validate D:\wamp\www\work_log\ThinkPHP\Library\Think\Model.class.php 第 1185 行.
NOTIC: [8] Undefined index: auto D:\wamp\www\work_log\ThinkPHP\Library\Think\Model.class.php 第 1128 行.
SQL: INSERT INTO `w_logs` (`content`,`difficulty`,`type`,`create_time`,`year`,`month`,`day`) VALUES ('基础版本编写','2','1','1468912627','2016','7','19') [ RunTime:0.0000s ]
SQL: SELECT * FROM `w_logs` WHERE ( id=343 ) LIMIT 1   [ RunTime:0.0000s ]
SQL: SELECT * FROM `w_project_class` WHERE `name` LIKE '%基础%' AND `delete` = 0 LIMIT 1   [ RunTime:0.0000s ]
SQL: SELECT * FROM `w_logs` WHERE ( id=343 )  [ RunTime:0.0000s ]
NOTIC: [8] Undefined variable: str D:\wamp\www\work_log\Application\Home\Controller\IndexController.class.php 第 168 行.

[ 2016-07-19T17:26:21+08:00 ] 127.0.0.1 /work_log/index.php/Home/Index/screeningLog?index=0&type=1
INFO: [ app_init ] --START--
INFO: Run Behavior\BuildLiteBehavior [ RunTime:0.000000s ]
INFO: [ app_init ] --END-- [ RunTime:0.000000s ]
INFO: [ app_begin ] --START--
INFO: Run Behavior\ReadHtmlCacheBehavior [ RunTime:0.001000s ]
INFO: [ app_begin ] --END-- [ RunTime:0.001000s ]
SQL: SHOW COLUMNS FROM `w_logs` [ RunTime:0.0080s ]
SQL: SHOW COLUMNS FROM `w_project_class` [ RunTime:0.0060s ]
SQL: SELECT * FROM `w_logs` WHERE `delete` = 0 ORDER BY finished,create_time desc  [ RunTime:0.0070s ]
NOTIC: [8] Undefined variable: str D:\wamp\www\work_log\Application\Home\Controller\IndexController.class.php 第 168 行.

[ 2016-07-19T17:26:22+08:00 ] 127.0.0.1 /work_log/index.php/Home/Index/screeningLog?index=2&type=1
INFO: [ app_init ] --START--
INFO: Run Behavior\BuildLiteBehavior [ RunTime:0.000000s ]
INFO: [ app_init ] --END-- [ RunTime:0.001000s ]
INFO: [ app_begin ] --START--
INFO: Run Behavior\ReadHtmlCacheBehavior [ RunTime:0.001000s ]
INFO: [ app_begin ] --END-- [ RunTime:0.001000s ]
SQL: SHOW COLUMNS FROM `w_logs` [ RunTime:0.0040s ]
SQL: SHOW COLUMNS FROM `w_project_class` [ RunTime:0.0040s ]
SQL: SELECT * FROM `w_logs` WHERE `finished` = 0 AND `delete` = 0 ORDER BY finished,create_time desc  [ RunTime:0.0010s ]
NOTIC: [8] Undefined variable: str D:\wamp\www\work_log\Application\Home\Controller\IndexController.class.php 第 168 行.

[ 2016-07-19T17:26:23+08:00 ] 127.0.0.1 /work_log/index.php/Home/Index/screeningLog?index=2&type=1
INFO: [ app_init ] --START--
INFO: Run Behavior\BuildLiteBehavior [ RunTime:0.000000s ]
INFO: [ app_init ] --END-- [ RunTime:0.001000s ]
INFO: [ app_begin ] --START--
INFO: Run Behavior\ReadHtmlCacheBehavior [ RunTime:0.001000s ]
INFO: [ app_begin ] --END-- [ RunTime:0.002000s ]
SQL: SHOW COLUMNS FROM `w_logs` [ RunTime:0.0090s ]
SQL: SHOW COLUMNS FROM `w_project_class` [ RunTime:0.0040s ]
SQL: SELECT * FROM `w_logs` WHERE `finished` = 0 AND `delete` = 0 ORDER BY finished,create_time desc  [ RunTime:0.0000s ]
NOTIC: [8] Undefined variable: str D:\wamp\www\work_log\Application\Home\Controller\IndexController.class.php 第 168 行.

[ 2016-07-19T17:26:40+08:00 ] 127.0.0.1 /work_log/index.php/Home/Index/finishLog?id=325
INFO: [ app_init ] --START--
INFO: Run Behavior\BuildLiteBehavior [ RunTime:0.000000s ]
INFO: [ app_init ] --END-- [ RunTime:0.001000s ]
INFO: [ app_begin ] --START--
INFO: Run Behavior\ReadHtmlCacheBehavior [ RunTime:0.002001s ]
INFO: [ app_begin ] --END-- [ RunTime:0.002001s ]
SQL: SHOW COLUMNS FROM `w_logs` [ RunTime:0.0030s ]
SQL: SHOW COLUMNS FROM `w_project_class` [ RunTime:0.0050s ]
SQL: SELECT * FROM `w_logs` WHERE ( id=325 ) LIMIT 1   [ RunTime:0.0000s ]
SQL: UPDATE `w_logs` SET `finished`='1',`finish_time`='1468920400' WHERE ( id=325 ) [ RunTime:0.0020s ]

[ 2016-07-19T17:26:52+08:00 ] 127.0.0.1 /work_log/index.php/Home/Index/screeningLog?pid=28&type=3
INFO: [ app_init ] --START--
INFO: Run Behavior\BuildLiteBehavior [ RunTime:0.000000s ]
INFO: [ app_init ] --END-- [ RunTime:0.001000s ]
INFO: [ app_begin ] --START--
INFO: Run Behavior\ReadHtmlCacheBehavior [ RunTime:0.000000s ]
INFO: [ app_begin ] --END-- [ RunTime:0.001000s ]
SQL: SHOW COLUMNS FROM `w_logs` [ RunTime:0.0030s ]
SQL: SHOW COLUMNS FROM `w_project_class` [ RunTime:0.0040s ]
SQL: SELECT `name` FROM `w_project_class` WHERE ( id=28 ) LIMIT 1   [ RunTime:0.0020s ]
SQL: SELECT * FROM `w_logs` WHERE `pid` = 28 AND `delete` = 0 ORDER BY finished,create_time desc  [ RunTime:0.0000s ]
NOTIC: [8] Undefined variable: str D:\wamp\www\work_log\Application\Home\Controller\IndexController.class.php 第 168 行.

[ 2016-07-19T17:27:04+08:00 ] 127.0.0.1 /work_log/index.php/Home/Index/screeningLog?index=0&type=1
INFO: [ app_init ] --START--
INFO: Run Behavior\BuildLiteBehavior [ RunTime:0.000000s ]
INFO: [ app_init ] --END-- [ RunTime:0.001000s ]
INFO: [ app_begin ] --START--
INFO: Run Behavior\ReadHtmlCacheBehavior [ RunTime:0.001000s ]
INFO: [ app_begin ] --END-- [ RunTime:0.001000s ]
SQL: SHOW COLUMNS FROM `w_logs` [ RunTime:0.0030s ]
SQL: SHOW COLUMNS FROM `w_project_class` [ RunTime:0.0040s ]
SQL: SELECT * FROM `w_logs` WHERE `delete` = 0 ORDER BY finished,create_time desc  [ RunTime:0.0020s ]
NOTIC: [8] Undefined variable: str D:\wamp\www\work_log\Application\Home\Controller\IndexController.class.php 第 168 行.

