[ 2016-04-07T09:11:39+08:00 ] 127.0.0.1 /work_log/index.php/Home/Index/index
INFO: [ app_init ] --START--
INFO: Run Behavior\BuildLiteBehavior [ RunTime:0.000000s ]
INFO: [ app_init ] --END-- [ RunTime:0.001000s ]
INFO: [ app_begin ] --START--
INFO: Run Behavior\ReadHtmlCacheBehavior [ RunTime:0.000000s ]
INFO: [ app_begin ] --END-- [ RunTime:0.001000s ]
SQL: SHOW COLUMNS FROM `w_logs` [ RunTime:0.0190s ]
SQL: SELECT * FROM `w_logs` WHERE `delete` = 0 ORDER BY finished,create_time desc  [ RunTime:0.0060s ]
SQL: SELECT COUNT(*) AS tp_count FROM `w_logs` WHERE `finished` = 1 AND `delete` = 0 LIMIT 1   [ RunTime:0.0010s ]
SQL: SELECT COUNT(*) AS tp_count FROM `w_logs` WHERE `finished` = 0 AND `delete` = 0 LIMIT 1   [ RunTime:0.0000s ]
SQL: SHOW COLUMNS FROM `w_project_class` [ RunTime:0.0110s ]
SQL: SELECT * FROM `w_project_class` WHERE `delete` = 0  [ RunTime:0.0000s ]
INFO: [ view_parse ] --START--
INFO: [ template_filter ] --START--
INFO: Run Behavior\ContentReplaceBehavior [ RunTime:0.000000s ]
INFO: [ template_filter ] --END-- [ RunTime:0.000000s ]
INFO: Run Behavior\ParseTemplateBehavior [ RunTime:0.029002s ]
INFO: [ view_parse ] --END-- [ RunTime:0.029002s ]
INFO: [ view_filter ] --START--
INFO: Run Behavior\WriteHtmlCacheBehavior [ RunTime:0.000000s ]
INFO: [ view_filter ] --END-- [ RunTime:0.000000s ]

[ 2016-04-07T09:11:40+08:00 ] 127.0.0.1 /work_log/index.php/Home/Index/index
INFO: [ app_init ] --START--
INFO: Run Behavior\BuildLiteBehavior [ RunTime:0.000000s ]
INFO: [ app_init ] --END-- [ RunTime:0.000000s ]
INFO: [ app_begin ] --START--
INFO: Run Behavior\ReadHtmlCacheBehavior [ RunTime:0.001001s ]
INFO: [ app_begin ] --END-- [ RunTime:0.001001s ]
SQL: SHOW COLUMNS FROM `w_logs` [ RunTime:0.0140s ]
SQL: SELECT * FROM `w_logs` WHERE `delete` = 0 ORDER BY finished,create_time desc  [ RunTime:0.0030s ]
SQL: SELECT COUNT(*) AS tp_count FROM `w_logs` WHERE `finished` = 1 AND `delete` = 0 LIMIT 1   [ RunTime:0.0000s ]
SQL: SELECT COUNT(*) AS tp_count FROM `w_logs` WHERE `finished` = 0 AND `delete` = 0 LIMIT 1   [ RunTime:0.0010s ]
SQL: SHOW COLUMNS FROM `w_project_class` [ RunTime:0.0080s ]
SQL: SELECT * FROM `w_project_class` WHERE `delete` = 0  [ RunTime:0.0010s ]
INFO: [ view_parse ] --START--
INFO: [ template_filter ] --START--
INFO: Run Behavior\ContentReplaceBehavior [ RunTime:0.000000s ]
INFO: [ template_filter ] --END-- [ RunTime:0.000000s ]
INFO: Run Behavior\ParseTemplateBehavior [ RunTime:0.018001s ]
INFO: [ view_parse ] --END-- [ RunTime:0.018001s ]
INFO: [ view_filter ] --START--
INFO: Run Behavior\WriteHtmlCacheBehavior [ RunTime:0.000000s ]
INFO: [ view_filter ] --END-- [ RunTime:0.000000s ]
INFO: [ app_end ] --START--
INFO: Run Behavior\ShowPageTraceBehavior [ RunTime:0.006000s ]
INFO: [ app_end ] --END-- [ RunTime:0.006000s ]

[ 2016-04-07T09:11:46+08:00 ] 127.0.0.1 /work_log/index.php/Home/Index/index
INFO: [ app_init ] --START--
INFO: Run Behavior\BuildLiteBehavior [ RunTime:0.000000s ]
INFO: [ app_init ] --END-- [ RunTime:0.001000s ]
INFO: [ app_begin ] --START--
INFO: Run Behavior\ReadHtmlCacheBehavior [ RunTime:0.001000s ]
INFO: [ app_begin ] --END-- [ RunTime:0.001000s ]
SQL: SHOW COLUMNS FROM `w_logs` [ RunTime:0.0040s ]
SQL: SELECT * FROM `w_logs` WHERE `delete` = 0 ORDER BY finished,create_time desc  [ RunTime:0.0010s ]
SQL: SELECT COUNT(*) AS tp_count FROM `w_logs` WHERE `finished` = 1 AND `delete` = 0 LIMIT 1   [ RunTime:0.0020s ]
SQL: SELECT COUNT(*) AS tp_count FROM `w_logs` WHERE `finished` = 0 AND `delete` = 0 LIMIT 1   [ RunTime:0.0010s ]
SQL: SHOW COLUMNS FROM `w_project_class` [ RunTime:0.0040s ]
SQL: SELECT * FROM `w_project_class` WHERE `delete` = 0  [ RunTime:0.0000s ]
INFO: [ view_parse ] --START--
INFO: [ template_filter ] --START--
INFO: Run Behavior\ContentReplaceBehavior [ RunTime:0.000000s ]
INFO: [ template_filter ] --END-- [ RunTime:0.000000s ]
INFO: Run Behavior\ParseTemplateBehavior [ RunTime:0.009000s ]
INFO: [ view_parse ] --END-- [ RunTime:0.010000s ]
INFO: [ view_filter ] --START--
INFO: Run Behavior\WriteHtmlCacheBehavior [ RunTime:0.000000s ]
INFO: [ view_filter ] --END-- [ RunTime:0.000000s ]
INFO: [ app_end ] --START--
INFO: Run Behavior\ShowPageTraceBehavior [ RunTime:0.001000s ]
INFO: [ app_end ] --END-- [ RunTime:0.001000s ]

[ 2016-04-07T09:11:51+08:00 ] 127.0.0.1 /work_log/index.php/Home/Index/finishLog?id=244
INFO: [ app_init ] --START--
INFO: Run Behavior\BuildLiteBehavior [ RunTime:0.000000s ]
INFO: [ app_init ] --END-- [ RunTime:0.001000s ]
INFO: [ app_begin ] --START--
INFO: Run Behavior\ReadHtmlCacheBehavior [ RunTime:0.001000s ]
INFO: [ app_begin ] --END-- [ RunTime:0.001000s ]
SQL: SHOW COLUMNS FROM `w_logs` [ RunTime:0.0040s ]
SQL: SELECT * FROM `w_logs` WHERE ( id=244 ) LIMIT 1   [ RunTime:0.0000s ]
SQL: UPDATE `w_logs` SET `finished`='1',`finish_time`='1459991511' WHERE ( id=244 ) [ RunTime:0.0010s ]

[ 2016-04-07T09:11:54+08:00 ] 127.0.0.1 /work_log/index.php/Home/Index/finishLog?id=240
INFO: [ app_init ] --START--
INFO: Run Behavior\BuildLiteBehavior [ RunTime:0.000000s ]
INFO: [ app_init ] --END-- [ RunTime:0.001000s ]
INFO: [ app_begin ] --START--
INFO: Run Behavior\ReadHtmlCacheBehavior [ RunTime:0.003000s ]
INFO: [ app_begin ] --END-- [ RunTime:0.003000s ]
SQL: SHOW COLUMNS FROM `w_logs` [ RunTime:0.0040s ]
SQL: SELECT * FROM `w_logs` WHERE ( id=240 ) LIMIT 1   [ RunTime:0.0010s ]
SQL: UPDATE `w_logs` SET `finished`='1',`finish_time`='1459991514' WHERE ( id=240 ) [ RunTime:0.0000s ]

[ 2016-04-07T10:37:36+08:00 ] 127.0.0.1 /work_log/index.php/Home/Index/screeningLog?pid=17&type=3
INFO: [ app_init ] --START--
INFO: Run Behavior\BuildLiteBehavior [ RunTime:0.000000s ]
INFO: [ app_init ] --END-- [ RunTime:0.000000s ]
INFO: [ app_begin ] --START--
INFO: Run Behavior\ReadHtmlCacheBehavior [ RunTime:0.001000s ]
INFO: [ app_begin ] --END-- [ RunTime:0.001000s ]
SQL: SHOW COLUMNS FROM `w_logs` [ RunTime:0.0050s ]
SQL: SELECT * FROM `w_logs` WHERE `pid` = 17 AND `delete` = 0 ORDER BY finished,create_time desc  [ RunTime:0.0010s ]
NOTIC: [8] Undefined variable: str D:\WWW\work_log\Application\Home\Controller\IndexController.class.php 第 159 行.

[ 2016-04-07T10:37:43+08:00 ] 127.0.0.1 /work_log/index.php/Home/Index/finishLog?id=243
INFO: [ app_init ] --START--
INFO: Run Behavior\BuildLiteBehavior [ RunTime:0.000000s ]
INFO: [ app_init ] --END-- [ RunTime:0.001000s ]
INFO: [ app_begin ] --START--
INFO: Run Behavior\ReadHtmlCacheBehavior [ RunTime:0.002000s ]
INFO: [ app_begin ] --END-- [ RunTime:0.002000s ]
SQL: SHOW COLUMNS FROM `w_logs` [ RunTime:0.0050s ]
SQL: SELECT * FROM `w_logs` WHERE ( id=243 ) LIMIT 1   [ RunTime:0.0000s ]
SQL: UPDATE `w_logs` SET `finished`='1',`finish_time`='1459996663' WHERE ( id=243 ) [ RunTime:0.0010s ]

[ 2016-04-07T10:37:48+08:00 ] 127.0.0.1 /work_log/index.php/Home/Index/getProjectDescribe?pid=17
INFO: [ app_init ] --START--
INFO: Run Behavior\BuildLiteBehavior [ RunTime:0.000000s ]
INFO: [ app_init ] --END-- [ RunTime:0.001000s ]
INFO: [ app_begin ] --START--
INFO: Run Behavior\ReadHtmlCacheBehavior [ RunTime:0.001000s ]
INFO: [ app_begin ] --END-- [ RunTime:0.001000s ]
SQL: SHOW COLUMNS FROM `w_logs` [ RunTime:0.0090s ]
SQL: SHOW COLUMNS FROM `w_project_describe` [ RunTime:0.0120s ]
SQL: SELECT * FROM `w_project_describe` WHERE `pid` = 17 LIMIT 1   [ RunTime:0.0010s ]

[ 2016-04-07T10:39:17+08:00 ] 127.0.0.1 /work_log/index.php/Home/Index/editProjectDescribe?pid=17&content=%E5%97%A8%E4%BA%91%E7%B3%BB%E7%BB%9F%E6%8F%8F%E8%BF%B0%EF%BC%9A%0A%E5%9C%B0%E5%9D%80%E9%80%9A%E8%BF%87%E6%95%B0%E6%8D%AE%E5%BA%93%E4%BF%9D%E5%AD%98%EF%BC%8C%E4%BF%AE%E6%94%B9%E5%88%A0%E9%99%A4%E5%92%8C%E9%80%89%E6%8B%A9%E5%93%AA%E4%B8%80%E4%B8%AA%E5%9C%B0%E5%9D%80%EF%BC%8C%E7%B1%BB%E4%BC%BC%E6%B7%98%E5%AE%9D%0A%E6%95%B0%E6%8D%AE%E8%A1%A8%EF%BC%9A(%E6%96%B0%E5%A2%9E)%0A%E2%91%B4pigcms_address_list(%E5%9C%B0%E5%9D%80%E8%A1%A8)%0A%E2%91%B5distribution_myprize(%E6%88%91%E7%9A%84%E7%BA%A2%E5%8C%85)%0A%E2%91%B6integral_product(%E7%BA%A2%E5%8C%85)%0A%E2%91%B7product_browse_record(%E4%BA%A7%E5%93%81%E6%B5%8F%E8%A7%88%E8%AE%B0%E5%BD%95)%0A%E2%91%B8product_snapup(%E4%BB%8A%E6%97%A5%E7%89%B9%E5%8D%96)%0A%E2%91%B9product_brand(%E5%93%81%E7%89%8C%E5%88%97%E8%A1%A8)
INFO: [ app_init ] --START--
INFO: Run Behavior\BuildLiteBehavior [ RunTime:0.000000s ]
INFO: [ app_init ] --END-- [ RunTime:0.001000s ]
INFO: [ app_begin ] --START--
INFO: Run Behavior\ReadHtmlCacheBehavior [ RunTime:0.000000s ]
INFO: [ app_begin ] --END-- [ RunTime:0.001000s ]
SQL: SHOW COLUMNS FROM `w_logs` [ RunTime:0.0000s ]
SQL: SHOW COLUMNS FROM `w_project_describe` [ RunTime:0.0000s ]
SQL: SELECT * FROM `w_project_describe` WHERE `pid` = 17 LIMIT 1   [ RunTime:0.0156s ]
SQL: UPDATE `w_project_describe` SET `content`='嗨云系统描述：
地址通过数据库保存，修改删除和选择哪一个地址，类似淘宝
数据表：(新增)
⑴pigcms_address_list(地址表)
⑵distribution_myprize(我的红包)
⑶integral_product(红包)
⑷product_browse_record(产品浏览记录)
⑸product_snapup(今日特卖)
⑹product_brand(品牌列表)' WHERE `pid` = 17 [ RunTime:0.0000s ]
SQL: SELECT * FROM `w_project_describe` WHERE `pid` = 17 LIMIT 1   [ RunTime:0.0000s ]

[ 2016-04-07T10:39:41+08:00 ] 127.0.0.1 /work_log/index.php/Home/Index/editProjectDescribe?pid=17&content=%E5%97%A8%E4%BA%91%E7%B3%BB%E7%BB%9F%E6%8F%8F%E8%BF%B0%EF%BC%9A%0A%E5%9C%B0%E5%9D%80%E9%80%9A%E8%BF%87%E6%95%B0%E6%8D%AE%E5%BA%93%E4%BF%9D%E5%AD%98%EF%BC%8C%E4%BF%AE%E6%94%B9%E5%88%A0%E9%99%A4%E5%92%8C%E9%80%89%E6%8B%A9%E5%93%AA%E4%B8%80%E4%B8%AA%E5%9C%B0%E5%9D%80%EF%BC%8C%E7%B1%BB%E4%BC%BC%E6%B7%98%E5%AE%9D%0A%E6%95%B0%E6%8D%AE%E8%A1%A8%EF%BC%9A(%E6%96%B0%E5%A2%9E)%0A%E2%91%B4pigcms_address_list(%E5%9C%B0%E5%9D%80%E8%A1%A8)%0A%E2%91%B5distribution_myprize(%E6%88%91%E7%9A%84%E7%BA%A2%E5%8C%85)%0A%E2%91%B6integral_product(%E7%BA%A2%E5%8C%85)%0A%E2%91%B7product_browse_record(%E4%BA%A7%E5%93%81%E6%B5%8F%E8%A7%88%E8%AE%B0%E5%BD%95)%0A%E2%91%B8product_snapup(%E4%BB%8A%E6%97%A5%E7%89%B9%E5%8D%96)%0A%E2%91%B9product_brand(%E5%93%81%E7%89%8C%E5%88%97%E8%A1%A8)%0A%E2%91%BAdistribution_visit(%E8%AE%BF%E9%97%AE%E8%AE%B0%E5%BD%95%E8%A1%A8)
INFO: [ app_init ] --START--
INFO: Run Behavior\BuildLiteBehavior [ RunTime:0.000000s ]
INFO: [ app_init ] --END-- [ RunTime:0.000000s ]
INFO: [ app_begin ] --START--
INFO: Run Behavior\ReadHtmlCacheBehavior [ RunTime:0.000000s ]
INFO: [ app_begin ] --END-- [ RunTime:0.000000s ]
SQL: SHOW COLUMNS FROM `w_logs` [ RunTime:0.0000s ]
SQL: SHOW COLUMNS FROM `w_project_describe` [ RunTime:0.0156s ]
SQL: SELECT * FROM `w_project_describe` WHERE `pid` = 17 LIMIT 1   [ RunTime:0.0000s ]
SQL: UPDATE `w_project_describe` SET `content`='嗨云系统描述：
地址通过数据库保存，修改删除和选择哪一个地址，类似淘宝
数据表：(新增)
⑴pigcms_address_list(地址表)
⑵distribution_myprize(我的红包)
⑶integral_product(红包)
⑷product_browse_record(产品浏览记录)
⑸product_snapup(今日特卖)
⑹product_brand(品牌列表)
⑺distribution_visit(访问记录表)' WHERE `pid` = 17 [ RunTime:0.0000s ]
SQL: SELECT * FROM `w_project_describe` WHERE `pid` = 17 LIMIT 1   [ RunTime:0.0000s ]

[ 2016-04-07T10:40:16+08:00 ] 127.0.0.1 /work_log/index.php/Home/Index/editProjectDescribe?pid=17&content=%E5%97%A8%E4%BA%91%E7%B3%BB%E7%BB%9F%E6%8F%8F%E8%BF%B0%EF%BC%9A%0A%E5%9C%B0%E5%9D%80%E9%80%9A%E8%BF%87%E6%95%B0%E6%8D%AE%E5%BA%93%E4%BF%9D%E5%AD%98%EF%BC%8C%E4%BF%AE%E6%94%B9%E5%88%A0%E9%99%A4%E5%92%8C%E9%80%89%E6%8B%A9%E5%93%AA%E4%B8%80%E4%B8%AA%E5%9C%B0%E5%9D%80%EF%BC%8C%E7%B1%BB%E4%BC%BC%E6%B7%98%E5%AE%9D%0A%E6%95%B0%E6%8D%AE%E8%A1%A8%EF%BC%9A(%E6%96%B0%E5%A2%9E)%0A%E2%91%B4pigcms_address_list(%E5%9C%B0%E5%9D%80%E8%A1%A8)%0A%E2%91%B5distribution_myprize(%E6%88%91%E7%9A%84%E7%BA%A2%E5%8C%85)%0A%E2%91%B6integral_product(%E7%BA%A2%E5%8C%85)%0A%E2%91%B7product_browse_record(%E4%BA%A7%E5%93%81%E6%B5%8F%E8%A7%88%E8%AE%B0%E5%BD%95)%0A%E2%91%B8product_snapup(%E4%BB%8A%E6%97%A5%E7%89%B9%E5%8D%96)%0A%E2%91%B9product_brand(%E5%93%81%E7%89%8C%E5%88%97%E8%A1%A8)%0A%E2%91%BAdistribution_visit(%E8%AE%BF%E9%97%AE%E8%AE%B0%E5%BD%95%E8%A1%A8)%0A%E2%91%BBdistribution_visitcount(%E6%AF%8F%E6%97%A5%E8%AE%BF%E9%97%AE%E6%95%B0%E9%87%8F)
INFO: [ app_init ] --START--
INFO: Run Behavior\BuildLiteBehavior [ RunTime:0.000000s ]
INFO: [ app_init ] --END-- [ RunTime:0.001000s ]
INFO: [ app_begin ] --START--
INFO: Run Behavior\ReadHtmlCacheBehavior [ RunTime:0.001000s ]
INFO: [ app_begin ] --END-- [ RunTime:0.001000s ]
SQL: SHOW COLUMNS FROM `w_logs` [ RunTime:0.0140s ]
SQL: SHOW COLUMNS FROM `w_project_describe` [ RunTime:0.0100s ]
SQL: SELECT * FROM `w_project_describe` WHERE `pid` = 17 LIMIT 1   [ RunTime:0.0000s ]
SQL: UPDATE `w_project_describe` SET `content`='嗨云系统描述：
地址通过数据库保存，修改删除和选择哪一个地址，类似淘宝
数据表：(新增)
⑴pigcms_address_list(地址表)
⑵distribution_myprize(我的红包)
⑶integral_product(红包)
⑷product_browse_record(产品浏览记录)
⑸product_snapup(今日特卖)
⑹product_brand(品牌列表)
⑺distribution_visit(访问记录表)
⑻distribution_visitcount(每日访问数量)' WHERE `pid` = 17 [ RunTime:0.0000s ]
SQL: SELECT * FROM `w_project_describe` WHERE `pid` = 17 LIMIT 1   [ RunTime:0.0010s ]

[ 2016-04-07T10:40:17+08:00 ] 127.0.0.1 /work_log/index.php/Home/Index/editProjectDescribe?pid=17&content=%E5%97%A8%E4%BA%91%E7%B3%BB%E7%BB%9F%E6%8F%8F%E8%BF%B0%EF%BC%9A%0A%E5%9C%B0%E5%9D%80%E9%80%9A%E8%BF%87%E6%95%B0%E6%8D%AE%E5%BA%93%E4%BF%9D%E5%AD%98%EF%BC%8C%E4%BF%AE%E6%94%B9%E5%88%A0%E9%99%A4%E5%92%8C%E9%80%89%E6%8B%A9%E5%93%AA%E4%B8%80%E4%B8%AA%E5%9C%B0%E5%9D%80%EF%BC%8C%E7%B1%BB%E4%BC%BC%E6%B7%98%E5%AE%9D%0A%E6%95%B0%E6%8D%AE%E8%A1%A8%EF%BC%9A(%E6%96%B0%E5%A2%9E)%0A%E2%91%B4pigcms_address_list(%E5%9C%B0%E5%9D%80%E8%A1%A8)%0A%E2%91%B5distribution_myprize(%E6%88%91%E7%9A%84%E7%BA%A2%E5%8C%85)%0A%E2%91%B6integral_product(%E7%BA%A2%E5%8C%85)%0A%E2%91%B7product_browse_record(%E4%BA%A7%E5%93%81%E6%B5%8F%E8%A7%88%E8%AE%B0%E5%BD%95)%0A%E2%91%B8product_snapup(%E4%BB%8A%E6%97%A5%E7%89%B9%E5%8D%96)%0A%E2%91%B9product_brand(%E5%93%81%E7%89%8C%E5%88%97%E8%A1%A8)%0A%E2%91%BAdistribution_visit(%E8%AE%BF%E9%97%AE%E8%AE%B0%E5%BD%95%E8%A1%A8)%0A%E2%91%BBdistribution_visitcount(%E6%AF%8F%E6%97%A5%E8%AE%BF%E9%97%AE%E6%95%B0%E9%87%8F)%0A
INFO: [ app_init ] --START--
INFO: Run Behavior\BuildLiteBehavior [ RunTime:0.000000s ]
INFO: [ app_init ] --END-- [ RunTime:0.001000s ]
INFO: [ app_begin ] --START--
INFO: Run Behavior\ReadHtmlCacheBehavior [ RunTime:0.001000s ]
INFO: [ app_begin ] --END-- [ RunTime:0.001000s ]
SQL: SHOW COLUMNS FROM `w_logs` [ RunTime:0.0100s ]
SQL: SHOW COLUMNS FROM `w_project_describe` [ RunTime:0.0090s ]
SQL: SELECT * FROM `w_project_describe` WHERE `pid` = 17 LIMIT 1   [ RunTime:0.0010s ]
SQL: UPDATE `w_project_describe` SET `content`='嗨云系统描述：
地址通过数据库保存，修改删除和选择哪一个地址，类似淘宝
数据表：(新增)
⑴pigcms_address_list(地址表)
⑵distribution_myprize(我的红包)
⑶integral_product(红包)
⑷product_browse_record(产品浏览记录)
⑸product_snapup(今日特卖)
⑹product_brand(品牌列表)
⑺distribution_visit(访问记录表)
⑻distribution_visitcount(每日访问数量)' WHERE `pid` = 17 [ RunTime:0.0010s ]
SQL: SELECT * FROM `w_project_describe` WHERE `pid` = 17 LIMIT 1   [ RunTime:0.0000s ]

[ 2016-04-07T10:40:22+08:00 ] 127.0.0.1 /work_log/index.php/Home/Index/editProjectDescribe?pid=17&content=%E5%97%A8%E4%BA%91%E7%B3%BB%E7%BB%9F%E6%8F%8F%E8%BF%B0%EF%BC%9A%0A%E5%9C%B0%E5%9D%80%E9%80%9A%E8%BF%87%E6%95%B0%E6%8D%AE%E5%BA%93%E4%BF%9D%E5%AD%98%EF%BC%8C%E4%BF%AE%E6%94%B9%E5%88%A0%E9%99%A4%E5%92%8C%E9%80%89%E6%8B%A9%E5%93%AA%E4%B8%80%E4%B8%AA%E5%9C%B0%E5%9D%80%EF%BC%8C%E7%B1%BB%E4%BC%BC%E6%B7%98%E5%AE%9D%0A%E6%95%B0%E6%8D%AE%E8%A1%A8%EF%BC%9A(%E6%96%B0%E5%A2%9E)%0A%E2%91%B4pigcms_address_list(%E5%9C%B0%E5%9D%80%E8%A1%A8)%0A%E2%91%B5distribution_myprize(%E6%88%91%E7%9A%84%E7%BA%A2%E5%8C%85)%0A%E2%91%B6integral_product(%E7%BA%A2%E5%8C%85)%0A%E2%91%B7product_browse_record(%E4%BA%A7%E5%93%81%E6%B5%8F%E8%A7%88%E8%AE%B0%E5%BD%95)%0A%E2%91%B8product_snapup(%E4%BB%8A%E6%97%A5%E7%89%B9%E5%8D%96)%0A%E2%91%B9product_brand(%E5%93%81%E7%89%8C%E5%88%97%E8%A1%A8)%0A%E2%91%BAdistribution_visit(%E8%AE%BF%E9%97%AE%E8%AE%B0%E5%BD%95%E8%A1%A8)%0A%E2%91%BBdistribution_visitcount(%E6%AF%8F%E6%97%A5%E8%AE%BF%E9%97%AE%E6%95%B0%E9%87%8F)%0A
INFO: [ app_init ] --START--
INFO: Run Behavior\BuildLiteBehavior [ RunTime:0.000000s ]
INFO: [ app_init ] --END-- [ RunTime:0.001001s ]
INFO: [ app_begin ] --START--
INFO: Run Behavior\ReadHtmlCacheBehavior [ RunTime:0.001000s ]
INFO: [ app_begin ] --END-- [ RunTime:0.001000s ]
SQL: SHOW COLUMNS FROM `w_logs` [ RunTime:0.0000s ]
SQL: SHOW COLUMNS FROM `w_project_describe` [ RunTime:0.0156s ]
SQL: SELECT * FROM `w_project_describe` WHERE `pid` = 17 LIMIT 1   [ RunTime:0.0000s ]
SQL: UPDATE `w_project_describe` SET `content`='嗨云系统描述：
地址通过数据库保存，修改删除和选择哪一个地址，类似淘宝
数据表：(新增)
⑴pigcms_address_list(地址表)
⑵distribution_myprize(我的红包)
⑶integral_product(红包)
⑷product_browse_record(产品浏览记录)
⑸product_snapup(今日特卖)
⑹product_brand(品牌列表)
⑺distribution_visit(访问记录表)
⑻distribution_visitcount(每日访问数量)' WHERE `pid` = 17 [ RunTime:0.0000s ]
SQL: SELECT * FROM `w_project_describe` WHERE `pid` = 17 LIMIT 1   [ RunTime:0.0000s ]

[ 2016-04-07T10:40:26+08:00 ] 127.0.0.1 /work_log/index.php/Home/Index/editProjectDescribe?pid=17&content=%E5%97%A8%E4%BA%91%E7%B3%BB%E7%BB%9F%E6%8F%8F%E8%BF%B0%EF%BC%9A%0A%E5%9C%B0%E5%9D%80%E9%80%9A%E8%BF%87%E6%95%B0%E6%8D%AE%E5%BA%93%E4%BF%9D%E5%AD%98%EF%BC%8C%E4%BF%AE%E6%94%B9%E5%88%A0%E9%99%A4%E5%92%8C%E9%80%89%E6%8B%A9%E5%93%AA%E4%B8%80%E4%B8%AA%E5%9C%B0%E5%9D%80%EF%BC%8C%E7%B1%BB%E4%BC%BC%E6%B7%98%E5%AE%9D%0A%E6%95%B0%E6%8D%AE%E8%A1%A8%EF%BC%9A(%E6%96%B0%E5%A2%9E)%0A%E2%91%B4pigcms_address_list(%E5%9C%B0%E5%9D%80%E8%A1%A8)%0A%E2%91%B5distribution_myprize(%E6%88%91%E7%9A%84%E7%BA%A2%E5%8C%85)%0A%E2%91%B6integral_product(%E7%BA%A2%E5%8C%85)%0A%E2%91%B7product_browse_record(%E4%BA%A7%E5%93%81%E6%B5%8F%E8%A7%88%E8%AE%B0%E5%BD%95)%0A%E2%91%B8product_snapup(%E4%BB%8A%E6%97%A5%E7%89%B9%E5%8D%96)%0A%E2%91%B9product_brand(%E5%93%81%E7%89%8C%E5%88%97%E8%A1%A8)%0A%E2%91%BAdistribution_visit(%E8%AE%BF%E9%97%AE%E8%AE%B0%E5%BD%95%E8%A1%A8)%0A%E2%91%BBdistribution_visitcount(%E6%AF%8F%E6%97%A5%E8%AE%BF%E9%97%AE%E6%95%B0%E9%87%8F)%0A%0A%E7%B3%BB%E7%BB%9F%E6%8F%8F%E8%BF%B0%EF%BC%9A
INFO: [ app_init ] --START--
INFO: Run Behavior\BuildLiteBehavior [ RunTime:0.000000s ]
INFO: [ app_init ] --END-- [ RunTime:0.001000s ]
INFO: [ app_begin ] --START--
INFO: Run Behavior\ReadHtmlCacheBehavior [ RunTime:0.001000s ]
INFO: [ app_begin ] --END-- [ RunTime:0.001000s ]
SQL: SHOW COLUMNS FROM `w_logs` [ RunTime:0.0000s ]
SQL: SHOW COLUMNS FROM `w_project_describe` [ RunTime:0.0226s ]
SQL: SELECT * FROM `w_project_describe` WHERE `pid` = 17 LIMIT 1   [ RunTime:0.0010s ]
SQL: UPDATE `w_project_describe` SET `content`='嗨云系统描述：
地址通过数据库保存，修改删除和选择哪一个地址，类似淘宝
数据表：(新增)
⑴pigcms_address_list(地址表)
⑵distribution_myprize(我的红包)
⑶integral_product(红包)
⑷product_browse_record(产品浏览记录)
⑸product_snapup(今日特卖)
⑹product_brand(品牌列表)
⑺distribution_visit(访问记录表)
⑻distribution_visitcount(每日访问数量)

系统描述：' WHERE `pid` = 17 [ RunTime:0.0000s ]
SQL: SELECT * FROM `w_project_describe` WHERE `pid` = 17 LIMIT 1   [ RunTime:0.0010s ]

[ 2016-04-07T10:43:07+08:00 ] 127.0.0.1 /work_log/index.php/Home/Index/editProjectDescribe?pid=17&content=%E5%97%A8%E4%BA%91%E7%B3%BB%E7%BB%9F%E6%8F%8F%E8%BF%B0%EF%BC%9A%0A%E5%9C%B0%E5%9D%80%E9%80%9A%E8%BF%87%E6%95%B0%E6%8D%AE%E5%BA%93%E4%BF%9D%E5%AD%98%EF%BC%8C%E4%BF%AE%E6%94%B9%E5%88%A0%E9%99%A4%E5%92%8C%E9%80%89%E6%8B%A9%E5%93%AA%E4%B8%80%E4%B8%AA%E5%9C%B0%E5%9D%80%EF%BC%8C%E7%B1%BB%E4%BC%BC%E6%B7%98%E5%AE%9D%0A%E6%95%B0%E6%8D%AE%E8%A1%A8%EF%BC%9A(%E6%96%B0%E5%A2%9E)%0A%E2%91%B4pigcms_address_list(%E5%9C%B0%E5%9D%80%E8%A1%A8)%0A%E2%91%B5distribution_myprize(%E6%88%91%E7%9A%84%E7%BA%A2%E5%8C%85)%0A%E2%91%B6integral_product(%E7%BA%A2%E5%8C%85)%0A%E2%91%B7product_browse_record(%E4%BA%A7%E5%93%81%E6%B5%8F%E8%A7%88%E8%AE%B0%E5%BD%95)%0A%E2%91%B8product_snapup(%E4%BB%8A%E6%97%A5%E7%89%B9%E5%8D%96)%0A%E2%91%B9product_brand(%E5%93%81%E7%89%8C%E5%88%97%E8%A1%A8)%0A%E2%91%BAdistribution_visit(%E8%AE%BF%E9%97%AE%E8%AE%B0%E5%BD%95%E8%A1%A8)%0A%E2%91%BBdistribution_visitcount(%E6%AF%8F%E6%97%A5%E8%AE%BF%E9%97%AE%E6%95%B0%E9%87%8F)%0A%0A%E7%B3%BB%E7%BB%9F%E6%8F%8F%E8%BF%B0%EF%BC%9A%0A1.%E6%89%AB%E7%A0%81%E4%B9%8B%E5%90%8E%E7%BB%91%E5%AE%9Abindmid%E5%92%8Cfid%E5%86%8D%E6%89%AB%E7%A0%81%E5%85%B6%E4%BB%96%E4%BA%8C%E7%BB%B4%E7%A0%81%E6%97%B6%E4%B8%8D%E8%83%BD%E5%86%8D%E7%BB%91%E5%AE%9A
INFO: [ app_init ] --START--
INFO: Run Behavior\BuildLiteBehavior [ RunTime:0.000000s ]
INFO: [ app_init ] --END-- [ RunTime:0.000000s ]
INFO: [ app_begin ] --START--
INFO: Run Behavior\ReadHtmlCacheBehavior [ RunTime:0.000000s ]
INFO: [ app_begin ] --END-- [ RunTime:0.000000s ]
SQL: SHOW COLUMNS FROM `w_logs` [ RunTime:0.0166s ]
SQL: SHOW COLUMNS FROM `w_project_describe` [ RunTime:0.0060s ]
SQL: SELECT * FROM `w_project_describe` WHERE `pid` = 17 LIMIT 1   [ RunTime:0.0000s ]
SQL: UPDATE `w_project_describe` SET `content`='嗨云系统描述：
地址通过数据库保存，修改删除和选择哪一个地址，类似淘宝
数据表：(新增)
⑴pigcms_address_list(地址表)
⑵distribution_myprize(我的红包)
⑶integral_product(红包)
⑷product_browse_record(产品浏览记录)
⑸product_snapup(今日特卖)
⑹product_brand(品牌列表)
⑺distribution_visit(访问记录表)
⑻distribution_visitcount(每日访问数量)

系统描述：
1.扫码之后绑定bindmid和fid再扫码其他二维码时不能再绑定' WHERE `pid` = 17 [ RunTime:0.0010s ]
SQL: SELECT * FROM `w_project_describe` WHERE `pid` = 17 LIMIT 1   [ RunTime:0.0000s ]

[ 2016-04-07T10:46:34+08:00 ] 127.0.0.1 /work_log/index.php/Home/Index/editProjectDescribe?pid=17&content=%E5%97%A8%E4%BA%91%E7%B3%BB%E7%BB%9F%E6%8F%8F%E8%BF%B0%EF%BC%9A%0A%E5%9C%B0%E5%9D%80%E9%80%9A%E8%BF%87%E6%95%B0%E6%8D%AE%E5%BA%93%E4%BF%9D%E5%AD%98%EF%BC%8C%E4%BF%AE%E6%94%B9%E5%88%A0%E9%99%A4%E5%92%8C%E9%80%89%E6%8B%A9%E5%93%AA%E4%B8%80%E4%B8%AA%E5%9C%B0%E5%9D%80%EF%BC%8C%E7%B1%BB%E4%BC%BC%E6%B7%98%E5%AE%9D%0A%E6%95%B0%E6%8D%AE%E8%A1%A8%EF%BC%9A(%E6%96%B0%E5%A2%9E)%0A%E2%91%B4pigcms_address_list(%E5%9C%B0%E5%9D%80%E8%A1%A8)%0A%E2%91%B5distribution_myprize(%E6%88%91%E7%9A%84%E7%BA%A2%E5%8C%85)%0A%E2%91%B6integral_product(%E7%BA%A2%E5%8C%85)%0A%E2%91%B7product_browse_record(%E4%BA%A7%E5%93%81%E6%B5%8F%E8%A7%88%E8%AE%B0%E5%BD%95)%0A%E2%91%B8product_snapup(%E4%BB%8A%E6%97%A5%E7%89%B9%E5%8D%96)%0A%E2%91%B9product_brand(%E5%93%81%E7%89%8C%E5%88%97%E8%A1%A8)%0A%E2%91%BAdistribution_visit(%E8%AE%BF%E9%97%AE%E8%AE%B0%E5%BD%95%E8%A1%A8)%0A%E2%91%BBdistribution_visitcount(%E6%AF%8F%E6%97%A5%E8%AE%BF%E9%97%AE%E6%95%B0%E9%87%8F)%0A%0A%E7%B3%BB%E7%BB%9F%E6%8F%8F%E8%BF%B0%EF%BC%9A%0A1.%E6%89%AB%E7%A0%81%E4%B9%8B%E5%90%8E%E7%BB%91%E5%AE%9Abindmid%E5%92%8Cfid%E5%86%8D%E6%89%AB%E7%A0%81%E5%85%B6%E4%BB%96%E4%BA%8C%E7%BB%B4%E7%A0%81%E6%97%B6%E4%B8%8D%E8%83%BD%E5%86%8D%E7%BB%91%E5%AE%9A%0A2.%E5%88%A4%E6%96%AD%E4%BC%9A%E5%91%98%E7%94%A8distritime+%E6%B3%A8%E5%86%8C%E4%B9%8B%E5%90%8E%E8%B5%8B%E5%80%BC%EF%BC%88payHandle%EF%BC%89
INFO: [ app_init ] --START--
INFO: Run Behavior\BuildLiteBehavior [ RunTime:0.000000s ]
INFO: [ app_init ] --END-- [ RunTime:0.001000s ]
INFO: [ app_begin ] --START--
INFO: Run Behavior\ReadHtmlCacheBehavior [ RunTime:0.000000s ]
INFO: [ app_begin ] --END-- [ RunTime:0.001000s ]
SQL: SHOW COLUMNS FROM `w_logs` [ RunTime:0.0020s ]
SQL: SHOW COLUMNS FROM `w_project_describe` [ RunTime:0.0156s ]
SQL: SELECT * FROM `w_project_describe` WHERE `pid` = 17 LIMIT 1   [ RunTime:0.0000s ]
SQL: UPDATE `w_project_describe` SET `content`='嗨云系统描述：
地址通过数据库保存，修改删除和选择哪一个地址，类似淘宝
数据表：(新增)
⑴pigcms_address_list(地址表)
⑵distribution_myprize(我的红包)
⑶integral_product(红包)
⑷product_browse_record(产品浏览记录)
⑸product_snapup(今日特卖)
⑹product_brand(品牌列表)
⑺distribution_visit(访问记录表)
⑻distribution_visitcount(每日访问数量)

系统描述：
1.扫码之后绑定bindmid和fid再扫码其他二维码时不能再绑定
2.判断会员用distritime 注册之后赋值（payHandle）' WHERE `pid` = 17 [ RunTime:0.0000s ]
SQL: SELECT * FROM `w_project_describe` WHERE `pid` = 17 LIMIT 1   [ RunTime:0.0000s ]

[ 2016-04-07T10:50:33+08:00 ] 127.0.0.1 /work_log/index.php/Home/Index/editProjectDescribe?pid=17&content=%E5%97%A8%E4%BA%91%E7%B3%BB%E7%BB%9F%E6%8F%8F%E8%BF%B0%EF%BC%9A%0A%E5%9C%B0%E5%9D%80%E9%80%9A%E8%BF%87%E6%95%B0%E6%8D%AE%E5%BA%93%E4%BF%9D%E5%AD%98%EF%BC%8C%E4%BF%AE%E6%94%B9%E5%88%A0%E9%99%A4%E5%92%8C%E9%80%89%E6%8B%A9%E5%93%AA%E4%B8%80%E4%B8%AA%E5%9C%B0%E5%9D%80%EF%BC%8C%E7%B1%BB%E4%BC%BC%E6%B7%98%E5%AE%9D%0A%E6%95%B0%E6%8D%AE%E8%A1%A8%EF%BC%9A(%E6%96%B0%E5%A2%9E)%0A%E2%91%B4pigcms_address_list(%E5%9C%B0%E5%9D%80%E8%A1%A8)%0A%E2%91%B5distribution_myprize(%E6%88%91%E7%9A%84%E7%BA%A2%E5%8C%85)%0A%E2%91%B6integral_product(%E7%BA%A2%E5%8C%85)%0A%E2%91%B7product_browse_record(%E4%BA%A7%E5%93%81%E6%B5%8F%E8%A7%88%E8%AE%B0%E5%BD%95)%0A%E2%91%B8product_snapup(%E4%BB%8A%E6%97%A5%E7%89%B9%E5%8D%96)%0A%E2%91%B9product_brand(%E5%93%81%E7%89%8C%E5%88%97%E8%A1%A8)%0A%E2%91%BAdistribution_visit(%E8%AE%BF%E9%97%AE%E8%AE%B0%E5%BD%95%E8%A1%A8)%0A%E2%91%BBdistribution_visitcount(%E6%AF%8F%E6%97%A5%E8%AE%BF%E9%97%AE%E6%95%B0%E9%87%8F)%0A%0A%E7%B3%BB%E7%BB%9F%E6%8F%8F%E8%BF%B0%EF%BC%9A%0A1.%E6%89%AB%E7%A0%81%E4%B9%8B%E5%90%8E%E7%BB%91%E5%AE%9Abindmid%E5%92%8Cfid%E5%86%8D%E6%89%AB%E7%A0%81%E5%85%B6%E4%BB%96%E4%BA%8C%E7%BB%B4%E7%A0%81%E6%97%B6%E4%B8%8D%E8%83%BD%E5%86%8D%E7%BB%91%E5%AE%9A%0A2.%E5%88%A4%E6%96%AD%E4%BC%9A%E5%91%98%E7%94%A8distritime+%E6%B3%A8%E5%86%8C%E4%B9%8B%E5%90%8E%E8%B5%8B%E5%80%BC%EF%BC%88payHandle%EF%BC%89%0A
INFO: [ app_init ] --START--
INFO: Run Behavior\BuildLiteBehavior [ RunTime:0.000000s ]
INFO: [ app_init ] --END-- [ RunTime:0.000000s ]
INFO: [ app_begin ] --START--
INFO: Run Behavior\ReadHtmlCacheBehavior [ RunTime:0.001000s ]
INFO: [ app_begin ] --END-- [ RunTime:0.001000s ]
SQL: SHOW COLUMNS FROM `w_logs` [ RunTime:0.0156s ]
SQL: SHOW COLUMNS FROM `w_project_describe` [ RunTime:0.0216s ]
SQL: SELECT * FROM `w_project_describe` WHERE `pid` = 17 LIMIT 1   [ RunTime:0.0010s ]
SQL: UPDATE `w_project_describe` SET `content`='嗨云系统描述：
地址通过数据库保存，修改删除和选择哪一个地址，类似淘宝
数据表：(新增)
⑴pigcms_address_list(地址表)
⑵distribution_myprize(我的红包)
⑶integral_product(红包)
⑷product_browse_record(产品浏览记录)
⑸product_snapup(今日特卖)
⑹product_brand(品牌列表)
⑺distribution_visit(访问记录表)
⑻distribution_visitcount(每日访问数量)

系统描述：
1.扫码之后绑定bindmid和fid再扫码其他二维码时不能再绑定
2.判断会员用distritime 注册之后赋值（payHandle）' WHERE `pid` = 17 [ RunTime:0.0000s ]
SQL: SELECT * FROM `w_project_describe` WHERE `pid` = 17 LIMIT 1   [ RunTime:0.0020s ]

[ 2016-04-07T17:24:34+08:00 ] 127.0.0.1 /work_log/index.php/Home/Index/index
INFO: [ app_init ] --START--
INFO: Run Behavior\BuildLiteBehavior [ RunTime:0.000000s ]
INFO: [ app_init ] --END-- [ RunTime:0.000000s ]
INFO: [ app_begin ] --START--
INFO: Run Behavior\ReadHtmlCacheBehavior [ RunTime:0.000000s ]
INFO: [ app_begin ] --END-- [ RunTime:0.000000s ]
SQL: SHOW COLUMNS FROM `w_logs` [ RunTime:0.0180s ]
SQL: SELECT * FROM `w_logs` WHERE `delete` = 0 ORDER BY finished,create_time desc  [ RunTime:0.0040s ]
SQL: SELECT COUNT(*) AS tp_count FROM `w_logs` WHERE `finished` = 1 AND `delete` = 0 LIMIT 1   [ RunTime:0.0000s ]
SQL: SELECT COUNT(*) AS tp_count FROM `w_logs` WHERE `finished` = 0 AND `delete` = 0 LIMIT 1   [ RunTime:0.0010s ]
SQL: SHOW COLUMNS FROM `w_project_class` [ RunTime:0.0070s ]
SQL: SELECT * FROM `w_project_class` WHERE `delete` = 0  [ RunTime:0.0000s ]
INFO: [ view_parse ] --START--
INFO: [ template_filter ] --START--
INFO: Run Behavior\ContentReplaceBehavior [ RunTime:0.001000s ]
INFO: [ template_filter ] --END-- [ RunTime:0.001000s ]
INFO: Run Behavior\ParseTemplateBehavior [ RunTime:0.023002s ]
INFO: [ view_parse ] --END-- [ RunTime:0.023002s ]
INFO: [ view_filter ] --START--
INFO: Run Behavior\WriteHtmlCacheBehavior [ RunTime:0.001000s ]
INFO: [ view_filter ] --END-- [ RunTime:0.001000s ]

[ 2016-04-07T17:24:35+08:00 ] 127.0.0.1 /work_log/index.php/Home/Index/index
INFO: [ app_init ] --START--
INFO: Run Behavior\BuildLiteBehavior [ RunTime:0.000000s ]
INFO: [ app_init ] --END-- [ RunTime:0.000000s ]
INFO: [ app_begin ] --START--
INFO: Run Behavior\ReadHtmlCacheBehavior [ RunTime:0.001000s ]
INFO: [ app_begin ] --END-- [ RunTime:0.001000s ]
SQL: SHOW COLUMNS FROM `w_logs` [ RunTime:0.0060s ]
SQL: SELECT * FROM `w_logs` WHERE `delete` = 0 ORDER BY finished,create_time desc  [ RunTime:0.0020s ]
SQL: SELECT COUNT(*) AS tp_count FROM `w_logs` WHERE `finished` = 1 AND `delete` = 0 LIMIT 1   [ RunTime:0.0000s ]
SQL: SELECT COUNT(*) AS tp_count FROM `w_logs` WHERE `finished` = 0 AND `delete` = 0 LIMIT 1   [ RunTime:0.0000s ]
SQL: SHOW COLUMNS FROM `w_project_class` [ RunTime:0.0060s ]
SQL: SELECT * FROM `w_project_class` WHERE `delete` = 0  [ RunTime:0.0010s ]
INFO: [ view_parse ] --START--
INFO: [ template_filter ] --START--
INFO: Run Behavior\ContentReplaceBehavior [ RunTime:0.000000s ]
INFO: [ template_filter ] --END-- [ RunTime:0.000000s ]
INFO: Run Behavior\ParseTemplateBehavior [ RunTime:0.010001s ]
INFO: [ view_parse ] --END-- [ RunTime:0.010001s ]
INFO: [ view_filter ] --START--
INFO: Run Behavior\WriteHtmlCacheBehavior [ RunTime:0.000000s ]
INFO: [ view_filter ] --END-- [ RunTime:0.000000s ]
INFO: [ app_end ] --START--
INFO: Run Behavior\ShowPageTraceBehavior [ RunTime:0.006000s ]
INFO: [ app_end ] --END-- [ RunTime:0.006000s ]

[ 2016-04-07T17:24:45+08:00 ] 127.0.0.1 /work_log/index.php/Home/Index/index
INFO: [ app_init ] --START--
INFO: Run Behavior\BuildLiteBehavior [ RunTime:0.000000s ]
INFO: [ app_init ] --END-- [ RunTime:0.001000s ]
INFO: [ app_begin ] --START--
INFO: Run Behavior\ReadHtmlCacheBehavior [ RunTime:0.001000s ]
INFO: [ app_begin ] --END-- [ RunTime:0.001000s ]
SQL: SHOW COLUMNS FROM `w_logs` [ RunTime:0.0100s ]
SQL: SELECT * FROM `w_logs` WHERE `delete` = 0 ORDER BY finished,create_time desc  [ RunTime:0.0030s ]
SQL: SELECT COUNT(*) AS tp_count FROM `w_logs` WHERE `finished` = 1 AND `delete` = 0 LIMIT 1   [ RunTime:0.0010s ]
SQL: SELECT COUNT(*) AS tp_count FROM `w_logs` WHERE `finished` = 0 AND `delete` = 0 LIMIT 1   [ RunTime:0.0000s ]
SQL: SHOW COLUMNS FROM `w_project_class` [ RunTime:0.0080s ]
SQL: SELECT * FROM `w_project_class` WHERE `delete` = 0  [ RunTime:0.0010s ]
INFO: [ view_parse ] --START--
INFO: [ template_filter ] --START--
INFO: Run Behavior\ContentReplaceBehavior [ RunTime:0.000000s ]
INFO: [ template_filter ] --END-- [ RunTime:0.000000s ]
INFO: Run Behavior\ParseTemplateBehavior [ RunTime:0.011001s ]
INFO: [ view_parse ] --END-- [ RunTime:0.011001s ]
INFO: [ view_filter ] --START--
INFO: Run Behavior\WriteHtmlCacheBehavior [ RunTime:0.001000s ]
INFO: [ view_filter ] --END-- [ RunTime:0.001000s ]
INFO: [ app_end ] --START--
INFO: Run Behavior\ShowPageTraceBehavior [ RunTime:0.001000s ]
INFO: [ app_end ] --END-- [ RunTime:0.001000s ]

[ 2016-04-07T17:25:50+08:00 ] 127.0.0.1 /work_log/index.php/Home/Index/addlogs?content=%E6%94%AF%E4%BB%98%E5%AE%9D2.0%E7%9A%84%E5%BA%94%E7%94%A8+%E5%9C%A8%E5%97%A8%E4%BA%91Extend%E4%B8%ADalipay.php%E5%92%8CStore%E4%B8%AD%E7%9A%84test()%E6%96%B9%E6%B3%95&difficulty=3&type=1
INFO: [ app_init ] --START--
INFO: Run Behavior\BuildLiteBehavior [ RunTime:0.000000s ]
INFO: [ app_init ] --END-- [ RunTime:0.001000s ]
INFO: [ app_begin ] --START--
INFO: Run Behavior\ReadHtmlCacheBehavior [ RunTime:0.001000s ]
INFO: [ app_begin ] --END-- [ RunTime:0.001000s ]
SQL: SHOW COLUMNS FROM `w_logs` [ RunTime:0.0070s ]
SQL: SELECT * FROM `w_logs` WHERE `content` LIKE '支付%' AND `delete` = 0 LIMIT 1   [ RunTime:0.0010s ]
SQL: SELECT * FROM `w_logs` WHERE `content` LIKE '支付宝%' AND `delete` = 0 LIMIT 1   [ RunTime:0.0000s ]
SQL: SELECT * FROM `w_logs` WHERE `content` LIKE '支付宝2%' AND `delete` = 0 LIMIT 1   [ RunTime:0.0010s ]
SQL: SELECT * FROM `w_logs` WHERE `content` LIKE '支付宝2.%' AND `delete` = 0 LIMIT 1   [ RunTime:0.0000s ]
NOTIC: [8] Undefined index: validate D:\WWW\work_log\ThinkPHP\Library\Think\Model.class.php 第 1185 行.
NOTIC: [8] Undefined index: auto D:\WWW\work_log\ThinkPHP\Library\Think\Model.class.php 第 1128 行.
SQL: INSERT INTO `w_logs` (`content`,`difficulty`,`type`,`create_time`,`year`,`month`,`day`) VALUES ('支付宝2.0的应用 在嗨云Extend中alipay.php和Store中的test()方法','3','1','1460021150','2016','4','7') [ RunTime:0.0010s ]
SQL: SELECT * FROM `w_logs` WHERE ( id=246 )  [ RunTime:0.0000s ]
NOTIC: [8] Undefined variable: str D:\WWW\work_log\Application\Home\Controller\IndexController.class.php 第 159 行.
SQL: SELECT * FROM `w_logs` WHERE ( id=246 ) LIMIT 1   [ RunTime:0.0000s ]
SQL: SHOW COLUMNS FROM `w_project_class` [ RunTime:0.0060s ]
SQL: SELECT * FROM `w_project_class` WHERE `name` LIKE '%支付%' AND `delete` = 0 LIMIT 1   [ RunTime:0.0010s ]

