[ 2016-07-05T08:49:00+08:00 ] 127.0.0.1 /work_log/index.php/Home/Index/index
INFO: [ app_init ] --START--
INFO: Run Behavior\BuildLiteBehavior [ RunTime:0.000000s ]
INFO: [ app_init ] --END-- [ RunTime:0.000000s ]
INFO: [ app_begin ] --START--
INFO: Run Behavior\ReadHtmlCacheBehavior [ RunTime:0.001000s ]
INFO: [ app_begin ] --END-- [ RunTime:0.001000s ]
SQL: SHOW COLUMNS FROM `w_logs` [ RunTime:0.0060s ]
SQL: SHOW COLUMNS FROM `w_project_class` [ RunTime:0.0050s ]
SQL: SELECT * FROM `w_logs` WHERE `delete` = 0 ORDER BY finished,create_time desc  [ RunTime:0.0030s ]
SQL: SELECT COUNT(*) AS tp_count FROM `w_logs` WHERE `finished` = 1 AND `delete` = 0 LIMIT 1   [ RunTime:0.0020s ]
SQL: SELECT COUNT(*) AS tp_count FROM `w_logs` WHERE `finished` = 0 AND `delete` = 0 LIMIT 1   [ RunTime:0.0000s ]
SQL: SHOW COLUMNS FROM `w_project_class` [ RunTime:0.0030s ]
SQL: SELECT * FROM `w_project_class` WHERE `delete` = 0  [ RunTime:0.0000s ]
INFO: [ view_parse ] --START--
INFO: [ template_filter ] --START--
INFO: Run Behavior\ContentReplaceBehavior [ RunTime:0.001000s ]
INFO: [ template_filter ] --END-- [ RunTime:0.001000s ]
INFO: Run Behavior\ParseTemplateBehavior [ RunTime:0.022002s ]
INFO: [ view_parse ] --END-- [ RunTime:0.022002s ]
INFO: [ view_filter ] --START--
INFO: Run Behavior\WriteHtmlCacheBehavior [ RunTime:0.001000s ]
INFO: [ view_filter ] --END-- [ RunTime:0.001000s ]
INFO: [ app_end ] --START--
INFO: Run Behavior\ShowPageTraceBehavior [ RunTime:0.001000s ]
INFO: [ app_end ] --END-- [ RunTime:0.001000s ]

[ 2016-07-05T08:49:06+08:00 ] 127.0.0.1 /work_log/index.php/Home/Index/index
INFO: [ app_init ] --START--
INFO: Run Behavior\BuildLiteBehavior [ RunTime:0.000000s ]
INFO: [ app_init ] --END-- [ RunTime:0.001000s ]
INFO: [ app_begin ] --START--
INFO: Run Behavior\ReadHtmlCacheBehavior [ RunTime:0.001000s ]
INFO: [ app_begin ] --END-- [ RunTime:0.001000s ]
SQL: SHOW COLUMNS FROM `w_logs` [ RunTime:0.0030s ]
SQL: SHOW COLUMNS FROM `w_project_class` [ RunTime:0.0030s ]
SQL: SELECT * FROM `w_logs` WHERE `delete` = 0 ORDER BY finished,create_time desc  [ RunTime:0.0020s ]
SQL: SELECT COUNT(*) AS tp_count FROM `w_logs` WHERE `finished` = 1 AND `delete` = 0 LIMIT 1   [ RunTime:0.0010s ]
SQL: SELECT COUNT(*) AS tp_count FROM `w_logs` WHERE `finished` = 0 AND `delete` = 0 LIMIT 1   [ RunTime:0.0000s ]
SQL: SHOW COLUMNS FROM `w_project_class` [ RunTime:0.0030s ]
SQL: SELECT * FROM `w_project_class` WHERE `delete` = 0  [ RunTime:0.0010s ]
INFO: [ view_parse ] --START--
INFO: [ template_filter ] --START--
INFO: Run Behavior\ContentReplaceBehavior [ RunTime:0.000000s ]
INFO: [ template_filter ] --END-- [ RunTime:0.000000s ]
INFO: Run Behavior\ParseTemplateBehavior [ RunTime:0.016001s ]
INFO: [ view_parse ] --END-- [ RunTime:0.016001s ]
INFO: [ view_filter ] --START--
INFO: Run Behavior\WriteHtmlCacheBehavior [ RunTime:0.000000s ]
INFO: [ view_filter ] --END-- [ RunTime:0.000000s ]
INFO: [ app_end ] --START--
INFO: Run Behavior\ShowPageTraceBehavior [ RunTime:0.000000s ]
INFO: [ app_end ] --END-- [ RunTime:0.001000s ]

[ 2016-07-05T08:50:10+08:00 ] 127.0.0.1 /work_log/index.php/Home/Index/addlogs?content=%E5%8E%9F%E5%A7%8B%E6%A8%A1%E6%9D%BF%2C%E4%B8%AA%E4%BA%BA%E4%B8%AD%E5%BF%83%E4%BF%AE%E6%94%B9%E8%BF%94%E5%9B%9E%E4%B8%8D%E5%88%B7%E6%96%B0%E5%8A%9F%E8%83%BD&difficulty=3&type=1
INFO: [ app_init ] --START--
INFO: Run Behavior\BuildLiteBehavior [ RunTime:0.000000s ]
INFO: [ app_init ] --END-- [ RunTime:0.001000s ]
INFO: [ app_begin ] --START--
INFO: Run Behavior\ReadHtmlCacheBehavior [ RunTime:0.001000s ]
INFO: [ app_begin ] --END-- [ RunTime:0.001000s ]
SQL: SHOW COLUMNS FROM `w_logs` [ RunTime:0.0050s ]
SQL: SHOW COLUMNS FROM `w_project_class` [ RunTime:0.0050s ]
SQL: SELECT * FROM `w_logs` WHERE `content` LIKE '原始%' AND `delete` = 0 LIMIT 1   [ RunTime:0.0010s ]
SQL: SELECT * FROM `w_logs` WHERE `content` LIKE '原始模%' AND `delete` = 0 LIMIT 1   [ RunTime:0.0010s ]
SQL: SELECT * FROM `w_logs` WHERE `content` LIKE '原始模板%' AND `delete` = 0 LIMIT 1   [ RunTime:0.0010s ]
SQL: SELECT * FROM `w_logs` WHERE `content` LIKE '原始模板,%' AND `delete` = 0 LIMIT 1   [ RunTime:0.0010s ]
NOTIC: [8] Undefined index: validate D:\wamp\www\work_log\ThinkPHP\Library\Think\Model.class.php 第 1185 行.
NOTIC: [8] Undefined index: auto D:\wamp\www\work_log\ThinkPHP\Library\Think\Model.class.php 第 1128 行.
SQL: INSERT INTO `w_logs` (`content`,`difficulty`,`type`,`create_time`,`year`,`month`,`day`) VALUES ('原始模板,个人中心修改返回不刷新功能','3','1','1467679810','2016','7','5') [ RunTime:0.0000s ]
SQL: SELECT * FROM `w_logs` WHERE ( id=325 ) LIMIT 1   [ RunTime:0.0010s ]
SQL: SELECT * FROM `w_project_class` WHERE `name` LIKE '%原始%' AND `delete` = 0 LIMIT 1   [ RunTime:0.0000s ]
SQL: SELECT * FROM `w_logs` WHERE ( id=325 )  [ RunTime:0.0010s ]
NOTIC: [8] Undefined variable: str D:\wamp\www\work_log\Application\Home\Controller\IndexController.class.php 第 168 行.

[ 2016-07-05T15:45:42+08:00 ] 127.0.0.1 /work_log/index.php/Home/Project/index
INFO: [ app_init ] --START--
INFO: Run Behavior\BuildLiteBehavior [ RunTime:0.000000s ]
INFO: [ app_init ] --END-- [ RunTime:0.001000s ]
INFO: [ app_begin ] --START--
INFO: Run Behavior\ReadHtmlCacheBehavior [ RunTime:0.001000s ]
INFO: [ app_begin ] --END-- [ RunTime:0.002000s ]
INFO: [ view_parse ] --START--
INFO: [ template_filter ] --START--
INFO: Run Behavior\ContentReplaceBehavior [ RunTime:0.001000s ]
INFO: [ template_filter ] --END-- [ RunTime:0.001000s ]
INFO: Run Behavior\ParseTemplateBehavior [ RunTime:0.014001s ]
INFO: [ view_parse ] --END-- [ RunTime:0.014001s ]
INFO: [ view_filter ] --START--
INFO: Run Behavior\WriteHtmlCacheBehavior [ RunTime:0.001000s ]
INFO: [ view_filter ] --END-- [ RunTime:0.001000s ]
INFO: [ app_end ] --START--
INFO: Run Behavior\ShowPageTraceBehavior [ RunTime:0.001000s ]
INFO: [ app_end ] --END-- [ RunTime:0.001000s ]

[ 2016-07-05T15:45:42+08:00 ] 127.0.0.1 /work_log/index.php?m=Home&c=Project&a=qrcode
INFO: [ app_init ] --START--
INFO: Run Behavior\BuildLiteBehavior [ RunTime:0.000000s ]
INFO: [ app_init ] --END-- [ RunTime:0.000000s ]
INFO: [ app_begin ] --START--
INFO: Run Behavior\ReadHtmlCacheBehavior [ RunTime:0.000000s ]
INFO: [ app_begin ] --END-- [ RunTime:0.000000s ]
INFO: [ app_end ] --START--
INFO: Run Behavior\ShowPageTraceBehavior [ RunTime:0.002000s ]
INFO: [ app_end ] --END-- [ RunTime:0.002000s ]

[ 2016-07-05T15:45:46+08:00 ] 127.0.0.1 /work_log/index.php?m=Home&c=Project&a=Address&style=1
INFO: [ app_init ] --START--
INFO: Run Behavior\BuildLiteBehavior [ RunTime:0.000000s ]
INFO: [ app_init ] --END-- [ RunTime:0.001000s ]
INFO: [ app_begin ] --START--
INFO: Run Behavior\ReadHtmlCacheBehavior [ RunTime:0.002001s ]
INFO: [ app_begin ] --END-- [ RunTime:0.002001s ]
SQL: SHOW COLUMNS FROM `w_address_list` [ RunTime:0.0080s ]
SQL: SELECT * FROM `w_address_list` WHERE `mid` = 1  [ RunTime:0.0000s ]
SQL: SHOW COLUMNS FROM `w_class_city` [ RunTime:0.0060s ]
SQL: SELECT * FROM `w_class_city` WHERE `depth` < 3  [ RunTime:0.0100s ]
INFO: [ view_parse ] --START--
NOTIC: [2] file_get_contents(./Application/Home/View/Public/footer.html): failed to open stream: No such file or directory D:\wamp\www\work_log\ThinkPHP\Library\Think\Template.class.php 第 696 行.
INFO: [ template_filter ] --START--
INFO: Run Behavior\ContentReplaceBehavior [ RunTime:0.000000s ]
INFO: [ template_filter ] --END-- [ RunTime:0.000000s ]
NOTIC: [8] Undefined variable: token D:\wamp\www\work_log\Application\Runtime\Cache\Home\0a9f12ad4b71970d619984826c5e54ae.php 第 20 行.
NOTIC: [8] Undefined variable: wecha_id D:\wamp\www\work_log\Application\Runtime\Cache\Home\0a9f12ad4b71970d619984826c5e54ae.php 第 20 行.
NOTIC: [8] Undefined variable: info D:\wamp\www\work_log\Application\Runtime\Cache\Home\0a9f12ad4b71970d619984826c5e54ae.php 第 33 行.
NOTIC: [8] Undefined variable: info D:\wamp\www\work_log\Application\Runtime\Cache\Home\0a9f12ad4b71970d619984826c5e54ae.php 第 34 行.
NOTIC: [8] Undefined variable: info D:\wamp\www\work_log\Application\Runtime\Cache\Home\0a9f12ad4b71970d619984826c5e54ae.php 第 35 行.
NOTIC: [8] Undefined variable: info D:\wamp\www\work_log\Application\Runtime\Cache\Home\0a9f12ad4b71970d619984826c5e54ae.php 第 36 行.
NOTIC: [8] Undefined variable: info D:\wamp\www\work_log\Application\Runtime\Cache\Home\0a9f12ad4b71970d619984826c5e54ae.php 第 36 行.
NOTIC: [8] Undefined variable: area D:\wamp\www\work_log\Application\Runtime\Cache\Home\0a9f12ad4b71970d619984826c5e54ae.php 第 43 行.
INFO: Run Behavior\ParseTemplateBehavior [ RunTime:0.012001s ]
INFO: [ view_parse ] --END-- [ RunTime:0.012001s ]
INFO: [ view_filter ] --START--
INFO: Run Behavior\WriteHtmlCacheBehavior [ RunTime:0.000000s ]
INFO: [ view_filter ] --END-- [ RunTime:0.000000s ]
INFO: [ app_end ] --START--
INFO: Run Behavior\ShowPageTraceBehavior [ RunTime:0.000000s ]
INFO: [ app_end ] --END-- [ RunTime:0.000000s ]

[ 2016-07-05T15:45:49+08:00 ] 127.0.0.1 /work_log/index.php?m=Home&c=Project&a=qrcode
INFO: [ app_init ] --START--
INFO: Run Behavior\BuildLiteBehavior [ RunTime:0.000000s ]
INFO: [ app_init ] --END-- [ RunTime:0.001000s ]
INFO: [ app_begin ] --START--
INFO: Run Behavior\ReadHtmlCacheBehavior [ RunTime:0.001001s ]
INFO: [ app_begin ] --END-- [ RunTime:0.001001s ]
INFO: [ app_end ] --START--
INFO: Run Behavior\ShowPageTraceBehavior [ RunTime:0.001000s ]
INFO: [ app_end ] --END-- [ RunTime:0.001000s ]

[ 2016-07-05T15:45:50+08:00 ] 127.0.0.1 /work_log/index.php?m=Home&c=Project&a=Address&style=2
INFO: [ app_init ] --START--
INFO: Run Behavior\BuildLiteBehavior [ RunTime:0.000000s ]
INFO: [ app_init ] --END-- [ RunTime:0.001000s ]
INFO: [ app_begin ] --START--
INFO: Run Behavior\ReadHtmlCacheBehavior [ RunTime:0.001000s ]
INFO: [ app_begin ] --END-- [ RunTime:0.001000s ]
SQL: SHOW COLUMNS FROM `w_address_list` [ RunTime:0.0060s ]
SQL: SELECT * FROM `w_address_list` WHERE `mid` = 1  [ RunTime:0.0000s ]
SQL: SHOW COLUMNS FROM `w_class_city` [ RunTime:0.0040s ]
SQL: SELECT * FROM `w_class_city` WHERE `depth` < 3  [ RunTime:0.0100s ]
INFO: [ view_parse ] --START--
NOTIC: [2] file_get_contents(./Application/Home/View/Public/footer.html): failed to open stream: No such file or directory D:\wamp\www\work_log\ThinkPHP\Library\Think\Template.class.php 第 696 行.
INFO: [ template_filter ] --START--
INFO: Run Behavior\ContentReplaceBehavior [ RunTime:0.000000s ]
INFO: [ template_filter ] --END-- [ RunTime:0.000000s ]
NOTIC: [8] Undefined variable: token D:\wamp\www\work_log\Application\Runtime\Cache\Home\0a9f12ad4b71970d619984826c5e54ae.php 第 20 行.
NOTIC: [8] Undefined variable: wecha_id D:\wamp\www\work_log\Application\Runtime\Cache\Home\0a9f12ad4b71970d619984826c5e54ae.php 第 20 行.
NOTIC: [8] Undefined variable: info D:\wamp\www\work_log\Application\Runtime\Cache\Home\0a9f12ad4b71970d619984826c5e54ae.php 第 33 行.
NOTIC: [8] Undefined variable: info D:\wamp\www\work_log\Application\Runtime\Cache\Home\0a9f12ad4b71970d619984826c5e54ae.php 第 34 行.
NOTIC: [8] Undefined variable: info D:\wamp\www\work_log\Application\Runtime\Cache\Home\0a9f12ad4b71970d619984826c5e54ae.php 第 35 行.
NOTIC: [8] Undefined variable: info D:\wamp\www\work_log\Application\Runtime\Cache\Home\0a9f12ad4b71970d619984826c5e54ae.php 第 36 行.
NOTIC: [8] Undefined variable: info D:\wamp\www\work_log\Application\Runtime\Cache\Home\0a9f12ad4b71970d619984826c5e54ae.php 第 36 行.
NOTIC: [8] Undefined variable: area D:\wamp\www\work_log\Application\Runtime\Cache\Home\0a9f12ad4b71970d619984826c5e54ae.php 第 43 行.
INFO: Run Behavior\ParseTemplateBehavior [ RunTime:0.011000s ]
INFO: [ view_parse ] --END-- [ RunTime:0.011000s ]
INFO: [ view_filter ] --START--
INFO: Run Behavior\WriteHtmlCacheBehavior [ RunTime:0.001000s ]
INFO: [ view_filter ] --END-- [ RunTime:0.001000s ]
INFO: [ app_end ] --START--
INFO: Run Behavior\ShowPageTraceBehavior [ RunTime:0.001001s ]
INFO: [ app_end ] --END-- [ RunTime:0.001001s ]

[ 2016-07-05T15:45:54+08:00 ] 127.0.0.1 /work_log/index.php?m=Home&c=Project&a=Address&style=1
INFO: [ app_init ] --START--
INFO: Run Behavior\BuildLiteBehavior [ RunTime:0.000000s ]
INFO: [ app_init ] --END-- [ RunTime:0.001000s ]
INFO: [ app_begin ] --START--
INFO: Run Behavior\ReadHtmlCacheBehavior [ RunTime:0.001000s ]
INFO: [ app_begin ] --END-- [ RunTime:0.002000s ]
SQL: SHOW COLUMNS FROM `w_address_list` [ RunTime:0.0050s ]
SQL: SELECT * FROM `w_address_list` WHERE `mid` = 1  [ RunTime:0.0000s ]
SQL: SHOW COLUMNS FROM `w_class_city` [ RunTime:0.0040s ]
SQL: SELECT * FROM `w_class_city` WHERE `depth` < 3  [ RunTime:0.0100s ]
INFO: [ view_parse ] --START--
NOTIC: [2] file_get_contents(./Application/Home/View/Public/footer.html): failed to open stream: No such file or directory D:\wamp\www\work_log\ThinkPHP\Library\Think\Template.class.php 第 696 行.
INFO: [ template_filter ] --START--
INFO: Run Behavior\ContentReplaceBehavior [ RunTime:0.000000s ]
INFO: [ template_filter ] --END-- [ RunTime:0.000000s ]
NOTIC: [8] Undefined variable: token D:\wamp\www\work_log\Application\Runtime\Cache\Home\0a9f12ad4b71970d619984826c5e54ae.php 第 20 行.
NOTIC: [8] Undefined variable: wecha_id D:\wamp\www\work_log\Application\Runtime\Cache\Home\0a9f12ad4b71970d619984826c5e54ae.php 第 20 行.
NOTIC: [8] Undefined variable: info D:\wamp\www\work_log\Application\Runtime\Cache\Home\0a9f12ad4b71970d619984826c5e54ae.php 第 33 行.
NOTIC: [8] Undefined variable: info D:\wamp\www\work_log\Application\Runtime\Cache\Home\0a9f12ad4b71970d619984826c5e54ae.php 第 34 行.
NOTIC: [8] Undefined variable: info D:\wamp\www\work_log\Application\Runtime\Cache\Home\0a9f12ad4b71970d619984826c5e54ae.php 第 35 行.
NOTIC: [8] Undefined variable: info D:\wamp\www\work_log\Application\Runtime\Cache\Home\0a9f12ad4b71970d619984826c5e54ae.php 第 36 行.
NOTIC: [8] Undefined variable: info D:\wamp\www\work_log\Application\Runtime\Cache\Home\0a9f12ad4b71970d619984826c5e54ae.php 第 36 行.
NOTIC: [8] Undefined variable: area D:\wamp\www\work_log\Application\Runtime\Cache\Home\0a9f12ad4b71970d619984826c5e54ae.php 第 43 行.
INFO: Run Behavior\ParseTemplateBehavior [ RunTime:0.011001s ]
INFO: [ view_parse ] --END-- [ RunTime:0.011001s ]
INFO: [ view_filter ] --START--
INFO: Run Behavior\WriteHtmlCacheBehavior [ RunTime:0.001000s ]
INFO: [ view_filter ] --END-- [ RunTime:0.001000s ]
INFO: [ app_end ] --START--
INFO: Run Behavior\ShowPageTraceBehavior [ RunTime:0.001000s ]
INFO: [ app_end ] --END-- [ RunTime:0.001000s ]

[ 2016-07-05T15:52:49+08:00 ] 127.0.0.1 /work_log/index.php?m=Home&c=Project&a=Address&
INFO: [ app_init ] --START--
INFO: Run Behavior\BuildLiteBehavior [ RunTime:0.000000s ]
INFO: [ app_init ] --END-- [ RunTime:0.001000s ]
INFO: [ app_begin ] --START--
INFO: Run Behavior\ReadHtmlCacheBehavior [ RunTime:0.003000s ]
INFO: [ app_begin ] --END-- [ RunTime:0.003000s ]
NOTIC: [8] Undefined index: style D:\wamp\www\work_log\Application\Home\Controller\ProjectController.class.php 第 280 行.
SQL: SHOW COLUMNS FROM `w_address_list` [ RunTime:0.0040s ]
SQL: SELECT * FROM `w_address_list` WHERE `mid` = 1  [ RunTime:0.0010s ]
SQL: SHOW COLUMNS FROM `w_class_city` [ RunTime:0.0030s ]
SQL: SELECT * FROM `w_class_city` WHERE `depth` < 3  [ RunTime:0.0110s ]
INFO: [ view_parse ] --START--
NOTIC: [2] file_get_contents(./Application/Home/View/Public/footer.html): failed to open stream: No such file or directory D:\wamp\www\work_log\ThinkPHP\Library\Think\Template.class.php 第 696 行.
INFO: [ template_filter ] --START--
INFO: Run Behavior\ContentReplaceBehavior [ RunTime:0.000000s ]
INFO: [ template_filter ] --END-- [ RunTime:0.000000s ]
NOTIC: [8] Undefined variable: token D:\wamp\www\work_log\Application\Runtime\Cache\Home\0a9f12ad4b71970d619984826c5e54ae.php 第 20 行.
NOTIC: [8] Undefined variable: wecha_id D:\wamp\www\work_log\Application\Runtime\Cache\Home\0a9f12ad4b71970d619984826c5e54ae.php 第 20 行.
NOTIC: [8] Undefined variable: info D:\wamp\www\work_log\Application\Runtime\Cache\Home\0a9f12ad4b71970d619984826c5e54ae.php 第 33 行.
NOTIC: [8] Undefined variable: info D:\wamp\www\work_log\Application\Runtime\Cache\Home\0a9f12ad4b71970d619984826c5e54ae.php 第 34 行.
NOTIC: [8] Undefined variable: info D:\wamp\www\work_log\Application\Runtime\Cache\Home\0a9f12ad4b71970d619984826c5e54ae.php 第 35 行.
NOTIC: [8] Undefined variable: info D:\wamp\www\work_log\Application\Runtime\Cache\Home\0a9f12ad4b71970d619984826c5e54ae.php 第 36 行.
NOTIC: [8] Undefined variable: info D:\wamp\www\work_log\Application\Runtime\Cache\Home\0a9f12ad4b71970d619984826c5e54ae.php 第 36 行.
NOTIC: [8] Undefined variable: area D:\wamp\www\work_log\Application\Runtime\Cache\Home\0a9f12ad4b71970d619984826c5e54ae.php 第 43 行.
INFO: Run Behavior\ParseTemplateBehavior [ RunTime:0.012001s ]
INFO: [ view_parse ] --END-- [ RunTime:0.012001s ]
INFO: [ view_filter ] --START--
INFO: Run Behavior\WriteHtmlCacheBehavior [ RunTime:0.001000s ]
INFO: [ view_filter ] --END-- [ RunTime:0.001000s ]
INFO: [ app_end ] --START--
INFO: Run Behavior\ShowPageTraceBehavior [ RunTime:0.000000s ]
INFO: [ app_end ] --END-- [ RunTime:0.001000s ]

[ 2016-07-05T15:52:52+08:00 ] 127.0.0.1 /work_log/index.php?m=Home&c=Project&a=qrcode
INFO: [ app_init ] --START--
INFO: Run Behavior\BuildLiteBehavior [ RunTime:0.001000s ]
INFO: [ app_init ] --END-- [ RunTime:0.002000s ]
INFO: [ app_begin ] --START--
INFO: Run Behavior\ReadHtmlCacheBehavior [ RunTime:0.002000s ]
INFO: [ app_begin ] --END-- [ RunTime:0.002000s ]
INFO: [ app_end ] --START--
INFO: Run Behavior\ShowPageTraceBehavior [ RunTime:0.001000s ]
INFO: [ app_end ] --END-- [ RunTime:0.001000s ]

[ 2016-07-05T15:52:53+08:00 ] 127.0.0.1 /work_log/index.php?m=Home&c=Project&a=Address&style=2
INFO: [ app_init ] --START--
INFO: Run Behavior\BuildLiteBehavior [ RunTime:0.000000s ]
INFO: [ app_init ] --END-- [ RunTime:0.001000s ]
INFO: [ app_begin ] --START--
INFO: Run Behavior\ReadHtmlCacheBehavior [ RunTime:0.001000s ]
INFO: [ app_begin ] --END-- [ RunTime:0.001000s ]
SQL: SHOW COLUMNS FROM `w_address_list` [ RunTime:0.0050s ]
SQL: SELECT * FROM `w_address_list` WHERE `mid` = 1  [ RunTime:0.0010s ]
SQL: SHOW COLUMNS FROM `w_class_city` [ RunTime:0.0040s ]
SQL: SELECT * FROM `w_class_city` WHERE `depth` < 3  [ RunTime:0.0100s ]
INFO: [ view_parse ] --START--
NOTIC: [2] file_get_contents(./Application/Home/View/Public/footer.html): failed to open stream: No such file or directory D:\wamp\www\work_log\ThinkPHP\Library\Think\Template.class.php 第 696 行.
INFO: [ template_filter ] --START--
INFO: Run Behavior\ContentReplaceBehavior [ RunTime:0.000000s ]
INFO: [ template_filter ] --END-- [ RunTime:0.001000s ]
NOTIC: [8] Undefined variable: token D:\wamp\www\work_log\Application\Runtime\Cache\Home\0a9f12ad4b71970d619984826c5e54ae.php 第 20 行.
NOTIC: [8] Undefined variable: wecha_id D:\wamp\www\work_log\Application\Runtime\Cache\Home\0a9f12ad4b71970d619984826c5e54ae.php 第 20 行.
NOTIC: [8] Undefined variable: info D:\wamp\www\work_log\Application\Runtime\Cache\Home\0a9f12ad4b71970d619984826c5e54ae.php 第 33 行.
NOTIC: [8] Undefined variable: info D:\wamp\www\work_log\Application\Runtime\Cache\Home\0a9f12ad4b71970d619984826c5e54ae.php 第 34 行.
NOTIC: [8] Undefined variable: info D:\wamp\www\work_log\Application\Runtime\Cache\Home\0a9f12ad4b71970d619984826c5e54ae.php 第 35 行.
NOTIC: [8] Undefined variable: info D:\wamp\www\work_log\Application\Runtime\Cache\Home\0a9f12ad4b71970d619984826c5e54ae.php 第 36 行.
NOTIC: [8] Undefined variable: info D:\wamp\www\work_log\Application\Runtime\Cache\Home\0a9f12ad4b71970d619984826c5e54ae.php 第 36 行.
NOTIC: [8] Undefined variable: area D:\wamp\www\work_log\Application\Runtime\Cache\Home\0a9f12ad4b71970d619984826c5e54ae.php 第 43 行.
INFO: Run Behavior\ParseTemplateBehavior [ RunTime:0.013001s ]
INFO: [ view_parse ] --END-- [ RunTime:0.013001s ]
INFO: [ view_filter ] --START--
INFO: Run Behavior\WriteHtmlCacheBehavior [ RunTime:0.000000s ]
INFO: [ view_filter ] --END-- [ RunTime:0.000000s ]
INFO: [ app_end ] --START--
INFO: Run Behavior\ShowPageTraceBehavior [ RunTime:0.001000s ]
INFO: [ app_end ] --END-- [ RunTime:0.001000s ]

[ 2016-07-05T15:52:55+08:00 ] 127.0.0.1 /work_log/index.php?m=Home&c=Project&a=qrcode
INFO: [ app_init ] --START--
INFO: Run Behavior\BuildLiteBehavior [ RunTime:0.000000s ]
INFO: [ app_init ] --END-- [ RunTime:0.001000s ]
INFO: [ app_begin ] --START--
INFO: Run Behavior\ReadHtmlCacheBehavior [ RunTime:0.001000s ]
INFO: [ app_begin ] --END-- [ RunTime:0.001000s ]
INFO: [ app_end ] --START--
INFO: Run Behavior\ShowPageTraceBehavior [ RunTime:0.001000s ]
INFO: [ app_end ] --END-- [ RunTime:0.001000s ]

[ 2016-07-05T15:52:56+08:00 ] 127.0.0.1 /work_log/index.php?m=Home&c=Project&a=Address&style=1
INFO: [ app_init ] --START--
INFO: Run Behavior\BuildLiteBehavior [ RunTime:0.000000s ]
INFO: [ app_init ] --END-- [ RunTime:0.001000s ]
INFO: [ app_begin ] --START--
INFO: Run Behavior\ReadHtmlCacheBehavior [ RunTime:0.000000s ]
INFO: [ app_begin ] --END-- [ RunTime:0.000000s ]
SQL: SHOW COLUMNS FROM `w_address_list` [ RunTime:0.0040s ]
SQL: SELECT * FROM `w_address_list` WHERE `mid` = 1  [ RunTime:0.0010s ]
SQL: SHOW COLUMNS FROM `w_class_city` [ RunTime:0.0030s ]
SQL: SELECT * FROM `w_class_city` WHERE `depth` < 3  [ RunTime:0.0110s ]
INFO: [ view_parse ] --START--
NOTIC: [2] file_get_contents(./Application/Home/View/Public/footer.html): failed to open stream: No such file or directory D:\wamp\www\work_log\ThinkPHP\Library\Think\Template.class.php 第 696 行.
INFO: [ template_filter ] --START--
INFO: Run Behavior\ContentReplaceBehavior [ RunTime:0.000000s ]
INFO: [ template_filter ] --END-- [ RunTime:0.001000s ]
NOTIC: [8] Undefined variable: token D:\wamp\www\work_log\Application\Runtime\Cache\Home\0a9f12ad4b71970d619984826c5e54ae.php 第 20 行.
NOTIC: [8] Undefined variable: wecha_id D:\wamp\www\work_log\Application\Runtime\Cache\Home\0a9f12ad4b71970d619984826c5e54ae.php 第 20 行.
NOTIC: [8] Undefined variable: info D:\wamp\www\work_log\Application\Runtime\Cache\Home\0a9f12ad4b71970d619984826c5e54ae.php 第 33 行.
NOTIC: [8] Undefined variable: info D:\wamp\www\work_log\Application\Runtime\Cache\Home\0a9f12ad4b71970d619984826c5e54ae.php 第 34 行.
NOTIC: [8] Undefined variable: info D:\wamp\www\work_log\Application\Runtime\Cache\Home\0a9f12ad4b71970d619984826c5e54ae.php 第 35 行.
NOTIC: [8] Undefined variable: info D:\wamp\www\work_log\Application\Runtime\Cache\Home\0a9f12ad4b71970d619984826c5e54ae.php 第 36 行.
NOTIC: [8] Undefined variable: info D:\wamp\www\work_log\Application\Runtime\Cache\Home\0a9f12ad4b71970d619984826c5e54ae.php 第 36 行.
NOTIC: [8] Undefined variable: area D:\wamp\www\work_log\Application\Runtime\Cache\Home\0a9f12ad4b71970d619984826c5e54ae.php 第 43 行.
INFO: Run Behavior\ParseTemplateBehavior [ RunTime:0.012000s ]
INFO: [ view_parse ] --END-- [ RunTime:0.012000s ]
INFO: [ view_filter ] --START--
INFO: Run Behavior\WriteHtmlCacheBehavior [ RunTime:0.000000s ]
INFO: [ view_filter ] --END-- [ RunTime:0.001000s ]
INFO: [ app_end ] --START--
INFO: Run Behavior\ShowPageTraceBehavior [ RunTime:0.001000s ]
INFO: [ app_end ] --END-- [ RunTime:0.001000s ]

[ 2016-07-05T15:53:00+08:00 ] 127.0.0.1 /work_log/index.php?m=Home&c=Project&a=Address&style=2
INFO: [ app_init ] --START--
INFO: Run Behavior\BuildLiteBehavior [ RunTime:0.000000s ]
INFO: [ app_init ] --END-- [ RunTime:0.001000s ]
INFO: [ app_begin ] --START--
INFO: Run Behavior\ReadHtmlCacheBehavior [ RunTime:0.001000s ]
INFO: [ app_begin ] --END-- [ RunTime:0.001000s ]
SQL: SHOW COLUMNS FROM `w_address_list` [ RunTime:0.0030s ]
SQL: SELECT * FROM `w_address_list` WHERE `mid` = 1  [ RunTime:0.0000s ]
SQL: SHOW COLUMNS FROM `w_class_city` [ RunTime:0.0030s ]
SQL: SELECT * FROM `w_class_city` WHERE `depth` < 3  [ RunTime:0.0090s ]
INFO: [ view_parse ] --START--
NOTIC: [2] file_get_contents(./Application/Home/View/Public/footer.html): failed to open stream: No such file or directory D:\wamp\www\work_log\ThinkPHP\Library\Think\Template.class.php 第 696 行.
INFO: [ template_filter ] --START--
INFO: Run Behavior\ContentReplaceBehavior [ RunTime:0.000000s ]
INFO: [ template_filter ] --END-- [ RunTime:0.000000s ]
NOTIC: [8] Undefined variable: token D:\wamp\www\work_log\Application\Runtime\Cache\Home\0a9f12ad4b71970d619984826c5e54ae.php 第 20 行.
NOTIC: [8] Undefined variable: wecha_id D:\wamp\www\work_log\Application\Runtime\Cache\Home\0a9f12ad4b71970d619984826c5e54ae.php 第 20 行.
NOTIC: [8] Undefined variable: info D:\wamp\www\work_log\Application\Runtime\Cache\Home\0a9f12ad4b71970d619984826c5e54ae.php 第 33 行.
NOTIC: [8] Undefined variable: info D:\wamp\www\work_log\Application\Runtime\Cache\Home\0a9f12ad4b71970d619984826c5e54ae.php 第 34 行.
NOTIC: [8] Undefined variable: info D:\wamp\www\work_log\Application\Runtime\Cache\Home\0a9f12ad4b71970d619984826c5e54ae.php 第 35 行.
NOTIC: [8] Undefined variable: info D:\wamp\www\work_log\Application\Runtime\Cache\Home\0a9f12ad4b71970d619984826c5e54ae.php 第 36 行.
NOTIC: [8] Undefined variable: info D:\wamp\www\work_log\Application\Runtime\Cache\Home\0a9f12ad4b71970d619984826c5e54ae.php 第 36 行.
NOTIC: [8] Undefined variable: area D:\wamp\www\work_log\Application\Runtime\Cache\Home\0a9f12ad4b71970d619984826c5e54ae.php 第 43 行.
INFO: Run Behavior\ParseTemplateBehavior [ RunTime:0.012001s ]
INFO: [ view_parse ] --END-- [ RunTime:0.012001s ]
INFO: [ view_filter ] --START--
INFO: Run Behavior\WriteHtmlCacheBehavior [ RunTime:0.001000s ]
INFO: [ view_filter ] --END-- [ RunTime:0.001000s ]
INFO: [ app_end ] --START--
INFO: Run Behavior\ShowPageTraceBehavior [ RunTime:0.000000s ]
INFO: [ app_end ] --END-- [ RunTime:0.000000s ]

[ 2016-07-05T15:53:16+08:00 ] 127.0.0.1 /work_log/index.php?m=Home&c=Project&a=Address&style=2
INFO: [ app_init ] --START--
INFO: Run Behavior\BuildLiteBehavior [ RunTime:0.001000s ]
INFO: [ app_init ] --END-- [ RunTime:0.001000s ]
INFO: [ app_begin ] --START--
INFO: Run Behavior\ReadHtmlCacheBehavior [ RunTime:0.001000s ]
INFO: [ app_begin ] --END-- [ RunTime:0.001000s ]
SQL: SHOW COLUMNS FROM `w_address_list` [ RunTime:0.0030s ]
SQL: SELECT * FROM `w_address_list` WHERE `mid` = 1  [ RunTime:0.0000s ]
SQL: SHOW COLUMNS FROM `w_class_city` [ RunTime:0.0030s ]
SQL: SELECT * FROM `w_class_city` WHERE `depth` < 3  [ RunTime:0.0110s ]
NOTIC: [8] Undefined index: validate D:\wamp\www\work_log\ThinkPHP\Library\Think\Model.class.php 第 1185 行.
NOTIC: [8] Undefined index: auto D:\wamp\www\work_log\ThinkPHP\Library\Think\Model.class.php 第 1128 行.
SQL: INSERT INTO `w_address_list` (`mid`,`name`,`tele`,`address`) VALUES ('1','123','12345152121','123') [ RunTime:0.0040s ]
NOTIC: [8] Undefined index: choose D:\wamp\www\work_log\Application\Home\Controller\ProjectController.class.php 第 315 行.
INFO: [ view_parse ] --START--
INFO: [ template_filter ] --START--
INFO: Run Behavior\ContentReplaceBehavior [ RunTime:0.000000s ]
INFO: [ template_filter ] --END-- [ RunTime:0.000000s ]
INFO: Run Behavior\ParseTemplateBehavior [ RunTime:0.007000s ]
INFO: [ view_parse ] --END-- [ RunTime:0.007000s ]
INFO: [ view_filter ] --START--
INFO: Run Behavior\WriteHtmlCacheBehavior [ RunTime:0.001000s ]
INFO: [ view_filter ] --END-- [ RunTime:0.001000s ]
INFO: [ app_end ] --START--
INFO: Run Behavior\ShowPageTraceBehavior [ RunTime:0.001000s ]
INFO: [ app_end ] --END-- [ RunTime:0.001000s ]

[ 2016-07-05T15:53:17+08:00 ] 127.0.0.1 /work_log/index.php?m=Home&c=Project&a=Address&style=1
INFO: [ app_init ] --START--
INFO: Run Behavior\BuildLiteBehavior [ RunTime:0.000000s ]
INFO: [ app_init ] --END-- [ RunTime:0.001000s ]
INFO: [ app_begin ] --START--
INFO: Run Behavior\ReadHtmlCacheBehavior [ RunTime:0.001000s ]
INFO: [ app_begin ] --END-- [ RunTime:0.001000s ]
SQL: SHOW COLUMNS FROM `w_address_list` [ RunTime:0.0030s ]
SQL: SELECT * FROM `w_address_list` WHERE `mid` = 1  [ RunTime:0.0000s ]
INFO: [ view_parse ] --START--
INFO: [ template_filter ] --START--
INFO: Run Behavior\ContentReplaceBehavior [ RunTime:0.000000s ]
INFO: [ template_filter ] --END-- [ RunTime:0.000000s ]
NOTIC: [8] Undefined index: token D:\wamp\www\work_log\Application\Runtime\Cache\Home\524d629a807888917f9cfdd00640cd2b.php 第 84 行.
NOTIC: [8] Undefined index: wecha_id D:\wamp\www\work_log\Application\Runtime\Cache\Home\524d629a807888917f9cfdd00640cd2b.php 第 84 行.
INFO: Run Behavior\ParseTemplateBehavior [ RunTime:0.011001s ]
INFO: [ view_parse ] --END-- [ RunTime:0.011001s ]
INFO: [ view_filter ] --START--
INFO: Run Behavior\WriteHtmlCacheBehavior [ RunTime:0.000000s ]
INFO: [ view_filter ] --END-- [ RunTime:0.000000s ]
INFO: [ app_end ] --START--
INFO: Run Behavior\ShowPageTraceBehavior [ RunTime:0.000000s ]
INFO: [ app_end ] --END-- [ RunTime:0.000000s ]

[ 2016-07-05T15:53:20+08:00 ] 127.0.0.1 /work_log/index.php?m=Home&c=Project&a=chooseAdd&id=5
INFO: [ app_init ] --START--
INFO: Run Behavior\BuildLiteBehavior [ RunTime:0.000000s ]
INFO: [ app_init ] --END-- [ RunTime:0.000000s ]
INFO: [ app_begin ] --START--
INFO: Run Behavior\ReadHtmlCacheBehavior [ RunTime:0.000000s ]
INFO: [ app_begin ] --END-- [ RunTime:0.000000s ]
SQL: SHOW COLUMNS FROM `w_address_list` [ RunTime:0.0000s ]
SQL: UPDATE `w_address_list` SET `choose`='0' WHERE `mid` = 1 AND `choose` = 1 [ RunTime:0.0000s ]
SQL: UPDATE `w_address_list` SET `choose`='1' WHERE (  mid=1 ) AND `id` = 5 [ RunTime:0.0000s ]

[ 2016-07-05T15:53:21+08:00 ] 127.0.0.1 /work_log/index.php?m=Home&c=Project&a=chooseAdd&id=5
INFO: [ app_init ] --START--
INFO: Run Behavior\BuildLiteBehavior [ RunTime:0.000000s ]
INFO: [ app_init ] --END-- [ RunTime:0.000000s ]
INFO: [ app_begin ] --START--
INFO: Run Behavior\ReadHtmlCacheBehavior [ RunTime:0.000000s ]
INFO: [ app_begin ] --END-- [ RunTime:0.000000s ]
SQL: SHOW COLUMNS FROM `w_address_list` [ RunTime:0.0156s ]
SQL: UPDATE `w_address_list` SET `choose`='0' WHERE `mid` = 1 AND `choose` = 1 [ RunTime:0.0000s ]
SQL: UPDATE `w_address_list` SET `choose`='1' WHERE (  mid=1 ) AND `id` = 5 [ RunTime:0.0000s ]

[ 2016-07-05T15:53:21+08:00 ] 127.0.0.1 /work_log/index.php?m=Home&c=Project&a=chooseAdd&id=5
INFO: [ app_init ] --START--
INFO: Run Behavior\BuildLiteBehavior [ RunTime:0.000000s ]
INFO: [ app_init ] --END-- [ RunTime:0.000000s ]
INFO: [ app_begin ] --START--
INFO: Run Behavior\ReadHtmlCacheBehavior [ RunTime:0.015600s ]
INFO: [ app_begin ] --END-- [ RunTime:0.015600s ]
SQL: SHOW COLUMNS FROM `w_address_list` [ RunTime:0.0000s ]
SQL: UPDATE `w_address_list` SET `choose`='0' WHERE `mid` = 1 AND `choose` = 1 [ RunTime:0.0000s ]
SQL: UPDATE `w_address_list` SET `choose`='1' WHERE (  mid=1 ) AND `id` = 5 [ RunTime:0.0000s ]

[ 2016-07-05T15:53:22+08:00 ] 127.0.0.1 /work_log/index.php?m=Home&c=Project&a=chooseAdd&id=5
INFO: [ app_init ] --START--
INFO: Run Behavior\BuildLiteBehavior [ RunTime:0.000000s ]
INFO: [ app_init ] --END-- [ RunTime:0.001000s ]
INFO: [ app_begin ] --START--
INFO: Run Behavior\ReadHtmlCacheBehavior [ RunTime:0.001000s ]
INFO: [ app_begin ] --END-- [ RunTime:0.001000s ]
SQL: SHOW COLUMNS FROM `w_address_list` [ RunTime:0.0060s ]
SQL: UPDATE `w_address_list` SET `choose`='0' WHERE `mid` = 1 AND `choose` = 1 [ RunTime:0.0000s ]
SQL: UPDATE `w_address_list` SET `choose`='1' WHERE (  mid=1 ) AND `id` = 5 [ RunTime:0.0000s ]

[ 2016-07-05T15:53:24+08:00 ] 127.0.0.1 /work_log/index.php?m=Home&c=Project&a=chooseAdd&id=5
INFO: [ app_init ] --START--
INFO: Run Behavior\BuildLiteBehavior [ RunTime:0.000000s ]
INFO: [ app_init ] --END-- [ RunTime:0.001000s ]
INFO: [ app_begin ] --START--
INFO: Run Behavior\ReadHtmlCacheBehavior [ RunTime:0.001000s ]
INFO: [ app_begin ] --END-- [ RunTime:0.002000s ]
SQL: SHOW COLUMNS FROM `w_address_list` [ RunTime:0.0040s ]
SQL: UPDATE `w_address_list` SET `choose`='0' WHERE `mid` = 1 AND `choose` = 1 [ RunTime:0.0010s ]
SQL: UPDATE `w_address_list` SET `choose`='1' WHERE (  mid=1 ) AND `id` = 5 [ RunTime:0.0000s ]

[ 2016-07-05T15:53:32+08:00 ] 127.0.0.1 /work_log/index.php?m=Home&c=Project&a=Address&style=1
INFO: [ app_init ] --START--
INFO: Run Behavior\BuildLiteBehavior [ RunTime:0.000000s ]
INFO: [ app_init ] --END-- [ RunTime:0.001000s ]
INFO: [ app_begin ] --START--
INFO: Run Behavior\ReadHtmlCacheBehavior [ RunTime:0.001000s ]
INFO: [ app_begin ] --END-- [ RunTime:0.001000s ]
SQL: SHOW COLUMNS FROM `w_address_list` [ RunTime:0.0030s ]
SQL: SELECT * FROM `w_address_list` WHERE `mid` = 1  [ RunTime:0.0000s ]
INFO: [ view_parse ] --START--
INFO: [ template_filter ] --START--
INFO: Run Behavior\ContentReplaceBehavior [ RunTime:0.000000s ]
INFO: [ template_filter ] --END-- [ RunTime:0.001000s ]
NOTIC: [8] Undefined index: token D:\wamp\www\work_log\Application\Runtime\Cache\Home\524d629a807888917f9cfdd00640cd2b.php 第 84 行.
NOTIC: [8] Undefined index: wecha_id D:\wamp\www\work_log\Application\Runtime\Cache\Home\524d629a807888917f9cfdd00640cd2b.php 第 84 行.
INFO: Run Behavior\ParseTemplateBehavior [ RunTime:0.010001s ]
INFO: [ view_parse ] --END-- [ RunTime:0.010001s ]
INFO: [ view_filter ] --START--
INFO: Run Behavior\WriteHtmlCacheBehavior [ RunTime:0.000000s ]
INFO: [ view_filter ] --END-- [ RunTime:0.001000s ]
INFO: [ app_end ] --START--
INFO: Run Behavior\ShowPageTraceBehavior [ RunTime:0.001000s ]
INFO: [ app_end ] --END-- [ RunTime:0.001000s ]

[ 2016-07-05T16:01:18+08:00 ] 127.0.0.1 /work_log/index.php?m=Home&c=Project&a=addAddress
INFO: [ app_init ] --START--
INFO: Run Behavior\BuildLiteBehavior [ RunTime:0.000000s ]
INFO: [ app_init ] --END-- [ RunTime:0.002000s ]
INFO: [ app_begin ] --START--
INFO: Run Behavior\ReadHtmlCacheBehavior [ RunTime:0.000000s ]
INFO: [ app_begin ] --END-- [ RunTime:0.001001s ]
SQL: SHOW COLUMNS FROM `w_class_city` [ RunTime:0.0030s ]
SQL: SELECT * FROM `w_class_city` WHERE `depth` < 3  [ RunTime:0.0110s ]
SQL: SHOW COLUMNS FROM `w_address_list` [ RunTime:0.0040s ]
INFO: [ view_parse ] --START--
INFO: [ template_filter ] --START--
INFO: Run Behavior\ContentReplaceBehavior [ RunTime:0.001000s ]
INFO: [ template_filter ] --END-- [ RunTime:0.001000s ]
NOTIC: [8] Undefined variable: info D:\wamp\www\work_log\Application\Runtime\Cache\Home\4fcbfa50c39ddd4aea050603bd249d39.php 第 24 行.
NOTIC: [8] Undefined variable: info D:\wamp\www\work_log\Application\Runtime\Cache\Home\4fcbfa50c39ddd4aea050603bd249d39.php 第 29 行.
NOTIC: [8] Undefined variable: info D:\wamp\www\work_log\Application\Runtime\Cache\Home\4fcbfa50c39ddd4aea050603bd249d39.php 第 36 行.
NOTIC: [8] Undefined variable: info D:\wamp\www\work_log\Application\Runtime\Cache\Home\4fcbfa50c39ddd4aea050603bd249d39.php 第 39 行.
NOTIC: [8] Undefined variable: info D:\wamp\www\work_log\Application\Runtime\Cache\Home\4fcbfa50c39ddd4aea050603bd249d39.php 第 39 行.
NOTIC: [8] Undefined variable: info D:\wamp\www\work_log\Application\Runtime\Cache\Home\4fcbfa50c39ddd4aea050603bd249d39.php 第 39 行.
NOTIC: [8] Undefined variable: info D:\wamp\www\work_log\Application\Runtime\Cache\Home\4fcbfa50c39ddd4aea050603bd249d39.php 第 39 行.
NOTIC: [8] Undefined variable: info D:\wamp\www\work_log\Application\Runtime\Cache\Home\4fcbfa50c39ddd4aea050603bd249d39.php 第 39 行.
NOTIC: [8] Undefined variable: info D:\wamp\www\work_log\Application\Runtime\Cache\Home\4fcbfa50c39ddd4aea050603bd249d39.php 第 39 行.
NOTIC: [8] Undefined variable: info D:\wamp\www\work_log\Application\Runtime\Cache\Home\4fcbfa50c39ddd4aea050603bd249d39.php 第 39 行.
NOTIC: [8] Undefined variable: info D:\wamp\www\work_log\Application\Runtime\Cache\Home\4fcbfa50c39ddd4aea050603bd249d39.php 第 39 行.
NOTIC: [8] Undefined variable: info D:\wamp\www\work_log\Application\Runtime\Cache\Home\4fcbfa50c39ddd4aea050603bd249d39.php 第 39 行.
NOTIC: [8] Undefined variable: info D:\wamp\www\work_log\Application\Runtime\Cache\Home\4fcbfa50c39ddd4aea050603bd249d39.php 第 39 行.
NOTIC: [8] Undefined variable: info D:\wamp\www\work_log\Application\Runtime\Cache\Home\4fcbfa50c39ddd4aea050603bd249d39.php 第 39 行.
NOTIC: [8] Undefined variable: info D:\wamp\www\work_log\Application\Runtime\Cache\Home\4fcbfa50c39ddd4aea050603bd249d39.php 第 39 行.
NOTIC: [8] Undefined variable: info D:\wamp\www\work_log\Application\Runtime\Cache\Home\4fcbfa50c39ddd4aea050603bd249d39.php 第 39 行.
NOTIC: [8] Undefined variable: info D:\wamp\www\work_log\Application\Runtime\Cache\Home\4fcbfa50c39ddd4aea050603bd249d39.php 第 39 行.
NOTIC: [8] Undefined variable: info D:\wamp\www\work_log\Application\Runtime\Cache\Home\4fcbfa50c39ddd4aea050603bd249d39.php 第 39 行.
NOTIC: [8] Undefined variable: info D:\wamp\www\work_log\Application\Runtime\Cache\Home\4fcbfa50c39ddd4aea050603bd249d39.php 第 39 行.
NOTIC: [8] Undefined variable: info D:\wamp\www\work_log\Application\Runtime\Cache\Home\4fcbfa50c39ddd4aea050603bd249d39.php 第 39 行.
NOTIC: [8] Undefined variable: info D:\wamp\www\work_log\Application\Runtime\Cache\Home\4fcbfa50c39ddd4aea050603bd249d39.php 第 39 行.
NOTIC: [8] Undefined variable: info D:\wamp\www\work_log\Application\Runtime\Cache\Home\4fcbfa50c39ddd4aea050603bd249d39.php 第 39 行.
NOTIC: [8] Undefined variable: info D:\wamp\www\work_log\Application\Runtime\Cache\Home\4fcbfa50c39ddd4aea050603bd249d39.php 第 39 行.
NOTIC: [8] Undefined variable: info D:\wamp\www\work_log\Application\Runtime\Cache\Home\4fcbfa50c39ddd4aea050603bd249d39.php 第 39 行.
NOTIC: [8] Undefined variable: info D:\wamp\www\work_log\Application\Runtime\Cache\Home\4fcbfa50c39ddd4aea050603bd249d39.php 第 39 行.
NOTIC: [8] Undefined variable: info D:\wamp\www\work_log\Application\Runtime\Cache\Home\4fcbfa50c39ddd4aea050603bd249d39.php 第 39 行.
NOTIC: [8] Undefined variable: info D:\wamp\www\work_log\Application\Runtime\Cache\Home\4fcbfa50c39ddd4aea050603bd249d39.php 第 39 行.
NOTIC: [8] Undefined variable: info D:\wamp\www\work_log\Application\Runtime\Cache\Home\4fcbfa50c39ddd4aea050603bd249d39.php 第 39 行.
NOTIC: [8] Undefined variable: info D:\wamp\www\work_log\Application\Runtime\Cache\Home\4fcbfa50c39ddd4aea050603bd249d39.php 第 39 行.
NOTIC: [8] Undefined variable: info D:\wamp\www\work_log\Application\Runtime\Cache\Home\4fcbfa50c39ddd4aea050603bd249d39.php 第 39 行.
NOTIC: [8] Undefined variable: info D:\wamp\www\work_log\Application\Runtime\Cache\Home\4fcbfa50c39ddd4aea050603bd249d39.php 第 39 行.
NOTIC: [8] Undefined variable: info D:\wamp\www\work_log\Application\Runtime\Cache\Home\4fcbfa50c39ddd4aea050603bd249d39.php 第 39 行.
NOTIC: [8] Undefined variable: info D:\wamp\www\work_log\Application\Runtime\Cache\Home\4fcbfa50c39ddd4aea050603bd249d39.php 第 39 行.
NOTIC: [8] Undefined variable: info D:\wamp\www\work_log\Application\Runtime\Cache\Home\4fcbfa50c39ddd4aea050603bd249d39.php 第 39 行.
NOTIC: [8] Undefined variable: info D:\wamp\www\work_log\Application\Runtime\Cache\Home\4fcbfa50c39ddd4aea050603bd249d39.php 第 39 行.
NOTIC: [8] Undefined variable: info D:\wamp\www\work_log\Application\Runtime\Cache\Home\4fcbfa50c39ddd4aea050603bd249d39.php 第 39 行.
NOTIC: [8] Undefined variable: info D:\wamp\www\work_log\Application\Runtime\Cache\Home\4fcbfa50c39ddd4aea050603bd249d39.php 第 39 行.
NOTIC: [8] Undefined variable: info D:\wamp\www\work_log\Application\Runtime\Cache\Home\4fcbfa50c39ddd4aea050603bd249d39.php 第 48 行.
NOTIC: [8] Undefined variable: info D:\wamp\www\work_log\Application\Runtime\Cache\Home\4fcbfa50c39ddd4aea050603bd249d39.php 第 60 行.
NOTIC: [8] Undefined variable: info D:\wamp\www\work_log\Application\Runtime\Cache\Home\4fcbfa50c39ddd4aea050603bd249d39.php 第 112 行.
NOTIC: [8] Undefined variable: info D:\wamp\www\work_log\Application\Runtime\Cache\Home\4fcbfa50c39ddd4aea050603bd249d39.php 第 118 行.
NOTIC: [8] Undefined variable: setting D:\wamp\www\work_log\Application\Runtime\Cache\Home\4fcbfa50c39ddd4aea050603bd249d39.php 第 154 行.
NOTIC: [8] Undefined variable: info D:\wamp\www\work_log\Application\Runtime\Cache\Home\4fcbfa50c39ddd4aea050603bd249d39.php 第 155 行.
INFO: Run Behavior\ParseTemplateBehavior [ RunTime:0.025002s ]
INFO: [ view_parse ] --END-- [ RunTime:0.025002s ]
INFO: [ view_filter ] --START--
INFO: Run Behavior\WriteHtmlCacheBehavior [ RunTime:0.001000s ]
INFO: [ view_filter ] --END-- [ RunTime:0.001000s ]
INFO: [ app_end ] --START--
INFO: Run Behavior\ShowPageTraceBehavior [ RunTime:0.001000s ]
INFO: [ app_end ] --END-- [ RunTime:0.001000s ]

[ 2016-07-05T16:02:23+08:00 ] 127.0.0.1 /work_log/index.php?m=Home&c=Project&a=Address&style=1
INFO: [ app_init ] --START--
INFO: Run Behavior\BuildLiteBehavior [ RunTime:0.000000s ]
INFO: [ app_init ] --END-- [ RunTime:0.001001s ]
INFO: [ app_begin ] --START--
INFO: Run Behavior\ReadHtmlCacheBehavior [ RunTime:0.001000s ]
INFO: [ app_begin ] --END-- [ RunTime:0.001000s ]
SQL: SHOW COLUMNS FROM `w_address_list` [ RunTime:0.0040s ]
SQL: SELECT * FROM `w_address_list` WHERE `mid` = 1  [ RunTime:0.0000s ]
INFO: [ view_parse ] --START--
INFO: [ template_filter ] --START--
INFO: Run Behavior\ContentReplaceBehavior [ RunTime:0.000000s ]
INFO: [ template_filter ] --END-- [ RunTime:0.000000s ]
NOTIC: [8] Undefined index: token D:\wamp\www\work_log\Application\Runtime\Cache\Home\524d629a807888917f9cfdd00640cd2b.php 第 84 行.
NOTIC: [8] Undefined index: wecha_id D:\wamp\www\work_log\Application\Runtime\Cache\Home\524d629a807888917f9cfdd00640cd2b.php 第 84 行.
INFO: Run Behavior\ParseTemplateBehavior [ RunTime:0.013000s ]
INFO: [ view_parse ] --END-- [ RunTime:0.013000s ]
INFO: [ view_filter ] --START--
INFO: Run Behavior\WriteHtmlCacheBehavior [ RunTime:0.001000s ]
INFO: [ view_filter ] --END-- [ RunTime:0.002001s ]
INFO: [ app_end ] --START--
INFO: Run Behavior\ShowPageTraceBehavior [ RunTime:0.001000s ]
INFO: [ app_end ] --END-- [ RunTime:0.001000s ]

[ 2016-07-05T16:02:23+08:00 ] 127.0.0.1 /work_log/index.php?m=Home&c=Project&a=Address&style=2
INFO: [ app_init ] --START--
INFO: Run Behavior\BuildLiteBehavior [ RunTime:0.000000s ]
INFO: [ app_init ] --END-- [ RunTime:0.000000s ]
INFO: [ app_begin ] --START--
INFO: Run Behavior\ReadHtmlCacheBehavior [ RunTime:0.000000s ]
INFO: [ app_begin ] --END-- [ RunTime:0.000000s ]
SQL: SHOW COLUMNS FROM `w_address_list` [ RunTime:0.0040s ]
SQL: SELECT * FROM `w_address_list` WHERE `mid` = 1  [ RunTime:0.0000s ]
INFO: [ view_parse ] --START--
NOTIC: [2] file_get_contents(./Application/Home/View/Public/footer.html): failed to open stream: No such file or directory D:\wamp\www\work_log\ThinkPHP\Library\Think\Template.class.php 第 696 行.
INFO: [ template_filter ] --START--
INFO: Run Behavior\ContentReplaceBehavior [ RunTime:0.000000s ]
INFO: [ template_filter ] --END-- [ RunTime:0.000000s ]
NOTIC: [8] Undefined variable: token D:\wamp\www\work_log\Application\Runtime\Cache\Home\be8c8992988e031170ef01373175436a.php 第 25 行.
NOTIC: [8] Undefined variable: wecha_id D:\wamp\www\work_log\Application\Runtime\Cache\Home\be8c8992988e031170ef01373175436a.php 第 25 行.
NOTIC: [8] Undefined index: token D:\wamp\www\work_log\Application\Runtime\Cache\Home\be8c8992988e031170ef01373175436a.php 第 29 行.
NOTIC: [8] Undefined index: wecha_id D:\wamp\www\work_log\Application\Runtime\Cache\Home\be8c8992988e031170ef01373175436a.php 第 29 行.
NOTIC: [8] Undefined index: doorplate D:\wamp\www\work_log\Application\Runtime\Cache\Home\be8c8992988e031170ef01373175436a.php 第 40 行.
INFO: Run Behavior\ParseTemplateBehavior [ RunTime:0.011000s ]
INFO: [ view_parse ] --END-- [ RunTime:0.011000s ]
INFO: [ view_filter ] --START--
INFO: Run Behavior\WriteHtmlCacheBehavior [ RunTime:0.001000s ]
INFO: [ view_filter ] --END-- [ RunTime:0.001000s ]
INFO: [ app_end ] --START--
INFO: Run Behavior\ShowPageTraceBehavior [ RunTime:0.001000s ]
INFO: [ app_end ] --END-- [ RunTime:0.001000s ]

[ 2016-07-05T16:02:24+08:00 ] 127.0.0.1 /work_log/index.php?m=Home&c=Project&a=qrcode
INFO: [ app_init ] --START--
INFO: Run Behavior\BuildLiteBehavior [ RunTime:0.000000s ]
INFO: [ app_init ] --END-- [ RunTime:0.001000s ]
INFO: [ app_begin ] --START--
INFO: Run Behavior\ReadHtmlCacheBehavior [ RunTime:0.001001s ]
INFO: [ app_begin ] --END-- [ RunTime:0.002001s ]
INFO: [ app_end ] --START--
INFO: Run Behavior\ShowPageTraceBehavior [ RunTime:0.000000s ]
INFO: [ app_end ] --END-- [ RunTime:0.000000s ]

[ 2016-07-05T16:02:25+08:00 ] 127.0.0.1 /work_log/index.php?m=Home&c=Project&a=addAddress&
INFO: [ app_init ] --START--
INFO: Run Behavior\BuildLiteBehavior [ RunTime:0.000000s ]
INFO: [ app_init ] --END-- [ RunTime:0.015600s ]
INFO: [ app_begin ] --START--
INFO: Run Behavior\ReadHtmlCacheBehavior [ RunTime:0.000000s ]
INFO: [ app_begin ] --END-- [ RunTime:0.000000s ]
SQL: SHOW COLUMNS FROM `w_class_city` [ RunTime:0.0000s ]
SQL: SELECT * FROM `w_class_city` WHERE `depth` < 3  [ RunTime:0.0100s ]
SQL: SHOW COLUMNS FROM `w_address_list` [ RunTime:0.0040s ]
INFO: [ view_parse ] --START--
NOTIC: [2] file_get_contents(./Application/Home/View/Public/footer.html): failed to open stream: No such file or directory D:\wamp\www\work_log\ThinkPHP\Library\Think\Template.class.php 第 696 行.
INFO: [ template_filter ] --START--
INFO: Run Behavior\ContentReplaceBehavior [ RunTime:0.000000s ]
INFO: [ template_filter ] --END-- [ RunTime:0.000000s ]
NOTIC: [8] Undefined variable: token D:\wamp\www\work_log\Application\Runtime\Cache\Home\0a9f12ad4b71970d619984826c5e54ae.php 第 20 行.
NOTIC: [8] Undefined variable: wecha_id D:\wamp\www\work_log\Application\Runtime\Cache\Home\0a9f12ad4b71970d619984826c5e54ae.php 第 20 行.
NOTIC: [8] Undefined variable: info D:\wamp\www\work_log\Application\Runtime\Cache\Home\0a9f12ad4b71970d619984826c5e54ae.php 第 33 行.
NOTIC: [8] Undefined variable: info D:\wamp\www\work_log\Application\Runtime\Cache\Home\0a9f12ad4b71970d619984826c5e54ae.php 第 34 行.
NOTIC: [8] Undefined variable: info D:\wamp\www\work_log\Application\Runtime\Cache\Home\0a9f12ad4b71970d619984826c5e54ae.php 第 35 行.
NOTIC: [8] Undefined variable: info D:\wamp\www\work_log\Application\Runtime\Cache\Home\0a9f12ad4b71970d619984826c5e54ae.php 第 36 行.
NOTIC: [8] Undefined variable: info D:\wamp\www\work_log\Application\Runtime\Cache\Home\0a9f12ad4b71970d619984826c5e54ae.php 第 36 行.
NOTIC: [8] Undefined variable: area D:\wamp\www\work_log\Application\Runtime\Cache\Home\0a9f12ad4b71970d619984826c5e54ae.php 第 43 行.
INFO: Run Behavior\ParseTemplateBehavior [ RunTime:0.012001s ]
INFO: [ view_parse ] --END-- [ RunTime:0.012001s ]
INFO: [ view_filter ] --START--
INFO: Run Behavior\WriteHtmlCacheBehavior [ RunTime:0.000000s ]
INFO: [ view_filter ] --END-- [ RunTime:0.000000s ]
INFO: [ app_end ] --START--
INFO: Run Behavior\ShowPageTraceBehavior [ RunTime:0.001000s ]
INFO: [ app_end ] --END-- [ RunTime:0.001000s ]

