[ 2016-07-11T08:40:08+08:00 ] 127.0.0.1 /work_log/index.php/Home/Index/index
INFO: [ app_init ] --START--
INFO: Run Behavior\BuildLiteBehavior [ RunTime:0.000000s ]
INFO: [ app_init ] --END-- [ RunTime:0.001000s ]
INFO: [ app_begin ] --START--
INFO: Run Behavior\ReadHtmlCacheBehavior [ RunTime:0.001000s ]
INFO: [ app_begin ] --END-- [ RunTime:0.001000s ]
SQL: SHOW COLUMNS FROM `w_logs` [ RunTime:0.0040s ]
SQL: SHOW COLUMNS FROM `w_project_class` [ RunTime:0.0040s ]
SQL: SELECT * FROM `w_logs` WHERE `delete` = 0 ORDER BY finished,create_time desc  [ RunTime:0.0030s ]
SQL: SELECT COUNT(*) AS tp_count FROM `w_logs` WHERE `finished` = 1 AND `delete` = 0 LIMIT 1   [ RunTime:0.0000s ]
SQL: SELECT COUNT(*) AS tp_count FROM `w_logs` WHERE `finished` = 0 AND `delete` = 0 LIMIT 1   [ RunTime:0.0000s ]
SQL: SHOW COLUMNS FROM `w_project_class` [ RunTime:0.0030s ]
SQL: SELECT * FROM `w_project_class` WHERE `delete` = 0  [ RunTime:0.0010s ]
INFO: [ view_parse ] --START--
INFO: [ template_filter ] --START--
INFO: Run Behavior\ContentReplaceBehavior [ RunTime:0.000000s ]
INFO: [ template_filter ] --END-- [ RunTime:0.000000s ]
INFO: Run Behavior\ParseTemplateBehavior [ RunTime:0.018001s ]
INFO: [ view_parse ] --END-- [ RunTime:0.019002s ]
INFO: [ view_filter ] --START--
INFO: Run Behavior\WriteHtmlCacheBehavior [ RunTime:0.001000s ]
INFO: [ view_filter ] --END-- [ RunTime:0.001000s ]
INFO: [ app_end ] --START--
INFO: Run Behavior\ShowPageTraceBehavior [ RunTime:0.001000s ]
INFO: [ app_end ] --END-- [ RunTime:0.001000s ]

[ 2016-07-11T08:40:14+08:00 ] 127.0.0.1 /work_log/index.php/Home/Index/screeningLog?pid=30&type=3
INFO: [ app_init ] --START--
INFO: Run Behavior\BuildLiteBehavior [ RunTime:0.000000s ]
INFO: [ app_init ] --END-- [ RunTime:0.000000s ]
INFO: [ app_begin ] --START--
INFO: Run Behavior\ReadHtmlCacheBehavior [ RunTime:0.001000s ]
INFO: [ app_begin ] --END-- [ RunTime:0.001000s ]
SQL: SHOW COLUMNS FROM `w_logs` [ RunTime:0.0040s ]
SQL: SHOW COLUMNS FROM `w_project_class` [ RunTime:0.0060s ]
SQL: SELECT `name` FROM `w_project_class` WHERE ( id=30 ) LIMIT 1   [ RunTime:0.0040s ]
SQL: SELECT * FROM `w_logs` WHERE `pid` = 30 AND `delete` = 0 ORDER BY finished,create_time desc  [ RunTime:0.0010s ]
NOTIC: [8] Undefined variable: str D:\wamp\www\work_log\Application\Home\Controller\IndexController.class.php 第 168 行.

[ 2016-07-11T08:40:32+08:00 ] 127.0.0.1 /work_log/index.php/Home/Index/getProjectDescribe?pid=30
INFO: [ app_init ] --START--
INFO: Run Behavior\BuildLiteBehavior [ RunTime:0.000000s ]
INFO: [ app_init ] --END-- [ RunTime:0.001000s ]
INFO: [ app_begin ] --START--
INFO: Run Behavior\ReadHtmlCacheBehavior [ RunTime:0.002001s ]
INFO: [ app_begin ] --END-- [ RunTime:0.002001s ]
SQL: SHOW COLUMNS FROM `w_logs` [ RunTime:0.0030s ]
SQL: SHOW COLUMNS FROM `w_project_class` [ RunTime:0.0030s ]
SQL: SHOW COLUMNS FROM `w_project_describe` [ RunTime:0.0040s ]
SQL: SELECT * FROM `w_project_describe` WHERE `pid` = 30 LIMIT 1   [ RunTime:0.0010s ]

[ 2016-07-11T08:40:37+08:00 ] 127.0.0.1 /work_log/index.php/Home/Index/editProjectDescribe?pid=30&content=distribution_level(%E7%AD%89%E7%BA%A7%E5%88%97%E8%A1%A8)%0Adistribution_level_orders(%E5%8D%87%E7%BA%A7%E8%AE%A2%E5%8D%95)%0Adistribution_earning(%E9%87%91%E5%B8%81%E4%BD%BF%E7%94%A8%E5%88%97%E8%A1%A8)%0A%E7%B3%BB%E7%BB%9F%E6%8F%8F%E8%BF%B0%EF%BC%9A%0A%E8%87%AA%E8%A1%8C%E8%BF%9B%E5%85%A5%E7%9A%84%E6%B8%B8%E5%AE%A2%E5%8D%87%E7%BA%A7%E4%B9%8B%E5%90%8E%E9%9A%8F%E6%9C%BA%E5%88%86%E9%85%8D%E7%BB%99%E5%85%AC%E5%8F%B8%E6%88%96%E8%80%85%E6%80%BB%E4%BB%A3%E7%90%86%2C%E6%AD%A4%E6%97%B6%E7%94%9F%E6%88%90%E4%B8%80%E6%9D%A1level_orders%E5%92%8C%E4%B8%A4%E6%9D%A1earning+%2C%E5%85%85%E5%80%BC%E8%80%85%E5%8A%A0%E9%87%91%E5%B8%81%EF%BC%8C%E4%B8%8A%E7%BA%A7%E5%87%8F%E9%87%91%E5%B8%81%E5%8A%A0%E7%8E%B0%E9%87%91%0A%E5%8F%AA%E6%9C%89%E4%B8%80%E6%AC%A1%E5%8D%87%E7%BA%A7%E6%9C%BA%E4%BC%9A%0A%E5%85%85%E5%80%BC%E8%87%AA%E8%A1%8C%E5%A1%AB%E5%86%99%E5%85%85%E5%80%BC%E9%87%91%E9%A2%9D%EF%BC%8C%E4%B8%8D%E8%83%BD%E5%B0%91%E4%BA%8E%E6%9C%AC%E7%9C%81%E4%BC%9A%E5%91%98%E7%AD%89%E7%BA%A7%E9%87%91%E9%A2%9D%E7%9A%8425%25%0A%E8%B4%AD%E7%89%A9%E6%B5%81%E7%A8%8B%EF%BC%9A%0A%E6%B8%B8%E5%AE%A2%E8%B4%AD%E5%85%83%E8%B4%A7-%E3%80%8B%E6%8F%90%E4%BA%A4%E4%B8%8A%E7%BA%A7%EF%BC%8C%E6%B2%A1%E8%B4%A7%EF%BC%8C%E5%87%8F40%E9%87%91%E5%B8%81%E5%8A%A050%E4%BD%99%E9%A2%9D%EF%BC%8C-%E3%80%8B%E6%8F%90%E4%BA%A4%E4%B8%8A%E7%BA%A7-%E3%80%8B%E4%B8%8A%E7%BA%A7%E5%8A%A040%E4%BD%99%E9%A2%9D%EF%BC%8C%E5%8F%91%E8%B4%A7%0A%E5%95%86%E5%93%81%E9%9C%80%E8%A6%81%E8%AE%BE%E8%AE%A1%E9%92%88%E5%AF%B97%E4%B8%AA%E7%BA%A7%E5%88%AB%EF%BC%8C%E8%AE%BE%E7%BD%AE7%E4%B8%AA%E4%BB%B7%E6%A0%BC
INFO: [ app_init ] --START--
INFO: Run Behavior\BuildLiteBehavior [ RunTime:0.000000s ]
INFO: [ app_init ] --END-- [ RunTime:0.000000s ]
INFO: [ app_begin ] --START--
INFO: Run Behavior\ReadHtmlCacheBehavior [ RunTime:0.000000s ]
INFO: [ app_begin ] --END-- [ RunTime:0.000000s ]
SQL: SHOW COLUMNS FROM `w_logs` [ RunTime:0.0040s ]
SQL: SHOW COLUMNS FROM `w_project_class` [ RunTime:0.0000s ]
SQL: SHOW COLUMNS FROM `w_project_describe` [ RunTime:0.0000s ]
SQL: SELECT * FROM `w_project_describe` WHERE `pid` = 30 LIMIT 1   [ RunTime:0.0000s ]
SQL: UPDATE `w_project_describe` SET `content`='distribution_level(等级列表)
distribution_level_orders(升级订单)
distribution_earning(金币使用列表)
系统描述：
自行进入的游客升级之后随机分配给公司或者总代理,此时生成一条level_orders和两条earning ,充值者加金币，上级减金币加现金
只有一次升级机会
充值自行填写充值金额，不能少于本省会员等级金额的25%
购物流程：
游客购元货-》提交上级，没货，减40金币加50余额，-》提交上级-》上级加40余额，发货
商品需要设计针对7个级别，设置7个价格' WHERE `pid` = 30 [ RunTime:0.0000s ]
SQL: SELECT * FROM `w_project_describe` WHERE `pid` = 30 LIMIT 1   [ RunTime:0.0000s ]

[ 2016-07-11T08:41:08+08:00 ] 127.0.0.1 /work_log/index.php/Home/Index/editProjectDescribe?pid=30&content=distribution_level(%E7%AD%89%E7%BA%A7%E5%88%97%E8%A1%A8)%0Adistribution_level_orders(%E5%8D%87%E7%BA%A7%E8%AE%A2%E5%8D%95)%0Adistribution_earning(%E9%87%91%E5%B8%81%E4%BD%BF%E7%94%A8%E5%88%97%E8%A1%A8)%0A%E7%B3%BB%E7%BB%9F%E6%8F%8F%E8%BF%B0%EF%BC%9A%0A%E8%87%AA%E8%A1%8C%E8%BF%9B%E5%85%A5%E7%9A%84%E6%B8%B8%E5%AE%A2%E5%8D%87%E7%BA%A7%E4%B9%8B%E5%90%8E%E9%9A%8F%E6%9C%BA%E5%88%86%E9%85%8D%E7%BB%99%E5%85%AC%E5%8F%B8%E6%88%96%E8%80%85%E6%80%BB%E4%BB%A3%E7%90%86%2C%E6%AD%A4%E6%97%B6%E7%94%9F%E6%88%90%E4%B8%80%E6%9D%A1level_orders%E5%92%8C%E4%B8%A4%E6%9D%A1earning+%2C%E5%85%85%E5%80%BC%E8%80%85%E5%8A%A0%E9%87%91%E5%B8%81%EF%BC%8C%E4%B8%8A%E7%BA%A7%E5%87%8F%E9%87%91%E5%B8%81%E5%8A%A0%E7%8E%B0%E9%87%91%0A%E5%8F%AA%E6%9C%89%E4%B8%80%E6%AC%A1%E5%8D%87%E7%BA%A7%E6%9C%BA%E4%BC%9A%0A%E5%85%85%E5%80%BC%E8%87%AA%E8%A1%8C%E5%A1%AB%E5%86%99%E5%85%85%E5%80%BC%E9%87%91%E9%A2%9D%EF%BC%8C%E4%B8%8D%E8%83%BD%E5%B0%91%E4%BA%8E%E6%9C%AC%E7%9C%81%E4%BC%9A%E5%91%98%E7%AD%89%E7%BA%A7%E9%87%91%E9%A2%9D%E7%9A%8425%25%0A%E8%B4%AD%E7%89%A9%E6%B5%81%E7%A8%8B%EF%BC%9A%0A%E6%B8%B8%E5%AE%A2%E8%B4%AD%E5%85%83%E8%B4%A7-%E3%80%8B%E6%8F%90%E4%BA%A4%E4%B8%8A%E7%BA%A7%EF%BC%8C%E6%B2%A1%E8%B4%A7%EF%BC%8C%E5%87%8F40%E9%87%91%E5%B8%81%E5%8A%A050%E4%BD%99%E9%A2%9D%EF%BC%8C-%E3%80%8B%E6%8F%90%E4%BA%A4%E4%B8%8A%E7%BA%A7-%E3%80%8B%E4%B8%8A%E7%BA%A7%E5%8A%A040%E4%BD%99%E9%A2%9D%EF%BC%8C%E5%8F%91%E8%B4%A7%0A%E5%95%86%E5%93%81%E9%9C%80%E8%A6%81%E8%AE%BE%E8%AE%A1%E9%92%88%E5%AF%B97%E4%B8%AA%E7%BA%A7%E5%88%AB%EF%BC%8C%E8%AE%BE%E7%BD%AE7%E4%B8%AA%E4%BB%B7%E6%A0%BC%0A%E5%9C%A8%E8%AE%A2%E5%8D%95%E5%88%97%E8%A1%A8%E4%B8%AD%E8%AE%BE%E7%BD%AEBINDMIND%EF%BC%88%E6%8F%90%E4%BA%A4%E5%AF%B9%E8%B1%A1ID%EF%BC%89%EF%BC%8C%E5%8F%AF%E9%87%8D%E7%BD%AE
INFO: [ app_init ] --START--
INFO: Run Behavior\BuildLiteBehavior [ RunTime:0.000000s ]
INFO: [ app_init ] --END-- [ RunTime:0.000000s ]
INFO: [ app_begin ] --START--
INFO: Run Behavior\ReadHtmlCacheBehavior [ RunTime:0.001000s ]
INFO: [ app_begin ] --END-- [ RunTime:0.001000s ]
SQL: SHOW COLUMNS FROM `w_logs` [ RunTime:0.0010s ]
SQL: SHOW COLUMNS FROM `w_project_class` [ RunTime:0.0000s ]
SQL: SHOW COLUMNS FROM `w_project_describe` [ RunTime:0.0000s ]
SQL: SELECT * FROM `w_project_describe` WHERE `pid` = 30 LIMIT 1   [ RunTime:0.0000s ]
SQL: UPDATE `w_project_describe` SET `content`='distribution_level(等级列表)
distribution_level_orders(升级订单)
distribution_earning(金币使用列表)
系统描述：
自行进入的游客升级之后随机分配给公司或者总代理,此时生成一条level_orders和两条earning ,充值者加金币，上级减金币加现金
只有一次升级机会
充值自行填写充值金额，不能少于本省会员等级金额的25%
购物流程：
游客购元货-》提交上级，没货，减40金币加50余额，-》提交上级-》上级加40余额，发货
商品需要设计针对7个级别，设置7个价格
在订单列表中设置BINDMIND（提交对象ID），可重置' WHERE `pid` = 30 [ RunTime:0.0000s ]
SQL: SELECT * FROM `w_project_describe` WHERE `pid` = 30 LIMIT 1   [ RunTime:0.0000s ]

[ 2016-07-11T11:06:40+08:00 ] 127.0.0.1 /work_log/index.php/Home/Index/getProjectDescribe?pid=30
INFO: [ app_init ] --START--
INFO: Run Behavior\BuildLiteBehavior [ RunTime:0.000000s ]
INFO: [ app_init ] --END-- [ RunTime:0.001000s ]
INFO: [ app_begin ] --START--
INFO: Run Behavior\ReadHtmlCacheBehavior [ RunTime:0.001000s ]
INFO: [ app_begin ] --END-- [ RunTime:0.002000s ]
SQL: SHOW COLUMNS FROM `w_logs` [ RunTime:0.0040s ]
SQL: SHOW COLUMNS FROM `w_project_class` [ RunTime:0.0030s ]
SQL: SHOW COLUMNS FROM `w_project_describe` [ RunTime:0.0040s ]
SQL: SELECT * FROM `w_project_describe` WHERE `pid` = 30 LIMIT 1   [ RunTime:0.0010s ]

[ 2016-07-11T11:08:21+08:00 ] 127.0.0.1 /work_log/index.php/Home/Index/addlogs?content=%E6%9F%92%E5%BD%A9%E7%BB%98%E6%B2%A1%E6%9C%89%E8%B4%A7%E6%8F%90%E4%BA%A4%E6%93%8D%E4%BD%9C&difficulty=1&type=1
INFO: [ app_init ] --START--
INFO: Run Behavior\BuildLiteBehavior [ RunTime:0.000000s ]
INFO: [ app_init ] --END-- [ RunTime:0.001000s ]
INFO: [ app_begin ] --START--
INFO: Run Behavior\ReadHtmlCacheBehavior [ RunTime:0.000000s ]
INFO: [ app_begin ] --END-- [ RunTime:0.001000s ]
SQL: SHOW COLUMNS FROM `w_logs` [ RunTime:0.0040s ]
SQL: SHOW COLUMNS FROM `w_project_class` [ RunTime:0.0040s ]
SQL: SELECT * FROM `w_logs` WHERE `content` LIKE '柒彩%' AND `delete` = 0 LIMIT 1   [ RunTime:0.0010s ]
SQL: SELECT * FROM `w_project_class` WHERE `delete` = 0 AND `name` LIKE '%柒彩%' LIMIT 1   [ RunTime:0.0010s ]
NOTIC: [8] Undefined index: validate D:\wamp\www\work_log\ThinkPHP\Library\Think\Model.class.php 第 1185 行.
NOTIC: [8] Undefined index: auto D:\wamp\www\work_log\ThinkPHP\Library\Think\Model.class.php 第 1128 行.
SQL: INSERT INTO `w_logs` (`content`,`difficulty`,`type`,`create_time`,`year`,`month`,`day`) VALUES ('柒彩绘没有货提交操作','1','1','1468206501','2016','7','11') [ RunTime:0.0000s ]
SQL: SELECT * FROM `w_logs` WHERE ( id=333 ) LIMIT 1   [ RunTime:0.0000s ]
SQL: SELECT * FROM `w_project_class` WHERE `name` LIKE '%柒彩%' AND `delete` = 0 LIMIT 1   [ RunTime:0.0010s ]
SQL: SELECT `name` FROM `w_project_class` WHERE ( id=30 ) LIMIT 1   [ RunTime:0.0000s ]
SQL: UPDATE `w_logs` SET `pid`='30' WHERE ( id=333 ) [ RunTime:0.0010s ]
SQL: UPDATE `w_project_class` SET `nums`=nums+1 WHERE ( id=30 ) [ RunTime:0.0000s ]
SQL: SELECT * FROM `w_logs` WHERE ( id=333 )  [ RunTime:0.0010s ]
NOTIC: [8] Undefined variable: str D:\wamp\www\work_log\Application\Home\Controller\IndexController.class.php 第 168 行.

[ 2016-07-11T11:08:30+08:00 ] 127.0.0.1 /work_log/index.php/Home/Index/finishLog?id=333
INFO: [ app_init ] --START--
INFO: Run Behavior\BuildLiteBehavior [ RunTime:0.000000s ]
INFO: [ app_init ] --END-- [ RunTime:0.002000s ]
INFO: [ app_begin ] --START--
INFO: Run Behavior\ReadHtmlCacheBehavior [ RunTime:0.001000s ]
INFO: [ app_begin ] --END-- [ RunTime:0.002000s ]
SQL: SHOW COLUMNS FROM `w_logs` [ RunTime:0.0040s ]
SQL: SHOW COLUMNS FROM `w_project_class` [ RunTime:0.0040s ]
SQL: SELECT * FROM `w_logs` WHERE ( id=333 ) LIMIT 1   [ RunTime:0.0010s ]
SQL: UPDATE `w_logs` SET `finished`='1',`finish_time`='1468206510' WHERE ( id=333 ) [ RunTime:0.0010s ]

[ 2016-07-11T11:08:31+08:00 ] 127.0.0.1 /work_log/index.php/Home/Index/finishLog?id=331
INFO: [ app_init ] --START--
INFO: Run Behavior\BuildLiteBehavior [ RunTime:0.000000s ]
INFO: [ app_init ] --END-- [ RunTime:0.001000s ]
INFO: [ app_begin ] --START--
INFO: Run Behavior\ReadHtmlCacheBehavior [ RunTime:0.001000s ]
INFO: [ app_begin ] --END-- [ RunTime:0.001000s ]
SQL: SHOW COLUMNS FROM `w_logs` [ RunTime:0.0050s ]
SQL: SHOW COLUMNS FROM `w_project_class` [ RunTime:0.0040s ]
SQL: SELECT * FROM `w_logs` WHERE ( id=331 ) LIMIT 1   [ RunTime:0.0020s ]
SQL: UPDATE `w_logs` SET `finished`='1',`finish_time`='1468206511' WHERE ( id=331 ) [ RunTime:0.0010s ]

[ 2016-07-11T11:08:32+08:00 ] 127.0.0.1 /work_log/index.php/Home/Index/editlogs?con=%E6%9F%92%E5%BD%A9%E6%B1%87%E8%B4%AD%E7%89%A9%E6%93%8D%E4%BD%9C&id=331
INFO: [ app_init ] --START--
INFO: Run Behavior\BuildLiteBehavior [ RunTime:0.000000s ]
INFO: [ app_init ] --END-- [ RunTime:0.001000s ]
INFO: [ app_begin ] --START--
INFO: Run Behavior\ReadHtmlCacheBehavior [ RunTime:0.001000s ]
INFO: [ app_begin ] --END-- [ RunTime:0.002000s ]
SQL: SHOW COLUMNS FROM `w_logs` [ RunTime:0.0040s ]
SQL: SHOW COLUMNS FROM `w_project_class` [ RunTime:0.0030s ]
SQL: SELECT * FROM `w_logs` WHERE ( id=331 ) LIMIT 1   [ RunTime:0.0000s ]
SQL: UPDATE `w_logs` SET `content`='柒彩汇购物操作' WHERE ( id=331 ) [ RunTime:0.0000s ]
INFO: [ app_end ] --START--
INFO: Run Behavior\ShowPageTraceBehavior [ RunTime:0.006000s ]
INFO: [ app_end ] --END-- [ RunTime:0.007000s ]

[ 2016-07-11T11:08:36+08:00 ] 127.0.0.1 /work_log/index.php/Home/Index/finishLog?id=326
INFO: [ app_init ] --START--
INFO: Run Behavior\BuildLiteBehavior [ RunTime:0.000000s ]
INFO: [ app_init ] --END-- [ RunTime:0.001000s ]
INFO: [ app_begin ] --START--
INFO: Run Behavior\ReadHtmlCacheBehavior [ RunTime:0.001000s ]
INFO: [ app_begin ] --END-- [ RunTime:0.002000s ]
SQL: SHOW COLUMNS FROM `w_logs` [ RunTime:0.0040s ]
SQL: SHOW COLUMNS FROM `w_project_class` [ RunTime:0.0050s ]
SQL: SELECT * FROM `w_logs` WHERE ( id=326 ) LIMIT 1   [ RunTime:0.0010s ]
SQL: UPDATE `w_logs` SET `finished`='1',`finish_time`='1468206516' WHERE ( id=326 ) [ RunTime:0.0010s ]

[ 2016-07-11T11:44:35+08:00 ] 127.0.0.1 /work_log/index.php/Home/Index/addlogs?content=%E6%9F%92%E5%BD%A9%E6%B1%87%E5%89%8D%E5%8F%B0%E5%8F%91%E8%B4%A7%E6%93%8D%E4%BD%9C&difficulty=1&type=1
INFO: [ app_init ] --START--
INFO: Run Behavior\BuildLiteBehavior [ RunTime:0.000000s ]
INFO: [ app_init ] --END-- [ RunTime:0.001000s ]
INFO: [ app_begin ] --START--
INFO: Run Behavior\ReadHtmlCacheBehavior [ RunTime:0.003000s ]
INFO: [ app_begin ] --END-- [ RunTime:0.003000s ]
SQL: SHOW COLUMNS FROM `w_logs` [ RunTime:0.0070s ]
SQL: SHOW COLUMNS FROM `w_project_class` [ RunTime:0.0060s ]
SQL: SELECT * FROM `w_logs` WHERE `content` LIKE '柒彩%' AND `delete` = 0 LIMIT 1   [ RunTime:0.0000s ]
SQL: SELECT * FROM `w_project_class` WHERE `delete` = 0 AND `name` LIKE '%柒彩%' LIMIT 1   [ RunTime:0.0000s ]
NOTIC: [8] Undefined index: validate D:\wamp\www\work_log\ThinkPHP\Library\Think\Model.class.php 第 1185 行.
NOTIC: [8] Undefined index: auto D:\wamp\www\work_log\ThinkPHP\Library\Think\Model.class.php 第 1128 行.
SQL: INSERT INTO `w_logs` (`content`,`difficulty`,`type`,`create_time`,`year`,`month`,`day`) VALUES ('柒彩汇前台发货操作','1','1','1468208675','2016','7','11') [ RunTime:0.0010s ]
SQL: SELECT * FROM `w_logs` WHERE ( id=334 ) LIMIT 1   [ RunTime:0.0010s ]
SQL: SELECT * FROM `w_project_class` WHERE `name` LIKE '%柒彩%' AND `delete` = 0 LIMIT 1   [ RunTime:0.0000s ]
SQL: SELECT `name` FROM `w_project_class` WHERE ( id=30 ) LIMIT 1   [ RunTime:0.0010s ]
SQL: UPDATE `w_logs` SET `pid`='30' WHERE ( id=334 ) [ RunTime:0.0000s ]
SQL: UPDATE `w_project_class` SET `nums`=nums+1 WHERE ( id=30 ) [ RunTime:0.0000s ]
SQL: SELECT * FROM `w_logs` WHERE ( id=334 )  [ RunTime:0.0000s ]
NOTIC: [8] Undefined variable: str D:\wamp\www\work_log\Application\Home\Controller\IndexController.class.php 第 168 行.

[ 2016-07-11T11:44:37+08:00 ] 127.0.0.1 /work_log/index.php/Home/Index/editlogs?con=%E6%9F%92%E5%BD%A9%E6%B1%87%E5%89%8D%E5%8F%B0%E5%8F%91%E8%B4%A7%E6%93%8D%E4%BD%9C&id=334
INFO: [ app_init ] --START--
INFO: Run Behavior\BuildLiteBehavior [ RunTime:0.000000s ]
INFO: [ app_init ] --END-- [ RunTime:0.000000s ]
INFO: [ app_begin ] --START--
INFO: Run Behavior\ReadHtmlCacheBehavior [ RunTime:0.001000s ]
INFO: [ app_begin ] --END-- [ RunTime:0.001000s ]
SQL: SHOW COLUMNS FROM `w_logs` [ RunTime:0.0040s ]
SQL: SHOW COLUMNS FROM `w_project_class` [ RunTime:0.0040s ]
SQL: SELECT * FROM `w_logs` WHERE ( id=334 ) LIMIT 1   [ RunTime:0.0010s ]
SQL: UPDATE `w_logs` SET `content`='柒彩汇前台发货操作' WHERE ( id=334 ) [ RunTime:0.0000s ]
INFO: [ app_end ] --START--
INFO: Run Behavior\ShowPageTraceBehavior [ RunTime:0.006000s ]
INFO: [ app_end ] --END-- [ RunTime:0.006000s ]

[ 2016-07-11T11:44:38+08:00 ] 127.0.0.1 /work_log/index.php/Home/Index/editlogs?con=%E6%9F%92%E5%BD%A9%E6%B1%87%E5%89%8D%E5%8F%B0%E5%8F%91%E8%B4%A7%E6%93%8D%E4%BD%9C&id=334
INFO: [ app_init ] --START--
INFO: Run Behavior\BuildLiteBehavior [ RunTime:0.000000s ]
INFO: [ app_init ] --END-- [ RunTime:0.001000s ]
INFO: [ app_begin ] --START--
INFO: Run Behavior\ReadHtmlCacheBehavior [ RunTime:0.001000s ]
INFO: [ app_begin ] --END-- [ RunTime:0.001000s ]
SQL: SHOW COLUMNS FROM `w_logs` [ RunTime:0.0040s ]
SQL: SHOW COLUMNS FROM `w_project_class` [ RunTime:0.0030s ]
SQL: SELECT * FROM `w_logs` WHERE ( id=334 ) LIMIT 1   [ RunTime:0.0000s ]
SQL: UPDATE `w_logs` SET `content`='柒彩汇前台发货操作' WHERE ( id=334 ) [ RunTime:0.0000s ]
INFO: [ app_end ] --START--
INFO: Run Behavior\ShowPageTraceBehavior [ RunTime:0.001000s ]
INFO: [ app_end ] --END-- [ RunTime:0.001000s ]

[ 2016-07-11T11:44:40+08:00 ] 127.0.0.1 /work_log/index.php/Home/Index/finishLog?id=334
INFO: [ app_init ] --START--
INFO: Run Behavior\BuildLiteBehavior [ RunTime:0.000000s ]
INFO: [ app_init ] --END-- [ RunTime:0.001000s ]
INFO: [ app_begin ] --START--
INFO: Run Behavior\ReadHtmlCacheBehavior [ RunTime:0.001000s ]
INFO: [ app_begin ] --END-- [ RunTime:0.002000s ]
SQL: SHOW COLUMNS FROM `w_logs` [ RunTime:0.0050s ]
SQL: SHOW COLUMNS FROM `w_project_class` [ RunTime:0.0040s ]
SQL: SELECT * FROM `w_logs` WHERE ( id=334 ) LIMIT 1   [ RunTime:0.0010s ]
SQL: UPDATE `w_logs` SET `finished`='1',`finish_time`='1468208680' WHERE ( id=334 ) [ RunTime:0.0010s ]

[ 2016-07-11T11:44:40+08:00 ] 127.0.0.1 /work_log/index.php/Home/Index/editlogs?con=%E6%9F%92%E5%BD%A9%E6%B1%87%E5%89%8D%E5%8F%B0%E5%8F%91%E8%B4%A7%E6%93%8D%E4%BD%9C&id=334
INFO: [ app_init ] --START--
INFO: Run Behavior\BuildLiteBehavior [ RunTime:0.000000s ]
INFO: [ app_init ] --END-- [ RunTime:0.001000s ]
INFO: [ app_begin ] --START--
INFO: Run Behavior\ReadHtmlCacheBehavior [ RunTime:0.001000s ]
INFO: [ app_begin ] --END-- [ RunTime:0.001000s ]
SQL: SHOW COLUMNS FROM `w_logs` [ RunTime:0.0030s ]
SQL: SHOW COLUMNS FROM `w_project_class` [ RunTime:0.0040s ]
SQL: SELECT * FROM `w_logs` WHERE ( id=334 ) LIMIT 1   [ RunTime:0.0000s ]
SQL: UPDATE `w_logs` SET `content`='柒彩汇前台发货操作' WHERE ( id=334 ) [ RunTime:0.0000s ]
INFO: [ app_end ] --START--
INFO: Run Behavior\ShowPageTraceBehavior [ RunTime:0.001000s ]
INFO: [ app_end ] --END-- [ RunTime:0.001000s ]

[ 2016-07-11T14:21:35+08:00 ] 127.0.0.1 /work_log/index.php/Home/Index/addlogs?content=%E6%9F%92%E5%BD%A9%E6%B1%87%E7%BB%9F%E8%AE%A1%E5%9B%A2%E9%98%9F%E6%95%B0%E9%87%8F&difficulty=1&type=1
INFO: [ app_init ] --START--
INFO: Run Behavior\BuildLiteBehavior [ RunTime:0.000000s ]
INFO: [ app_init ] --END-- [ RunTime:0.000000s ]
INFO: [ app_begin ] --START--
INFO: Run Behavior\ReadHtmlCacheBehavior [ RunTime:0.001000s ]
INFO: [ app_begin ] --END-- [ RunTime:0.001000s ]
SQL: SHOW COLUMNS FROM `w_logs` [ RunTime:0.0040s ]
SQL: SHOW COLUMNS FROM `w_project_class` [ RunTime:0.0040s ]
SQL: SELECT * FROM `w_logs` WHERE `content` LIKE '柒彩%' AND `delete` = 0 LIMIT 1   [ RunTime:0.0010s ]
SQL: SELECT * FROM `w_project_class` WHERE `delete` = 0 AND `name` LIKE '%柒彩%' LIMIT 1   [ RunTime:0.0010s ]
NOTIC: [8] Undefined index: validate D:\wamp\www\work_log\ThinkPHP\Library\Think\Model.class.php 第 1185 行.
NOTIC: [8] Undefined index: auto D:\wamp\www\work_log\ThinkPHP\Library\Think\Model.class.php 第 1128 行.
SQL: INSERT INTO `w_logs` (`content`,`difficulty`,`type`,`create_time`,`year`,`month`,`day`) VALUES ('柒彩汇统计团队数量','1','1','1468218095','2016','7','11') [ RunTime:0.0020s ]
SQL: SELECT * FROM `w_logs` WHERE ( id=335 ) LIMIT 1   [ RunTime:0.0000s ]
SQL: SELECT * FROM `w_project_class` WHERE `name` LIKE '%柒彩%' AND `delete` = 0 LIMIT 1   [ RunTime:0.0000s ]
SQL: SELECT `name` FROM `w_project_class` WHERE ( id=30 ) LIMIT 1   [ RunTime:0.0000s ]
SQL: UPDATE `w_logs` SET `pid`='30' WHERE ( id=335 ) [ RunTime:0.0000s ]
SQL: UPDATE `w_project_class` SET `nums`=nums+1 WHERE ( id=30 ) [ RunTime:0.0010s ]
SQL: SELECT * FROM `w_logs` WHERE ( id=335 )  [ RunTime:0.0000s ]
NOTIC: [8] Undefined variable: str D:\wamp\www\work_log\Application\Home\Controller\IndexController.class.php 第 168 行.

[ 2016-07-11T17:10:54+08:00 ] 127.0.0.1 /work_log/index.php/Home/Index/getProjectDescribe?pid=30
INFO: [ app_init ] --START--
INFO: Run Behavior\BuildLiteBehavior [ RunTime:0.001000s ]
INFO: [ app_init ] --END-- [ RunTime:0.002000s ]
INFO: [ app_begin ] --START--
INFO: Run Behavior\ReadHtmlCacheBehavior [ RunTime:0.001000s ]
INFO: [ app_begin ] --END-- [ RunTime:0.002000s ]
SQL: SHOW COLUMNS FROM `w_logs` [ RunTime:0.0030s ]
SQL: SHOW COLUMNS FROM `w_project_class` [ RunTime:0.0040s ]
SQL: SHOW COLUMNS FROM `w_project_describe` [ RunTime:0.0040s ]
SQL: SELECT * FROM `w_project_describe` WHERE `pid` = 30 LIMIT 1   [ RunTime:0.0010s ]

[ 2016-07-11T17:11:37+08:00 ] 127.0.0.1 /work_log/index.php/Home/Index/editProjectDescribe?pid=30&content=distribution_level(%E7%AD%89%E7%BA%A7%E5%88%97%E8%A1%A8)%0Adistribution_level_orders(%E5%8D%87%E7%BA%A7%E8%AE%A2%E5%8D%95)%0Adistribution_earning(%E9%87%91%E5%B8%81%E4%BD%BF%E7%94%A8%E5%88%97%E8%A1%A8)%0A%E7%B3%BB%E7%BB%9F%E6%8F%8F%E8%BF%B0%EF%BC%9A%0A%E8%87%AA%E8%A1%8C%E8%BF%9B%E5%85%A5%E7%9A%84%E6%B8%B8%E5%AE%A2%E5%8D%87%E7%BA%A7%E4%B9%8B%E5%90%8E%E9%9A%8F%E6%9C%BA%E5%88%86%E9%85%8D%E7%BB%99%E5%85%AC%E5%8F%B8%E6%88%96%E8%80%85%E6%80%BB%E4%BB%A3%E7%90%86%2C%E6%AD%A4%E6%97%B6%E7%94%9F%E6%88%90%E4%B8%80%E6%9D%A1level_orders%E5%92%8C%E4%B8%A4%E6%9D%A1earning+%2C%E5%85%85%E5%80%BC%E8%80%85%E5%8A%A0%E9%87%91%E5%B8%81%EF%BC%8C%E4%B8%8A%E7%BA%A7%E5%87%8F%E9%87%91%E5%B8%81%E5%8A%A0%E7%8E%B0%E9%87%91%0A%E5%85%85%E5%80%BC%E8%87%AA%E8%A1%8C%E5%A1%AB%E5%86%99%E5%85%85%E5%80%BC%E9%87%91%E9%A2%9D%EF%BC%8CCEO%E5%92%8C%E5%A4%A7%E5%8C%BA%E4%B8%8D%E8%83%BD%E5%B0%91%E4%BA%8E%E6%9C%AC%E7%9C%81%E4%BC%9A%E5%91%98%E7%AD%89%E7%BA%A7%E9%87%91%E9%A2%9D%E7%9A%8415%25%E5%92%8C25%25%0A%E8%B4%AD%E7%89%A9%E6%B5%81%E7%A8%8B%EF%BC%9A%0A%E6%B8%B8%E5%AE%A2%E8%B4%AD%E5%85%83%E8%B4%A7-%E3%80%8B%E6%8F%90%E4%BA%A4%E4%B8%8A%E7%BA%A7%EF%BC%8C%E6%B2%A1%E8%B4%A7%EF%BC%8C%E5%87%8F40%E9%87%91%E5%B8%81%E5%8A%A050%E4%BD%99%E9%A2%9D%EF%BC%8C-%E3%80%8B%E6%8F%90%E4%BA%A4%E4%B8%8A%E7%BA%A7-%E3%80%8B%E4%B8%8A%E7%BA%A7%E5%8A%A040%E4%BD%99%E9%A2%9D%EF%BC%8C%E5%8F%91%E8%B4%A7%0A%E5%95%86%E5%93%81%E9%9C%80%E8%A6%81%E8%AE%BE%E8%AE%A1%E9%92%88%E5%AF%B97%E4%B8%AA%E7%BA%A7%E5%88%AB%EF%BC%8C%E8%AE%BE%E7%BD%AE7%E4%B8%AA%E4%BB%B7%E6%A0%BC%0A%E5%9C%A8%E8%AE%A2%E5%8D%95%E5%88%97%E8%A1%A8%E4%B8%AD%E8%AE%BE%E7%BD%AEBINDMIND%EF%BC%88%E6%8F%90%E4%BA%A4%E5%AF%B9%E8%B1%A1ID%EF%BC%89%EF%BC%8C%E5%8F%AF%E9%87%8D%E7%BD%AE
INFO: [ app_init ] --START--
INFO: Run Behavior\BuildLiteBehavior [ RunTime:0.000000s ]
INFO: [ app_init ] --END-- [ RunTime:0.000000s ]
INFO: [ app_begin ] --START--
INFO: Run Behavior\ReadHtmlCacheBehavior [ RunTime:0.001001s ]
INFO: [ app_begin ] --END-- [ RunTime:0.001001s ]
SQL: SHOW COLUMNS FROM `w_logs` [ RunTime:0.0030s ]
SQL: SHOW COLUMNS FROM `w_project_class` [ RunTime:0.0030s ]
SQL: SHOW COLUMNS FROM `w_project_describe` [ RunTime:0.0030s ]
SQL: SELECT * FROM `w_project_describe` WHERE `pid` = 30 LIMIT 1   [ RunTime:0.0000s ]
SQL: UPDATE `w_project_describe` SET `content`='distribution_level(等级列表)
distribution_level_orders(升级订单)
distribution_earning(金币使用列表)
系统描述：
自行进入的游客升级之后随机分配给公司或者总代理,此时生成一条level_orders和两条earning ,充值者加金币，上级减金币加现金
充值自行填写充值金额，CEO和大区不能少于本省会员等级金额的15%和25%
购物流程：
游客购元货-》提交上级，没货，减40金币加50余额，-》提交上级-》上级加40余额，发货
商品需要设计针对7个级别，设置7个价格
在订单列表中设置BINDMIND（提交对象ID），可重置' WHERE `pid` = 30 [ RunTime:0.0010s ]
SQL: SELECT * FROM `w_project_describe` WHERE `pid` = 30 LIMIT 1   [ RunTime:0.0000s ]

[ 2016-07-11T17:11:46+08:00 ] 127.0.0.1 /work_log/index.php/Home/Index/editProjectDescribe?pid=30&content=distribution_level(%E7%AD%89%E7%BA%A7%E5%88%97%E8%A1%A8)%0Adistribution_level_orders(%E5%8D%87%E7%BA%A7%E8%AE%A2%E5%8D%95)%0Adistribution_earning(%E9%87%91%E5%B8%81%E4%BD%BF%E7%94%A8%E5%88%97%E8%A1%A8)%0A%E7%B3%BB%E7%BB%9F%E6%8F%8F%E8%BF%B0%EF%BC%9A%0A%E8%87%AA%E8%A1%8C%E8%BF%9B%E5%85%A5%E7%9A%84%E6%B8%B8%E5%AE%A2%E5%8D%87%E7%BA%A7%E4%B9%8B%E5%90%8E%E9%9A%8F%E6%9C%BA%E5%88%86%E9%85%8D%E7%BB%99%E5%85%AC%E5%8F%B8%E6%88%96%E8%80%85%E6%80%BB%E4%BB%A3%E7%90%86%2C%E6%AD%A4%E6%97%B6%E7%94%9F%E6%88%90%E4%B8%80%E6%9D%A1level_orders%E5%92%8C%E4%B8%A4%E6%9D%A1earning+%2C%E5%85%85%E5%80%BC%E8%80%85%E5%8A%A0%E9%87%91%E5%B8%81%EF%BC%8C%E4%B8%8A%E7%BA%A7%E5%87%8F%E9%87%91%E5%B8%81%E5%8A%A0%E7%8E%B0%E9%87%91%0A%E5%85%85%E5%80%BC%E8%87%AA%E8%A1%8C%E5%A1%AB%E5%86%99%E5%85%85%E5%80%BC%E9%87%91%E9%A2%9D%EF%BC%8CCEO%E5%92%8C%E5%A4%A7%E5%8C%BA%E4%B8%8D%E8%83%BD%E5%B0%91%E4%BA%8E%E6%9C%AC%E7%9C%81%E4%BC%9A%E5%91%98%E7%AD%89%E7%BA%A7%E9%87%91%E9%A2%9D%E7%9A%8415%25%E5%92%8C25%25%0A%0A%E8%B4%AD%E7%89%A9%E6%B5%81%E7%A8%8B%EF%BC%9A%0A%E6%B8%B8%E5%AE%A2%E8%B4%AD%E5%85%83%E8%B4%A7-%E3%80%8B%E6%8F%90%E4%BA%A4%E4%B8%8A%E7%BA%A7%EF%BC%8C%E6%B2%A1%E8%B4%A7%EF%BC%8C%E5%87%8F40%E9%87%91%E5%B8%81%E5%8A%A050%E4%BD%99%E9%A2%9D%EF%BC%8C-%E3%80%8B%E6%8F%90%E4%BA%A4%E4%B8%8A%E7%BA%A7-%E3%80%8B%E4%B8%8A%E7%BA%A7%E5%8A%A040%E4%BD%99%E9%A2%9D%EF%BC%8C%E5%8F%91%E8%B4%A7%0A%E5%95%86%E5%93%81%E9%9C%80%E8%A6%81%E8%AE%BE%E8%AE%A1%E9%92%88%E5%AF%B97%E4%B8%AA%E7%BA%A7%E5%88%AB%EF%BC%8C%E8%AE%BE%E7%BD%AE7%E4%B8%AA%E4%BB%B7%E6%A0%BC%0A%E5%9C%A8%E8%AE%A2%E5%8D%95%E5%88%97%E8%A1%A8%E4%B8%AD%E8%AE%BE%E7%BD%AEBINDMIND%EF%BC%88%E6%8F%90%E4%BA%A4%E5%AF%B9%E8%B1%A1ID%EF%BC%89%EF%BC%8C%E5%8F%AF%E9%87%8D%E7%BD%AE
INFO: [ app_init ] --START--
INFO: Run Behavior\BuildLiteBehavior [ RunTime:0.000000s ]
INFO: [ app_init ] --END-- [ RunTime:0.001000s ]
INFO: [ app_begin ] --START--
INFO: Run Behavior\ReadHtmlCacheBehavior [ RunTime:0.000000s ]
INFO: [ app_begin ] --END-- [ RunTime:0.000000s ]
SQL: SHOW COLUMNS FROM `w_logs` [ RunTime:0.0040s ]
SQL: SHOW COLUMNS FROM `w_project_class` [ RunTime:0.0040s ]
SQL: SHOW COLUMNS FROM `w_project_describe` [ RunTime:0.0030s ]
SQL: SELECT * FROM `w_project_describe` WHERE `pid` = 30 LIMIT 1   [ RunTime:0.0000s ]
SQL: UPDATE `w_project_describe` SET `content`='distribution_level(等级列表)
distribution_level_orders(升级订单)
distribution_earning(金币使用列表)
系统描述：
自行进入的游客升级之后随机分配给公司或者总代理,此时生成一条level_orders和两条earning ,充值者加金币，上级减金币加现金
充值自行填写充值金额，CEO和大区不能少于本省会员等级金额的15%和25%

购物流程：
游客购元货-》提交上级，没货，减40金币加50余额，-》提交上级-》上级加40余额，发货
商品需要设计针对7个级别，设置7个价格
在订单列表中设置BINDMIND（提交对象ID），可重置' WHERE `pid` = 30 [ RunTime:0.0000s ]
SQL: SELECT * FROM `w_project_describe` WHERE `pid` = 30 LIMIT 1   [ RunTime:0.0000s ]

[ 2016-07-11T17:12:20+08:00 ] 127.0.0.1 /work_log/index.php/Home/Index/editProjectDescribe?pid=30&content=distribution_level(%E7%AD%89%E7%BA%A7%E5%88%97%E8%A1%A8)%0Adistribution_level_orders(%E5%8D%87%E7%BA%A7%E8%AE%A2%E5%8D%95)%0Adistribution_earning(%E9%87%91%E5%B8%81%E4%BD%BF%E7%94%A8%E5%88%97%E8%A1%A8)%0A%E7%B3%BB%E7%BB%9F%E6%8F%8F%E8%BF%B0%EF%BC%9A%0A%E8%87%AA%E8%A1%8C%E8%BF%9B%E5%85%A5%E7%9A%84%E6%B8%B8%E5%AE%A2%E5%8D%87%E7%BA%A7%E4%B9%8B%E5%90%8E%E9%9A%8F%E6%9C%BA%E5%88%86%E9%85%8D%E7%BB%99%E5%85%AC%E5%8F%B8%E6%88%96%E8%80%85%E6%80%BB%E4%BB%A3%E7%90%86%2C%E6%AD%A4%E6%97%B6%E7%94%9F%E6%88%90%E4%B8%80%E6%9D%A1level_orders%E5%92%8C%E4%B8%A4%E6%9D%A1earning+%2C%E5%85%85%E5%80%BC%E8%80%85%E5%8A%A0%E9%87%91%E5%B8%81%EF%BC%8C%E4%B8%8A%E7%BA%A7%E5%87%8F%E9%87%91%E5%B8%81%E5%8A%A0%E7%8E%B0%E9%87%91%0A%E5%AE%98%E6%96%B9%EF%BC%8C%E7%9C%81%E4%BB%A3%EF%BC%8C%E5%B8%82%E4%BB%A3%E5%8D%87%E7%BA%A7%E9%9C%80%E8%A6%81%E8%B4%AD%E7%89%A9588%2C288%2C98%0A%E5%85%85%E5%80%BC%E8%87%AA%E8%A1%8C%E5%A1%AB%E5%86%99%E5%85%85%E5%80%BC%E9%87%91%E9%A2%9D%EF%BC%8CCEO%E5%92%8C%E5%A4%A7%E5%8C%BA%E4%B8%8D%E8%83%BD%E5%B0%91%E4%BA%8E%E6%9C%AC%E7%9C%81%E4%BC%9A%E5%91%98%E7%AD%89%E7%BA%A7%E9%87%91%E9%A2%9D%E7%9A%8415%25%E5%92%8C25%25%0A%0A%E8%B4%AD%E7%89%A9%E6%B5%81%E7%A8%8B%EF%BC%9A%0A%E6%B8%B8%E5%AE%A2%E8%B4%AD%E5%85%83%E8%B4%A7-%E3%80%8B%E6%8F%90%E4%BA%A4%E4%B8%8A%E7%BA%A7%EF%BC%8C%E6%B2%A1%E8%B4%A7%EF%BC%8C%E5%87%8F40%E9%87%91%E5%B8%81%E5%8A%A050%E4%BD%99%E9%A2%9D%EF%BC%8C-%E3%80%8B%E6%8F%90%E4%BA%A4%E4%B8%8A%E7%BA%A7-%E3%80%8B%E4%B8%8A%E7%BA%A7%E5%8A%A040%E4%BD%99%E9%A2%9D%EF%BC%8C%E5%8F%91%E8%B4%A7%0A%E5%95%86%E5%93%81%E9%9C%80%E8%A6%81%E8%AE%BE%E8%AE%A1%E9%92%88%E5%AF%B97%E4%B8%AA%E7%BA%A7%E5%88%AB%EF%BC%8C%E8%AE%BE%E7%BD%AE7%E4%B8%AA%E4%BB%B7%E6%A0%BC%0A%E5%9C%A8%E8%AE%A2%E5%8D%95%E5%88%97%E8%A1%A8%E4%B8%AD%E8%AE%BE%E7%BD%AEBINDMIND%EF%BC%88%E6%8F%90%E4%BA%A4%E5%AF%B9%E8%B1%A1ID%EF%BC%89%EF%BC%8C%E5%8F%AF%E9%87%8D%E7%BD%AE
INFO: [ app_init ] --START--
INFO: Run Behavior\BuildLiteBehavior [ RunTime:0.000000s ]
INFO: [ app_init ] --END-- [ RunTime:0.001000s ]
INFO: [ app_begin ] --START--
INFO: Run Behavior\ReadHtmlCacheBehavior [ RunTime:0.001001s ]
INFO: [ app_begin ] --END-- [ RunTime:0.001001s ]
SQL: SHOW COLUMNS FROM `w_logs` [ RunTime:0.0030s ]
SQL: SHOW COLUMNS FROM `w_project_class` [ RunTime:0.0030s ]
SQL: SHOW COLUMNS FROM `w_project_describe` [ RunTime:0.0030s ]
SQL: SELECT * FROM `w_project_describe` WHERE `pid` = 30 LIMIT 1   [ RunTime:0.0000s ]
SQL: UPDATE `w_project_describe` SET `content`='distribution_level(等级列表)
distribution_level_orders(升级订单)
distribution_earning(金币使用列表)
系统描述：
自行进入的游客升级之后随机分配给公司或者总代理,此时生成一条level_orders和两条earning ,充值者加金币，上级减金币加现金
官方，省代，市代升级需要购物588,288,98
充值自行填写充值金额，CEO和大区不能少于本省会员等级金额的15%和25%

购物流程：
游客购元货-》提交上级，没货，减40金币加50余额，-》提交上级-》上级加40余额，发货
商品需要设计针对7个级别，设置7个价格
在订单列表中设置BINDMIND（提交对象ID），可重置' WHERE `pid` = 30 [ RunTime:0.0000s ]
SQL: SELECT * FROM `w_project_describe` WHERE `pid` = 30 LIMIT 1   [ RunTime:0.0010s ]

[ 2016-07-11T17:34:36+08:00 ] 127.0.0.1 /work_log/index.php/Home/Index/editProjectDescribe?pid=30&content=distribution_level(%E7%AD%89%E7%BA%A7%E5%88%97%E8%A1%A8)%0Adistribution_level_orders(%E5%8D%87%E7%BA%A7%E8%AE%A2%E5%8D%95)%0Adistribution_earning(%E9%87%91%E5%B8%81%E4%BD%BF%E7%94%A8%E5%88%97%E8%A1%A8)%0A%E7%B3%BB%E7%BB%9F%E6%8F%8F%E8%BF%B0%EF%BC%9A%0A%E8%87%AA%E8%A1%8C%E8%BF%9B%E5%85%A5%E7%9A%84%E6%B8%B8%E5%AE%A2%E5%8D%87%E7%BA%A7%E4%B9%8B%E5%90%8E%E9%9A%8F%E6%9C%BA%E5%88%86%E9%85%8D%E7%BB%99%E5%85%AC%E5%8F%B8%E6%88%96%E8%80%85%E6%80%BB%E4%BB%A3%E7%90%86%2C%E6%AD%A4%E6%97%B6%E7%94%9F%E6%88%90%E4%B8%80%E6%9D%A1level_orders%E5%92%8C%E4%B8%A4%E6%9D%A1earning+%2C%E5%85%85%E5%80%BC%E8%80%85%E5%8A%A0%E9%87%91%E5%B8%81%EF%BC%8C%E4%B8%8A%E7%BA%A7%E5%87%8F%E9%87%91%E5%B8%81%E5%8A%A0%E7%8E%B0%E9%87%91%0A%E5%AE%98%E6%96%B9%EF%BC%8C%E7%9C%81%E4%BB%A3%EF%BC%8C%E5%B8%82%E4%BB%A3%E5%8D%87%E7%BA%A7%E9%9C%80%E8%A6%81%E8%B4%AD%E7%89%A9588%2C288%2C98%0A%0A%E5%85%85%E5%80%BC%E8%87%AA%E8%A1%8C%E5%A1%AB%E5%86%99%E5%85%85%E5%80%BC%E9%87%91%E9%A2%9D%EF%BC%8CCEO%E5%92%8C%E5%A4%A7%E5%8C%BA%E4%B8%8D%E8%83%BD%E5%B0%91%E4%BA%8E%E6%9C%AC%E7%9C%81%E4%BC%9A%E5%91%98%E7%AD%89%E7%BA%A7%E9%87%91%E9%A2%9D%E7%9A%8415%25%E5%92%8C25%25%0A%0A%E8%B4%AD%E7%89%A9%E6%B5%81%E7%A8%8B%EF%BC%9A%0A%E6%B8%B8%E5%AE%A2%E8%B4%AD%E5%85%83%E8%B4%A7-%E3%80%8B%E6%8F%90%E4%BA%A4%E4%B8%8A%E7%BA%A7%EF%BC%8C%E6%B2%A1%E8%B4%A7%EF%BC%8C%E5%87%8F40%E9%87%91%E5%B8%81%E5%8A%A050%E4%BD%99%E9%A2%9D%EF%BC%8C-%E3%80%8B%E6%8F%90%E4%BA%A4%E4%B8%8A%E7%BA%A7-%E3%80%8B%E4%B8%8A%E7%BA%A7%E5%8A%A040%E4%BD%99%E9%A2%9D%EF%BC%8C%E5%8F%91%E8%B4%A7%0A%E5%95%86%E5%93%81%E9%9C%80%E8%A6%81%E8%AE%BE%E8%AE%A1%E9%92%88%E5%AF%B97%E4%B8%AA%E7%BA%A7%E5%88%AB%EF%BC%8C%E8%AE%BE%E7%BD%AE7%E4%B8%AA%E4%BB%B7%E6%A0%BC%0A%E5%9C%A8%E8%AE%A2%E5%8D%95%E5%88%97%E8%A1%A8%E4%B8%AD%E8%AE%BE%E7%BD%AEBINDMIND%EF%BC%88%E6%8F%90%E4%BA%A4%E5%AF%B9%E8%B1%A1ID%EF%BC%89%EF%BC%8C%E5%8F%AF%E9%87%8D%E7%BD%AE
INFO: [ app_init ] --START--
INFO: Run Behavior\BuildLiteBehavior [ RunTime:0.000000s ]
INFO: [ app_init ] --END-- [ RunTime:0.000000s ]
INFO: [ app_begin ] --START--
INFO: Run Behavior\ReadHtmlCacheBehavior [ RunTime:0.001000s ]
INFO: [ app_begin ] --END-- [ RunTime:0.001000s ]
SQL: SHOW COLUMNS FROM `w_logs` [ RunTime:0.0030s ]
SQL: SHOW COLUMNS FROM `w_project_class` [ RunTime:0.0040s ]
SQL: SHOW COLUMNS FROM `w_project_describe` [ RunTime:0.0040s ]
SQL: SELECT * FROM `w_project_describe` WHERE `pid` = 30 LIMIT 1   [ RunTime:0.0000s ]
SQL: UPDATE `w_project_describe` SET `content`='distribution_level(等级列表)
distribution_level_orders(升级订单)
distribution_earning(金币使用列表)
系统描述：
自行进入的游客升级之后随机分配给公司或者总代理,此时生成一条level_orders和两条earning ,充值者加金币，上级减金币加现金
官方，省代，市代升级需要购物588,288,98

充值自行填写充值金额，CEO和大区不能少于本省会员等级金额的15%和25%

购物流程：
游客购元货-》提交上级，没货，减40金币加50余额，-》提交上级-》上级加40余额，发货
商品需要设计针对7个级别，设置7个价格
在订单列表中设置BINDMIND（提交对象ID），可重置' WHERE `pid` = 30 [ RunTime:0.0000s ]
SQL: SELECT * FROM `w_project_describe` WHERE `pid` = 30 LIMIT 1   [ RunTime:0.0000s ]

[ 2016-07-11T17:34:40+08:00 ] 127.0.0.1 /work_log/index.php/Home/Index/getProjectDescribe?pid=30
INFO: [ app_init ] --START--
INFO: Run Behavior\BuildLiteBehavior [ RunTime:0.000000s ]
INFO: [ app_init ] --END-- [ RunTime:0.000000s ]
INFO: [ app_begin ] --START--
INFO: Run Behavior\ReadHtmlCacheBehavior [ RunTime:0.001000s ]
INFO: [ app_begin ] --END-- [ RunTime:0.001000s ]
SQL: SHOW COLUMNS FROM `w_logs` [ RunTime:0.0040s ]
SQL: SHOW COLUMNS FROM `w_project_class` [ RunTime:0.0040s ]
SQL: SHOW COLUMNS FROM `w_project_describe` [ RunTime:0.0030s ]
SQL: SELECT * FROM `w_project_describe` WHERE `pid` = 30 LIMIT 1   [ RunTime:0.0010s ]

[ 2016-07-11T17:34:42+08:00 ] 127.0.0.1 /work_log/index.php/Home/Index/finishLog?id=335
INFO: [ app_init ] --START--
INFO: Run Behavior\BuildLiteBehavior [ RunTime:0.000000s ]
INFO: [ app_init ] --END-- [ RunTime:0.001000s ]
INFO: [ app_begin ] --START--
INFO: Run Behavior\ReadHtmlCacheBehavior [ RunTime:0.001000s ]
INFO: [ app_begin ] --END-- [ RunTime:0.001000s ]
SQL: SHOW COLUMNS FROM `w_logs` [ RunTime:0.0070s ]
SQL: SHOW COLUMNS FROM `w_project_class` [ RunTime:0.0060s ]
SQL: SELECT * FROM `w_logs` WHERE ( id=335 ) LIMIT 1   [ RunTime:0.0000s ]
SQL: UPDATE `w_logs` SET `finished`='1',`finish_time`='1468229682' WHERE ( id=335 ) [ RunTime:0.0000s ]

[ 2016-07-11T17:34:56+08:00 ] 127.0.0.1 /work_log/index.php/Home/Index/addlogs?content=%E6%9F%92%E5%BD%A9%E6%B1%87%E7%99%BB%E9%99%86%E5%8A%9F%E8%83%BD&difficulty=2&type=1
INFO: [ app_init ] --START--
INFO: Run Behavior\BuildLiteBehavior [ RunTime:0.000000s ]
INFO: [ app_init ] --END-- [ RunTime:0.000000s ]
INFO: [ app_begin ] --START--
INFO: Run Behavior\ReadHtmlCacheBehavior [ RunTime:0.000000s ]
INFO: [ app_begin ] --END-- [ RunTime:0.000000s ]
SQL: SHOW COLUMNS FROM `w_logs` [ RunTime:0.0040s ]
SQL: SHOW COLUMNS FROM `w_project_class` [ RunTime:0.0040s ]
SQL: SELECT * FROM `w_logs` WHERE `content` LIKE '柒彩%' AND `delete` = 0 LIMIT 1   [ RunTime:0.0000s ]
SQL: SELECT * FROM `w_project_class` WHERE `delete` = 0 AND `name` LIKE '%柒彩%' LIMIT 1   [ RunTime:0.0010s ]
NOTIC: [8] Undefined index: validate D:\wamp\www\work_log\ThinkPHP\Library\Think\Model.class.php 第 1185 行.
NOTIC: [8] Undefined index: auto D:\wamp\www\work_log\ThinkPHP\Library\Think\Model.class.php 第 1128 行.
SQL: INSERT INTO `w_logs` (`content`,`difficulty`,`type`,`create_time`,`year`,`month`,`day`) VALUES ('柒彩汇登陆功能','2','1','1468229696','2016','7','11') [ RunTime:0.0000s ]
SQL: SELECT * FROM `w_logs` WHERE ( id=336 ) LIMIT 1   [ RunTime:0.0010s ]
SQL: SELECT * FROM `w_project_class` WHERE `name` LIKE '%柒彩%' AND `delete` = 0 LIMIT 1   [ RunTime:0.0010s ]
SQL: SELECT `name` FROM `w_project_class` WHERE ( id=30 ) LIMIT 1   [ RunTime:0.0000s ]
SQL: UPDATE `w_logs` SET `pid`='30' WHERE ( id=336 ) [ RunTime:0.0010s ]
SQL: UPDATE `w_project_class` SET `nums`=nums+1 WHERE ( id=30 ) [ RunTime:0.0000s ]
SQL: SELECT * FROM `w_logs` WHERE ( id=336 )  [ RunTime:0.0010s ]
NOTIC: [8] Undefined variable: str D:\wamp\www\work_log\Application\Home\Controller\IndexController.class.php 第 168 行.

