[ 2016-07-15T09:01:06+08:00 ] 127.0.0.1 /work_log/index.php/Home/Index/index
INFO: [ app_init ] --START--
INFO: Run Behavior\BuildLiteBehavior [ RunTime:0.000000s ]
INFO: [ app_init ] --END-- [ RunTime:0.001000s ]
INFO: [ app_begin ] --START--
INFO: Run Behavior\ReadHtmlCacheBehavior [ RunTime:0.001000s ]
INFO: [ app_begin ] --END-- [ RunTime:0.001000s ]
SQL: SHOW COLUMNS FROM `w_logs` [ RunTime:0.0040s ]
SQL: SHOW COLUMNS FROM `w_project_class` [ RunTime:0.0040s ]
SQL: SELECT * FROM `w_logs` WHERE `delete` = 0 ORDER BY finished,create_time desc  [ RunTime:0.0030s ]
SQL: SELECT COUNT(*) AS tp_count FROM `w_logs` WHERE `finished` = 1 AND `delete` = 0 LIMIT 1   [ RunTime:0.0010s ]
SQL: SELECT COUNT(*) AS tp_count FROM `w_logs` WHERE `finished` = 0 AND `delete` = 0 LIMIT 1   [ RunTime:0.0000s ]
SQL: SHOW COLUMNS FROM `w_project_class` [ RunTime:0.0060s ]
SQL: SELECT * FROM `w_project_class` WHERE `delete` = 0  [ RunTime:0.0030s ]
INFO: [ view_parse ] --START--
INFO: [ template_filter ] --START--
INFO: Run Behavior\ContentReplaceBehavior [ RunTime:0.000000s ]
INFO: [ template_filter ] --END-- [ RunTime:0.001000s ]
INFO: Run Behavior\ParseTemplateBehavior [ RunTime:0.025002s ]
INFO: [ view_parse ] --END-- [ RunTime:0.025002s ]
INFO: [ view_filter ] --START--
INFO: Run Behavior\WriteHtmlCacheBehavior [ RunTime:0.001000s ]
INFO: [ view_filter ] --END-- [ RunTime:0.001000s ]
INFO: [ app_end ] --START--
INFO: Run Behavior\ShowPageTraceBehavior [ RunTime:0.001000s ]
INFO: [ app_end ] --END-- [ RunTime:0.001000s ]

[ 2016-07-15T09:01:06+08:00 ] 127.0.0.1 /work_log/index.php/Home/Index/index
INFO: [ app_init ] --START--
INFO: Run Behavior\BuildLiteBehavior [ RunTime:0.000000s ]
INFO: [ app_init ] --END-- [ RunTime:0.000000s ]
INFO: [ app_begin ] --START--
INFO: Run Behavior\ReadHtmlCacheBehavior [ RunTime:0.000000s ]
INFO: [ app_begin ] --END-- [ RunTime:0.000000s ]
SQL: SHOW COLUMNS FROM `w_logs` [ RunTime:0.0030s ]
SQL: SHOW COLUMNS FROM `w_project_class` [ RunTime:0.0030s ]
SQL: SELECT * FROM `w_logs` WHERE `delete` = 0 ORDER BY finished,create_time desc  [ RunTime:0.0020s ]
SQL: SELECT COUNT(*) AS tp_count FROM `w_logs` WHERE `finished` = 1 AND `delete` = 0 LIMIT 1   [ RunTime:0.0000s ]
SQL: SELECT COUNT(*) AS tp_count FROM `w_logs` WHERE `finished` = 0 AND `delete` = 0 LIMIT 1   [ RunTime:0.0010s ]
SQL: SHOW COLUMNS FROM `w_project_class` [ RunTime:0.0020s ]
SQL: SELECT * FROM `w_project_class` WHERE `delete` = 0  [ RunTime:0.0000s ]
INFO: [ view_parse ] --START--
INFO: [ template_filter ] --START--
INFO: Run Behavior\ContentReplaceBehavior [ RunTime:0.000000s ]
INFO: [ template_filter ] --END-- [ RunTime:0.000000s ]
INFO: Run Behavior\ParseTemplateBehavior [ RunTime:0.015001s ]
INFO: [ view_parse ] --END-- [ RunTime:0.015001s ]
INFO: [ view_filter ] --START--
INFO: Run Behavior\WriteHtmlCacheBehavior [ RunTime:0.000000s ]
INFO: [ view_filter ] --END-- [ RunTime:0.000000s ]
INFO: [ app_end ] --START--
INFO: Run Behavior\ShowPageTraceBehavior [ RunTime:0.001000s ]
INFO: [ app_end ] --END-- [ RunTime:0.001000s ]

[ 2016-07-15T09:01:09+08:00 ] 127.0.0.1 /work_log/index.php/Home/Index/index
INFO: [ app_init ] --START--
INFO: Run Behavior\BuildLiteBehavior [ RunTime:0.000000s ]
INFO: [ app_init ] --END-- [ RunTime:0.001000s ]
INFO: [ app_begin ] --START--
INFO: Run Behavior\ReadHtmlCacheBehavior [ RunTime:0.001000s ]
INFO: [ app_begin ] --END-- [ RunTime:0.001000s ]
SQL: SHOW COLUMNS FROM `w_logs` [ RunTime:0.0030s ]
SQL: SHOW COLUMNS FROM `w_project_class` [ RunTime:0.0030s ]
SQL: SELECT * FROM `w_logs` WHERE `delete` = 0 ORDER BY finished,create_time desc  [ RunTime:0.0030s ]
SQL: SELECT COUNT(*) AS tp_count FROM `w_logs` WHERE `finished` = 1 AND `delete` = 0 LIMIT 1   [ RunTime:0.0010s ]
SQL: SELECT COUNT(*) AS tp_count FROM `w_logs` WHERE `finished` = 0 AND `delete` = 0 LIMIT 1   [ RunTime:0.0010s ]
SQL: SHOW COLUMNS FROM `w_project_class` [ RunTime:0.0030s ]
SQL: SELECT * FROM `w_project_class` WHERE `delete` = 0  [ RunTime:0.0000s ]
INFO: [ view_parse ] --START--
INFO: [ template_filter ] --START--
INFO: Run Behavior\ContentReplaceBehavior [ RunTime:0.000000s ]
INFO: [ template_filter ] --END-- [ RunTime:0.000000s ]
INFO: Run Behavior\ParseTemplateBehavior [ RunTime:0.017001s ]
INFO: [ view_parse ] --END-- [ RunTime:0.017001s ]
INFO: [ view_filter ] --START--
INFO: Run Behavior\WriteHtmlCacheBehavior [ RunTime:0.000000s ]
INFO: [ view_filter ] --END-- [ RunTime:0.001000s ]
INFO: [ app_end ] --START--
INFO: Run Behavior\ShowPageTraceBehavior [ RunTime:0.001000s ]
INFO: [ app_end ] --END-- [ RunTime:0.001000s ]

[ 2016-07-15T09:01:33+08:00 ] 127.0.0.1 /work_log/index.php/Home/Index/screeningLog?pid=30&type=3
INFO: [ app_init ] --START--
INFO: Run Behavior\BuildLiteBehavior [ RunTime:0.000000s ]
INFO: [ app_init ] --END-- [ RunTime:0.000000s ]
INFO: [ app_begin ] --START--
INFO: Run Behavior\ReadHtmlCacheBehavior [ RunTime:0.000000s ]
INFO: [ app_begin ] --END-- [ RunTime:0.000000s ]
SQL: SHOW COLUMNS FROM `w_logs` [ RunTime:0.0030s ]
SQL: SHOW COLUMNS FROM `w_project_class` [ RunTime:0.0030s ]
SQL: SELECT `name` FROM `w_project_class` WHERE ( id=30 ) LIMIT 1   [ RunTime:0.0000s ]
SQL: SELECT * FROM `w_logs` WHERE `pid` = 30 AND `delete` = 0 ORDER BY finished,create_time desc  [ RunTime:0.0020s ]
NOTIC: [8] Undefined variable: str D:\wamp\www\work_log\Application\Home\Controller\IndexController.class.php 第 168 行.

[ 2016-07-15T09:01:36+08:00 ] 127.0.0.1 /work_log/index.php/Home/Index/getProjectDescribe?pid=30
INFO: [ app_init ] --START--
INFO: Run Behavior\BuildLiteBehavior [ RunTime:0.000000s ]
INFO: [ app_init ] --END-- [ RunTime:0.001000s ]
INFO: [ app_begin ] --START--
INFO: Run Behavior\ReadHtmlCacheBehavior [ RunTime:0.001000s ]
INFO: [ app_begin ] --END-- [ RunTime:0.001000s ]
SQL: SHOW COLUMNS FROM `w_logs` [ RunTime:0.0050s ]
SQL: SHOW COLUMNS FROM `w_project_class` [ RunTime:0.0050s ]
SQL: SHOW COLUMNS FROM `w_project_describe` [ RunTime:0.0060s ]
SQL: SELECT * FROM `w_project_describe` WHERE `pid` = 30 LIMIT 1   [ RunTime:0.0010s ]

[ 2016-07-15T09:02:54+08:00 ] 127.0.0.1 /work_log/index.php/Home/Index/editProjectDescribe?pid=30&content=distribution_level(%E7%AD%89%E7%BA%A7%E5%88%97%E8%A1%A8)%0Adistribution_level_orders(%E5%8D%87%E7%BA%A7%E8%AE%A2%E5%8D%95)%0Adistribution_earning(%E9%87%91%E5%B8%81%E4%BD%BF%E7%94%A8%E5%88%97%E8%A1%A8)%0Adistribution_account(%E4%BC%9A%E5%91%98%E7%99%BB%E9%99%86%E8%B4%A6%E5%8F%B7)%0A%0A%E7%B3%BB%E7%BB%9F%E6%8F%8F%E8%BF%B0%EF%BC%9A%0A%E8%87%AA%E8%A1%8C%E8%BF%9B%E5%85%A5%E7%9A%84%E6%B8%B8%E5%AE%A2%E5%8D%87%E7%BA%A7%E4%B9%8B%E5%90%8E%E9%9A%8F%E6%9C%BA%E5%88%86%E9%85%8D%E7%BB%99%E5%85%AC%E5%8F%B8%E6%88%96%E8%80%85%E6%80%BB%E4%BB%A3%E7%90%86%2C%E6%AD%A4%E6%97%B6%E7%94%9F%E6%88%90%E4%B8%80%E6%9D%A1level_orders%E5%92%8C%E4%B8%A4%E6%9D%A1earning(%E9%9D%9E%E8%B4%AD%E7%89%A9%E5%8D%87%E7%BA%A7)+%2C%E5%85%85%E5%80%BC%E8%80%85%E5%8A%A0%E9%87%91%E5%B8%81%EF%BC%8C%E4%B8%8A%E7%BA%A7%E5%87%8F%E9%87%91%E5%B8%81%E5%8A%A0%E7%8E%B0%E9%87%91%0A%E5%AE%98%E6%96%B9%EF%BC%8C%E7%9C%81%E4%BB%A3%EF%BC%8C%E5%B8%82%E4%BB%A3%E5%8D%87%E7%BA%A7%E9%9C%80%E8%A6%81%E8%B4%AD%E7%89%A9588%2C288%2C98%0A%0A%E5%85%85%E5%80%BC%E8%87%AA%E8%A1%8C%E5%A1%AB%E5%86%99%E5%85%85%E5%80%BC%E9%87%91%E9%A2%9D%EF%BC%8CCEO%E5%92%8C%E5%A4%A7%E5%8C%BA%E4%B8%8D%E8%83%BD%E5%B0%91%E4%BA%8E%E6%9C%AC%E7%9C%81%E4%BC%9A%E5%91%98%E7%AD%89%E7%BA%A7%E9%87%91%E9%A2%9D%E7%9A%8415%25%E5%92%8C25%25%0A%0A%E8%B4%AD%E7%89%A9%E6%B5%81%E7%A8%8B%EF%BC%9A%0A%E6%B8%B8%E5%AE%A2%E8%B4%AD%E5%85%83%E8%B4%A7-%E3%80%8B%E6%8F%90%E4%BA%A4%E4%B8%8A%E7%BA%A7%EF%BC%8C%E6%B2%A1%E8%B4%A7%EF%BC%8C%E5%87%8F40%E9%87%91%E5%B8%81%E5%8A%A050%E4%BD%99%E9%A2%9D%EF%BC%8C-%E3%80%8B%E6%8F%90%E4%BA%A4%E4%B8%8A%E7%BA%A7-%E3%80%8B%E4%B8%8A%E7%BA%A7%E5%8A%A040%E4%BD%99%E9%A2%9D%EF%BC%8C%E5%8F%91%E8%B4%A7%0A%E5%95%86%E5%93%81%E9%9C%80%E8%A6%81%E8%AE%BE%E8%AE%A1%E9%92%88%E5%AF%B97%E4%B8%AA%E7%BA%A7%E5%88%AB%EF%BC%8C%E8%AE%BE%E7%BD%AE7%E4%B8%AA%E4%BB%B7%E6%A0%BC%0A%E5%9C%A8%E8%AE%A2%E5%8D%95%E5%88%97%E8%A1%A8%E4%B8%AD%E8%AE%BE%E7%BD%AEBINDMIND%EF%BC%88%E6%8F%90%E4%BA%A4%E5%AF%B9%E8%B1%A1ID%EF%BC%89%EF%BC%8C%E5%8F%AF%E9%87%8D%E7%BD%AE
INFO: [ app_init ] --START--
INFO: Run Behavior\BuildLiteBehavior [ RunTime:0.000000s ]
INFO: [ app_init ] --END-- [ RunTime:0.001000s ]
INFO: [ app_begin ] --START--
INFO: Run Behavior\ReadHtmlCacheBehavior [ RunTime:0.001000s ]
INFO: [ app_begin ] --END-- [ RunTime:0.001000s ]
SQL: SHOW COLUMNS FROM `w_logs` [ RunTime:0.0030s ]
SQL: SHOW COLUMNS FROM `w_project_class` [ RunTime:0.0030s ]
SQL: SHOW COLUMNS FROM `w_project_describe` [ RunTime:0.0030s ]
SQL: SELECT * FROM `w_project_describe` WHERE `pid` = 30 LIMIT 1   [ RunTime:0.0000s ]
SQL: UPDATE `w_project_describe` SET `content`='distribution_level(等级列表)
distribution_level_orders(升级订单)
distribution_earning(金币使用列表)
distribution_account(会员登陆账号)

系统描述：
自行进入的游客升级之后随机分配给公司或者总代理,此时生成一条level_orders和两条earning(非购物升级) ,充值者加金币，上级减金币加现金
官方，省代，市代升级需要购物588,288,98

充值自行填写充值金额，CEO和大区不能少于本省会员等级金额的15%和25%

购物流程：
游客购元货-》提交上级，没货，减40金币加50余额，-》提交上级-》上级加40余额，发货
商品需要设计针对7个级别，设置7个价格
在订单列表中设置BINDMIND（提交对象ID），可重置' WHERE `pid` = 30 [ RunTime:0.0000s ]
SQL: SELECT * FROM `w_project_describe` WHERE `pid` = 30 LIMIT 1   [ RunTime:0.0000s ]

[ 2016-07-15T09:03:18+08:00 ] 127.0.0.1 /work_log/index.php/Home/Index/editProjectDescribe?pid=30&content=distribution_level(%E7%AD%89%E7%BA%A7%E5%88%97%E8%A1%A8)%0Adistribution_level_orders(%E5%8D%87%E7%BA%A7%E8%AE%A2%E5%8D%95)%0Adistribution_earning(%E9%87%91%E5%B8%81%E4%BD%BF%E7%94%A8%E5%88%97%E8%A1%A8)%0Adistribution_account(%E4%BC%9A%E5%91%98%E7%99%BB%E9%99%86%E8%B4%A6%E5%8F%B7)%0A%0A%E7%B3%BB%E7%BB%9F%E6%8F%8F%E8%BF%B0%EF%BC%9A%0A%E8%87%AA%E8%A1%8C%E8%BF%9B%E5%85%A5%E7%9A%84%E6%B8%B8%E5%AE%A2%E5%8D%87%E7%BA%A7%E4%B9%8B%E5%90%8E%E9%9A%8F%E6%9C%BA%E5%88%86%E9%85%8D%E7%BB%99%E5%85%AC%E5%8F%B8%E6%88%96%E8%80%85%E6%80%BB%E4%BB%A3%E7%90%86%2C%E6%AD%A4%E6%97%B6%E7%94%9F%E6%88%90%E4%B8%80%E6%9D%A1level_orders%E5%92%8C%E4%B8%A4%E6%9D%A1earning(%E9%9D%9E%E8%B4%AD%E7%89%A9%E5%8D%87%E7%BA%A7)+%2C%E5%85%85%E5%80%BC%E8%80%85%E5%8A%A0%E9%87%91%E5%B8%81%EF%BC%8C%E4%B8%8A%E7%BA%A7%E5%87%8F%E9%87%91%E5%B8%81%E5%8A%A0%E7%8E%B0%E9%87%91%0A%E5%A6%82%E6%9E%9C%E6%98%AF%E8%B4%AD%E7%89%A9%E6%96%B9%E5%BC%8F%E7%9A%84%E5%8D%87%E7%BA%A7%EF%BC%8C%E4%B8%8A%E7%BA%A7%E5%8A%A0%E7%8E%B0%E9%87%91%EF%BC%8C%E8%87%AA%E8%BA%AB%E6%B2%A1%E9%87%91%E5%B8%81%0A%E5%AE%98%E6%96%B9%EF%BC%8C%E7%9C%81%E4%BB%A3%EF%BC%8C%E5%B8%82%E4%BB%A3%E5%8D%87%E7%BA%A7%E9%9C%80%E8%A6%81%E8%B4%AD%E7%89%A9588%2C288%2C98%0A%0A%E5%85%85%E5%80%BC%E8%87%AA%E8%A1%8C%E5%A1%AB%E5%86%99%E5%85%85%E5%80%BC%E9%87%91%E9%A2%9D%EF%BC%8CCEO%E5%92%8C%E5%A4%A7%E5%8C%BA%E4%B8%8D%E8%83%BD%E5%B0%91%E4%BA%8E%E6%9C%AC%E7%9C%81%E4%BC%9A%E5%91%98%E7%AD%89%E7%BA%A7%E9%87%91%E9%A2%9D%E7%9A%8415%25%E5%92%8C25%25%0A%0A%E8%B4%AD%E7%89%A9%E6%B5%81%E7%A8%8B%EF%BC%9A%0A%E6%B8%B8%E5%AE%A2%E8%B4%AD%E5%85%83%E8%B4%A7-%E3%80%8B%E6%8F%90%E4%BA%A4%E4%B8%8A%E7%BA%A7%EF%BC%8C%E6%B2%A1%E8%B4%A7%EF%BC%8C%E5%87%8F40%E9%87%91%E5%B8%81%E5%8A%A050%E4%BD%99%E9%A2%9D%EF%BC%8C-%E3%80%8B%E6%8F%90%E4%BA%A4%E4%B8%8A%E7%BA%A7-%E3%80%8B%E4%B8%8A%E7%BA%A7%E5%8A%A040%E4%BD%99%E9%A2%9D%EF%BC%8C%E5%8F%91%E8%B4%A7%0A%E5%95%86%E5%93%81%E9%9C%80%E8%A6%81%E8%AE%BE%E8%AE%A1%E9%92%88%E5%AF%B97%E4%B8%AA%E7%BA%A7%E5%88%AB%EF%BC%8C%E8%AE%BE%E7%BD%AE7%E4%B8%AA%E4%BB%B7%E6%A0%BC%0A%E5%9C%A8%E8%AE%A2%E5%8D%95%E5%88%97%E8%A1%A8%E4%B8%AD%E8%AE%BE%E7%BD%AEBINDMIND%EF%BC%88%E6%8F%90%E4%BA%A4%E5%AF%B9%E8%B1%A1ID%EF%BC%89%EF%BC%8C%E5%8F%AF%E9%87%8D%E7%BD%AE
INFO: [ app_init ] --START--
INFO: Run Behavior\BuildLiteBehavior [ RunTime:0.000000s ]
INFO: [ app_init ] --END-- [ RunTime:0.001001s ]
INFO: [ app_begin ] --START--
INFO: Run Behavior\ReadHtmlCacheBehavior [ RunTime:0.000000s ]
INFO: [ app_begin ] --END-- [ RunTime:0.001000s ]
SQL: SHOW COLUMNS FROM `w_logs` [ RunTime:0.0030s ]
SQL: SHOW COLUMNS FROM `w_project_class` [ RunTime:0.0020s ]
SQL: SHOW COLUMNS FROM `w_project_describe` [ RunTime:0.0020s ]
SQL: SELECT * FROM `w_project_describe` WHERE `pid` = 30 LIMIT 1   [ RunTime:0.0000s ]
SQL: UPDATE `w_project_describe` SET `content`='distribution_level(等级列表)
distribution_level_orders(升级订单)
distribution_earning(金币使用列表)
distribution_account(会员登陆账号)

系统描述：
自行进入的游客升级之后随机分配给公司或者总代理,此时生成一条level_orders和两条earning(非购物升级) ,充值者加金币，上级减金币加现金
如果是购物方式的升级，上级加现金，自身没金币
官方，省代，市代升级需要购物588,288,98

充值自行填写充值金额，CEO和大区不能少于本省会员等级金额的15%和25%

购物流程：
游客购元货-》提交上级，没货，减40金币加50余额，-》提交上级-》上级加40余额，发货
商品需要设计针对7个级别，设置7个价格
在订单列表中设置BINDMIND（提交对象ID），可重置' WHERE `pid` = 30 [ RunTime:0.0010s ]
SQL: SELECT * FROM `w_project_describe` WHERE `pid` = 30 LIMIT 1   [ RunTime:0.0000s ]

[ 2016-07-15T09:03:29+08:00 ] 127.0.0.1 /work_log/index.php/Home/Index/editProjectDescribe?pid=30&content=distribution_level(%E7%AD%89%E7%BA%A7%E5%88%97%E8%A1%A8)%0Adistribution_level_orders(%E5%8D%87%E7%BA%A7%E8%AE%A2%E5%8D%95)%0Adistribution_earning(%E9%87%91%E5%B8%81%E4%BD%BF%E7%94%A8%E5%88%97%E8%A1%A8)%0Adistribution_account(%E4%BC%9A%E5%91%98%E7%99%BB%E9%99%86%E8%B4%A6%E5%8F%B7)%0A%0A%E7%B3%BB%E7%BB%9F%E6%8F%8F%E8%BF%B0%EF%BC%9A%0A%E5%8D%87%E7%BA%A7%EF%BC%9A%0A%E8%87%AA%E8%A1%8C%E8%BF%9B%E5%85%A5%E7%9A%84%E6%B8%B8%E5%AE%A2%E5%8D%87%E7%BA%A7%E4%B9%8B%E5%90%8E%E9%9A%8F%E6%9C%BA%E5%88%86%E9%85%8D%E7%BB%99%E5%85%AC%E5%8F%B8%E6%88%96%E8%80%85%E6%80%BB%E4%BB%A3%E7%90%86%2C%E6%AD%A4%E6%97%B6%E7%94%9F%E6%88%90%E4%B8%80%E6%9D%A1level_orders%E5%92%8C%E4%B8%A4%E6%9D%A1earning(%E9%9D%9E%E8%B4%AD%E7%89%A9%E5%8D%87%E7%BA%A7)+%2C%E5%85%85%E5%80%BC%E8%80%85%E5%8A%A0%E9%87%91%E5%B8%81%EF%BC%8C%E4%B8%8A%E7%BA%A7%E5%87%8F%E9%87%91%E5%B8%81%E5%8A%A0%E7%8E%B0%E9%87%91%0A%E5%A6%82%E6%9E%9C%E6%98%AF%E8%B4%AD%E7%89%A9%E6%96%B9%E5%BC%8F%E7%9A%84%E5%8D%87%E7%BA%A7%EF%BC%8C%E4%B8%8A%E7%BA%A7%E5%8A%A0%E7%8E%B0%E9%87%91%EF%BC%8C%E8%87%AA%E8%BA%AB%E6%B2%A1%E9%87%91%E5%B8%81%0A%E5%AE%98%E6%96%B9%EF%BC%8C%E7%9C%81%E4%BB%A3%EF%BC%8C%E5%B8%82%E4%BB%A3%E5%8D%87%E7%BA%A7%E9%9C%80%E8%A6%81%E8%B4%AD%E7%89%A9588%2C288%2C98%0A%E5%85%85%E5%80%BC%EF%BC%9A%0A%E5%85%85%E5%80%BC%E8%87%AA%E8%A1%8C%E5%A1%AB%E5%86%99%E5%85%85%E5%80%BC%E9%87%91%E9%A2%9D%EF%BC%8CCEO%E5%92%8C%E5%A4%A7%E5%8C%BA%E4%B8%8D%E8%83%BD%E5%B0%91%E4%BA%8E%E6%9C%AC%E7%9C%81%E4%BC%9A%E5%91%98%E7%AD%89%E7%BA%A7%E9%87%91%E9%A2%9D%E7%9A%8415%25%E5%92%8C25%25%0A%0A%E8%B4%AD%E7%89%A9%E6%B5%81%E7%A8%8B%EF%BC%9A%0A%E6%B8%B8%E5%AE%A2%E8%B4%AD%E5%85%83%E8%B4%A7-%E3%80%8B%E6%8F%90%E4%BA%A4%E4%B8%8A%E7%BA%A7%EF%BC%8C%E6%B2%A1%E8%B4%A7%EF%BC%8C%E5%87%8F40%E9%87%91%E5%B8%81%E5%8A%A050%E4%BD%99%E9%A2%9D%EF%BC%8C-%E3%80%8B%E6%8F%90%E4%BA%A4%E4%B8%8A%E7%BA%A7-%E3%80%8B%E4%B8%8A%E7%BA%A7%E5%8A%A040%E4%BD%99%E9%A2%9D%EF%BC%8C%E5%8F%91%E8%B4%A7%0A%E5%95%86%E5%93%81%E9%9C%80%E8%A6%81%E8%AE%BE%E8%AE%A1%E9%92%88%E5%AF%B97%E4%B8%AA%E7%BA%A7%E5%88%AB%EF%BC%8C%E8%AE%BE%E7%BD%AE7%E4%B8%AA%E4%BB%B7%E6%A0%BC%0A%E5%9C%A8%E8%AE%A2%E5%8D%95%E5%88%97%E8%A1%A8%E4%B8%AD%E8%AE%BE%E7%BD%AEBINDMIND%EF%BC%88%E6%8F%90%E4%BA%A4%E5%AF%B9%E8%B1%A1ID%EF%BC%89%EF%BC%8C%E5%8F%AF%E9%87%8D%E7%BD%AE
INFO: [ app_init ] --START--
INFO: Run Behavior\BuildLiteBehavior [ RunTime:0.000000s ]
INFO: [ app_init ] --END-- [ RunTime:0.001001s ]
INFO: [ app_begin ] --START--
INFO: Run Behavior\ReadHtmlCacheBehavior [ RunTime:0.000000s ]
INFO: [ app_begin ] --END-- [ RunTime:0.000000s ]
SQL: SHOW COLUMNS FROM `w_logs` [ RunTime:0.0000s ]
SQL: SHOW COLUMNS FROM `w_project_class` [ RunTime:0.0000s ]
SQL: SHOW COLUMNS FROM `w_project_describe` [ RunTime:0.0100s ]
SQL: SELECT * FROM `w_project_describe` WHERE `pid` = 30 LIMIT 1   [ RunTime:0.0000s ]
SQL: UPDATE `w_project_describe` SET `content`='distribution_level(等级列表)
distribution_level_orders(升级订单)
distribution_earning(金币使用列表)
distribution_account(会员登陆账号)

系统描述：
升级：
自行进入的游客升级之后随机分配给公司或者总代理,此时生成一条level_orders和两条earning(非购物升级) ,充值者加金币，上级减金币加现金
如果是购物方式的升级，上级加现金，自身没金币
官方，省代，市代升级需要购物588,288,98
充值：
充值自行填写充值金额，CEO和大区不能少于本省会员等级金额的15%和25%

购物流程：
游客购元货-》提交上级，没货，减40金币加50余额，-》提交上级-》上级加40余额，发货
商品需要设计针对7个级别，设置7个价格
在订单列表中设置BINDMIND（提交对象ID），可重置' WHERE `pid` = 30 [ RunTime:0.0000s ]
SQL: SELECT * FROM `w_project_describe` WHERE `pid` = 30 LIMIT 1   [ RunTime:0.0000s ]

[ 2016-07-15T09:03:42+08:00 ] 127.0.0.1 /work_log/index.php/Home/Index/editProjectDescribe?pid=30&content=distribution_level(%E7%AD%89%E7%BA%A7%E5%88%97%E8%A1%A8)%0Adistribution_level_orders(%E5%8D%87%E7%BA%A7%E8%AE%A2%E5%8D%95)%0Adistribution_earning(%E9%87%91%E5%B8%81%E4%BD%BF%E7%94%A8%E5%88%97%E8%A1%A8)%0Adistribution_account(%E4%BC%9A%E5%91%98%E7%99%BB%E9%99%86%E8%B4%A6%E5%8F%B7)%0A%0A%E7%B3%BB%E7%BB%9F%E6%8F%8F%E8%BF%B0%EF%BC%9A%0A%E5%8D%87%E7%BA%A7%EF%BC%9A%0A%E8%87%AA%E8%A1%8C%E8%BF%9B%E5%85%A5%E7%9A%84%E6%B8%B8%E5%AE%A2%E5%8D%87%E7%BA%A7%E4%B9%8B%E5%90%8E%E9%9A%8F%E6%9C%BA%E5%88%86%E9%85%8D%E7%BB%99%E5%85%AC%E5%8F%B8%E6%88%96%E8%80%85%E6%80%BB%E4%BB%A3%E7%90%86%2C%E6%AD%A4%E6%97%B6%E7%94%9F%E6%88%90%E4%B8%80%E6%9D%A1level_orders%E5%92%8C%E4%B8%A4%E6%9D%A1earning(%E9%9D%9E%E8%B4%AD%E7%89%A9%E5%8D%87%E7%BA%A7)+%2C%E5%85%85%E5%80%BC%E8%80%85%E5%8A%A0%E9%87%91%E5%B8%81%EF%BC%8C%E4%B8%8A%E7%BA%A7%E5%87%8F%E9%87%91%E5%B8%81%E5%8A%A0%E7%8E%B0%E9%87%91%0A%E5%A6%82%E6%9E%9C%E6%98%AF%E8%B4%AD%E7%89%A9%E6%96%B9%E5%BC%8F%E7%9A%84%E5%8D%87%E7%BA%A7%EF%BC%8C%E4%B8%8A%E7%BA%A7%E5%8A%A0%E7%8E%B0%E9%87%91%EF%BC%8C%E8%87%AA%E8%BA%AB%E6%B2%A1%E9%87%91%E5%B8%81%0A%E5%AE%98%E6%96%B9%EF%BC%8C%E7%9C%81%E4%BB%A3%EF%BC%8C%E5%B8%82%E4%BB%A3%E5%8D%87%E7%BA%A7%E9%9C%80%E8%A6%81%E8%B4%AD%E7%89%A9588%2C288%2C98%0A%0A%E5%85%85%E5%80%BC%EF%BC%9A%0A%E5%85%85%E5%80%BC%E8%87%AA%E8%A1%8C%E5%A1%AB%E5%86%99%E5%85%85%E5%80%BC%E9%87%91%E9%A2%9D%EF%BC%8CCEO%E5%92%8C%E5%A4%A7%E5%8C%BA%E4%B8%8D%E8%83%BD%E5%B0%91%E4%BA%8E%E6%9C%AC%E7%9C%81%E4%BC%9A%E5%91%98%E7%AD%89%E7%BA%A7%E9%87%91%E9%A2%9D%E7%9A%8415%25%E5%92%8C25%25%0A%0A%E8%B4%AD%E7%89%A9%E6%B5%81%E7%A8%8B%EF%BC%9A%0A%E6%B8%B8%E5%AE%A2%E8%B4%AD%E5%85%83%E8%B4%A7-%E3%80%8B%E6%8F%90%E4%BA%A4%E4%B8%8A%E7%BA%A7%EF%BC%8C%E6%B2%A1%E8%B4%A7%EF%BC%8C%E5%87%8F40%E9%87%91%E5%B8%81%E5%8A%A050%E4%BD%99%E9%A2%9D%EF%BC%8C-%E3%80%8B%E6%8F%90%E4%BA%A4%E4%B8%8A%E7%BA%A7-%E3%80%8B%E4%B8%8A%E7%BA%A7%E5%8A%A040%E4%BD%99%E9%A2%9D%EF%BC%8C%E5%8F%91%E8%B4%A7%0A%E5%95%86%E5%93%81%E9%9C%80%E8%A6%81%E8%AE%BE%E8%AE%A1%E9%92%88%E5%AF%B97%E4%B8%AA%E7%BA%A7%E5%88%AB%EF%BC%8C%E8%AE%BE%E7%BD%AE7%E4%B8%AA%E4%BB%B7%E6%A0%BC%0A%E5%9C%A8%E8%AE%A2%E5%8D%95%E5%88%97%E8%A1%A8%E4%B8%AD%E8%AE%BE%E7%BD%AEBINDMIND%EF%BC%88%E6%8F%90%E4%BA%A4%E5%AF%B9%E8%B1%A1ID%EF%BC%89%EF%BC%8C%E5%8F%AF%E9%87%8D%E7%BD%AE
INFO: [ app_init ] --START--
INFO: Run Behavior\BuildLiteBehavior [ RunTime:0.000000s ]
INFO: [ app_init ] --END-- [ RunTime:0.000000s ]
INFO: [ app_begin ] --START--
INFO: Run Behavior\ReadHtmlCacheBehavior [ RunTime:0.001000s ]
INFO: [ app_begin ] --END-- [ RunTime:0.001000s ]
SQL: SHOW COLUMNS FROM `w_logs` [ RunTime:0.0000s ]
SQL: SHOW COLUMNS FROM `w_project_class` [ RunTime:0.0000s ]
SQL: SHOW COLUMNS FROM `w_project_describe` [ RunTime:0.0100s ]
SQL: SELECT * FROM `w_project_describe` WHERE `pid` = 30 LIMIT 1   [ RunTime:0.0000s ]
SQL: UPDATE `w_project_describe` SET `content`='distribution_level(等级列表)
distribution_level_orders(升级订单)
distribution_earning(金币使用列表)
distribution_account(会员登陆账号)

系统描述：
升级：
自行进入的游客升级之后随机分配给公司或者总代理,此时生成一条level_orders和两条earning(非购物升级) ,充值者加金币，上级减金币加现金
如果是购物方式的升级，上级加现金，自身没金币
官方，省代，市代升级需要购物588,288,98

充值：
充值自行填写充值金额，CEO和大区不能少于本省会员等级金额的15%和25%

购物流程：
游客购元货-》提交上级，没货，减40金币加50余额，-》提交上级-》上级加40余额，发货
商品需要设计针对7个级别，设置7个价格
在订单列表中设置BINDMIND（提交对象ID），可重置' WHERE `pid` = 30 [ RunTime:0.0000s ]
SQL: SELECT * FROM `w_project_describe` WHERE `pid` = 30 LIMIT 1   [ RunTime:0.0000s ]

[ 2016-07-15T09:03:42+08:00 ] 127.0.0.1 /work_log/index.php/Home/Index/editProjectDescribe?pid=30&content=distribution_level(%E7%AD%89%E7%BA%A7%E5%88%97%E8%A1%A8)%0Adistribution_level_orders(%E5%8D%87%E7%BA%A7%E8%AE%A2%E5%8D%95)%0Adistribution_earning(%E9%87%91%E5%B8%81%E4%BD%BF%E7%94%A8%E5%88%97%E8%A1%A8)%0Adistribution_account(%E4%BC%9A%E5%91%98%E7%99%BB%E9%99%86%E8%B4%A6%E5%8F%B7)%0A%0A%E7%B3%BB%E7%BB%9F%E6%8F%8F%E8%BF%B0%EF%BC%9A%0A%E5%8D%87%E7%BA%A7%EF%BC%9A%0A%E8%87%AA%E8%A1%8C%E8%BF%9B%E5%85%A5%E7%9A%84%E6%B8%B8%E5%AE%A2%E5%8D%87%E7%BA%A7%E4%B9%8B%E5%90%8E%E9%9A%8F%E6%9C%BA%E5%88%86%E9%85%8D%E7%BB%99%E5%85%AC%E5%8F%B8%E6%88%96%E8%80%85%E6%80%BB%E4%BB%A3%E7%90%86%2C%E6%AD%A4%E6%97%B6%E7%94%9F%E6%88%90%E4%B8%80%E6%9D%A1level_orders%E5%92%8C%E4%B8%A4%E6%9D%A1earning(%E9%9D%9E%E8%B4%AD%E7%89%A9%E5%8D%87%E7%BA%A7)+%2C%E5%85%85%E5%80%BC%E8%80%85%E5%8A%A0%E9%87%91%E5%B8%81%EF%BC%8C%E4%B8%8A%E7%BA%A7%E5%87%8F%E9%87%91%E5%B8%81%E5%8A%A0%E7%8E%B0%E9%87%91%0A%E5%A6%82%E6%9E%9C%E6%98%AF%E8%B4%AD%E7%89%A9%E6%96%B9%E5%BC%8F%E7%9A%84%E5%8D%87%E7%BA%A7%EF%BC%8C%E4%B8%8A%E7%BA%A7%E5%8A%A0%E7%8E%B0%E9%87%91%EF%BC%8C%E8%87%AA%E8%BA%AB%E6%B2%A1%E9%87%91%E5%B8%81%0A%E5%AE%98%E6%96%B9%EF%BC%8C%E7%9C%81%E4%BB%A3%EF%BC%8C%E5%B8%82%E4%BB%A3%E5%8D%87%E7%BA%A7%E9%9C%80%E8%A6%81%E8%B4%AD%E7%89%A9588%2C288%2C98%0A%0A%E5%85%85%E5%80%BC%EF%BC%9A%0A%E5%85%85%E5%80%BC%E8%87%AA%E8%A1%8C%E5%A1%AB%E5%86%99%E5%85%85%E5%80%BC%E9%87%91%E9%A2%9D%EF%BC%8CCEO%E5%92%8C%E5%A4%A7%E5%8C%BA%E4%B8%8D%E8%83%BD%E5%B0%91%E4%BA%8E%E6%9C%AC%E7%9C%81%E4%BC%9A%E5%91%98%E7%AD%89%E7%BA%A7%E9%87%91%E9%A2%9D%E7%9A%8415%25%E5%92%8C25%25%0A%0A%0A%E8%B4%AD%E7%89%A9%E6%B5%81%E7%A8%8B%EF%BC%9A%0A%E6%B8%B8%E5%AE%A2%E8%B4%AD%E5%85%83%E8%B4%A7-%E3%80%8B%E6%8F%90%E4%BA%A4%E4%B8%8A%E7%BA%A7%EF%BC%8C%E6%B2%A1%E8%B4%A7%EF%BC%8C%E5%87%8F40%E9%87%91%E5%B8%81%E5%8A%A050%E4%BD%99%E9%A2%9D%EF%BC%8C-%E3%80%8B%E6%8F%90%E4%BA%A4%E4%B8%8A%E7%BA%A7-%E3%80%8B%E4%B8%8A%E7%BA%A7%E5%8A%A040%E4%BD%99%E9%A2%9D%EF%BC%8C%E5%8F%91%E8%B4%A7%0A%E5%95%86%E5%93%81%E9%9C%80%E8%A6%81%E8%AE%BE%E8%AE%A1%E9%92%88%E5%AF%B97%E4%B8%AA%E7%BA%A7%E5%88%AB%EF%BC%8C%E8%AE%BE%E7%BD%AE7%E4%B8%AA%E4%BB%B7%E6%A0%BC%0A%E5%9C%A8%E8%AE%A2%E5%8D%95%E5%88%97%E8%A1%A8%E4%B8%AD%E8%AE%BE%E7%BD%AEBINDMIND%EF%BC%88%E6%8F%90%E4%BA%A4%E5%AF%B9%E8%B1%A1ID%EF%BC%89%EF%BC%8C%E5%8F%AF%E9%87%8D%E7%BD%AE
INFO: [ app_init ] --START--
INFO: Run Behavior\BuildLiteBehavior [ RunTime:0.000000s ]
INFO: [ app_init ] --END-- [ RunTime:0.001001s ]
INFO: [ app_begin ] --START--
INFO: Run Behavior\ReadHtmlCacheBehavior [ RunTime:0.001000s ]
INFO: [ app_begin ] --END-- [ RunTime:0.001000s ]
SQL: SHOW COLUMNS FROM `w_logs` [ RunTime:0.0030s ]
SQL: SHOW COLUMNS FROM `w_project_class` [ RunTime:0.0030s ]
SQL: SHOW COLUMNS FROM `w_project_describe` [ RunTime:0.0030s ]
SQL: SELECT * FROM `w_project_describe` WHERE `pid` = 30 LIMIT 1   [ RunTime:0.0010s ]
SQL: UPDATE `w_project_describe` SET `content`='distribution_level(等级列表)
distribution_level_orders(升级订单)
distribution_earning(金币使用列表)
distribution_account(会员登陆账号)

系统描述：
升级：
自行进入的游客升级之后随机分配给公司或者总代理,此时生成一条level_orders和两条earning(非购物升级) ,充值者加金币，上级减金币加现金
如果是购物方式的升级，上级加现金，自身没金币
官方，省代，市代升级需要购物588,288,98

充值：
充值自行填写充值金额，CEO和大区不能少于本省会员等级金额的15%和25%


购物流程：
游客购元货-》提交上级，没货，减40金币加50余额，-》提交上级-》上级加40余额，发货
商品需要设计针对7个级别，设置7个价格
在订单列表中设置BINDMIND（提交对象ID），可重置' WHERE `pid` = 30 [ RunTime:0.0010s ]
SQL: SELECT * FROM `w_project_describe` WHERE `pid` = 30 LIMIT 1   [ RunTime:0.0000s ]

[ 2016-07-15T09:05:10+08:00 ] 127.0.0.1 /work_log/index.php/Home/Index/editProjectDescribe?pid=30&content=distribution_level(%E7%AD%89%E7%BA%A7%E5%88%97%E8%A1%A8)%0Adistribution_level_orders(%E5%8D%87%E7%BA%A7%E8%AE%A2%E5%8D%95)%0Adistribution_earning(%E9%87%91%E5%B8%81%E4%BD%BF%E7%94%A8%E5%88%97%E8%A1%A8)%0Adistribution_account(%E4%BC%9A%E5%91%98%E7%99%BB%E9%99%86%E8%B4%A6%E5%8F%B7)%0A%0A%E7%B3%BB%E7%BB%9F%E6%8F%8F%E8%BF%B0%EF%BC%9A%0A%E5%8D%87%E7%BA%A7%EF%BC%9A%0A%E8%87%AA%E8%A1%8C%E8%BF%9B%E5%85%A5%E7%9A%84%E6%B8%B8%E5%AE%A2%E5%8D%87%E7%BA%A7%E4%B9%8B%E5%90%8E%E9%9A%8F%E6%9C%BA%E5%88%86%E9%85%8D%E7%BB%99%E5%85%AC%E5%8F%B8%E6%88%96%E8%80%85%E6%80%BB%E4%BB%A3%E7%90%86%2C%E6%AD%A4%E6%97%B6%E7%94%9F%E6%88%90%E4%B8%80%E6%9D%A1level_orders%E5%92%8C%E4%B8%A4%E6%9D%A1earning(%E9%9D%9E%E8%B4%AD%E7%89%A9%E5%8D%87%E7%BA%A7)+%2C%E5%85%85%E5%80%BC%E8%80%85%E5%8A%A0%E9%87%91%E5%B8%81%EF%BC%8C%E4%B8%8A%E7%BA%A7%E5%87%8F%E9%87%91%E5%B8%81%E5%8A%A0%E7%8E%B0%E9%87%91%0A%E5%A6%82%E6%9E%9C%E6%98%AF%E8%B4%AD%E7%89%A9%E6%96%B9%E5%BC%8F%E7%9A%84%E5%8D%87%E7%BA%A7%EF%BC%8C%E4%B8%8A%E7%BA%A7%E5%8A%A0%E7%8E%B0%E9%87%91%EF%BC%8C%E8%87%AA%E8%BA%AB%E6%B2%A1%E9%87%91%E5%B8%81%0A%E5%AE%98%E6%96%B9%EF%BC%8C%E7%9C%81%E4%BB%A3%EF%BC%8C%E5%B8%82%E4%BB%A3%E5%8D%87%E7%BA%A7%E9%9C%80%E8%A6%81%E8%B4%AD%E7%89%A9588%2C288%2C98%0A%0A%E5%85%85%E5%80%BC%EF%BC%9A%0A%E5%85%85%E5%80%BC%E8%87%AA%E8%A1%8C%E5%A1%AB%E5%86%99%E5%85%85%E5%80%BC%E9%87%91%E9%A2%9D%EF%BC%8CCEO%E5%92%8C%E5%A4%A7%E5%8C%BA%E4%B8%8D%E8%83%BD%E5%B0%91%E4%BA%8E%E6%9C%AC%E7%9C%81%E4%BC%9A%E5%91%98%E7%AD%89%E7%BA%A7%E9%87%91%E9%A2%9D%E7%9A%8415%25%E5%92%8C25%25%0A%0A%E5%8D%87%E7%BA%A7%EF%BC%8C%E5%85%85%E5%80%BC%E4%B8%8D%E8%83%BD%E9%80%90%E7%BA%A7%E5%90%91%E4%B8%8A%E6%8F%90%E4%BA%A4%EF%BC%8C%E5%88%A4%E6%96%AD%E9%87%91%E5%B8%81%E4%BD%99%E9%A2%9D%E5%B0%B1%E7%9B%B4%E6%8E%A5%E5%85%85%E5%80%BC%EF%BC%8C%E6%88%90%E5%8A%9F%E4%BB%98%E6%AC%BE%E4%B9%8B%E5%90%8E%E7%9B%B4%E6%8E%A5%E7%BB%99LID%E5%92%8CGOLD%0A%0A%E8%B4%AD%E7%89%A9%E6%B5%81%E7%A8%8B%EF%BC%9A%0A%E6%B8%B8%E5%AE%A2%E8%B4%AD%E5%85%83%E8%B4%A7-%E3%80%8B%E6%8F%90%E4%BA%A4%E4%B8%8A%E7%BA%A7%EF%BC%8C%E6%B2%A1%E8%B4%A7%EF%BC%8C%E5%87%8F40%E9%87%91%E5%B8%81%E5%8A%A050%E4%BD%99%E9%A2%9D%EF%BC%8C-%E3%80%8B%E6%8F%90%E4%BA%A4%E4%B8%8A%E7%BA%A7-%E3%80%8B%E4%B8%8A%E7%BA%A7%E5%8A%A040%E4%BD%99%E9%A2%9D%EF%BC%8C%E5%8F%91%E8%B4%A7%0A%E5%95%86%E5%93%81%E9%9C%80%E8%A6%81%E8%AE%BE%E8%AE%A1%E9%92%88%E5%AF%B97%E4%B8%AA%E7%BA%A7%E5%88%AB%EF%BC%8C%E8%AE%BE%E7%BD%AE7%E4%B8%AA%E4%BB%B7%E6%A0%BC%0A%E5%9C%A8%E8%AE%A2%E5%8D%95%E5%88%97%E8%A1%A8%E4%B8%AD%E8%AE%BE%E7%BD%AEBINDMIND%EF%BC%88%E6%8F%90%E4%BA%A4%E5%AF%B9%E8%B1%A1ID%EF%BC%89%EF%BC%8C%E5%8F%AF%E9%87%8D%E7%BD%AE
INFO: [ app_init ] --START--
INFO: Run Behavior\BuildLiteBehavior [ RunTime:0.000000s ]
INFO: [ app_init ] --END-- [ RunTime:0.001000s ]
INFO: [ app_begin ] --START--
INFO: Run Behavior\ReadHtmlCacheBehavior [ RunTime:0.001000s ]
INFO: [ app_begin ] --END-- [ RunTime:0.001000s ]
SQL: SHOW COLUMNS FROM `w_logs` [ RunTime:0.0000s ]
SQL: SHOW COLUMNS FROM `w_project_class` [ RunTime:0.0100s ]
SQL: SHOW COLUMNS FROM `w_project_describe` [ RunTime:0.0000s ]
SQL: SELECT * FROM `w_project_describe` WHERE `pid` = 30 LIMIT 1   [ RunTime:0.0000s ]
SQL: UPDATE `w_project_describe` SET `content`='distribution_level(等级列表)
distribution_level_orders(升级订单)
distribution_earning(金币使用列表)
distribution_account(会员登陆账号)

系统描述：
升级：
自行进入的游客升级之后随机分配给公司或者总代理,此时生成一条level_orders和两条earning(非购物升级) ,充值者加金币，上级减金币加现金
如果是购物方式的升级，上级加现金，自身没金币
官方，省代，市代升级需要购物588,288,98

充值：
充值自行填写充值金额，CEO和大区不能少于本省会员等级金额的15%和25%

升级，充值不能逐级向上提交，判断金币余额就直接充值，成功付款之后直接给LID和GOLD

购物流程：
游客购元货-》提交上级，没货，减40金币加50余额，-》提交上级-》上级加40余额，发货
商品需要设计针对7个级别，设置7个价格
在订单列表中设置BINDMIND（提交对象ID），可重置' WHERE `pid` = 30 [ RunTime:0.0000s ]
SQL: SELECT * FROM `w_project_describe` WHERE `pid` = 30 LIMIT 1   [ RunTime:0.0000s ]

[ 2016-07-15T10:42:59+08:00 ] 127.0.0.1 /work_log/index.php/Home/Index/getProjectDescribe?pid=30
INFO: [ app_init ] --START--
INFO: Run Behavior\BuildLiteBehavior [ RunTime:0.000000s ]
INFO: [ app_init ] --END-- [ RunTime:0.001000s ]
INFO: [ app_begin ] --START--
INFO: Run Behavior\ReadHtmlCacheBehavior [ RunTime:0.001000s ]
INFO: [ app_begin ] --END-- [ RunTime:0.001000s ]
SQL: SHOW COLUMNS FROM `w_logs` [ RunTime:0.0030s ]
SQL: SHOW COLUMNS FROM `w_project_class` [ RunTime:0.0040s ]
SQL: SHOW COLUMNS FROM `w_project_describe` [ RunTime:0.0040s ]
SQL: SELECT * FROM `w_project_describe` WHERE `pid` = 30 LIMIT 1   [ RunTime:0.0000s ]

[ 2016-07-15T10:43:01+08:00 ] 127.0.0.1 /work_log/index.php/Home/Index/finishLog?id=339
INFO: [ app_init ] --START--
INFO: Run Behavior\BuildLiteBehavior [ RunTime:0.000000s ]
INFO: [ app_init ] --END-- [ RunTime:0.000000s ]
INFO: [ app_begin ] --START--
INFO: Run Behavior\ReadHtmlCacheBehavior [ RunTime:0.001000s ]
INFO: [ app_begin ] --END-- [ RunTime:0.001000s ]
SQL: SHOW COLUMNS FROM `w_logs` [ RunTime:0.0040s ]
SQL: SHOW COLUMNS FROM `w_project_class` [ RunTime:0.0050s ]
SQL: SELECT * FROM `w_logs` WHERE ( id=339 ) LIMIT 1   [ RunTime:0.0010s ]
SQL: UPDATE `w_logs` SET `finished`='1',`finish_time`='1468550581' WHERE ( id=339 ) [ RunTime:0.0000s ]

